#
# A fatal error has been detected by the Java Runtime Environment:
#
#  Internal Error (safepoint.cpp:310), pid=638, tid=0x000000403f778700
#  guarantee(PageArmed == 0) failed: invariant
#
# JRE version: OpenJDK Runtime Environment (8.0_171-b11) (build 1.8.0_171-8u171-b11-1~deb9u1-b11)
# Java VM: OpenJDK 64-Bit Server VM (25.171-b11 mixed mode linux-amd64 compressed oops)
# Failed to write core dump. Core dumps have been disabled. To enable core dumping, try "ulimit -c unlimited" before starting Java again
#
# If you would like to submit a bug report, please visit:
#   http://bugreport.java.com/bugreport/crash.jsp
#

---------------  T H R E A D  ---------------

Current thread (0x000000400807c800):  VMThread [stack: 0x000000403f678000,0x000000403f779000] [id=646]

Stack: [0x000000403f678000,0x000000403f779000],  sp=0x000000403f777ae0,  free space=1022k
Native frames: (J=compiled Java code, j=interpreted, Vv=VM code, C=native code)
V  [libjvm.so+0xa70c90]
V  [libjvm.so+0x4c797d]
V  [libjvm.so+0x96176f]
V  [libjvm.so+0xa76996]
V  [libjvm.so+0xa76c01]
V  [libjvm.so+0x8bbfd2]


---------------  P R O C E S S  ---------------

Java Threads: ( => current thread )
  0x00000040080e7800 JavaThread "Service Thread" daemon [_thread_blocked, id=653, stack(0x0000004077f35000,0x0000004078036000)]
  0x00000040080c2800 JavaThread "C1 CompilerThread2" daemon [_thread_blocked, id=652, stack(0x000000406fe34000,0x000000406ff35000)]
  0x00000040080c0800 JavaThread "C2 CompilerThread1" daemon [_thread_blocked, id=651, stack(0x0000004067d33000,0x0000004067e34000)]
  0x00000040080be000 JavaThread "C2 CompilerThread0" daemon [_thread_blocked, id=650, stack(0x000000405fc32000,0x000000405fd33000)]
  0x00000040080bc000 JavaThread "Signal Dispatcher" daemon [_thread_blocked, id=649, stack(0x0000004057b31000,0x0000004057c32000)]
  0x0000004008088800 JavaThread "Finalizer" daemon [_thread_blocked, id=648, stack(0x000000404f87a000,0x000000404f97b000)]
  0x0000004008084000 JavaThread "Reference Handler" daemon [_thread_blocked, id=647, stack(0x0000004047779000,0x000000404787a000)]
  0x000000400800f000 JavaThread "main" [_thread_in_Java, id=641, stack(0x0000004004008000,0x0000004004109000)]

Other Threads:
=>0x000000400807c800 VMThread [stack: 0x000000403f678000,0x000000403f779000] [id=646]
  0x00000040080ea800 WatcherThread [stack: 0x0000004080036000,0x0000004080137000] [id=654]

VM state:synchronizing (normal execution)

VM Mutex/Monitor currently owned by a thread:  ([mutex/lock_event])
[0x000000400800b460] Safepoint_lock - owner thread: 0x000000400807c800
[0x000000400800b4e0] Threads_lock - owner thread: 0x000000400807c800

Heap:
 PSYoungGen      total 9728K, used 4107K [0x00000000f5a00000, 0x00000000f6480000, 0x0000000100000000)
  eden space 8704K, 47% used [0x00000000f5a00000,0x00000000f5e02e48,0x00000000f6280000)
  from space 1024K, 0% used [0x00000000f6380000,0x00000000f6380000,0x00000000f6480000)
  to   space 1024K, 0% used [0x00000000f6280000,0x00000000f6280000,0x00000000f6380000)
 ParOldGen       total 22016K, used 0K [0x00000000e0e00000, 0x00000000e2380000, 0x00000000f5a00000)
  object space 22016K, 0% used [0x00000000e0e00000,0x00000000e0e00000,0x00000000e2380000)
 Metaspace       used 2628K, capacity 4480K, committed 4480K, reserved 1056768K
  class space    used 271K, capacity 384K, committed 384K, reserved 1048576K

Card table byte_map: [0x000000401c577000,0x000000401c671000] byte_map_base: 0x000000401be70000

Marking Bits: (ParMarkBitMap*) 0x0000004003748320
 Begin Bits: [0x0000004024b1b000, 0x00000040252e3000)
 End Bits:   [0x00000040252e3000, 0x0000004025aab000)

Polling page: 0x000000400c759000

CodeCache: size=245760Kb used=1309Kb max_used=1309Kb free=244450Kb
 bounds [0x000000400d1b7000, 0x000000400d427000, 0x000000401c1b7000]
 total_blobs=353 nmethods=123 adapters=146
 compilation: enabled

Compilation events (10 events):
Event: 0.817 Thread 0x00000040080c2800  123       3       java.util.LinkedList$Node::<init> (20 bytes)
Event: 0.818 Thread 0x00000040080c2800 nmethod 123 0x000000400d2f9390 code [0x000000400d2f9500, 0x000000400d2f96f0]
Event: 0.818 Thread 0x00000040080c2800  118       3       java.lang.String::endsWith (17 bytes)
Event: 0.818 Thread 0x00000040080c2800 nmethod 118 0x000000400d2f8ed0 code [0x000000400d2f9040, 0x000000400d2f9268]
Event: 0.818 Thread 0x00000040080c2800  114       3       java.io.BufferedReader::ensureOpen (18 bytes)
Event: 0.819 Thread 0x00000040080c2800 nmethod 114 0x000000400d2fe310 code [0x000000400d2fe480, 0x000000400d2fe6c8]
Event: 0.819 Thread 0x00000040080c2800  117       3       java.util.LinkedList::contains (15 bytes)
Event: 0.819 Thread 0x00000040080c2800 nmethod 117 0x000000400d2fe790 code [0x000000400d2fe900, 0x000000400d2feae8]
Event: 0.819 Thread 0x00000040080c2800  119       3       sun.misc.JarIndex::addMapping (21 bytes)
Event: 0.820 Thread 0x00000040080c2800 nmethod 119 0x000000400d2feb90 code [0x000000400d2fed00, 0x000000400d2feef8]

GC Heap History (0 events):
No events

Deoptimization events (0 events):
No events

Classes redefined (0 events):
No events

Internal exceptions (7 events):
Event: 0.188 Thread 0x000000400800f000 Exception <a 'java/lang/NoSuchMethodError': Method sun.misc.Unsafe.defineClass(Ljava/lang/String;[BII)Ljava/lang/Class; name or signature does not match> (0x00000000f5a07cb0) thrown at [/build/openjdk-8-8u171-b11/src/hotspot/src/share/vm/prims/jni.cpp, li
Event: 0.189 Thread 0x000000400800f000 Exception <a 'java/lang/NoSuchMethodError': Method sun.misc.Unsafe.prefetchRead(Ljava/lang/Object;J)V name or signature does not match> (0x00000000f5a07f98) thrown at [/build/openjdk-8-8u171-b11/src/hotspot/src/share/vm/prims/jni.cpp, line 4011]
Event: 0.436 Thread 0x000000400800f000 Exception <a 'java/util/zip/ZipException'> (0x00000000f5aa3d90) thrown at [/build/openjdk-8-8u171-b11/src/hotspot/src/share/vm/prims/jni.cpp, line 709]
Event: 0.441 Thread 0x000000400800f000 Exception <a 'java/security/PrivilegedActionException'> (0x00000000f5aa4030) thrown at [/build/openjdk-8-8u171-b11/src/hotspot/src/share/vm/prims/jvm.cpp, line 1435]
Event: 0.443 Thread 0x000000400800f000 Exception <a 'java/security/PrivilegedActionException'> (0x00000000f5aa4240) thrown at [/build/openjdk-8-8u171-b11/src/hotspot/src/share/vm/prims/jvm.cpp, line 1435]
Event: 0.619 Thread 0x000000400800f000 Exception <a 'java/security/PrivilegedActionException'> (0x00000000f5cae5a8) thrown at [/build/openjdk-8-8u171-b11/src/hotspot/src/share/vm/prims/jvm.cpp, line 1435]
Event: 0.619 Thread 0x000000400800f000 Exception <a 'java/security/PrivilegedActionException'> (0x00000000f5cae7b8) thrown at [/build/openjdk-8-8u171-b11/src/hotspot/src/share/vm/prims/jvm.cpp, line 1435]

Events (10 events):
Event: 0.567 loading class java/nio/charset/CoderResult$2
Event: 0.567 loading class java/nio/charset/CoderResult$2 done
Event: 0.570 loading class java/util/LinkedList
Event: 0.570 loading class java/util/AbstractSequentialList
Event: 0.570 loading class java/util/AbstractSequentialList done
Event: 0.570 loading class java/util/LinkedList done
Event: 0.571 loading class java/util/LinkedList$Node
Event: 0.571 loading class java/util/LinkedList$Node done
Event: 0.618 loading class java/io/FileNotFoundException
Event: 0.618 loading class java/io/FileNotFoundException done


Dynamic libraries:
00400000-0070c000 r-xp 00000000 fe:01 1310747                            /usr/bin/qemu-x86_64
0071c000-0076c000 rw-p 0030c000 fe:01 1310747                            /usr/bin/qemu-x86_64
0076c000-00792000 rw-p 00000000 00:00 0 
0c3ab000-0c517000 rw-p 00000000 00:00 0                                  [heap]
e0e00000-e2380000 rw-p 00000000 00:00 0 
e2380000-f5a00000 ---p 00000000 00:00 0 
f5a00000-f6480000 rw-p 00000000 00:00 0 
f6480000-100000000 ---p 00000000 00:00 0 
100000000-100060000 rw-p 00000000 00:00 0 
100060000-140000000 ---p 00000000 00:00 0 
4000000000-4000001000 r-xp 00000000 fe:01 528212                         /usr/lib/jvm/java-8-openjdk-amd64/jre/bin/java
4000001000-4000200000 ---p 00000000 00:00 0 
4000200000-4000201000 r--p 00000000 fe:01 528212                         /usr/lib/jvm/java-8-openjdk-amd64/jre/bin/java
4000201000-4000202000 rw-p 00001000 fe:01 528212                         /usr/lib/jvm/java-8-openjdk-amd64/jre/bin/java
4000202000-4000223000 rw-p 00000000 00:00 0 
4001202000-4001203000 ---p 00000000 00:00 0 
4001203000-4001a03000 rw-p 00000000 00:00 0 
4001a03000-4001a26000 r-xp 00000000 fe:01 3282912                        /lib/x86_64-linux-gnu/ld-2.24.so
4001a26000-4001c26000 ---p 00000000 00:00 0 
4001c26000-4001c27000 r--p 00023000 fe:01 3282912                        /lib/x86_64-linux-gnu/ld-2.24.so
4001c27000-4001c28000 rw-p 00024000 fe:01 3282912                        /lib/x86_64-linux-gnu/ld-2.24.so
4001c28000-4001c2e000 rw-p 00000000 00:00 0 
4001c34000-4001c4c000 r-xp 00000000 fe:01 3282993                        /lib/x86_64-linux-gnu/libpthread-2.24.so
4001c4c000-4001e4b000 ---p 00018000 fe:01 3282993                        /lib/x86_64-linux-gnu/libpthread-2.24.so
4001e4b000-4001e4c000 r--p 00017000 fe:01 3282993                        /lib/x86_64-linux-gnu/libpthread-2.24.so
4001e4c000-4001e4d000 rw-p 00018000 fe:01 3282993                        /lib/x86_64-linux-gnu/libpthread-2.24.so
4001e4d000-4001e51000 rw-p 00000000 00:00 0 
4001e51000-4001e6a000 r-xp 00000000 fe:01 3283018                        /lib/x86_64-linux-gnu/libz.so.1.2.8
4001e6a000-4002069000 ---p 00019000 fe:01 3283018                        /lib/x86_64-linux-gnu/libz.so.1.2.8
4002069000-400206a000 r--p 00018000 fe:01 3283018                        /lib/x86_64-linux-gnu/libz.so.1.2.8
400206a000-400206b000 rw-p 00019000 fe:01 3283018                        /lib/x86_64-linux-gnu/libz.so.1.2.8
400206b000-4002078000 r-xp 00000000 fe:01 528227                         /usr/lib/jvm/java-8-openjdk-amd64/jre/lib/amd64/jli/libjli.so
4002078000-4002278000 ---p 0000d000 fe:01 528227                         /usr/lib/jvm/java-8-openjdk-amd64/jre/lib/amd64/jli/libjli.so
4002278000-4002279000 r--p 0000d000 fe:01 528227                         /usr/lib/jvm/java-8-openjdk-amd64/jre/lib/amd64/jli/libjli.so
4002279000-400227a000 rw-p 0000e000 fe:01 528227                         /usr/lib/jvm/java-8-openjdk-amd64/jre/lib/amd64/jli/libjli.so
400227a000-400227d000 r-xp 00000000 fe:01 3282942                        /lib/x86_64-linux-gnu/libdl-2.24.so
400227d000-400247c000 ---p 00003000 fe:01 3282942                        /lib/x86_64-linux-gnu/libdl-2.24.so
400247c000-400247d000 r--p 00002000 fe:01 3282942                        /lib/x86_64-linux-gnu/libdl-2.24.so
400247d000-400247e000 rw-p 00003000 fe:01 3282942                        /lib/x86_64-linux-gnu/libdl-2.24.so
400247e000-4002613000 r-xp 00000000 fe:01 3282930                        /lib/x86_64-linux-gnu/libc-2.24.so
4002613000-4002813000 ---p 00195000 fe:01 3282930                        /lib/x86_64-linux-gnu/libc-2.24.so
4002813000-4002817000 r--p 00195000 fe:01 3282930                        /lib/x86_64-linux-gnu/libc-2.24.so
4002817000-4002819000 rw-p 00199000 fe:01 3282930                        /lib/x86_64-linux-gnu/libc-2.24.so
4002819000-400281f000 rw-p 00000000 00:00 0 
400281f000-4003479000 r-xp 00000000 fe:01 528269                         /usr/lib/jvm/java-8-openjdk-amd64/jre/lib/amd64/server/libjvm.so
4003479000-4003678000 ---p 00c5a000 fe:01 528269                         /usr/lib/jvm/java-8-openjdk-amd64/jre/lib/amd64/server/libjvm.so
4003678000-400370c000 r--p 00c59000 fe:01 528269                         /usr/lib/jvm/java-8-openjdk-amd64/jre/lib/amd64/server/libjvm.so
400370c000-4003735000 rw-p 00ced000 fe:01 528269                         /usr/lib/jvm/java-8-openjdk-amd64/jre/lib/amd64/server/libjvm.so
4003735000-4003765000 rw-p 00000000 00:00 0 
400376b000-40038dd000 r-xp 00000000 fe:01 3283716                        /usr/lib/x86_64-linux-gnu/libstdc++.so.6.0.22
40038dd000-4003add000 ---p 00172000 fe:01 3283716                        /usr/lib/x86_64-linux-gnu/libstdc++.so.6.0.22
4003add000-4003ae7000 r--p 00172000 fe:01 3283716                        /usr/lib/x86_64-linux-gnu/libstdc++.so.6.0.22
4003ae7000-4003ae9000 rw-p 0017c000 fe:01 3283716                        /usr/lib/x86_64-linux-gnu/libstdc++.so.6.0.22
4003ae9000-4003aed000 rw-p 00000000 00:00 0 
4003aed000-4003bf0000 r-xp 00000000 fe:01 3282959                        /lib/x86_64-linux-gnu/libm-2.24.so
4003bf0000-4003def000 ---p 00103000 fe:01 3282959                        /lib/x86_64-linux-gnu/libm-2.24.so
4003def000-4003df0000 r--p 00102000 fe:01 3282959                        /lib/x86_64-linux-gnu/libm-2.24.so
4003df0000-4003df1000 rw-p 00103000 fe:01 3282959                        /lib/x86_64-linux-gnu/libm-2.24.so
4003df1000-4003e07000 r-xp 00000000 fe:01 3282950                        /lib/x86_64-linux-gnu/libgcc_s.so.1
4003e07000-4004006000 ---p 00016000 fe:01 3282950                        /lib/x86_64-linux-gnu/libgcc_s.so.1
4004006000-4004007000 r--p 00015000 fe:01 3282950                        /lib/x86_64-linux-gnu/libgcc_s.so.1
4004007000-4004008000 rw-p 00016000 fe:01 3282950                        /lib/x86_64-linux-gnu/libgcc_s.so.1
4004008000-400400b000 ---p 00000000 00:00 0 
400400b000-4004109000 rw-p 00000000 00:00 0 
4008000000-4008607000 rw-p 00000000 00:00 0 
4008607000-400c000000 ---p 00000000 00:00 0 
400c10f000-400c116000 r-xp 00000000 fe:01 3282997                        /lib/x86_64-linux-gnu/librt-2.24.so
400c116000-400c315000 ---p 00007000 fe:01 3282997                        /lib/x86_64-linux-gnu/librt-2.24.so
400c315000-400c316000 r--p 00006000 fe:01 3282997                        /lib/x86_64-linux-gnu/librt-2.24.so
400c316000-400c317000 rw-p 00007000 fe:01 3282997                        /lib/x86_64-linux-gnu/librt-2.24.so
400c317000-400c326000 r-xp 00000000 fe:01 528263                         /usr/lib/jvm/java-8-openjdk-amd64/jre/lib/amd64/libverify.so
400c326000-400c526000 ---p 0000f000 fe:01 528263                         /usr/lib/jvm/java-8-openjdk-amd64/jre/lib/amd64/libverify.so
400c526000-400c528000 r--p 0000f000 fe:01 528263                         /usr/lib/jvm/java-8-openjdk-amd64/jre/lib/amd64/libverify.so
400c528000-400c529000 rw-p 00011000 fe:01 528263                         /usr/lib/jvm/java-8-openjdk-amd64/jre/lib/amd64/libverify.so
400c529000-400c556000 r-xp 00000000 fe:01 528243                         /usr/lib/jvm/java-8-openjdk-amd64/jre/lib/amd64/libjava.so
400c556000-400c756000 ---p 0002d000 fe:01 528243                         /usr/lib/jvm/java-8-openjdk-amd64/jre/lib/amd64/libjava.so
400c756000-400c757000 r--p 0002d000 fe:01 528243                         /usr/lib/jvm/java-8-openjdk-amd64/jre/lib/amd64/libjava.so
400c757000-400c759000 rw-p 0002e000 fe:01 528243                         /usr/lib/jvm/java-8-openjdk-amd64/jre/lib/amd64/libjava.so
400c759000-400c75a000 ---p 00000000 00:00 0 
400c75a000-400c75b000 rw-p 00000000 00:00 0 
400c761000-400c768000 r-xp 00000000 fe:01 3282972                        /lib/x86_64-linux-gnu/libnss_compat-2.24.so
400c768000-400c967000 ---p 00007000 fe:01 3282972                        /lib/x86_64-linux-gnu/libnss_compat-2.24.so
400c967000-400c968000 r--p 00006000 fe:01 3282972                        /lib/x86_64-linux-gnu/libnss_compat-2.24.so
400c968000-400c969000 rw-p 00007000 fe:01 3282972                        /lib/x86_64-linux-gnu/libnss_compat-2.24.so
400c969000-400c97d000 r-xp 00000000 fe:01 3282970                        /lib/x86_64-linux-gnu/libnsl-2.24.so
400c97d000-400cb7d000 ---p 00014000 fe:01 3282970                        /lib/x86_64-linux-gnu/libnsl-2.24.so
400cb7d000-400cb7e000 r--p 00014000 fe:01 3282970                        /lib/x86_64-linux-gnu/libnsl-2.24.so
400cb7e000-400cb7f000 rw-p 00015000 fe:01 3282970                        /lib/x86_64-linux-gnu/libnsl-2.24.so
400cb7f000-400cb81000 rw-p 00000000 00:00 0 
400cb87000-400cb92000 r-xp 00000000 fe:01 3282980                        /lib/x86_64-linux-gnu/libnss_nis-2.24.so
400cb92000-400cd91000 ---p 0000b000 fe:01 3282980                        /lib/x86_64-linux-gnu/libnss_nis-2.24.so
400cd91000-400cd92000 r--p 0000a000 fe:01 3282980                        /lib/x86_64-linux-gnu/libnss_nis-2.24.so
400cd92000-400cd93000 rw-p 0000b000 fe:01 3282980                        /lib/x86_64-linux-gnu/libnss_nis-2.24.so
400cd93000-400cd9d000 r-xp 00000000 fe:01 3282976                        /lib/x86_64-linux-gnu/libnss_files-2.24.so
400cd9d000-400cf9d000 ---p 0000a000 fe:01 3282976                        /lib/x86_64-linux-gnu/libnss_files-2.24.so
400cf9d000-400cf9e000 r--p 0000a000 fe:01 3282976                        /lib/x86_64-linux-gnu/libnss_files-2.24.so
400cf9e000-400cf9f000 rw-p 0000b000 fe:01 3282976                        /lib/x86_64-linux-gnu/libnss_files-2.24.so
400cf9f000-400cfa5000 rw-p 00000000 00:00 0 
400cfa6000-400cfae000 rw-s 00000000 fe:01 3823223                        /tmp/hsperfdata_root/638
400cfae000-400cfb6000 r-xp 00000000 fe:01 528264                         /usr/lib/jvm/java-8-openjdk-amd64/jre/lib/amd64/libzip.so
400cfb6000-400d1b5000 ---p 00008000 fe:01 528264                         /usr/lib/jvm/java-8-openjdk-amd64/jre/lib/amd64/libzip.so
400d1b5000-400d1b6000 r--p 00007000 fe:01 528264                         /usr/lib/jvm/java-8-openjdk-amd64/jre/lib/amd64/libzip.so
400d1b6000-400d1b7000 rw-p 00008000 fe:01 528264                         /usr/lib/jvm/java-8-openjdk-amd64/jre/lib/amd64/libzip.so
400d1b7000-400d1b8000 r-xp 00000000 00:00 0 
400d1b8000-400d1bc000 rwxp 00000000 00:00 0 
400d1bc000-400d1bd000 r-xp 00000000 00:00 0 
400d1bd000-400d1be000 rwxp 00000000 00:00 0 
400d1be000-400d1c0000 r-xp 00000000 00:00 0 
400d1c0000-400d1c8000 rwxp 00000000 00:00 0 
400d1c8000-400d1cd000 r-xp 00000000 00:00 0 
400d1cd000-400d1ce000 rwxp 00000000 00:00 0 
400d1ce000-400d1e0000 r-xp 00000000 00:00 0 
400d1e0000-400d1fc000 rwxp 00000000 00:00 0 
400d1fc000-400d1ff000 r-xp 00000000 00:00 0 
400d1ff000-400d204000 rwxp 00000000 00:00 0 
400d204000-400d206000 r-xp 00000000 00:00 0 
400d206000-400d207000 rwxp 00000000 00:00 0 
400d207000-400d20a000 r-xp 00000000 00:00 0 
400d20a000-400d20e000 rwxp 00000000 00:00 0 
400d20e000-400d211000 r-xp 00000000 00:00 0 
400d211000-400d219000 rwxp 00000000 00:00 0 
400d219000-400d21b000 r-xp 00000000 00:00 0 
400d21b000-400d21d000 rwxp 00000000 00:00 0 
400d21d000-400d21e000 r-xp 00000000 00:00 0 
400d21e000-400d220000 rwxp 00000000 00:00 0 
400d220000-400d221000 r-xp 00000000 00:00 0 
400d221000-400d2b1000 rwxp 00000000 00:00 0 
400d2b1000-400d2b2000 r-xp 00000000 00:00 0 
400d2b2000-400d2bd000 rwxp 00000000 00:00 0 
400d2bd000-400d2be000 r-xp 00000000 00:00 0 
400d2be000-400d2bf000 rwxp 00000000 00:00 0 
400d2bf000-400d2c0000 r-xp 00000000 00:00 0 
400d2c0000-400d2c1000 rwxp 00000000 00:00 0 
400d2c1000-400d2c2000 r-xp 00000000 00:00 0 
400d2c2000-400d2c3000 rwxp 00000000 00:00 0 
400d2c3000-400d2c6000 r-xp 00000000 00:00 0 
400d2c6000-400d2c8000 rwxp 00000000 00:00 0 
400d2c8000-400d2c9000 r-xp 00000000 00:00 0 
400d2c9000-400d2cc000 rwxp 00000000 00:00 0 
400d2cc000-400d2d8000 r-xp 00000000 00:00 0 
400d2d8000-400d2d9000 rwxp 00000000 00:00 0 
400d2d9000-400d2e5000 r-xp 00000000 00:00 0 
400d2e5000-400d2e7000 rwxp 00000000 00:00 0 
400d2e7000-400d2ea000 r-xp 00000000 00:00 0 
400d2ea000-400d2ec000 rwxp 00000000 00:00 0 
400d2ec000-400d2ef000 r-xp 00000000 00:00 0 
400d2ef000-400d2f1000 rwxp 00000000 00:00 0 
400d2f1000-400d2f2000 r-xp 00000000 00:00 0 
400d2f2000-400d2f5000 rwxp 00000000 00:00 0 
400d2f5000-400d2f6000 r-xp 00000000 00:00 0 
400d2f6000-400d2f7000 rwxp 00000000 00:00 0 
400d2f7000-400d2f8000 r-xp 00000000 00:00 0 
400d2f8000-400d427000 rwxp 00000000 00:00 0 
400d427000-401c1b7000 ---p 00000000 00:00 0 
401c1b7000-401c1c1000 rw-p 00000000 00:00 0 
401c1c1000-401c577000 ---p 00000000 00:00 0 
401c577000-401c582000 rw-p 00000000 00:00 0 
401c582000-401c61d000 ---p 00000000 00:00 0 
401c61d000-401c623000 rw-p 00000000 00:00 0 
401c623000-401c670000 ---p 00000000 00:00 0 
401c670000-401c67c000 rw-p 00000000 00:00 0 
401c67c000-401c717000 ---p 00000000 00:00 0 
401c717000-401c718000 ---p 00000000 00:00 0 
401c718000-401c818000 rw-p 00000000 00:00 0 
401c818000-401c819000 ---p 00000000 00:00 0 
401c819000-401c919000 rw-p 00000000 00:00 0 
401c919000-401c91a000 ---p 00000000 00:00 0 
401c91a000-401ca1a000 rw-p 00000000 00:00 0 
401ca1a000-401ca1b000 ---p 00000000 00:00 0 
401ca1b000-401cb1b000 rw-p 00000000 00:00 0 
4020000000-4020021000 rw-p 00000000 00:00 0 
4020021000-4024000000 ---p 00000000 00:00 0 
4024b1b000-4025aab000 rw-p 00000000 00:00 0 
4028000000-4028021000 rw-p 00000000 00:00 0 
4028021000-402c000000 ---p 00000000 00:00 0 
4030000000-4030021000 rw-p 00000000 00:00 0 
4030021000-4034000000 ---p 00000000 00:00 0 
4038000000-4038021000 rw-p 00000000 00:00 0 
4038021000-403c000000 ---p 00000000 00:00 0 
403daab000-403dfae000 rw-p 00000000 00:00 0 
403dfae000-403e3ae000 ---p 00000000 00:00 0 
403e3ae000-403e4a7000 rw-p 00000000 00:00 0 
403e4a7000-403e676000 r--s 03c2f000 fe:01 528323                         /usr/lib/jvm/java-8-openjdk-amd64/jre/lib/rt.jar
403e676000-403f678000 rw-p 00000000 00:00 0 
403f678000-403f679000 ---p 00000000 00:00 0 
403f679000-403f779000 rw-p 00000000 00:00 0 
4040000000-4040021000 rw-p 00000000 00:00 0 
4040021000-4044000000 ---p 00000000 00:00 0 
4047779000-404777c000 ---p 00000000 00:00 0 
404777c000-404787a000 rw-p 00000000 00:00 0 
4048000000-4048021000 rw-p 00000000 00:00 0 
4048021000-404c000000 ---p 00000000 00:00 0 
404f87a000-404f87d000 ---p 00000000 00:00 0 
404f87d000-404f97b000 rw-p 00000000 00:00 0 
4050000000-4050021000 rw-p 00000000 00:00 0 
4050021000-4054000000 ---p 00000000 00:00 0 
405797b000-405797c000 r--p 00000000 fe:01 3283400                        /usr/lib/locale/C.UTF-8/LC_IDENTIFICATION
405797c000-4057983000 r--s 00000000 fe:01 3283686                        /usr/lib/x86_64-linux-gnu/gconv/gconv-modules.cache
4057983000-4057984000 r--p 00000000 fe:01 3283401                        /usr/lib/locale/C.UTF-8/LC_MEASUREMENT
4057984000-4057985000 r--p 00000000 fe:01 3283408                        /usr/lib/locale/C.UTF-8/LC_TELEPHONE
4057985000-4057986000 r--p 00000000 fe:01 3283397                        /usr/lib/locale/C.UTF-8/LC_ADDRESS
4057986000-4057987000 r--p 00000000 fe:01 3283405                        /usr/lib/locale/C.UTF-8/LC_NAME
4057987000-4057988000 r--p 00000000 fe:01 3283407                        /usr/lib/locale/C.UTF-8/LC_PAPER
4057988000-4057989000 r--p 00000000 fe:01 3283403                        /usr/lib/locale/C.UTF-8/LC_MESSAGES/SYS_LC_MESSAGES
4057989000-405798a000 r--p 00000000 fe:01 3283404                        /usr/lib/locale/C.UTF-8/LC_MONETARY
405798a000-4057afd000 r--p 00000000 fe:01 3283398                        /usr/lib/locale/C.UTF-8/LC_COLLATE
4057afd000-4057afe000 r--p 00000000 fe:01 3283409                        /usr/lib/locale/C.UTF-8/LC_TIME
4057afe000-4057aff000 r--p 00000000 fe:01 3283406                        /usr/lib/locale/C.UTF-8/LC_NUMERIC
4057aff000-4057b30000 r--p 00000000 fe:01 3283399                        /usr/lib/locale/C.UTF-8/LC_CTYPE
4057b31000-4057b34000 ---p 00000000 00:00 0 
4057b34000-4057c32000 rw-p 00000000 00:00 0 
4058000000-4058021000 rw-p 00000000 00:00 0 
4058021000-405c000000 ---p 00000000 00:00 0 
405fc32000-405fc35000 ---p 00000000 00:00 0 
405fc35000-405fd33000 rw-p 00000000 00:00 0 
4060000000-40600ac000 rw-p 00000000 00:00 0 
40600ac000-4064000000 ---p 00000000 00:00 0 
4067d33000-4067d36000 ---p 00000000 00:00 0 
4067d36000-4067e34000 rw-p 00000000 00:00 0 
4068000000-406804b000 rw-p 00000000 00:00 0 
406804b000-406c000000 ---p 00000000 00:00 0 
406fe34000-406fe37000 ---p 00000000 00:00 0 
406fe37000-406ff35000 rw-p 00000000 00:00 0 
4070000000-4070111000 rw-p 00000000 00:00 0 
4070111000-4074000000 ---p 00000000 00:00 0 
4077f35000-4077f38000 ---p 00000000 00:00 0 
4077f38000-4078036000 rw-p 00000000 00:00 0 
407c000000-407c021000 rw-p 00000000 00:00 0 
407c021000-4080000000 ---p 00000000 00:00 0 
4080036000-4080037000 ---p 00000000 00:00 0 
4080037000-4080137000 rw-p 00000000 00:00 0 
4084000000-4084021000 rw-p 00000000 00:00 0 
4084021000-4088000000 ---p 00000000 00:00 0 
4088137000-408813a000 r--s 00038000 fe:01 528292                         /usr/lib/jvm/java-8-openjdk-amd64/jre/lib/ext/sunpkcs11.jar
408813a000-408813c000 r--s 00008000 fe:01 528290                         /usr/lib/jvm/java-8-openjdk-amd64/jre/lib/ext/sunec.jar
408813c000-4088157000 r--s 00394000 fe:01 528282                         /usr/lib/jvm/java-8-openjdk-amd64/jre/lib/ext/cldrdata.jar
4088157000-4088159000 r--s 00001000 fe:01 528283                         /usr/lib/jvm/java-8-openjdk-amd64/jre/lib/ext/dnsns.jar
4088159000-408815f000 r--s 0003b000 fe:01 528291                         /usr/lib/jvm/java-8-openjdk-amd64/jre/lib/ext/sunjce_provider.jar
408815f000-4088160000 r--s 00010000 fe:01 528293                         /usr/lib/jvm/java-8-openjdk-amd64/jre/lib/ext/zipfs.jar
4088160000-4088162000 r--s 00007000 fe:01 535915                         /usr/share/java/java-atk-wrapper.jar
4088162000-408816c000 r--s 00116000 fe:01 528288                         /usr/lib/jvm/java-8-openjdk-amd64/jre/lib/ext/localedata.jar
408816c000-408816d000 r--s 0000a000 fe:01 528285                         /usr/lib/jvm/java-8-openjdk-amd64/jre/lib/ext/jaccess.jar
408816d000-4088170000 r--s 0000f000 fe:01 528284                         /usr/lib/jvm/java-8-openjdk-amd64/jre/lib/ext/icedtea-sound.jar
4088170000-408818b000 r--s 001d6000 fe:01 528289                         /usr/lib/jvm/java-8-openjdk-amd64/jre/lib/ext/nashorn.jar
408818b000-408819d000 r--s 00156000 fe:01 3810792                        /usr/local/tomcat/webapps/ROOT/WEB-INF/lib/poi-ooxml-3.17-beta1.jar
408819d000-40881a0000 r--s 00460000 fe:01 3810764                        /usr/local/tomcat/webapps/ROOT/WEB-INF/lib/lucene-analyzers-kuromoji-4.10.4.jar
40881a0000-40881a4000 r--s 00038000 fe:01 3810799                        /usr/local/tomcat/webapps/ROOT/WEB-INF/lib/rome-1.5.1.jar
40881a4000-40881a6000 r--s 0000c000 fe:01 3810689                        /usr/local/tomcat/webapps/ROOT/WEB-INF/lib/asm-5.0.4.jar
40881a6000-40881ab000 r--s 0004b000 fe:01 3810780                        /usr/local/tomcat/webapps/ROOT/WEB-INF/lib/org.apache.servicemix.bundles.dom4j-1.6.1_5.jar
40881ab000-40881ba000 r--s 000f2000 fe:01 3810814                        /usr/local/tomcat/webapps/ROOT/WEB-INF/lib/tika-parsers-1.16.jar
40881ba000-40881be000 r--s 000dc000 fe:01 3810751                        /usr/local/tomcat/webapps/ROOT/WEB-INF/lib/jna-4.1.0.jar
40881be000-4088279000 r--s 004e9000 fe:01 3810793                        /usr/local/tomcat/webapps/ROOT/WEB-INF/lib/poi-ooxml-schemas-3.17-beta1.jar
4088279000-408827e000 r--s 00044000 fe:01 3810747                        /usr/local/tomcat/webapps/ROOT/WEB-INF/lib/jdom2-2.0.4.jar
408827e000-4088280000 r--s 00005000 fe:01 3810810                        /usr/local/tomcat/webapps/ROOT/WEB-INF/lib/stax-api-1.0.1.jar
4088280000-4088290000 r--s 000a8000 fe:01 3810703                        /usr/local/tomcat/webapps/ROOT/WEB-INF/lib/commons-collections4-4.1.jar
4088290000-4088294000 r--s 0002e000 fe:01 3810740                        /usr/local/tomcat/webapps/ROOT/WEB-INF/lib/javax.mail-api-1.5.6.jar
4088294000-4088299000 r--s 00035000 fe:01 3810749                        /usr/local/tomcat/webapps/ROOT/WEB-INF/lib/jhighlight-1.0.2.jar
4088299000-40882a0000 r--s 00163000 fe:01 3810721                        /usr/local/tomcat/webapps/ROOT/WEB-INF/lib/fontbox-2.0.6.jar
40882a0000-40882a2000 r--s 00015000 fe:01 3810824                        /usr/local/tomcat/webapps/ROOT/WEB-INF/lib/xpp3-1.1.3.3.jar
40882a2000-40882b5000 r--s 00140000 fe:01 3810794                        /usr/local/tomcat/webapps/ROOT/WEB-INF/lib/poi-scratchpad-3.17-beta1.jar
40882b5000-40882be000 r--s 0005d000 fe:01 3810712                        /usr/local/tomcat/webapps/ROOT/WEB-INF/lib/commons-vfs2-2.0.jar
40882be000-40882bf000 r--s 00005000 fe:01 3810754                        /usr/local/tomcat/webapps/ROOT/WEB-INF/lib/json-simple-1.1.1.jar
40882bf000-40882c8000 r--s 00057000 fe:01 3810769                        /usr/local/tomcat/webapps/ROOT/WEB-INF/lib/lucene-queryparser-4.10.4.jar
40882c8000-40882df000 r--s 0012f000 fe:01 3810714                        /usr/local/tomcat/webapps/ROOT/WEB-INF/lib/cxf-core-3.0.12.jar
40882df000-40882e1000 r--s 00007000 fe:01 3810705                        /usr/local/tomcat/webapps/ROOT/WEB-INF/lib/commons-csv-1.0.jar
40882e1000-40882e3000 r--s 00006000 fe:01 3810691                        /usr/local/tomcat/webapps/ROOT/WEB-INF/lib/asm-tree-5.0.3.jar
40882e3000-40882f9000 r--s 00245000 fe:01 3810786                        /usr/local/tomcat/webapps/ROOT/WEB-INF/lib/pdfbox-2.0.6.jar
40882f9000-40882fc000 r--s 00011000 fe:01 3810789                        /usr/local/tomcat/webapps/ROOT/WEB-INF/lib/pegdown-1.6.0.jar
40882fc000-4088301000 r--s 00041000 fe:01 3810709                        /usr/local/tomcat/webapps/ROOT/WEB-INF/lib/commons-lang-2.6.jar
4088301000-4088304000 r--s 00029000 fe:01 3810809                        /usr/local/tomcat/webapps/ROOT/WEB-INF/lib/stax-1.2.0.jar
4088304000-4088317000 r--s 00244000 fe:01 3810719                        /usr/local/tomcat/webapps/ROOT/WEB-INF/lib/ecj-3.12.3.jar
4088317000-4088319000 r--s 0000d000 fe:01 3810746                        /usr/local/tomcat/webapps/ROOT/WEB-INF/lib/jcommander-1.35.jar
4088319000-4088325000 r--s 0007a000 fe:01 3810803                        /usr/local/tomcat/webapps/ROOT/WEB-INF/lib/sis-metadata-0.6.jar
4088325000-4088331000 r--s 00092000 fe:01 3810807                        /usr/local/tomcat/webapps/ROOT/WEB-INF/lib/sis-utility-0.6.jar
4088331000-4088339000 r--s 0002d000 fe:01 3810722                        /usr/local/tomcat/webapps/ROOT/WEB-INF/lib/geoapi-3.0.0.jar
4088339000-408833e000 r--s 0003b000 fe:01 3810757                        /usr/local/tomcat/webapps/ROOT/WEB-INF/lib/jsr-275-0.9.3.jar
408833e000-4088341000 r--s 0000f000 fe:01 3810806                        /usr/local/tomcat/webapps/ROOT/WEB-INF/lib/sis-storage-0.6.jar
4088341000-408834b000 r--s 0008c000 fe:01 3810805                        /usr/local/tomcat/webapps/ROOT/WEB-INF/lib/sis-referencing-0.6.jar
408834b000-408835c000 r--s 004d3000 fe:01 3810723                        /usr/local/tomcat/webapps/ROOT/WEB-INF/lib/grib-4.5.5.jar
408835c000-4088366000 r--s 0005c000 fe:01 3810758                        /usr/local/tomcat/webapps/ROOT/WEB-INF/lib/jstl-1.2.jar
4088366000-4088369000 r--s 00023000 fe:01 3810761                        /usr/local/tomcat/webapps/ROOT/WEB-INF/lib/junrar-0.7.jar
4088369000-408836d000 r--s 00014000 fe:01 3810772                        /usr/local/tomcat/webapps/ROOT/WEB-INF/lib/maven-scm-api-1.4.jar
408836d000-4088372000 r--s 00039000 fe:01 3810790                        /usr/local/tomcat/webapps/ROOT/WEB-INF/lib/plexus-utils-1.5.6.jar
4088372000-4088375000 r--s 0000f000 fe:01 3810774                        /usr/local/tomcat/webapps/ROOT/WEB-INF/lib/maven-scm-provider-svnexe-1.4.jar
4088375000-4088377000 r--s 00008000 fe:01 3810773                        /usr/local/tomcat/webapps/ROOT/WEB-INF/lib/maven-scm-provider-svn-commons-1.4.jar
4088377000-4088379000 r--s 00005000 fe:01 3810798                        /usr/local/tomcat/webapps/ROOT/WEB-INF/lib/regexp-1.3.jar
4088379000-408838a000 r--s 00094000 fe:01 3810695                        /usr/local/tomcat/webapps/ROOT/WEB-INF/lib/bcpkix-jdk15on-1.54.jar
408838a000-408838e000 r--s 00015000 fe:01 3810713                        /usr/local/tomcat/webapps/ROOT/WEB-INF/lib/curvesapi-1.04.jar
408838e000-4088391000 r--s 0001b000 fe:01 3810770                        /usr/local/tomcat/webapps/ROOT/WEB-INF/lib/lucene-sandbox-4.10.4.jar
4088391000-4088395000 r--s 0002f000 fe:01 3810708                        /usr/local/tomcat/webapps/ROOT/WEB-INF/lib/commons-io-2.5.jar
4088395000-408839b000 r--s 0002f000 fe:01 3810768                        /usr/local/tomcat/webapps/ROOT/WEB-INF/lib/lucene-queries-4.10.4.jar
408839b000-40883a1000 r--s 00042000 fe:01 3810755                        /usr/local/tomcat/webapps/ROOT/WEB-INF/lib/jsonic-1.3.10.jar
40883a1000-40883a3000 r--s 00006000 fe:01 3810801                        /usr/local/tomcat/webapps/ROOT/WEB-INF/lib/sentiment-analysis-parser-0.1.jar
40883a3000-40883a5000 r--s 00000000 fe:01 3810759                        /usr/local/tomcat/webapps/ROOT/WEB-INF/lib/jul-to-slf4j-1.7.24.jar
40883a5000-40883a7000 r--s 00005000 fe:01 3810753                        /usr/local/tomcat/webapps/ROOT/WEB-INF/lib/json-1.8.jar
40883a7000-40883ac000 r--s 00016000 fe:01 3810820                        /usr/local/tomcat/webapps/ROOT/WEB-INF/lib/xml-apis-1.0.b2.jar
40883ac000-40883ae000 r--s 00009000 fe:01 3810808                        /usr/local/tomcat/webapps/ROOT/WEB-INF/lib/slf4j-api-1.7.24.jar
40883ae000-40883b0000 r--s 00017000 fe:01 3810694                        /usr/local/tomcat/webapps/ROOT/WEB-INF/lib/bcmail-jdk15on-1.54.jar
40883b0000-40883b7000 r--s 001f7000 fe:01 3810785                        /usr/local/tomcat/webapps/ROOT/WEB-INF/lib/pdf-renderer-1.0.5.jar
40883b7000-4088414000 r--s 002a2000 fe:01 3810688                        /usr/local/tomcat/webapps/ROOT/WEB-INF/lib/api-all-1.0.0.jar
4088414000-4088416000 r--s 00005000 fe:01 3810738                        /usr/local/tomcat/webapps/ROOT/WEB-INF/lib/javax.annotation-api-1.2.jar
4088416000-4088417000 r--s 00001000 fe:01 3810800                        /usr/local/tomcat/webapps/ROOT/WEB-INF/lib/rome-utils-1.5.1.jar
4088417000-408841b000 r--s 00019000 fe:01 3810693                        /usr/local/tomcat/webapps/ROOT/WEB-INF/lib/aspectjrt-1.8.4.jar
408841b000-408841f000 r--s 00041000 fe:01 3810735                        /usr/local/tomcat/webapps/ROOT/WEB-INF/lib/jackson-core-2.8.1.jar
408841f000-4088423000 r--s 00019000 fe:01 3810741                        /usr/local/tomcat/webapps/ROOT/WEB-INF/lib/javax.ws.rs-api-2.0.1.jar
4088423000-408842f000 r--s 000c7000 fe:01 3810733                        /usr/local/tomcat/webapps/ROOT/WEB-INF/lib/jackcess-2.1.8.jar
408842f000-4088430000 r--s 00008000 fe:01 3810767                        /usr/local/tomcat/webapps/ROOT/WEB-INF/lib/lucene-memory-4.10.4.jar
4088430000-4088432000 r--s 00010000 fe:01 3810750                        /usr/local/tomcat/webapps/ROOT/WEB-INF/lib/jmatio-1.2.jar
4088432000-4088436000 r--s 0002b000 fe:01 3810782                        /usr/local/tomcat/webapps/ROOT/WEB-INF/lib/owasp-java-html-sanitizer-20171016.1.jar
4088436000-4088437000 r--s 00004000 fe:01 3810690                        /usr/local/tomcat/webapps/ROOT/WEB-INF/lib/asm-analysis-5.0.3.jar
4088437000-4088446000 r--s 001ae000 fe:01 3810726                        /usr/local/tomcat/webapps/ROOT/WEB-INF/lib/h2-1.4.196.jar
4088446000-4088448000 r--s 00012000 fe:01 3810742                        /usr/local/tomcat/webapps/ROOT/WEB-INF/lib/jcabi-aspects-0.22.jar
4088448000-408844b000 r--s 00014000 fe:01 3810697                        /usr/local/tomcat/webapps/ROOT/WEB-INF/lib/boilerpipe-1.1.0.jar
408844b000-4088453000 r--s 000a7000 fe:01 3810795                        /usr/local/tomcat/webapps/ROOT/WEB-INF/lib/postgresql-42.1.4.jar
4088453000-4088455000 r--s 00009000 fe:01 3810727                        /usr/local/tomcat/webapps/ROOT/WEB-INF/lib/hamcrest-core-1.3.jar
4088455000-4088459000 r--s 00026000 fe:01 3810822                        /usr/local/tomcat/webapps/ROOT/WEB-INF/lib/xmlschema-core-2.2.1.jar
4088459000-408845c000 r--s 00019000 fe:01 3810711                        /usr/local/tomcat/webapps/ROOT/WEB-INF/lib/commons-pool-1.6.jar
408845c000-408846d000 r--s 0018f000 fe:01 3810763                        /usr/local/tomcat/webapps/ROOT/WEB-INF/lib/lucene-analyzers-common-4.10.4.jar
408846d000-4088472000 r--s 00029000 fe:01 3810783                        /usr/local/tomcat/webapps/ROOT/WEB-INF/lib/parboiled-core-1.1.7.jar
4088472000-4088475000 r--s 00033000 fe:01 3810760                        /usr/local/tomcat/webapps/ROOT/WEB-INF/lib/juniversalchardet-1.0.3.jar
4088475000-4088478000 r--s 00017000 fe:01 3810686                        /usr/local/tomcat/webapps/ROOT/WEB-INF/lib/apache-mime4j-core-0.8.1.jar
4088478000-4088481000 r--s 0006f000 fe:01 3810762                        /usr/local/tomcat/webapps/ROOT/WEB-INF/lib/log4j-1.2.17.jar
4088481000-4088489000 r--s 0008d000 fe:01 3810715                        /usr/local/tomcat/webapps/ROOT/WEB-INF/lib/cxf-rt-frontend-jaxrs-3.0.12.jar
4088489000-408848b000 r--s 0001e000 fe:01 3810781                        /usr/local/tomcat/webapps/ROOT/WEB-INF/lib/org.apache.servicemix.bundles.xpp3-1.1.4c_7.jar
408848b000-4088495000 r--s 00095000 fe:01 3810813                        /usr/local/tomcat/webapps/ROOT/WEB-INF/lib/tika-core-1.16.jar
4088495000-4088497000 r--s 00010000 fe:01 3810784                        /usr/local/tomcat/webapps/ROOT/WEB-INF/lib/parboiled-java-1.1.7.jar
4088497000-408849b000 r--s 00012000 fe:01 3810734                        /usr/local/tomcat/webapps/ROOT/WEB-INF/lib/jackcess-encrypt-2.1.2.jar
408849b000-408849e000 r--s 00024000 fe:01 3810716                        /usr/local/tomcat/webapps/ROOT/WEB-INF/lib/cxf-rt-rs-client-3.0.12.jar
408849e000-40884a0000 r--s 00009000 fe:01 3810771                        /usr/local/tomcat/webapps/ROOT/WEB-INF/lib/markedj-1.7.0.jar
40884a0000-40884a2000 r--s 00003000 fe:01 3810745                        /usr/local/tomcat/webapps/ROOT/WEB-INF/lib/jcl-over-slf4j-1.7.24.jar
40884a2000-40884a7000 r--s 00034000 fe:01 3810724                        /usr/local/tomcat/webapps/ROOT/WEB-INF/lib/gson-2.8.2.jar
40884a7000-40884d1000 r--s 00248000 fe:01 3810765                        /usr/local/tomcat/webapps/ROOT/WEB-INF/lib/lucene-core-4.10.4.jar
40884d1000-40884d7000 r--s 00071000 fe:01 3810819                        /usr/local/tomcat/webapps/ROOT/WEB-INF/lib/woodstox-core-asl-4.4.1.jar
40884d7000-40884d9000 r--s 00006000 fe:01 3810718                        /usr/local/tomcat/webapps/ROOT/WEB-INF/lib/diffutils-1.2.1.jar
40884d9000-40884db000 r--s 0000c000 fe:01 3810706                        /usr/local/tomcat/webapps/ROOT/WEB-INF/lib/commons-exec-1.3.jar
40884db000-40884dd000 r--s 0000c000 fe:01 3810743                        /usr/local/tomcat/webapps/ROOT/WEB-INF/lib/jcabi-log-0.17.2.jar
40884dd000-40884f1000 r--s 000f6000 fe:01 3810778                        /usr/local/tomcat/webapps/ROOT/WEB-INF/lib/opennlp-tools-1.6.0.jar
40884f1000-40884f3000 r--s 00010000 fe:01 3810788                        /usr/local/tomcat/webapps/ROOT/WEB-INF/lib/pdfbox-tools-2.0.6.jar
40884f3000-40884f5000 r--s 0000b000 fe:01 3810748                        /usr/local/tomcat/webapps/ROOT/WEB-INF/lib/jempbox-1.8.13.jar
40884f5000-4088533000 r--s 0025d000 fe:01 3810821                        /usr/local/tomcat/webapps/ROOT/WEB-INF/lib/xmlbeans-2.6.0.jar
ffff43bff000-ffff44000000 rw-p 00000000 00:00 0 
ffff44000000-ffff44083000 rw-p 00000000 00:00 0 
ffff44083000-ffff48000000 ---p 00000000 00:00 0 
ffff48000000-ffff48089000 rw-p 00000000 00:00 0 
ffff48089000-ffff4c000000 ---p 00000000 00:00 0 
ffff4c000000-ffff4c143000 rw-p 00000000 00:00 0 
ffff4c143000-ffff50000000 ---p 00000000 00:00 0 
ffff50000000-ffff501c2000 rw-p 00000000 00:00 0 
ffff501c2000-ffff54000000 ---p 00000000 00:00 0 
ffff54000000-ffff54085000 rw-p 00000000 00:00 0 
ffff54085000-ffff58000000 ---p 00000000 00:00 0 
ffff58000000-ffff581f9000 rw-p 00000000 00:00 0 
ffff581f9000-ffff5c000000 ---p 00000000 00:00 0 
ffff5c000000-ffff5c08d000 rw-p 00000000 00:00 0 
ffff5c08d000-ffff60000000 ---p 00000000 00:00 0 
ffff60000000-ffff60083000 rw-p 00000000 00:00 0 
ffff60083000-ffff64000000 ---p 00000000 00:00 0 
ffff64000000-ffff64081000 rw-p 00000000 00:00 0 
ffff64081000-ffff68000000 ---p 00000000 00:00 0 
ffff68000000-ffff680a1000 rw-p 00000000 00:00 0 
ffff680a1000-ffff6c000000 ---p 00000000 00:00 0 
ffff6c000000-ffff6c083000 rw-p 00000000 00:00 0 
ffff6c083000-ffff70000000 ---p 00000000 00:00 0 
ffff70000000-ffff70081000 rw-p 00000000 00:00 0 
ffff70081000-ffff74000000 ---p 00000000 00:00 0 
ffff74000000-ffff74bfc000 rw-p 00000000 00:00 0 
ffff74bfc000-ffff78000000 ---p 00000000 00:00 0 
ffff78000000-ffff78085000 rw-p 00000000 00:00 0 
ffff78085000-ffff7c000000 ---p 00000000 00:00 0 
ffff7c000000-ffff83fff000 rwxp 00000000 00:00 0 
ffff83fff000-ffff84000000 ---p 00000000 00:00 0 
ffff84000000-ffff84021000 rw-p 00000000 00:00 0 
ffff84021000-ffff88000000 ---p 00000000 00:00 0 
ffff88418000-ffff88419000 ---p 00000000 00:00 0 
ffff88419000-ffff88459000 rw-p 00000000 00:00 0 
ffff88459000-ffff8845a000 ---p 00000000 00:00 0 
ffff8845a000-ffff8849a000 rw-p 00000000 00:00 0 
ffff8849a000-ffff8849b000 ---p 00000000 00:00 0 
ffff8849b000-ffff884db000 rw-p 00000000 00:00 0 
ffff884db000-ffff884dc000 ---p 00000000 00:00 0 
ffff884dc000-ffff8851c000 rw-p 00000000 00:00 0 
ffff8851c000-ffff8851d000 ---p 00000000 00:00 0 
ffff8851d000-ffff8855d000 rw-p 00000000 00:00 0 
ffff8855d000-ffff8855e000 ---p 00000000 00:00 0 
ffff8855e000-ffff8859e000 rw-p 00000000 00:00 0 
ffff8859e000-ffff8859f000 ---p 00000000 00:00 0 
ffff8859f000-ffff885df000 rw-p 00000000 00:00 0 
ffff885df000-ffff885e0000 ---p 00000000 00:00 0 
ffff885e0000-ffff88620000 rw-p 00000000 00:00 0 
ffff88721000-ffff88722000 ---p 00000000 00:00 0 
ffff88722000-ffff88762000 rw-p 00000000 00:00 0 
ffff88762000-ffff88763000 ---p 00000000 00:00 0 
ffff88763000-ffff887a3000 rw-p 00000000 00:00 0 
ffff887a3000-ffff887a4000 ---p 00000000 00:00 0 
ffff887a4000-ffff887e4000 rw-p 00000000 00:00 0 
ffff887e4000-ffff887e5000 ---p 00000000 00:00 0 
ffff887e5000-ffff88825000 rw-p 00000000 00:00 0 
ffff88825000-ffff88826000 ---p 00000000 00:00 0 
ffff88826000-ffff88866000 rw-p 00000000 00:00 0 
ffff888a6000-ffff888a7000 ---p 00000000 00:00 0 
ffff888a7000-ffff888e7000 rw-p 00000000 00:00 0 
ffff888e7000-ffff888e8000 ---p 00000000 00:00 0 
ffff888e8000-ffff890e8000 rw-p 00000000 00:00 0 
ffff890e8000-ffff890ea000 r--p 00000000 00:00 0                          [vvar]
ffff890ea000-ffff890eb000 r-xp 00000000 00:00 0                          [vdso]
ffffd9e96000-ffffd9eb7000 rw-p 00000000 00:00 0                          [stack]

VM Arguments:
java_command: org.support.project.knowledge.bat.NotifyMailBat
java_class_path (initial): /usr/local/tomcat/webapps/ROOT/WEB-INF/lib/poi-ooxml-3.17-beta1.jar:/usr/local/tomcat/webapps/ROOT/WEB-INF/lib/lucene-analyzers-kuromoji-4.10.4.jar:/usr/local/tomcat/webapps/ROOT/WEB-INF/lib/rome-1.5.1.jar:/usr/local/tomcat/webapps/ROOT/WEB-INF/lib/asm-5.0.4.jar:/usr/local/tomcat/webapps/ROOT/WEB-INF/lib/org.apache.servicemix.bundles.dom4j-1.6.1_5.jar:/usr/local/tomcat/webapps/ROOT/WEB-INF/lib/tika-parsers-1.16.jar:/usr/local/tomcat/webapps/ROOT/WEB-INF/lib/jna-4.1.0.jar:/usr/local/tomcat/webapps/ROOT/WEB-INF/lib/poi-ooxml-schemas-3.17-beta1.jar:/usr/local/tomcat/webapps/ROOT/WEB-INF/lib/jdom2-2.0.4.jar:/usr/local/tomcat/webapps/ROOT/WEB-INF/lib/stax-api-1.0.1.jar:/usr/local/tomcat/webapps/ROOT/WEB-INF/lib/commons-collections4-4.1.jar:/usr/local/tomcat/webapps/ROOT/WEB-INF/lib/javax.mail-api-1.5.6.jar:/usr/local/tomcat/webapps/ROOT/WEB-INF/lib/jhighlight-1.0.2.jar:/usr/local/tomcat/webapps/ROOT/WEB-INF/lib/fontbox-2.0.6.jar:/usr/local/tomcat/webapps/ROOT/WEB-INF/lib/xpp3-1.1.3.3.jar:/usr/local/tomcat/webapps/ROOT/WEB-INF/lib/poi-scratchpad-3.17-beta1.jar:/usr/local/tomcat/webapps/ROOT/WEB-INF/lib/commons-vfs2-2.0.jar:/usr/local/tomcat/webapps/ROOT/WEB-INF/lib/json-simple-1.1.1.jar:/usr/local/tomcat/webapps/ROOT/WEB-INF/lib/lucene-queryparser-4.10.4.jar:/usr/local/tomcat/webapps/ROOT/WEB-INF/lib/cxf-core-3.0.12.jar:/usr/local/tomcat/webapps/ROOT/WEB-INF/lib/commons-csv-1.0.jar:/usr/local/tomcat/webapps/ROOT/WEB-INF/lib/asm-tree-5.0.3.jar:/usr/local/tomcat/webapps/ROOT/WEB-INF/lib/pdfbox-2.0.6.jar:/usr/local/tomcat/webapps/ROOT/WEB-INF/lib/pegdown-1.6.0.jar:/usr/local/tomcat/webapps/ROOT/WEB-INF/lib/commons-lang-2.6.jar:/usr/local/tomcat/webapps/ROOT/WEB-INF/lib/stax-1.2.0.jar:/usr/local/tomcat/webapps/ROOT/WEB-INF/lib/ecj-3.12.3.jar:/usr/local/tomcat/webapps/ROOT/WEB-INF/lib/jcommander-1.35.jar:/usr/local/tomcat/webapps/ROOT/WEB-INF/lib/sis-metadata-0.6.jar:/usr/local/tomcat/webapps/ROOT/WEB-INF/lib/sis-storage-0.6.jar:/usr/local/tomcat/w
Launcher Type: SUN_STANDARD

Environment Variables:
JAVA_HOME=/docker-java-home/jre
PATH=/usr/local/tomcat/bin:/usr/local/sbin:/usr/local/bin:/usr/sbin:/usr/bin:/sbin:/bin
LD_LIBRARY_PATH=/usr/local/tomcat/native-jni-lib

Signal Handlers:
SIGSEGV: [libjvm.so+0xa71730], sa_mask[0]=11111111111111111111111111111110, sa_flags=SA_RESTART|SA_SIGINFO
SIGBUS: [libjvm.so+0xa71730], sa_mask[0]=11111111111111111111111111111110, sa_flags=SA_RESTART|SA_SIGINFO
SIGFPE: [libjvm.so+0x8ba250], sa_mask[0]=11111111111111111111111111111110, sa_flags=SA_RESTART|SA_SIGINFO
SIGPIPE: [libjvm.so+0x8ba250], sa_mask[0]=11111111111111111111111111111110, sa_flags=SA_RESTART|SA_SIGINFO
SIGXFSZ: [libjvm.so+0x8ba250], sa_mask[0]=11111111111111111111111111111110, sa_flags=SA_RESTART|SA_SIGINFO
SIGILL: [libjvm.so+0x8ba250], sa_mask[0]=11111111111111111111111111111110, sa_flags=SA_RESTART|SA_SIGINFO
SIGUSR1: SIG_DFL, sa_mask[0]=00000000000000000000000000000000, sa_flags=none
SIGUSR2: [libjvm.so+0x8ba100], sa_mask[0]=00100000000000000000000000000000, sa_flags=SA_RESTART|SA_SIGINFO
SIGHUP: [libjvm.so+0x8ba5b0], sa_mask[0]=11111111111111111111111111111110, sa_flags=SA_RESTART|SA_SIGINFO
SIGINT: [libjvm.so+0x8ba5b0], sa_mask[0]=11111111111111111111111111111110, sa_flags=SA_RESTART|SA_SIGINFO
SIGTERM: [libjvm.so+0x8ba5b0], sa_mask[0]=11111111111111111111111111111110, sa_flags=SA_RESTART|SA_SIGINFO
SIGQUIT: [libjvm.so+0x8ba5b0], sa_mask[0]=11111111111111111111111111111110, sa_flags=SA_RESTART|SA_SIGINFO


---------------  S Y S T E M  ---------------

OS:PRETTY_NAME="Debian GNU/Linux 9 (stretch)"
NAME="Debian GNU/Linux"
VERSION_ID="9"
VERSION="9 (stretch)"
ID=debian
HOME_URL="https://www.debian.org/"
SUPPORT_URL="https://www.debian.org/support"
BUG_REPORT_URL="https://bugs.debian.org/"

uname:Linux 5.10.25-linuxkit #1 SMP PREEMPT Tue Mar 23 09:24:45 UTC 2021 x86_64
libc:glibc 2.24 NPTL 2.24 
rlimit: STACK 8192k, CORE 0k, NPROC infinity, NOFILE 1048576, AS infinity
load average:2.10 2.03 2.01

/proc/meminfo:
MemTotal:        2036728 kB
MemFree:          158424 kB
MemAvailable:     400268 kB
Buffers:           17012 kB
Cached:           570184 kB
SwapCached:         3612 kB
Active:           221192 kB
Inactive:        1524788 kB
Active(anon):      75612 kB
Inactive(anon):  1383976 kB
Active(file):     145580 kB
Inactive(file):   140812 kB
Unevictable:           0 kB
Mlocked:               0 kB
SwapTotal:       1048572 kB
SwapFree:         903180 kB
Dirty:                60 kB
Writeback:             0 kB
AnonPages:       1155172 kB
Mapped:           199516 kB
Shmem:            314564 kB
KReclaimable:      38900 kB
Slab:              83936 kB
SReclaimable:      38900 kB
SUnreclaim:        45036 kB
KernelStack:       10432 kB
PageTables:         8428 kB
NFS_Unstable:          0 kB
Bounce:                0 kB
WritebackTmp:          0 kB
CommitLimit:     2066936 kB
Committed_AS:    7377444 kB
VmallocTotal:   135290159040 kB
VmallocUsed:       11660 kB
VmallocChunk:          0 kB
Percpu:             2064 kB
AnonHugePages:    176128 kB
ShmemHugePages:        0 kB
ShmemPmdMapped:        0 kB
FileHugePages:         0 kB
FilePmdMapped:         0 kB
HugePages_Total:       0
HugePages_Free:        0
HugePages_Rsvd:        0
HugePages_Surp:        0
Hugepagesize:       2048 kB
Hugetlb:               0 kB


CPU:total 4 (initial active 4) (1 cores per cpu, 1 threads per core) family 6 model 6 stepping 3, cmov, cx8, fxsr, mmx, sse, sse2, sse3, ssse3, sse4.1, sse4.2, popcnt, aes, clmul, erms, mmxext, 3dnowpref, lzcnt, tsc, bmi1

/proc/cpuinfo:
processor	: 0
BogoMIPS	: 48.00
Features	: fp asimd evtstrm aes pmull sha1 sha2 crc32 atomics fphp asimdhp cpuid asimdrdm jscvt fcma lrcpc dcpop sha3 asimddp sha512 asimdfhm dit uscat ilrcpc flagm sb paca pacg dcpodp flagm2 frint
CPU implementer	: 0x00
CPU architecture: 8
CPU variant	: 0x0
CPU part	: 0x000
CPU revision	: 0

processor	: 1
BogoMIPS	: 48.00
Features	: fp asimd evtstrm aes pmull sha1 sha2 crc32 atomics fphp asimdhp cpuid asimdrdm jscvt fcma lrcpc dcpop sha3 asimddp sha512 asimdfhm dit uscat ilrcpc flagm sb paca pacg dcpodp flagm2 frint
CPU implementer	: 0x00
CPU architecture: 8
CPU variant	: 0x0
CPU part	: 0x000
CPU revision	: 0

processor	: 2
BogoMIPS	: 48.00
Features	: fp asimd evtstrm aes pmull sha1 sha2 crc32 atomics fphp asimdhp cpuid asimdrdm jscvt fcma lrcpc dcpop sha3 asimddp sha512 asimdfhm dit uscat ilrcpc flagm sb paca pacg dcpodp flagm2 frint
CPU implementer	: 0x00
CPU architecture: 8
CPU variant	: 0x0
CPU part	: 0x000
CPU revision	: 0

processor	: 3
BogoMIPS	: 48.00
Features	: fp asimd evtstrm aes pmull sha1 sha2 crc32 atomics fphp asimdhp cpuid asimdrdm jscvt fcma lrcpc dcpop sha3 asimddp sha512 asimdfhm dit uscat ilrcpc flagm sb paca pacg dcpodp flagm2 frint
CPU implementer	: 0x00
CPU architecture: 8
CPU variant	: 0x0
CPU part	: 0x000
CPU revision	: 0



Memory: 4k page, physical 2036728k(158488k free), swap 1048572k(903180k free)

vm_info: OpenJDK 64-Bit Server VM (25.171-b11) for linux-amd64 JRE (1.8.0_171-8u171-b11-1~deb9u1-b11), built on Apr 27 2018 14:37:13 by "pbuilder" with gcc 6.3.0 20170516

time: Sun Sep 18 06:46:55 2022
elapsed time: 2545 seconds (0d 0h 42m 25s)

