#
# A fatal error has been detected by the Java Runtime Environment:
#
#  SIGILL (0x4) at pc=0x0000004004107018, pid=218, tid=0x0000004004108700
#
# JRE version: OpenJDK Runtime Environment (8.0_171-b11) (build 1.8.0_171-8u171-b11-1~deb9u1-b11)
# Java VM: OpenJDK 64-Bit Server VM (25.171-b11 mixed mode linux-amd64 compressed oops)
# Problematic frame:
# C  0x0000004004107018
#
# Failed to write core dump. Core dumps have been disabled. To enable core dumping, try "ulimit -c unlimited" before starting Java again
#
# If you would like to submit a bug report, please visit:
#   http://bugreport.java.com/bugreport/crash.jsp
#

---------------  T H R E A D  ---------------

Current thread (0x000000400800f000):  JavaThread "main" [_thread_in_Java, id=221, stack(0x0000004004008000,0x0000004004109000)]

siginfo: si_signo: 4 (SIGILL), si_code: 2 (ILL_ILLOPN), si_addr: 0x0000004004107018

Registers:
RAX=0x000000000028002b, RBX=0x0000004089bed4d8, RCX=0x00000000eabecf48, RDX=0x00000000eac03080
RSP=0x0000004004106fc8, RBP=0x00000000eabecf48, RSI=0x000000000000002b, RDI=0x0000000000000480
R8 =0x00000000000000ae, R9 =0x00000001000fdf48, R10=0x0000004089bed4d8, R11=0x000000403eee6640
R12=0x0000000000000000, R13=0x0000004004107020, R14=0x0000004004107090, R15=0x000000400800f000
RIP=0x0000004004107018, EFLAGS=0x0000000000000246, CSGSFS=0x002b000000000033, ERR=0x0000000000000000
  TRAPNO=0xffffffffffffffff

Top of Stack: (sp=0x0000004004106fc8)
0x0000004004106fc8:   0000004089c28028 0000000000000000
0x0000004004106fd8:   0000004089bee288 0000000000000000
0x0000004004106fe8:   0000004004107000 0000004004107070
0x0000004004106ff8:   000000400d1beffd 0000004004107070
0x0000004004107008:   000000400d1bea40 0000000000000028
0x0000004004107018:   000000400d1bea40 00000000eac03080
0x0000004004107028:   00000000eabecf48 0000004004107030
0x0000004004107038:   000000403f68b8d6 0000004004107090
0x0000004004107048:   0000004089bf43e0 0000000000000000
0x0000004004107058:   000000403f68b908 0000004004107020
0x0000004004107068:   0000004004107080 00000040041070d8
0x0000004004107078:   000000400d1bea40 000000000000002b
0x0000004004107088:   0000000000000028 00000000eabecf48
0x0000004004107098:   0000004004107098 000000403f68b7f4
0x00000040041070a8:   0000004004107108 0000004089bf43e0
0x00000040041070b8:   0000000000000000 000000403f68b840
0x00000040041070c8:   0000004004107080 00000040041070f0
0x00000040041070d8:   0000004004107158 000000400d1bea40
0x00000040041070e8:   000000000000002b 00000000c041c190
0x00000040041070f8:   00000000c026bb88 0000000000000028
0x0000004004107108:   00000000eabecf48 00000000eac02bf0
0x0000004004107118:   0000004004107118 0000004089c1f87f
0x0000004004107128:   0000004004107188 0000004089c21b90
0x0000004004107138:   0000000000000000 0000004089c1f8e8
0x0000004004107148:   00000040041070f0 0000004004107168
0x0000004004107158:   00000040041071d0 000000400d1beffd
0x0000004004107168:   0000000000000005 00000000c041c190
0x0000004004107178:   00000000c026bb88 0000000000000028
0x0000004004107188:   00000000eac02bf0 0000004004107190
0x0000004004107198:   0000004089c1f79d 0000004004107200
0x00000040041071a8:   0000004089c21b90 0000000000000000
0x00000040041071b8:   0000004089c1f7e8 0000004004107168 

Instructions: (pc=0x0000004004107018)
0x0000004004106ff8:   fd ef 1b 0d 40 00 00 00 70 70 10 04 40 00 00 00
0x0000004004107008:   40 ea 1b 0d 40 00 00 00 28 00 00 00 00 00 00 00
0x0000004004107018:   40 ea 1b 0d 40 00 00 00 80 30 c0 ea 00 00 00 00
0x0000004004107028:   48 cf be ea 00 00 00 00 30 70 10 04 40 00 00 00 

Register to memory mapping:

RAX=0x000000000028002b is an unknown value
RBX={method} {0x0000004089bed4d8} 'hashCode' '()I' in 'javassist/bytecode/MemberrefInfo'
RCX=0x00000000eabecf48 is an oop
javassist.bytecode.ConstPool 
 - klass: 'javassist/bytecode/ConstPool'
RDX=0x00000000eac03080 is an oop
