#
# A fatal error has been detected by the Java Runtime Environment:
#
#  SIGSEGV (0xb) at pc=0x000000400d34dca0, pid=1227, tid=0x0000004004108700
#
# JRE version: OpenJDK Runtime Environment (8.0_171-b11) (build 1.8.0_171-8u171-b11-1~deb9u1-b11)
# Java VM: OpenJDK 64-Bit Server VM (25.171-b11 mixed mode linux-amd64 compressed oops)
# Problematic frame:
# J 276 C1 sun.misc.URLClassPath.getResource(Ljava/lang/String;Z)Lsun/misc/Resource; (83 bytes) @ 0x000000400d34dca0 [0x000000400d34dc80+0x20]
#
# Failed to write core dump. Core dumps have been disabled. To enable core dumping, try "ulimit -c unlimited" before starting Java again
#
# If you would like to submit a bug report, please visit:
#   http://bugreport.java.com/bugreport/crash.jsp
#

---------------  T H R E A D  ---------------

Current thread (0x000000400800f000):  JavaThread "main" [_thread_in_Java, id=1230, stack(0x0000004004008000,0x0000004004109000)]

siginfo: si_signo: 11 (SIGSEGV), si_code: 1 (SEGV_MAPERR), si_addr: 0x00000200208183fe

Registers:
RAX=0x00000000fb45a4a8, RBX=0x0000000000000000, RCX=0x0000000000000000, RDX=0x00000000fb45a4a8
RSP=0x0000004004105738, RBP=0x0000004004105860, RSI=0x00000000fbd59758, RDI=0x00000000fbd59758
R8 =0x000000000000002d, R9 =0x0000000000000006, R10=0x0000000100035818, R11=0x000000000000002d
R12=0x0000000000000000, R13=0x00000040041057f8, R14=0x0000004004105a00, R15=0x000000400800f000
RIP=0x000000400d34dca0, EFLAGS=0x0000000000000202, CSGSFS=0x002b000000000033, ERR=0x0000000000000006
  TRAPNO=0xffffffffffffffff

Top of Stack: (sp=0x0000004004105738)
0x0000004004105738:   000000400d3b10ac 0000000000000000
0x0000004004105748:   0000000000000000 0000000000000000
0x0000004004105758:   0000000000000000 00000040041057a0
0x0000004004105768:   00000040041057a0 0000004008008200
0x0000004004105778:   00000040032e2c79 0000004004105940
0x0000004004105788:   00000000fb45a390 00000000000000ff
0x0000004004105798:   0000004002574ab6 0000004004105860
0x00000040041057a8:   000000400d3b188c 0000004008008200
0x00000040041057b8:   0000004008008200 0000004008008200
0x00000040041057c8:   000000400800823b 00000040080082ff
0x00000040041057d8:   0000004008008200 0000004004105860
0x00000040041057e8:   000000400d1b74e7 000000400d1b74e7
0x00000040041057f8:   00000000fb45a390 0000000000001f80
0x0000004004105808:   000000400800f000 0000004004105a00
0x0000004004105818:   0000004004105900 000000400800f000
0x0000004004105828:   000000403d4ba680 0000004004105900
0x0000004004105838:   00000040041059c8 000000400000000c
0x0000004004105848:   000000403d4ba680 000000400d1fdc60
0x0000004004105858:   0000004004105a08 0000004004105980
0x0000004004105868:   0000004002e84d13 0000000000000001
0x0000004004105878:   000000400800f000 00000040041058f0
0x0000004004105888:   0000004004105b38 00000040041058c0
0x0000004004105898:   000000400000000c 000000400000000c
0x00000040041058a8:   000000400d1fdc60 000000400800f848
0x00000040041058b8:   00000040041059c0 000000400800f000
0x00000040041058c8:   000000400800dce0 000000400800f800
0x00000040041058d8:   000000400800f850 000000400800f8e8
0x00000040041058e8:   00000000000000d8 00000040041066a0
0x00000040041058f8:   0000004004105950 000000400800f000
0x0000004004105908:   0000004008080720 000000403d4ba680
0x0000004004105918:   00000000fb45a390 0000004004106150
0x0000004004105928:   000000400d2fd7e3 0000000000000000 

Instructions: (pc=0x000000400d34dca0)
0x000000400d34dc80:   44 8b 56 08 49 c1 e2 03 4c 3b d0 0f 85 0f ef ea
0x000000400d34dc90:   ff 0f 1f 84 00 00 00 00 00 0f 1f 80 00 00 00 00
0x000000400d34dca0:   e9 7b e3 e6 ff fe ff 55 48 83 ec 50 48 89 74 24
0x000000400d34dcb0:   20 48 89 54 24 28 89 4c 24 30 48 bf 48 7e 72 3d 

Register to memory mapping:

RAX=0x00000000fb45a4a8 is an oop
java.lang.String 
 - klass: 'java/lang/String'
RBX=0x0000000000000000 is an unknown value
RCX=0x0000000000000000 is an unknown value
RDX=0x00000000fb45a4a8 is an oop
java.lang.String 
 - klass: 'java/lang/String'
RSP=0x0000004004105738 is pointing into the stack for thread: 0x000000400800f000
RBP=0x0000004004105860 is pointing into the stack for thread: 0x000000400800f000
RSI=0x00000000fbd59758 is an oop
sun.misc.URLClassPath 
 - klass: 'sun/misc/URLClassPath'
RDI=0x00000000fbd59758 is an oop
sun.misc.URLClassPath 
 - klass: 'sun/misc/URLClassPath'
R8 =0x000000000000002d is an unknown value
R9 =0x0000000000000006 is an unknown value
R10=0x0000000100035818 is pointing into metadata
R11=0x000000000000002d is an unknown value
R12=0x0000000000000000 is an unknown value
R13=0x00000040041057f8 is pointing into the stack for thread: 0x000000400800f000
R14=0x0000004004105a00 is pointing into the stack for thread: 0x000000400800f000
R15=0x000000400800f000 is a thread


Stack: [0x0000004004008000,0x0000004004109000],  sp=0x0000004004105738,  free space=1013k
Native frames: (J=compiled Java code, j=interpreted, Vv=VM code, C=native code)
J 276 C1 sun.misc.URLClassPath.getResource(Ljava/lang/String;Z)Lsun/misc/Resource; (83 bytes) @ 0x000000400d34dca0 [0x000000400d34dc80+0x20]
C  0x00000000000000ff


---------------  P R O C E S S  ---------------

Java Threads: ( => current thread )
  0x00000040080ff800 JavaThread "Service Thread" daemon [_thread_blocked, id=1242, stack(0x000000407765e000,0x000000407775f000)]
  0x00000040080c2800 JavaThread "C1 CompilerThread2" daemon [_thread_blocked, id=1241, stack(0x000000406f55d000,0x000000406f65e000)]
  0x00000040080c0800 JavaThread "C2 CompilerThread1" daemon [_thread_blocked, id=1240, stack(0x000000406745c000,0x000000406755d000)]
  0x00000040080be000 JavaThread "C2 CompilerThread0" daemon [_thread_blocked, id=1239, stack(0x000000405f35b000,0x000000405f45c000)]
  0x00000040080bc000 JavaThread "Signal Dispatcher" daemon [_thread_blocked, id=1238, stack(0x000000405725a000,0x000000405735b000)]
  0x0000004008088800 JavaThread "Finalizer" daemon [_thread_blocked, id=1237, stack(0x000000404efa3000,0x000000404f0a4000)]
  0x0000004008084000 JavaThread "Reference Handler" daemon [_thread_blocked, id=1236, stack(0x0000004046ea2000,0x0000004046fa3000)]
=>0x000000400800f000 JavaThread "main" [_thread_in_Java, id=1230, stack(0x0000004004008000,0x0000004004109000)]

Other Threads:
  0x000000400807c800 VMThread [stack: 0x000000403eda1000,0x000000403eea2000] [id=1235]
  0x0000004008102000 WatcherThread [stack: 0x000000407f75f000,0x000000407f860000] [id=1243]

VM state:not at safepoint (normal execution)

VM Mutex/Monitor currently owned by a thread: None

Heap:
 PSYoungGen      total 18432K, used 10920K [0x00000000fab00000, 0x00000000fbe00000, 0x0000000100000000)
  eden space 17408K, 56% used [0x00000000fab00000,0x00000000fb4af680,0x00000000fbc00000)
  from space 1024K, 97% used [0x00000000fbd00000,0x00000000fbdfa9c0,0x00000000fbe00000)
  to   space 1024K, 0% used [0x00000000fbc00000,0x00000000fbc00000,0x00000000fbd00000)
 ParOldGen       total 22016K, used 2034K [0x00000000f0000000, 0x00000000f1580000, 0x00000000fab00000)
  object space 22016K, 9% used [0x00000000f0000000,0x00000000f01fcab8,0x00000000f1580000)
 Metaspace       used 7589K, capacity 7728K, committed 7936K, reserved 1056768K
  class space    used 875K, capacity 912K, committed 1024K, reserved 1048576K

Card table byte_map: [0x000000401c577000,0x000000401c5f8000] byte_map_base: 0x000000401bdf7000

Marking Bits: (ParMarkBitMap*) 0x0000004003748320
 Begin Bits: [0x000000403ca52000, 0x000000403ce52000)
 End Bits:   [0x000000403ce52000, 0x000000403d252000)

Polling page: 0x000000400c759000

CodeCache: size=245760Kb used=2320Kb max_used=2338Kb free=243439Kb
 bounds [0x000000400d1b7000, 0x000000400d427000, 0x000000401c1b7000]
 total_blobs=792 nmethods=503 adapters=205
 compilation: enabled

Compilation events (10 events):
Event: 2.022 Thread 0x00000040080c2800  496       3       java.lang.Throwable::<init> (39 bytes)
Event: 2.023 Thread 0x00000040080c2800 nmethod 496 0x000000400d3f33d0 code [0x000000400d3f3540, 0x000000400d3f3848]
Event: 2.035 Thread 0x00000040080be000  497       4       java.util.ArrayList::rangeCheck (22 bytes)
Event: 2.037 Thread 0x00000040080be000 nmethod 497 0x000000400d3f6590 code [0x000000400d3f66e0, 0x000000400d3f6758]
Event: 2.037 Thread 0x00000040080be000  499  s!   4       sun.misc.URLClassPath::getLoader (243 bytes)
Event: 2.044 Thread 0x00000040080c2800  501       1       java.lang.reflect.Method::getRoot (5 bytes)
Event: 2.045 Thread 0x00000040080c2800 nmethod 501 0x000000400d3f4dd0 code [0x000000400d3f4f20, 0x000000400d3f5030]
Event: 2.045 Thread 0x00000040080c2800  502       3       sun.reflect.ReflectionFactory::langReflectAccess (15 bytes)
Event: 2.045 Thread 0x00000040080c0800 nmethod 495 0x000000400d3f8c90 code [0x000000400d3f8f20, 0x000000400d3f9c88]
Event: 2.045 Thread 0x00000040080c0800  500  s    4       sun.misc.URLClassPath::getNextLoader (88 bytes)

GC Heap History (4 events):
Event: 1.293 GC heap before
{Heap before GC invocations=1 (full 0):
 PSYoungGen      total 9728K, used 8704K [0x00000000fab00000, 0x00000000fb580000, 0x0000000100000000)
  eden space 8704K, 100% used [0x00000000fab00000,0x00000000fb380000,0x00000000fb380000)
  from space 1024K, 0% used [0x00000000fb480000,0x00000000fb480000,0x00000000fb580000)
  to   space 1024K, 0% used [0x00000000fb380000,0x00000000fb380000,0x00000000fb480000)
 ParOldGen       total 22016K, used 0K [0x00000000f0000000, 0x00000000f1580000, 0x00000000fab00000)
  object space 22016K, 0% used [0x00000000f0000000,0x00000000f0000000,0x00000000f1580000)
 Metaspace       used 4934K, capacity 5008K, committed 5248K, reserved 1056768K
  class space    used 544K, capacity 560K, committed 640K, reserved 1048576K
Event: 1.310 GC heap after
Heap after GC invocations=1 (full 0):
 PSYoungGen      total 9728K, used 1016K [0x00000000fab00000, 0x00000000fbe00000, 0x0000000100000000)
  eden space 8704K, 0% used [0x00000000fab00000,0x00000000fab00000,0x00000000fb380000)
  from space 1024K, 99% used [0x00000000fb380000,0x00000000fb47e0f8,0x00000000fb480000)
  to   space 1024K, 0% used [0x00000000fbd00000,0x00000000fbd00000,0x00000000fbe00000)
 ParOldGen       total 22016K, used 1207K [0x00000000f0000000, 0x00000000f1580000, 0x00000000fab00000)
  object space 22016K, 5% used [0x00000000f0000000,0x00000000f012dd00,0x00000000f1580000)
 Metaspace       used 4934K, capacity 5008K, committed 5248K, reserved 1056768K
  class space    used 544K, capacity 560K, committed 640K, reserved 1048576K
}
Event: 1.720 GC heap before
{Heap before GC invocations=2 (full 0):
 PSYoungGen      total 9728K, used 9720K [0x00000000fab00000, 0x00000000fbe00000, 0x0000000100000000)
  eden space 8704K, 100% used [0x00000000fab00000,0x00000000fb380000,0x00000000fb380000)
  from space 1024K, 99% used [0x00000000fb380000,0x00000000fb47e0f8,0x00000000fb480000)
  to   space 1024K, 0% used [0x00000000fbd00000,0x00000000fbd00000,0x00000000fbe00000)
 ParOldGen       total 22016K, used 1207K [0x00000000f0000000, 0x00000000f1580000, 0x00000000fab00000)
  object space 22016K, 5% used [0x00000000f0000000,0x00000000f012dd00,0x00000000f1580000)
 Metaspace       used 6569K, capacity 6704K, committed 7040K, reserved 1056768K
  class space    used 746K, capacity 784K, committed 896K, reserved 1048576K
Event: 1.727 GC heap after
Heap after GC invocations=2 (full 0):
 PSYoungGen      total 18432K, used 1002K [0x00000000fab00000, 0x00000000fbe00000, 0x0000000100000000)
  eden space 17408K, 0% used [0x00000000fab00000,0x00000000fab00000,0x00000000fbc00000)
  from space 1024K, 97% used [0x00000000fbd00000,0x00000000fbdfa9c0,0x00000000fbe00000)
  to   space 1024K, 0% used [0x00000000fbc00000,0x00000000fbc00000,0x00000000fbd00000)
 ParOldGen       total 22016K, used 2034K [0x00000000f0000000, 0x00000000f1580000, 0x00000000fab00000)
  object space 22016K, 9% used [0x00000000f0000000,0x00000000f01fcab8,0x00000000f1580000)
 Metaspace       used 6569K, capacity 6704K, committed 7040K, reserved 1056768K
  class space    used 746K, capacity 784K, committed 896K, reserved 1048576K
}

Deoptimization events (5 events):
Event: 0.907 Thread 0x000000400800f000 Uncommon trap: reason=unstable_if action=reinterpret pc=0x000000400d2cb870 method=java.lang.String.hashCode()I @ 14
Event: 1.626 Thread 0x000000400800f000 Uncommon trap: reason=bimorphic action=maybe_recompile pc=0x000000400d394e94 method=java.util.HashMap.getNode(ILjava/lang/Object;)Ljava/util/HashMap$Node; @ 126
Event: 1.627 Thread 0x000000400800f000 Uncommon trap: reason=bimorphic action=maybe_recompile pc=0x000000400d394e94 method=java.util.HashMap.getNode(ILjava/lang/Object;)Ljava/util/HashMap$Node; @ 126
Event: 1.627 Thread 0x000000400800f000 Uncommon trap: reason=bimorphic action=maybe_recompile pc=0x000000400d394e94 method=java.util.HashMap.getNode(ILjava/lang/Object;)Ljava/util/HashMap$Node; @ 126
Event: 1.635 Thread 0x000000400800f000 Uncommon trap: reason=bimorphic action=maybe_recompile pc=0x000000400d394e94 method=java.util.HashMap.getNode(ILjava/lang/Object;)Ljava/util/HashMap$Node; @ 126

Classes redefined (0 events):
No events

Internal exceptions (10 events):
Event: 1.481 Thread 0x000000400800f000 Exception <a 'java/lang/ClassNotFoundException': org/apache/log4j/EnhancedPatternLayoutCustomizer> (0x00000000fae91028) thrown at [/build/openjdk-8-8u171-b11/src/hotspot/src/share/vm/classfile/systemDictionary.cpp, line 210]
Event: 1.484 Thread 0x000000400800f000 Exception <a 'java/lang/ClassNotFoundException': com/jcabi/log/MulticolorLayoutCustomizer> (0x00000000faeb10a0) thrown at [/build/openjdk-8-8u171-b11/src/hotspot/src/share/vm/classfile/systemDictionary.cpp, line 210]
Event: 1.584 Thread 0x000000400800f000 Exception <a 'java/lang/ClassNotFoundException': org/apache/log4j/DailyRollingFileAppenderBeanInfo> (0x00000000fafa6530) thrown at [/build/openjdk-8-8u171-b11/src/hotspot/src/share/vm/classfile/systemDictionary.cpp, line 210]
Event: 1.585 Thread 0x000000400800f000 Exception <a 'java/lang/ClassNotFoundException': org/apache/log4j/FileAppenderBeanInfo> (0x00000000fafbfc80) thrown at [/build/openjdk-8-8u171-b11/src/hotspot/src/share/vm/classfile/systemDictionary.cpp, line 210]
Event: 1.586 Thread 0x000000400800f000 Exception <a 'java/lang/ClassNotFoundException': org/apache/log4j/FileAppenderCustomizer> (0x00000000fafd9a50) thrown at [/build/openjdk-8-8u171-b11/src/hotspot/src/share/vm/classfile/systemDictionary.cpp, line 210]
Event: 1.592 Thread 0x000000400800f000 Exception <a 'java/lang/ClassNotFoundException': org/apache/log4j/DailyRollingFileAppenderCustomizer> (0x00000000fb005ad8) thrown at [/build/openjdk-8-8u171-b11/src/hotspot/src/share/vm/classfile/systemDictionary.cpp, line 210]
Event: 1.603 Thread 0x000000400800f000 Exception <a 'java/lang/ClassNotFoundException': org/apache/log4j/PatternLayoutBeanInfo> (0x00000000fb030458) thrown at [/build/openjdk-8-8u171-b11/src/hotspot/src/share/vm/classfile/systemDictionary.cpp, line 210]
Event: 1.604 Thread 0x000000400800f000 Exception <a 'java/lang/ClassNotFoundException': org/apache/log4j/PatternLayoutCustomizer> (0x00000000fb04a4f8) thrown at [/build/openjdk-8-8u171-b11/src/hotspot/src/share/vm/classfile/systemDictionary.cpp, line 210]
Event: 1.746 Thread 0x000000400800f000 Exception <a 'java/security/PrivilegedActionException'> (0x00000000fab49c80) thrown at [/build/openjdk-8-8u171-b11/src/hotspot/src/share/vm/prims/jvm.cpp, line 1435]
Event: 1.746 Thread 0x000000400800f000 Exception <a 'java/security/PrivilegedActionException'> (0x00000000fab4a078) thrown at [/build/openjdk-8-8u171-b11/src/hotspot/src/share/vm/prims/jvm.cpp, line 1435]

Events (10 events):
Event: 2.034 loading class org/simpleframework/xml/core/ParameterFactory
Event: 2.034 loading class org/simpleframework/xml/core/ParameterFactory done
Event: 2.039 loading class org/simpleframework/xml/core/Signature
Event: 2.039 loading class org/simpleframework/xml/core/Signature done
Event: 2.041 loading class org/simpleframework/xml/core/NamespaceDecorator
Event: 2.041 loading class org/simpleframework/xml/core/NamespaceDecorator done
Event: 2.043 loading class java/util/LinkedList$ListItr
Event: 2.043 loading class java/util/LinkedList$ListItr done
Event: 2.045 loading class org/simpleframework/xml/core/StructureBuilder
Event: 2.045 loading class org/simpleframework/xml/core/StructureBuilder done


Dynamic libraries:
00400000-0070c000 r-xp 00000000 fe:01 1310747                            /usr/bin/qemu-x86_64
0071c000-0076c000 rw-p 0030c000 fe:01 1310747                            /usr/bin/qemu-x86_64
0076c000-00792000 rw-p 00000000 00:00 0 
1e7ce000-1e92f000 rw-p 00000000 00:00 0                                  [heap]
f0000000-f1580000 rw-p 00000000 00:00 0 
f1580000-fab00000 ---p 00000000 00:00 0 
fab00000-fbe00000 rw-p 00000000 00:00 0 
fbe00000-100000000 ---p 00000000 00:00 0 
100000000-100100000 rw-p 00000000 00:00 0 
100100000-140000000 ---p 00000000 00:00 0 
4000000000-4000001000 r-xp 00000000 fe:01 528212                         /usr/lib/jvm/java-8-openjdk-amd64/jre/bin/java
4000001000-4000200000 ---p 00000000 00:00 0 
4000200000-4000201000 r--p 00000000 fe:01 528212                         /usr/lib/jvm/java-8-openjdk-amd64/jre/bin/java
4000201000-4000202000 rw-p 00001000 fe:01 528212                         /usr/lib/jvm/java-8-openjdk-amd64/jre/bin/java
4000202000-4000223000 rw-p 00000000 00:00 0 
4001202000-4001203000 ---p 00000000 00:00 0 
4001203000-4001a03000 rw-p 00000000 00:00 0 
4001a03000-4001a26000 r-xp 00000000 fe:01 3282912                        /lib/x86_64-linux-gnu/ld-2.24.so
4001a26000-4001c26000 ---p 00000000 00:00 0 
4001c26000-4001c27000 r--p 00023000 fe:01 3282912                        /lib/x86_64-linux-gnu/ld-2.24.so
4001c27000-4001c28000 rw-p 00024000 fe:01 3282912                        /lib/x86_64-linux-gnu/ld-2.24.so
4001c28000-4001c2e000 rw-p 00000000 00:00 0 
4001c34000-4001c4c000 r-xp 00000000 fe:01 3282993                        /lib/x86_64-linux-gnu/libpthread-2.24.so
4001c4c000-4001e4b000 ---p 00018000 fe:01 3282993                        /lib/x86_64-linux-gnu/libpthread-2.24.so
4001e4b000-4001e4c000 r--p 00017000 fe:01 3282993                        /lib/x86_64-linux-gnu/libpthread-2.24.so
4001e4c000-4001e4d000 rw-p 00018000 fe:01 3282993                        /lib/x86_64-linux-gnu/libpthread-2.24.so
4001e4d000-4001e51000 rw-p 00000000 00:00 0 
4001e51000-4001e6a000 r-xp 00000000 fe:01 3283018                        /lib/x86_64-linux-gnu/libz.so.1.2.8
4001e6a000-4002069000 ---p 00019000 fe:01 3283018                        /lib/x86_64-linux-gnu/libz.so.1.2.8
4002069000-400206a000 r--p 00018000 fe:01 3283018                        /lib/x86_64-linux-gnu/libz.so.1.2.8
400206a000-400206b000 rw-p 00019000 fe:01 3283018                        /lib/x86_64-linux-gnu/libz.so.1.2.8
400206b000-4002078000 r-xp 00000000 fe:01 528227                         /usr/lib/jvm/java-8-openjdk-amd64/jre/lib/amd64/jli/libjli.so
4002078000-4002278000 ---p 0000d000 fe:01 528227                         /usr/lib/jvm/java-8-openjdk-amd64/jre/lib/amd64/jli/libjli.so
4002278000-4002279000 r--p 0000d000 fe:01 528227                         /usr/lib/jvm/java-8-openjdk-amd64/jre/lib/amd64/jli/libjli.so
4002279000-400227a000 rw-p 0000e000 fe:01 528227                         /usr/lib/jvm/java-8-openjdk-amd64/jre/lib/amd64/jli/libjli.so
400227a000-400227d000 r-xp 00000000 fe:01 3282942                        /lib/x86_64-linux-gnu/libdl-2.24.so
400227d000-400247c000 ---p 00003000 fe:01 3282942                        /lib/x86_64-linux-gnu/libdl-2.24.so
400247c000-400247d000 r--p 00002000 fe:01 3282942                        /lib/x86_64-linux-gnu/libdl-2.24.so
400247d000-400247e000 rw-p 00003000 fe:01 3282942                        /lib/x86_64-linux-gnu/libdl-2.24.so
400247e000-4002613000 r-xp 00000000 fe:01 3282930                        /lib/x86_64-linux-gnu/libc-2.24.so
4002613000-4002813000 ---p 00195000 fe:01 3282930                        /lib/x86_64-linux-gnu/libc-2.24.so
4002813000-4002817000 r--p 00195000 fe:01 3282930                        /lib/x86_64-linux-gnu/libc-2.24.so
4002817000-4002819000 rw-p 00199000 fe:01 3282930                        /lib/x86_64-linux-gnu/libc-2.24.so
4002819000-400281f000 rw-p 00000000 00:00 0 
400281f000-4003479000 r-xp 00000000 fe:01 528269                         /usr/lib/jvm/java-8-openjdk-amd64/jre/lib/amd64/server/libjvm.so
4003479000-4003678000 ---p 00c5a000 fe:01 528269                         /usr/lib/jvm/java-8-openjdk-amd64/jre/lib/amd64/server/libjvm.so
4003678000-400370c000 r--p 00c59000 fe:01 528269                         /usr/lib/jvm/java-8-openjdk-amd64/jre/lib/amd64/server/libjvm.so
400370c000-4003735000 rw-p 00ced000 fe:01 528269                         /usr/lib/jvm/java-8-openjdk-amd64/jre/lib/amd64/server/libjvm.so
4003735000-4003765000 rw-p 00000000 00:00 0 
400376b000-40038dd000 r-xp 00000000 fe:01 3283716                        /usr/lib/x86_64-linux-gnu/libstdc++.so.6.0.22
40038dd000-4003add000 ---p 00172000 fe:01 3283716                        /usr/lib/x86_64-linux-gnu/libstdc++.so.6.0.22
4003add000-4003ae7000 r--p 00172000 fe:01 3283716                        /usr/lib/x86_64-linux-gnu/libstdc++.so.6.0.22
4003ae7000-4003ae9000 rw-p 0017c000 fe:01 3283716                        /usr/lib/x86_64-linux-gnu/libstdc++.so.6.0.22
4003ae9000-4003aed000 rw-p 00000000 00:00 0 
4003aed000-4003bf0000 r-xp 00000000 fe:01 3282959                        /lib/x86_64-linux-gnu/libm-2.24.so
4003bf0000-4003def000 ---p 00103000 fe:01 3282959                        /lib/x86_64-linux-gnu/libm-2.24.so
4003def000-4003df0000 r--p 00102000 fe:01 3282959                        /lib/x86_64-linux-gnu/libm-2.24.so
4003df0000-4003df1000 rw-p 00103000 fe:01 3282959                        /lib/x86_64-linux-gnu/libm-2.24.so
4003df1000-4003e07000 r-xp 00000000 fe:01 3282950                        /lib/x86_64-linux-gnu/libgcc_s.so.1
4003e07000-4004006000 ---p 00016000 fe:01 3282950                        /lib/x86_64-linux-gnu/libgcc_s.so.1
4004006000-4004007000 r--p 00015000 fe:01 3282950                        /lib/x86_64-linux-gnu/libgcc_s.so.1
4004007000-4004008000 rw-p 00016000 fe:01 3282950                        /lib/x86_64-linux-gnu/libgcc_s.so.1
4004008000-400400b000 ---p 00000000 00:00 0 
400400b000-4004109000 rw-p 00000000 00:00 0 
4008000000-40089bd000 rw-p 00000000 00:00 0 
40089bd000-400c000000 ---p 00000000 00:00 0 
400c10f000-400c116000 r-xp 00000000 fe:01 3282997                        /lib/x86_64-linux-gnu/librt-2.24.so
400c116000-400c315000 ---p 00007000 fe:01 3282997                        /lib/x86_64-linux-gnu/librt-2.24.so
400c315000-400c316000 r--p 00006000 fe:01 3282997                        /lib/x86_64-linux-gnu/librt-2.24.so
400c316000-400c317000 rw-p 00007000 fe:01 3282997                        /lib/x86_64-linux-gnu/librt-2.24.so
400c317000-400c326000 r-xp 00000000 fe:01 528263                         /usr/lib/jvm/java-8-openjdk-amd64/jre/lib/amd64/libverify.so
400c326000-400c526000 ---p 0000f000 fe:01 528263                         /usr/lib/jvm/java-8-openjdk-amd64/jre/lib/amd64/libverify.so
400c526000-400c528000 r--p 0000f000 fe:01 528263                         /usr/lib/jvm/java-8-openjdk-amd64/jre/lib/amd64/libverify.so
400c528000-400c529000 rw-p 00011000 fe:01 528263                         /usr/lib/jvm/java-8-openjdk-amd64/jre/lib/amd64/libverify.so
400c529000-400c556000 r-xp 00000000 fe:01 528243                         /usr/lib/jvm/java-8-openjdk-amd64/jre/lib/amd64/libjava.so
400c556000-400c756000 ---p 0002d000 fe:01 528243                         /usr/lib/jvm/java-8-openjdk-amd64/jre/lib/amd64/libjava.so
400c756000-400c757000 r--p 0002d000 fe:01 528243                         /usr/lib/jvm/java-8-openjdk-amd64/jre/lib/amd64/libjava.so
400c757000-400c759000 rw-p 0002e000 fe:01 528243                         /usr/lib/jvm/java-8-openjdk-amd64/jre/lib/amd64/libjava.so
400c759000-400c75a000 r--p 00000000 00:00 0 
400c75a000-400c75b000 rw-p 00000000 00:00 0 
400c761000-400c768000 r-xp 00000000 fe:01 3282972                        /lib/x86_64-linux-gnu/libnss_compat-2.24.so
400c768000-400c967000 ---p 00007000 fe:01 3282972                        /lib/x86_64-linux-gnu/libnss_compat-2.24.so
400c967000-400c968000 r--p 00006000 fe:01 3282972                        /lib/x86_64-linux-gnu/libnss_compat-2.24.so
400c968000-400c969000 rw-p 00007000 fe:01 3282972                        /lib/x86_64-linux-gnu/libnss_compat-2.24.so
400c969000-400c97d000 r-xp 00000000 fe:01 3282970                        /lib/x86_64-linux-gnu/libnsl-2.24.so
400c97d000-400cb7d000 ---p 00014000 fe:01 3282970                        /lib/x86_64-linux-gnu/libnsl-2.24.so
400cb7d000-400cb7e000 r--p 00014000 fe:01 3282970                        /lib/x86_64-linux-gnu/libnsl-2.24.so
400cb7e000-400cb7f000 rw-p 00015000 fe:01 3282970                        /lib/x86_64-linux-gnu/libnsl-2.24.so
400cb7f000-400cb81000 rw-p 00000000 00:00 0 
400cb87000-400cb92000 r-xp 00000000 fe:01 3282980                        /lib/x86_64-linux-gnu/libnss_nis-2.24.so
400cb92000-400cd91000 ---p 0000b000 fe:01 3282980                        /lib/x86_64-linux-gnu/libnss_nis-2.24.so
400cd91000-400cd92000 r--p 0000a000 fe:01 3282980                        /lib/x86_64-linux-gnu/libnss_nis-2.24.so
400cd92000-400cd93000 rw-p 0000b000 fe:01 3282980                        /lib/x86_64-linux-gnu/libnss_nis-2.24.so
400cd93000-400cd9d000 r-xp 00000000 fe:01 3282976                        /lib/x86_64-linux-gnu/libnss_files-2.24.so
400cd9d000-400cf9d000 ---p 0000a000 fe:01 3282976                        /lib/x86_64-linux-gnu/libnss_files-2.24.so
400cf9d000-400cf9e000 r--p 0000a000 fe:01 3282976                        /lib/x86_64-linux-gnu/libnss_files-2.24.so
400cf9e000-400cf9f000 rw-p 0000b000 fe:01 3282976                        /lib/x86_64-linux-gnu/libnss_files-2.24.so
400cf9f000-400cfa5000 rw-p 00000000 00:00 0 
400cfa6000-400cfae000 rw-s 00000000 fe:01 137569                         /tmp/hsperfdata_root/1227
400cfae000-400cfb6000 r-xp 00000000 fe:01 528264                         /usr/lib/jvm/java-8-openjdk-amd64/jre/lib/amd64/libzip.so
400cfb6000-400d1b5000 ---p 00008000 fe:01 528264                         /usr/lib/jvm/java-8-openjdk-amd64/jre/lib/amd64/libzip.so
400d1b5000-400d1b6000 r--p 00007000 fe:01 528264                         /usr/lib/jvm/java-8-openjdk-amd64/jre/lib/amd64/libzip.so
400d1b6000-400d1b7000 rw-p 00008000 fe:01 528264                         /usr/lib/jvm/java-8-openjdk-amd64/jre/lib/amd64/libzip.so
400d1b7000-400d1b8000 r-xp 00000000 00:00 0 
400d1b8000-400d1bc000 rwxp 00000000 00:00 0 
400d1bc000-400d1bd000 r-xp 00000000 00:00 0 
400d1bd000-400d1be000 rwxp 00000000 00:00 0 
400d1be000-400d1c1000 r-xp 00000000 00:00 0 
400d1c1000-400d1c3000 rwxp 00000000 00:00 0 
400d1c3000-400d1c4000 r-xp 00000000 00:00 0 
400d1c4000-400d1c8000 rwxp 00000000 00:00 0 
400d1c8000-400d1cd000 r-xp 00000000 00:00 0 
400d1cd000-400d1ce000 rwxp 00000000 00:00 0 
400d1ce000-400d1e0000 r-xp 00000000 00:00 0 
400d1e0000-400d1fc000 rwxp 00000000 00:00 0 
400d1fc000-400d1fe000 r-xp 00000000 00:00 0 
400d1fe000-400d204000 rwxp 00000000 00:00 0 
400d204000-400d20a000 r-xp 00000000 00:00 0 
400d20a000-400d20e000 rwxp 00000000 00:00 0 
400d20e000-400d211000 r-xp 00000000 00:00 0 
400d211000-400d218000 rwxp 00000000 00:00 0 
400d218000-400d21e000 r-xp 00000000 00:00 0 
400d21e000-400d220000 rwxp 00000000 00:00 0 
400d220000-400d221000 r-xp 00000000 00:00 0 
400d221000-400d222000 rwxp 00000000 00:00 0 
400d222000-400d223000 r-xp 00000000 00:00 0 
400d223000-400d2b0000 rwxp 00000000 00:00 0 
400d2b0000-400d2b2000 r-xp 00000000 00:00 0 
400d2b2000-400d2ba000 rwxp 00000000 00:00 0 
400d2ba000-400d2bd000 r-xp 00000000 00:00 0 
400d2bd000-400d2be000 rwxp 00000000 00:00 0 
400d2be000-400d2c1000 r-xp 00000000 00:00 0 
400d2c1000-400d2c2000 rwxp 00000000 00:00 0 
400d2c2000-400d2c4000 r-xp 00000000 00:00 0 
400d2c4000-400d2c7000 rwxp 00000000 00:00 0 
400d2c7000-400d2c9000 r-xp 00000000 00:00 0 
400d2c9000-400d2cb000 rwxp 00000000 00:00 0 
400d2cb000-400d2ce000 r-xp 00000000 00:00 0 
400d2ce000-400d2d0000 rwxp 00000000 00:00 0 
400d2d0000-400d2e8000 r-xp 00000000 00:00 0 
400d2e8000-400d2e9000 rwxp 00000000 00:00 0 
400d2e9000-400d2ea000 r-xp 00000000 00:00 0 
400d2ea000-400d2eb000 rwxp 00000000 00:00 0 
400d2eb000-400d2f6000 r-xp 00000000 00:00 0 
400d2f6000-400d2f7000 rwxp 00000000 00:00 0 
400d2f7000-400d2f8000 r-xp 00000000 00:00 0 
400d2f8000-400d2fa000 rwxp 00000000 00:00 0 
400d2fa000-400d306000 r-xp 00000000 00:00 0 
400d306000-400d307000 rwxp 00000000 00:00 0 
400d307000-400d313000 r-xp 00000000 00:00 0 
400d313000-400d315000 rwxp 00000000 00:00 0 
400d315000-400d316000 r-xp 00000000 00:00 0 
400d316000-400d317000 rwxp 00000000 00:00 0 
400d317000-400d318000 r-xp 00000000 00:00 0 
400d318000-400d319000 rwxp 00000000 00:00 0 
400d319000-400d31c000 r-xp 00000000 00:00 0 
400d31c000-400d31e000 rwxp 00000000 00:00 0 
400d31e000-400d320000 r-xp 00000000 00:00 0 
400d320000-400d324000 rwxp 00000000 00:00 0 
400d324000-400d330000 r-xp 00000000 00:00 0 
400d330000-400d331000 rwxp 00000000 00:00 0 
400d331000-400d33b000 r-xp 00000000 00:00 0 
400d33b000-400d33e000 rwxp 00000000 00:00 0 
400d33e000-400d340000 r-xp 00000000 00:00 0 
400d340000-400d341000 rwxp 00000000 00:00 0 
400d341000-400d343000 r-xp 00000000 00:00 0 
400d343000-400d348000 rwxp 00000000 00:00 0 
400d348000-400d349000 r-xp 00000000 00:00 0 
400d349000-400d34a000 rwxp 00000000 00:00 0 
400d34a000-400d34b000 r-xp 00000000 00:00 0 
400d34b000-400d34c000 rwxp 00000000 00:00 0 
400d34c000-400d350000 r-xp 00000000 00:00 0 
400d350000-400d351000 rwxp 00000000 00:00 0 
400d351000-400d353000 r-xp 00000000 00:00 0 
400d353000-400d355000 rwxp 00000000 00:00 0 
400d355000-400d357000 r-xp 00000000 00:00 0 
400d357000-400d358000 rwxp 00000000 00:00 0 
400d358000-400d365000 r-xp 00000000 00:00 0 
400d365000-400d366000 rwxp 00000000 00:00 0 
400d366000-400d36c000 r-xp 00000000 00:00 0 
400d36c000-400d36d000 rwxp 00000000 00:00 0 
400d36d000-400d375000 r-xp 00000000 00:00 0 
400d375000-400d376000 rwxp 00000000 00:00 0 
400d376000-400d377000 r-xp 00000000 00:00 0 
400d377000-400d378000 rwxp 00000000 00:00 0 
400d378000-400d37a000 r-xp 00000000 00:00 0 
400d37a000-400d37b000 rwxp 00000000 00:00 0 
400d37b000-400d37c000 r-xp 00000000 00:00 0 
400d37c000-400d37d000 rwxp 00000000 00:00 0 
400d37d000-400d380000 r-xp 00000000 00:00 0 
400d380000-400d382000 rwxp 00000000 00:00 0 
400d382000-400d384000 r-xp 00000000 00:00 0 
400d384000-400d386000 rwxp 00000000 00:00 0 
400d386000-400d388000 r-xp 00000000 00:00 0 
400d388000-400d38f000 rwxp 00000000 00:00 0 
400d38f000-400d392000 r-xp 00000000 00:00 0 
400d392000-400d394000 rwxp 00000000 00:00 0 
400d394000-400d395000 r-xp 00000000 00:00 0 
400d395000-400d397000 rwxp 00000000 00:00 0 
400d397000-400d39b000 r-xp 00000000 00:00 0 
400d39b000-400d39e000 rwxp 00000000 00:00 0 
400d39e000-400d39f000 r-xp 00000000 00:00 0 
400d39f000-400d3a0000 rwxp 00000000 00:00 0 
400d3a0000-400d3a1000 r-xp 00000000 00:00 0 
400d3a1000-400d3a3000 rwxp 00000000 00:00 0 
400d3a3000-400d3a5000 r-xp 00000000 00:00 0 
400d3a5000-400d3a6000 rwxp 00000000 00:00 0 
400d3a6000-400d3ae000 r-xp 00000000 00:00 0 
400d3ae000-400d3af000 rwxp 00000000 00:00 0 
400d3af000-400d3b6000 r-xp 00000000 00:00 0 
400d3b6000-400d3b7000 rwxp 00000000 00:00 0 
400d3b7000-400d3bb000 r-xp 00000000 00:00 0 
400d3bb000-400d3bd000 rwxp 00000000 00:00 0 
400d3bd000-400d3c0000 r-xp 00000000 00:00 0 
400d3c0000-400d3c2000 rwxp 00000000 00:00 0 
400d3c2000-400d3c5000 r-xp 00000000 00:00 0 
400d3c5000-400d3c7000 rwxp 00000000 00:00 0 
400d3c7000-400d3d3000 r-xp 00000000 00:00 0 
400d3d3000-400d3d4000 rwxp 00000000 00:00 0 
400d3d4000-400d3de000 r-xp 00000000 00:00 0 
400d3de000-400d3df000 rwxp 00000000 00:00 0 
400d3df000-400d3e2000 r-xp 00000000 00:00 0 
400d3e2000-400d3e3000 rwxp 00000000 00:00 0 
400d3e3000-400d3f3000 r-xp 00000000 00:00 0 
400d3f3000-400d427000 rwxp 00000000 00:00 0 
400d427000-401c1b7000 ---p 00000000 00:00 0 
401c1b7000-401c1c1000 rw-p 00000000 00:00 0 
401c1c1000-401c577000 ---p 00000000 00:00 0 
401c577000-401c582000 rw-p 00000000 00:00 0 
401c582000-401c5cc000 ---p 00000000 00:00 0 
401c5cc000-401c5d6000 rw-p 00000000 00:00 0 
401c5d6000-401c5f7000 ---p 00000000 00:00 0 
401c5f7000-401c603000 rw-p 00000000 00:00 0 
401c603000-401c64e000 ---p 00000000 00:00 0 
401c64e000-401c64f000 ---p 00000000 00:00 0 
401c64f000-401c74f000 rw-p 00000000 00:00 0 
401c74f000-401c750000 ---p 00000000 00:00 0 
401c750000-401c850000 rw-p 00000000 00:00 0 
401c850000-401c851000 ---p 00000000 00:00 0 
401c851000-401c951000 rw-p 00000000 00:00 0 
401c951000-401c952000 ---p 00000000 00:00 0 
401c952000-401ca52000 rw-p 00000000 00:00 0 
4020000000-4020021000 rw-p 00000000 00:00 0 
4020021000-4024000000 ---p 00000000 00:00 0 
4028000000-4028021000 rw-p 00000000 00:00 0 
4028021000-402c000000 ---p 00000000 00:00 0 
4030000000-4030021000 rw-p 00000000 00:00 0 
4030021000-4034000000 ---p 00000000 00:00 0 
4038000000-4038021000 rw-p 00000000 00:00 0 
4038021000-403c000000 ---p 00000000 00:00 0 
403ca52000-403d997000 rw-p 00000000 00:00 0 
403d997000-403dad7000 ---p 00000000 00:00 0 
403dad7000-403dbd0000 rw-p 00000000 00:00 0 
403dbd0000-403dd9f000 r--s 03c2f000 fe:01 528323                         /usr/lib/jvm/java-8-openjdk-amd64/jre/lib/rt.jar
403dd9f000-403eda1000 rw-p 00000000 00:00 0 
403eda1000-403eda2000 ---p 00000000 00:00 0 
403eda2000-403eea2000 rw-p 00000000 00:00 0 
4040000000-4040021000 rw-p 00000000 00:00 0 
4040021000-4044000000 ---p 00000000 00:00 0 
4046ea2000-4046ea5000 ---p 00000000 00:00 0 
4046ea5000-4046fa3000 rw-p 00000000 00:00 0 
4048000000-4048021000 rw-p 00000000 00:00 0 
4048021000-404c000000 ---p 00000000 00:00 0 
404efa3000-404efa6000 ---p 00000000 00:00 0 
404efa6000-404f0a4000 rw-p 00000000 00:00 0 
4050000000-4050021000 rw-p 00000000 00:00 0 
4050021000-4054000000 ---p 00000000 00:00 0 
40570a4000-40570a5000 r--p 00000000 fe:01 3283400                        /usr/lib/locale/C.UTF-8/LC_IDENTIFICATION
40570a5000-40570ac000 r--s 00000000 fe:01 3283686                        /usr/lib/x86_64-linux-gnu/gconv/gconv-modules.cache
40570ac000-40570ad000 r--p 00000000 fe:01 3283401                        /usr/lib/locale/C.UTF-8/LC_MEASUREMENT
40570ad000-40570ae000 r--p 00000000 fe:01 3283408                        /usr/lib/locale/C.UTF-8/LC_TELEPHONE
40570ae000-40570af000 r--p 00000000 fe:01 3283397                        /usr/lib/locale/C.UTF-8/LC_ADDRESS
40570af000-40570b0000 r--p 00000000 fe:01 3283405                        /usr/lib/locale/C.UTF-8/LC_NAME
40570b0000-40570b1000 r--p 00000000 fe:01 3283407                        /usr/lib/locale/C.UTF-8/LC_PAPER
40570b1000-40570b2000 r--p 00000000 fe:01 3283403                        /usr/lib/locale/C.UTF-8/LC_MESSAGES/SYS_LC_MESSAGES
40570b2000-40570b3000 r--p 00000000 fe:01 3283404                        /usr/lib/locale/C.UTF-8/LC_MONETARY
40570b3000-4057226000 r--p 00000000 fe:01 3283398                        /usr/lib/locale/C.UTF-8/LC_COLLATE
4057226000-4057227000 r--p 00000000 fe:01 3283409                        /usr/lib/locale/C.UTF-8/LC_TIME
4057227000-4057228000 r--p 00000000 fe:01 3283406                        /usr/lib/locale/C.UTF-8/LC_NUMERIC
4057228000-4057259000 r--p 00000000 fe:01 3283399                        /usr/lib/locale/C.UTF-8/LC_CTYPE
405725a000-405725d000 ---p 00000000 00:00 0 
405725d000-405735b000 rw-p 00000000 00:00 0 
4058000000-4058021000 rw-p 00000000 00:00 0 
4058021000-405c000000 ---p 00000000 00:00 0 
405f35b000-405f35e000 ---p 00000000 00:00 0 
405f35e000-405f45c000 rw-p 00000000 00:00 0 
4060000000-406020e000 rw-p 00000000 00:00 0 
406020e000-4064000000 ---p 00000000 00:00 0 
406745c000-406745f000 ---p 00000000 00:00 0 
406745f000-406755d000 rw-p 00000000 00:00 0 
4068000000-40682a1000 rw-p 00000000 00:00 0 
40682a1000-406c000000 ---p 00000000 00:00 0 
406f55d000-406f560000 ---p 00000000 00:00 0 
406f560000-406f65e000 rw-p 00000000 00:00 0 
4070000000-4070206000 rw-p 00000000 00:00 0 
4070206000-4074000000 ---p 00000000 00:00 0 
407765e000-4077661000 ---p 00000000 00:00 0 
4077661000-407775f000 rw-p 00000000 00:00 0 
4078000000-4078021000 rw-p 00000000 00:00 0 
4078021000-407c000000 ---p 00000000 00:00 0 
407f75f000-407f760000 ---p 00000000 00:00 0 
407f760000-407f860000 rw-p 00000000 00:00 0 
4080000000-4080021000 rw-p 00000000 00:00 0 
4080021000-4084000000 ---p 00000000 00:00 0 
4087860000-4087863000 r--s 00038000 fe:01 528292                         /usr/lib/jvm/java-8-openjdk-amd64/jre/lib/ext/sunpkcs11.jar
4087863000-4087865000 r--s 00008000 fe:01 528290                         /usr/lib/jvm/java-8-openjdk-amd64/jre/lib/ext/sunec.jar
4087865000-4087880000 r--s 00394000 fe:01 528282                         /usr/lib/jvm/java-8-openjdk-amd64/jre/lib/ext/cldrdata.jar
4087880000-4087882000 r--s 00001000 fe:01 528283                         /usr/lib/jvm/java-8-openjdk-amd64/jre/lib/ext/dnsns.jar
4087882000-4087888000 r--s 0003b000 fe:01 528291                         /usr/lib/jvm/java-8-openjdk-amd64/jre/lib/ext/sunjce_provider.jar
4087888000-4087889000 r--s 00010000 fe:01 528293                         /usr/lib/jvm/java-8-openjdk-amd64/jre/lib/ext/zipfs.jar
4087889000-408788b000 r--s 00007000 fe:01 535915                         /usr/share/java/java-atk-wrapper.jar
408788b000-4087895000 r--s 00116000 fe:01 528288                         /usr/lib/jvm/java-8-openjdk-amd64/jre/lib/ext/localedata.jar
4087895000-4087896000 r--s 0000a000 fe:01 528285                         /usr/lib/jvm/java-8-openjdk-amd64/jre/lib/ext/jaccess.jar
4087896000-4087899000 r--s 0000f000 fe:01 528284                         /usr/lib/jvm/java-8-openjdk-amd64/jre/lib/ext/icedtea-sound.jar
4087899000-40878b4000 r--s 001d6000 fe:01 528289                         /usr/lib/jvm/java-8-openjdk-amd64/jre/lib/ext/nashorn.jar
40878b4000-40878c6000 r--s 00156000 fe:01 140361                         /usr/local/tomcat/webapps/ROOT/WEB-INF/lib/poi-ooxml-3.17-beta1.jar
40878c6000-40878c9000 r--s 00460000 fe:01 140333                         /usr/local/tomcat/webapps/ROOT/WEB-INF/lib/lucene-analyzers-kuromoji-4.10.4.jar
40878c9000-40878cd000 r--s 00038000 fe:01 140368                         /usr/local/tomcat/webapps/ROOT/WEB-INF/lib/rome-1.5.1.jar
40878cd000-40878cf000 r--s 0000c000 fe:01 140258                         /usr/local/tomcat/webapps/ROOT/WEB-INF/lib/asm-5.0.4.jar
40878cf000-40878d4000 r--s 0004b000 fe:01 140349                         /usr/local/tomcat/webapps/ROOT/WEB-INF/lib/org.apache.servicemix.bundles.dom4j-1.6.1_5.jar
40878d4000-40878e3000 r--s 000f2000 fe:01 140383                         /usr/local/tomcat/webapps/ROOT/WEB-INF/lib/tika-parsers-1.16.jar
40878e3000-40878e7000 r--s 000dc000 fe:01 140320                         /usr/local/tomcat/webapps/ROOT/WEB-INF/lib/jna-4.1.0.jar
40878e7000-40879a2000 r--s 004e9000 fe:01 140362                         /usr/local/tomcat/webapps/ROOT/WEB-INF/lib/poi-ooxml-schemas-3.17-beta1.jar
40879a2000-40879a7000 r--s 00044000 fe:01 140316                         /usr/local/tomcat/webapps/ROOT/WEB-INF/lib/jdom2-2.0.4.jar
40879a7000-40879a9000 r--s 00005000 fe:01 140379                         /usr/local/tomcat/webapps/ROOT/WEB-INF/lib/stax-api-1.0.1.jar
40879a9000-40879b9000 r--s 000a8000 fe:01 140272                         /usr/local/tomcat/webapps/ROOT/WEB-INF/lib/commons-collections4-4.1.jar
40879b9000-40879bd000 r--s 0002e000 fe:01 140309                         /usr/local/tomcat/webapps/ROOT/WEB-INF/lib/javax.mail-api-1.5.6.jar
40879bd000-40879c2000 r--s 00035000 fe:01 140318                         /usr/local/tomcat/webapps/ROOT/WEB-INF/lib/jhighlight-1.0.2.jar
40879c2000-40879c9000 r--s 00163000 fe:01 140290                         /usr/local/tomcat/webapps/ROOT/WEB-INF/lib/fontbox-2.0.6.jar
40879c9000-40879cb000 r--s 00015000 fe:01 140393                         /usr/local/tomcat/webapps/ROOT/WEB-INF/lib/xpp3-1.1.3.3.jar
40879cb000-40879de000 r--s 00140000 fe:01 140363                         /usr/local/tomcat/webapps/ROOT/WEB-INF/lib/poi-scratchpad-3.17-beta1.jar
40879de000-40879e7000 r--s 0005d000 fe:01 140281                         /usr/local/tomcat/webapps/ROOT/WEB-INF/lib/commons-vfs2-2.0.jar
40879e7000-40879e8000 r--s 00005000 fe:01 140323                         /usr/local/tomcat/webapps/ROOT/WEB-INF/lib/json-simple-1.1.1.jar
40879e8000-40879f1000 r--s 00057000 fe:01 140338                         /usr/local/tomcat/webapps/ROOT/WEB-INF/lib/lucene-queryparser-4.10.4.jar
40879f1000-4087a08000 r--s 0012f000 fe:01 140283                         /usr/local/tomcat/webapps/ROOT/WEB-INF/lib/cxf-core-3.0.12.jar
4087a08000-4087a0a000 r--s 00007000 fe:01 140274                         /usr/local/tomcat/webapps/ROOT/WEB-INF/lib/commons-csv-1.0.jar
4087a0a000-4087a0c000 r--s 00006000 fe:01 140260                         /usr/local/tomcat/webapps/ROOT/WEB-INF/lib/asm-tree-5.0.3.jar
4087a0c000-4087a22000 r--s 00245000 fe:01 140355                         /usr/local/tomcat/webapps/ROOT/WEB-INF/lib/pdfbox-2.0.6.jar
4087a22000-4087a25000 r--s 00011000 fe:01 140358                         /usr/local/tomcat/webapps/ROOT/WEB-INF/lib/pegdown-1.6.0.jar
4087a25000-4087a2a000 r--s 00041000 fe:01 140278                         /usr/local/tomcat/webapps/ROOT/WEB-INF/lib/commons-lang-2.6.jar
4087a2a000-4087a2d000 r--s 00029000 fe:01 140378                         /usr/local/tomcat/webapps/ROOT/WEB-INF/lib/stax-1.2.0.jar
4087a2d000-4087a40000 r--s 00244000 fe:01 140288                         /usr/local/tomcat/webapps/ROOT/WEB-INF/lib/ecj-3.12.3.jar
4087a40000-4087a42000 r--s 0000d000 fe:01 140315                         /usr/local/tomcat/webapps/ROOT/WEB-INF/lib/jcommander-1.35.jar
4087a42000-4087a4e000 r--s 0007a000 fe:01 140372                         /usr/local/tomcat/webapps/ROOT/WEB-INF/lib/sis-metadata-0.6.jar
4087a4e000-4087a5a000 r--s 00092000 fe:01 140376                         /usr/local/tomcat/webapps/ROOT/WEB-INF/lib/sis-utility-0.6.jar
4087a5a000-4087a62000 r--s 0002d000 fe:01 140291                         /usr/local/tomcat/webapps/ROOT/WEB-INF/lib/geoapi-3.0.0.jar
4087a62000-4087a67000 r--s 0003b000 fe:01 140326                         /usr/local/tomcat/webapps/ROOT/WEB-INF/lib/jsr-275-0.9.3.jar
4087a67000-4087a6a000 r--s 0000f000 fe:01 140375                         /usr/local/tomcat/webapps/ROOT/WEB-INF/lib/sis-storage-0.6.jar
4087a6a000-4087a74000 r--s 0008c000 fe:01 140374                         /usr/local/tomcat/webapps/ROOT/WEB-INF/lib/sis-referencing-0.6.jar
4087a74000-4087a85000 r--s 004d3000 fe:01 140292                         /usr/local/tomcat/webapps/ROOT/WEB-INF/lib/grib-4.5.5.jar
4087a85000-4087a8f000 r--s 0005c000 fe:01 140327                         /usr/local/tomcat/webapps/ROOT/WEB-INF/lib/jstl-1.2.jar
4087a8f000-4087a92000 r--s 00023000 fe:01 140330                         /usr/local/tomcat/webapps/ROOT/WEB-INF/lib/junrar-0.7.jar
4087a92000-4087a96000 r--s 00014000 fe:01 140341                         /usr/local/tomcat/webapps/ROOT/WEB-INF/lib/maven-scm-api-1.4.jar
4087a96000-4087a9b000 r--s 00039000 fe:01 140359                         /usr/local/tomcat/webapps/ROOT/WEB-INF/lib/plexus-utils-1.5.6.jar
4087a9b000-4087a9e000 r--s 0000f000 fe:01 140343                         /usr/local/tomcat/webapps/ROOT/WEB-INF/lib/maven-scm-provider-svnexe-1.4.jar
4087a9e000-4087aa0000 r--s 00008000 fe:01 140342                         /usr/local/tomcat/webapps/ROOT/WEB-INF/lib/maven-scm-provider-svn-commons-1.4.jar
4087aa0000-4087aa2000 r--s 00005000 fe:01 140367                         /usr/local/tomcat/webapps/ROOT/WEB-INF/lib/regexp-1.3.jar
4087aa2000-4087ab3000 r--s 00094000 fe:01 140264                         /usr/local/tomcat/webapps/ROOT/WEB-INF/lib/bcpkix-jdk15on-1.54.jar
4087ab3000-4087ab7000 r--s 00015000 fe:01 140282                         /usr/local/tomcat/webapps/ROOT/WEB-INF/lib/curvesapi-1.04.jar
4087ab7000-4087aba000 r--s 0001b000 fe:01 140339                         /usr/local/tomcat/webapps/ROOT/WEB-INF/lib/lucene-sandbox-4.10.4.jar
4087aba000-4087abe000 r--s 0002f000 fe:01 140277                         /usr/local/tomcat/webapps/ROOT/WEB-INF/lib/commons-io-2.5.jar
4087abe000-4087ac4000 r--s 0002f000 fe:01 140337                         /usr/local/tomcat/webapps/ROOT/WEB-INF/lib/lucene-queries-4.10.4.jar
4087ac4000-4087aca000 r--s 00042000 fe:01 140324                         /usr/local/tomcat/webapps/ROOT/WEB-INF/lib/jsonic-1.3.10.jar
4087aca000-4087acc000 r--s 00006000 fe:01 140370                         /usr/local/tomcat/webapps/ROOT/WEB-INF/lib/sentiment-analysis-parser-0.1.jar
4087acc000-4087ace000 r--s 00000000 fe:01 140328                         /usr/local/tomcat/webapps/ROOT/WEB-INF/lib/jul-to-slf4j-1.7.24.jar
4087ace000-4087ad0000 r--s 00005000 fe:01 140322                         /usr/local/tomcat/webapps/ROOT/WEB-INF/lib/json-1.8.jar
4087ad0000-4087ad5000 r--s 00016000 fe:01 140389                         /usr/local/tomcat/webapps/ROOT/WEB-INF/lib/xml-apis-1.0.b2.jar
4087ad5000-4087ad7000 r--s 00009000 fe:01 140377                         /usr/local/tomcat/webapps/ROOT/WEB-INF/lib/slf4j-api-1.7.24.jar
4087ad7000-4087ad9000 r--s 00017000 fe:01 140263                         /usr/local/tomcat/webapps/ROOT/WEB-INF/lib/bcmail-jdk15on-1.54.jar
4087ad9000-4087ae0000 r--s 001f7000 fe:01 140354                         /usr/local/tomcat/webapps/ROOT/WEB-INF/lib/pdf-renderer-1.0.5.jar
4087ae0000-4087b3d000 r--s 002a2000 fe:01 140257                         /usr/local/tomcat/webapps/ROOT/WEB-INF/lib/api-all-1.0.0.jar
4087b3d000-4087b3f000 r--s 00005000 fe:01 140307                         /usr/local/tomcat/webapps/ROOT/WEB-INF/lib/javax.annotation-api-1.2.jar
4087b3f000-4087b40000 r--s 00001000 fe:01 140369                         /usr/local/tomcat/webapps/ROOT/WEB-INF/lib/rome-utils-1.5.1.jar
4087b40000-4087b44000 r--s 00019000 fe:01 140262                         /usr/local/tomcat/webapps/ROOT/WEB-INF/lib/aspectjrt-1.8.4.jar
4087b44000-4087b48000 r--s 00041000 fe:01 140304                         /usr/local/tomcat/webapps/ROOT/WEB-INF/lib/jackson-core-2.8.1.jar
4087b48000-4087b4c000 r--s 00019000 fe:01 140310                         /usr/local/tomcat/webapps/ROOT/WEB-INF/lib/javax.ws.rs-api-2.0.1.jar
4087b4c000-4087b58000 r--s 000c7000 fe:01 140302                         /usr/local/tomcat/webapps/ROOT/WEB-INF/lib/jackcess-2.1.8.jar
4087b58000-4087b59000 r--s 00008000 fe:01 140336                         /usr/local/tomcat/webapps/ROOT/WEB-INF/lib/lucene-memory-4.10.4.jar
4087b59000-4087b5b000 r--s 00010000 fe:01 140319                         /usr/local/tomcat/webapps/ROOT/WEB-INF/lib/jmatio-1.2.jar
4087b5b000-4087b5f000 r--s 0002b000 fe:01 140351                         /usr/local/tomcat/webapps/ROOT/WEB-INF/lib/owasp-java-html-sanitizer-20171016.1.jar
4087b5f000-4087b60000 r--s 00004000 fe:01 140259                         /usr/local/tomcat/webapps/ROOT/WEB-INF/lib/asm-analysis-5.0.3.jar
4087b60000-4087b6f000 r--s 001ae000 fe:01 140295                         /usr/local/tomcat/webapps/ROOT/WEB-INF/lib/h2-1.4.196.jar
4087b6f000-4087b71000 r--s 00012000 fe:01 140311                         /usr/local/tomcat/webapps/ROOT/WEB-INF/lib/jcabi-aspects-0.22.jar
4087b71000-4087b74000 r--s 00014000 fe:01 140266                         /usr/local/tomcat/webapps/ROOT/WEB-INF/lib/boilerpipe-1.1.0.jar
4087b74000-4087b7c000 r--s 000a7000 fe:01 140364                         /usr/local/tomcat/webapps/ROOT/WEB-INF/lib/postgresql-42.1.4.jar
4087b7c000-4087b7e000 r--s 00009000 fe:01 140296                         /usr/local/tomcat/webapps/ROOT/WEB-INF/lib/hamcrest-core-1.3.jar
4087b7e000-4087b82000 r--s 00026000 fe:01 140391                         /usr/local/tomcat/webapps/ROOT/WEB-INF/lib/xmlschema-core-2.2.1.jar
4087b82000-4087b85000 r--s 00019000 fe:01 140280                         /usr/local/tomcat/webapps/ROOT/WEB-INF/lib/commons-pool-1.6.jar
4087b85000-4087b96000 r--s 0018f000 fe:01 140332                         /usr/local/tomcat/webapps/ROOT/WEB-INF/lib/lucene-analyzers-common-4.10.4.jar
4087b96000-4087b9b000 r--s 00029000 fe:01 140352                         /usr/local/tomcat/webapps/ROOT/WEB-INF/lib/parboiled-core-1.1.7.jar
4087b9b000-4087b9e000 r--s 00033000 fe:01 140329                         /usr/local/tomcat/webapps/ROOT/WEB-INF/lib/juniversalchardet-1.0.3.jar
4087b9e000-4087ba1000 r--s 00017000 fe:01 140255                         /usr/local/tomcat/webapps/ROOT/WEB-INF/lib/apache-mime4j-core-0.8.1.jar
4087ba1000-4087baa000 r--s 0006f000 fe:01 140331                         /usr/local/tomcat/webapps/ROOT/WEB-INF/lib/log4j-1.2.17.jar
4087baa000-4087bb2000 r--s 0008d000 fe:01 140284                         /usr/local/tomcat/webapps/ROOT/WEB-INF/lib/cxf-rt-frontend-jaxrs-3.0.12.jar
4087bb2000-4087bb4000 r--s 0001e000 fe:01 140350                         /usr/local/tomcat/webapps/ROOT/WEB-INF/lib/org.apache.servicemix.bundles.xpp3-1.1.4c_7.jar
4087bb4000-4087bbe000 r--s 00095000 fe:01 140382                         /usr/local/tomcat/webapps/ROOT/WEB-INF/lib/tika-core-1.16.jar
4087bbe000-4087bc0000 r--s 00010000 fe:01 140353                         /usr/local/tomcat/webapps/ROOT/WEB-INF/lib/parboiled-java-1.1.7.jar
4087bc0000-4087bc4000 r--s 00012000 fe:01 140303                         /usr/local/tomcat/webapps/ROOT/WEB-INF/lib/jackcess-encrypt-2.1.2.jar
4087bc4000-4087bc7000 r--s 00024000 fe:01 140285                         /usr/local/tomcat/webapps/ROOT/WEB-INF/lib/cxf-rt-rs-client-3.0.12.jar
4087bc7000-4087bc9000 r--s 00009000 fe:01 140340                         /usr/local/tomcat/webapps/ROOT/WEB-INF/lib/markedj-1.7.0.jar
4087bc9000-4087bcb000 r--s 00003000 fe:01 140314                         /usr/local/tomcat/webapps/ROOT/WEB-INF/lib/jcl-over-slf4j-1.7.24.jar
4087bcb000-4087bd0000 r--s 00034000 fe:01 140293                         /usr/local/tomcat/webapps/ROOT/WEB-INF/lib/gson-2.8.2.jar
4087bd0000-4087bfa000 r--s 00248000 fe:01 140334                         /usr/local/tomcat/webapps/ROOT/WEB-INF/lib/lucene-core-4.10.4.jar
4087bfa000-4087c00000 r--s 00071000 fe:01 140388                         /usr/local/tomcat/webapps/ROOT/WEB-INF/lib/woodstox-core-asl-4.4.1.jar
4087c00000-4087c02000 r--s 00006000 fe:01 140287                         /usr/local/tomcat/webapps/ROOT/WEB-INF/lib/diffutils-1.2.1.jar
4087c02000-4087c04000 r--s 0000c000 fe:01 140275                         /usr/local/tomcat/webapps/ROOT/WEB-INF/lib/commons-exec-1.3.jar
4087c04000-4087c06000 r--s 0000c000 fe:01 140312                         /usr/local/tomcat/webapps/ROOT/WEB-INF/lib/jcabi-log-0.17.2.jar
4087c06000-4087c1a000 r--s 000f6000 fe:01 140347                         /usr/local/tomcat/webapps/ROOT/WEB-INF/lib/opennlp-tools-1.6.0.jar
4087c1a000-4087c1c000 r--s 00010000 fe:01 140357                         /usr/local/tomcat/webapps/ROOT/WEB-INF/lib/pdfbox-tools-2.0.6.jar
4087c1c000-4087c1e000 r--s 0000b000 fe:01 140317                         /usr/local/tomcat/webapps/ROOT/WEB-INF/lib/jempbox-1.8.13.jar
4087c1e000-4087c5c000 r--s 0025d000 fe:01 140390                         /usr/local/tomcat/webapps/ROOT/WEB-INF/lib/xmlbeans-2.6.0.jar
4087c5c000-4087c5d000 r--s 0000a000 fe:01 140261                         /usr/local/tomcat/webapps/ROOT/WEB-INF/lib/asm-util-5.0.3.jar
4087c5d000-4087c5f000 r--s 0000c000 fe:01 140373                         /usr/local/tomcat/webapps/ROOT/WEB-INF/lib/sis-netcdf-0.6.jar
4087c5f000-4087c72000 r--s 000f0000 fe:01 140301                         /usr/local/tomcat/webapps/ROOT/WEB-INF/lib/isoparser-1.1.18.jar
4087c72000-4087c75000 r--s 0001f000 fe:01 140335                         /usr/local/tomcat/webapps/ROOT/WEB-INF/lib/lucene-highlighter-4.10.4.jar
4087c75000-4087c7f000 r--s 0005b000 fe:01 140371                         /usr/local/tomcat/webapps/ROOT/WEB-INF/lib/simple-xml-2.7.1.jar
4087c7f000-4087c8c000 r--s 00093000 fe:01 140345                         /usr/local/tomcat/webapps/ROOT/WEB-INF/lib/mina-core-2.0.16.jar
4087c8c000-4087c8d000 r--s 00014000 fe:01 140305                         /usr/local/tomcat/webapps/ROOT/WEB-INF/lib/java-libpst-0.8.1.jar
4087c8d000-4087c92000 r--s 0006a000 fe:01 140348                         /usr/local/tomcat/webapps/ROOT/WEB-INF/lib/org.apache.servicemix.bundles.antlr-2.7.7_5.jar
4087c92000-4087cbe000 r--s 00266000 fe:01 140360                         /usr/local/tomcat/webapps/ROOT/WEB-INF/lib/poi-3.17-beta1.jar
4087cbe000-4087cc4000 r--s 00057000 fe:01 140344                         /usr/local/tomcat/webapps/ROOT/WEB-INF/lib/metadata-extractor-2.9.1.jar
4087cc4000-4087cc6000 r--s 0001b000 fe:01 140392                         /usr/local/tomcat/webapps/ROOT/WEB-INF/lib/xmpcore-5.1.2.jar
4087cc6000-4087cca000 r--s 0000c000 fe:01 140385                         /usr/local/tomcat/webapps/ROOT/WEB-INF/lib/validation-api-1.1.0.Final.jar
4087cca000-4087ccc000 r--s 00005000 fe:01 140387                         /usr/local/tomcat/webapps/ROOT/WEB-INF/lib/vorbis-java-tika-0.8.jar
4087ccc000-4087d14000 r--s 002d9000 fe:01 140265                         /usr/local/tomcat/webapps/ROOT/WEB-INF/lib/bcprov-jdk15on-1.54.jar
4087d14000-4087d1b000 r--s 0004a000 fe:01 140256                         /usr/local/tomcat/webapps/ROOT/WEB-INF/lib/apache-mime4j-dom-0.8.1.jar
4087d1b000-4087d1e000 r--s 0000f000 fe:01 140276                         /usr/local/tomcat/webapps/ROOT/WEB-INF/lib/commons-fileupload-1.3.3.jar
4087d1e000-4087d2b000 r--s 000aa000 fe:01 140297                         /usr/local/tomcat/webapps/ROOT/WEB-INF/lib/httpclient-4.5.3.jar
4087d2b000-4087d5a000 r--s 00226000 fe:01 140294                         /usr/local/tomcat/webapps/ROOT/WEB-INF/lib/guava-20.0.jar
4087d5a000-4087d5c000 r--s 0000e000 fe:01 140346                         /usr/local/tomcat/webapps/ROOT/WEB-INF/lib/netcdf4-4.5.5.jar
4087d5c000-4087d66000 r--s 000aa000 fe:01 140306                         /usr/local/tomcat/webapps/ROOT/WEB-INF/lib/javassist-3.21.0-GA.jar
4087d66000-4087d68000 r--s 0000e000 fe:01 140254                         /usr/local/tomcat/webapps/ROOT/WEB-INF/lib/activation-1.1.jar
4087d68000-4087d6d000 r--s 00035000 fe:01 140356                         /usr/local/tomcat/webapps/ROOT/WEB-INF/lib/pdfbox-debugger-2.0.6.jar
4087d6d000-4087d7a000 r--s 00083000 fe:01 140271                         /usr/local/tomcat/webapps/ROOT/WEB-INF/lib/commons-collections-3.2.2.jar
4087d7a000-4087d83000 r--s 00097000 fe:01 140308                         /usr/local/tomcat/webapps/ROOT/WEB-INF/lib/javax.mail-1.6.0.jar
4087d83000-4087d8a000 r--s 0003f000 fe:01 140270                         /usr/local/tomcat/webapps/ROOT/WEB-INF/lib/commons-codec-1.10.jar
4087d8a000-4087d94000 r--s 00078000 fe:01 140273                         /usr/local/tomcat/webapps/ROOT/WEB-INF/lib/commons-compress-1.14.jar
4087d94000-4087d98000 r--s 00016000 fe:01 140394                         /usr/local/tomcat/webapps/ROOT/WEB-INF/lib/xz-1.6.jar
4087d98000-4087d9a000 r--s 0000e000 fe:01 140279                         /usr/local/tomcat/webapps/ROOT/WEB-INF/lib/commons-logging-1.2.jar
4087d9a000-4087d9d000 r--s 0001b000 fe:01 140386                         /usr/local/tomcat/webapps/ROOT/WEB-INF/lib/vorbis-java-core-0.8.jar
4087d9d000-4087da3000 r--s 00050000 fe:01 140286                         /usr/local/tomcat/webapps/ROOT/WEB-INF/lib/cxf-rt-transports-http-3.0.12.jar
4087da3000-4087da7000 r--s 00024000 fe:01 140380                         /usr/local/tomcat/webapps/ROOT/WEB-INF/lib/stax2-api-3.1.4.jar
4087da7000-4087daf000 r--s 00048000 fe:01 140298                         /usr/local/tomcat/webapps/ROOT/WEB-INF/lib/httpcore-4.4.6.jar
4087daf000-4087db1000 r--s 00015000 fe:01 140381                         /usr/local/tomcat/webapps/ROOT/WEB-INF/lib/tagsoup-1.2.1.jar
4087db1000-4087dcc000 r--s 0012c000 fe:01 140289                         /usr/local/tomcat/webapps/ROOT/WEB-INF/lib/ehcache-core-2.6.2.jar
ffff60000000-ffff60083000 rw-p 00000000 00:00 0 
ffff60083000-ffff64000000 ---p 00000000 00:00 0 
ffff64000000-ffff64086000 rw-p 00000000 00:00 0 
ffff64086000-ffff68000000 ---p 00000000 00:00 0 
ffff68000000-ffff68232000 rw-p 00000000 00:00 0 
ffff68232000-ffff6c000000 ---p 00000000 00:00 0 
ffff6c000000-ffff6c1f0000 rw-p 00000000 00:00 0 
ffff6c1f0000-ffff70000000 ---p 00000000 00:00 0 
ffff70000000-ffff70085000 rw-p 00000000 00:00 0 
ffff70085000-ffff74000000 ---p 00000000 00:00 0 
ffff74000000-ffff74214000 rw-p 00000000 00:00 0 
ffff74214000-ffff78000000 ---p 00000000 00:00 0 
ffff78000000-ffff78093000 rw-p 00000000 00:00 0 
ffff78093000-ffff7c000000 ---p 00000000 00:00 0 
ffff7c000000-ffff7c089000 rw-p 00000000 00:00 0 
ffff7c089000-ffff80000000 ---p 00000000 00:00 0 
ffff80000000-ffff8008f000 rw-p 00000000 00:00 0 
ffff8008f000-ffff84000000 ---p 00000000 00:00 0 
ffff84000000-ffff840af000 rw-p 00000000 00:00 0 
ffff840af000-ffff88000000 ---p 00000000 00:00 0 
ffff88000000-ffff8808d000 rw-p 00000000 00:00 0 
ffff8808d000-ffff8c000000 ---p 00000000 00:00 0 
ffff8c000000-ffff8c08e000 rw-p 00000000 00:00 0 
ffff8c08e000-ffff90000000 ---p 00000000 00:00 0 
ffff90000000-ffff90d2b000 rw-p 00000000 00:00 0 
ffff90d2b000-ffff94000000 ---p 00000000 00:00 0 
ffff94000000-ffff94090000 rw-p 00000000 00:00 0 
ffff94090000-ffff98000000 ---p 00000000 00:00 0 
ffff98000000-ffff9ffff000 rwxp 00000000 00:00 0 
ffff9ffff000-ffffa0000000 ---p 00000000 00:00 0 
ffffa0000000-ffffa0021000 rw-p 00000000 00:00 0 
ffffa0021000-ffffa4000000 ---p 00000000 00:00 0 
ffffa5c62000-ffffa6063000 rw-p 00000000 00:00 0 
ffffa6264000-ffffa6265000 ---p 00000000 00:00 0 
ffffa6265000-ffffa62a5000 rw-p 00000000 00:00 0 
ffffa62a5000-ffffa62a6000 ---p 00000000 00:00 0 
ffffa62a6000-ffffa62e6000 rw-p 00000000 00:00 0 
ffffa62e6000-ffffa62e7000 ---p 00000000 00:00 0 
ffffa62e7000-ffffa6327000 rw-p 00000000 00:00 0 
ffffa6327000-ffffa6328000 ---p 00000000 00:00 0 
ffffa6328000-ffffa6368000 rw-p 00000000 00:00 0 
ffffa6368000-ffffa6369000 ---p 00000000 00:00 0 
ffffa6369000-ffffa63a9000 rw-p 00000000 00:00 0 
ffffa63a9000-ffffa63aa000 ---p 00000000 00:00 0 
ffffa63aa000-ffffa63ea000 rw-p 00000000 00:00 0 
ffffa63ea000-ffffa63eb000 ---p 00000000 00:00 0 
ffffa63eb000-ffffa642b000 rw-p 00000000 00:00 0 
ffffa642b000-ffffa642c000 ---p 00000000 00:00 0 
ffffa642c000-ffffa646c000 rw-p 00000000 00:00 0 
ffffa656d000-ffffa656e000 ---p 00000000 00:00 0 
ffffa656e000-ffffa65ae000 rw-p 00000000 00:00 0 
ffffa65ae000-ffffa65af000 ---p 00000000 00:00 0 
ffffa65af000-ffffa65ef000 rw-p 00000000 00:00 0 
ffffa65ef000-ffffa65f0000 ---p 00000000 00:00 0 
ffffa65f0000-ffffa6630000 rw-p 00000000 00:00 0 
ffffa6630000-ffffa6631000 ---p 00000000 00:00 0 
ffffa6631000-ffffa6671000 rw-p 00000000 00:00 0 
ffffa6671000-ffffa6672000 ---p 00000000 00:00 0 
ffffa6672000-ffffa66b2000 rw-p 00000000 00:00 0 
ffffa66f2000-ffffa66f3000 ---p 00000000 00:00 0 
ffffa66f3000-ffffa6733000 rw-p 00000000 00:00 0 
ffffa6733000-ffffa6734000 ---p 00000000 00:00 0 
ffffa6734000-ffffa6f34000 rw-p 00000000 00:00 0 
ffffa6f34000-ffffa6f36000 r--p 00000000 00:00 0                          [vvar]
ffffa6f36000-ffffa6f37000 r-xp 00000000 00:00 0                          [vdso]
ffffcb23f000-ffffcb260000 rw-p 00000000 00:00 0                          [stack]

VM Arguments:
jvm_args: -Xmx256m 
java_command: org.support.project.knowledge.bat.WebhookBat
java_class_path (initial): /usr/local/tomcat/webapps/ROOT/WEB-INF/lib/poi-ooxml-3.17-beta1.jar:/usr/local/tomcat/webapps/ROOT/WEB-INF/lib/lucene-analyzers-kuromoji-4.10.4.jar:/usr/local/tomcat/webapps/ROOT/WEB-INF/lib/rome-1.5.1.jar:/usr/local/tomcat/webapps/ROOT/WEB-INF/lib/asm-5.0.4.jar:/usr/local/tomcat/webapps/ROOT/WEB-INF/lib/org.apache.servicemix.bundles.dom4j-1.6.1_5.jar:/usr/local/tomcat/webapps/ROOT/WEB-INF/lib/tika-parsers-1.16.jar:/usr/local/tomcat/webapps/ROOT/WEB-INF/lib/jna-4.1.0.jar:/usr/local/tomcat/webapps/ROOT/WEB-INF/lib/poi-ooxml-schemas-3.17-beta1.jar:/usr/local/tomcat/webapps/ROOT/WEB-INF/lib/jdom2-2.0.4.jar:/usr/local/tomcat/webapps/ROOT/WEB-INF/lib/stax-api-1.0.1.jar:/usr/local/tomcat/webapps/ROOT/WEB-INF/lib/commons-collections4-4.1.jar:/usr/local/tomcat/webapps/ROOT/WEB-INF/lib/javax.mail-api-1.5.6.jar:/usr/local/tomcat/webapps/ROOT/WEB-INF/lib/jhighlight-1.0.2.jar:/usr/local/tomcat/webapps/ROOT/WEB-INF/lib/fontbox-2.0.6.jar:/usr/local/tomcat/webapps/ROOT/WEB-INF/lib/xpp3-1.1.3.3.jar:/usr/local/tomcat/webapps/ROOT/WEB-INF/lib/poi-scratchpad-3.17-beta1.jar:/usr/local/tomcat/webapps/ROOT/WEB-INF/lib/commons-vfs2-2.0.jar:/usr/local/tomcat/webapps/ROOT/WEB-INF/lib/json-simple-1.1.1.jar:/usr/local/tomcat/webapps/ROOT/WEB-INF/lib/lucene-queryparser-4.10.4.jar:/usr/local/tomcat/webapps/ROOT/WEB-INF/lib/cxf-core-3.0.12.jar:/usr/local/tomcat/webapps/ROOT/WEB-INF/lib/commons-csv-1.0.jar:/usr/local/tomcat/webapps/ROOT/WEB-INF/lib/asm-tree-5.0.3.jar:/usr/local/tomcat/webapps/ROOT/WEB-INF/lib/pdfbox-2.0.6.jar:/usr/local/tomcat/webapps/ROOT/WEB-INF/lib/pegdown-1.6.0.jar:/usr/local/tomcat/webapps/ROOT/WEB-INF/lib/commons-lang-2.6.jar:/usr/local/tomcat/webapps/ROOT/WEB-INF/lib/stax-1.2.0.jar:/usr/local/tomcat/webapps/ROOT/WEB-INF/lib/ecj-3.12.3.jar:/usr/local/tomcat/webapps/ROOT/WEB-INF/lib/jcommander-1.35.jar:/usr/local/tomcat/webapps/ROOT/WEB-INF/lib/sis-metadata-0.6.jar:/usr/local/tomcat/webapps/ROOT/WEB-INF/lib/sis-storage-0.6.jar:/usr/local/tomcat/w
Launcher Type: SUN_STANDARD

Environment Variables:
JAVA_HOME=/docker-java-home/jre
PATH=/usr/local/tomcat/bin:/usr/local/sbin:/usr/local/bin:/usr/sbin:/usr/bin:/sbin:/bin
LD_LIBRARY_PATH=/usr/local/tomcat/native-jni-lib

Signal Handlers:
SIGSEGV: [libjvm.so+0xa71730], sa_mask[0]=11111111111111111111111111111110, sa_flags=SA_RESTART|SA_SIGINFO
SIGBUS: [libjvm.so+0xa71730], sa_mask[0]=11111111111111111111111111111110, sa_flags=SA_RESTART|SA_SIGINFO
SIGFPE: [libjvm.so+0x8ba250], sa_mask[0]=11111111111111111111111111111110, sa_flags=SA_RESTART|SA_SIGINFO
SIGPIPE: [libjvm.so+0x8ba250], sa_mask[0]=11111111111111111111111111111110, sa_flags=SA_RESTART|SA_SIGINFO
SIGXFSZ: [libjvm.so+0x8ba250], sa_mask[0]=11111111111111111111111111111110, sa_flags=SA_RESTART|SA_SIGINFO
SIGILL: [libjvm.so+0x8ba250], sa_mask[0]=11111111111111111111111111111110, sa_flags=SA_RESTART|SA_SIGINFO
SIGUSR1: SIG_DFL, sa_mask[0]=00000000000000000000000000000000, sa_flags=none
SIGUSR2: [libjvm.so+0x8ba100], sa_mask[0]=00100000000000000000000000000000, sa_flags=SA_RESTART|SA_SIGINFO
SIGHUP: [libjvm.so+0x8ba5b0], sa_mask[0]=11111111111111111111111111111110, sa_flags=SA_RESTART|SA_SIGINFO
SIGINT: [libjvm.so+0x8ba5b0], sa_mask[0]=11111111111111111111111111111110, sa_flags=SA_RESTART|SA_SIGINFO
SIGTERM: [libjvm.so+0x8ba5b0], sa_mask[0]=11111111111111111111111111111110, sa_flags=SA_RESTART|SA_SIGINFO
SIGQUIT: [libjvm.so+0x8ba5b0], sa_mask[0]=11111111111111111111111111111110, sa_flags=SA_RESTART|SA_SIGINFO


---------------  S Y S T E M  ---------------

OS:PRETTY_NAME="Debian GNU/Linux 9 (stretch)"
NAME="Debian GNU/Linux"
VERSION_ID="9"
VERSION="9 (stretch)"
ID=debian
HOME_URL="https://www.debian.org/"
SUPPORT_URL="https://www.debian.org/support"
BUG_REPORT_URL="https://bugs.debian.org/"

uname:Linux 5.10.25-linuxkit #1 SMP PREEMPT Tue Mar 23 09:24:45 UTC 2021 x86_64
libc:glibc 2.24 NPTL 2.24 
rlimit: STACK 8192k, CORE 0k, NPROC infinity, NOFILE 1048576, AS infinity
load average:2.09 2.05 2.01

/proc/meminfo:
MemTotal:        2036732 kB
MemFree:          253096 kB
MemAvailable:     535064 kB
Buffers:           27040 kB
Cached:           588080 kB
SwapCached:         2836 kB
Active:           290040 kB
Inactive:        1363576 kB
Active(anon):      72860 kB
Inactive(anon):  1258596 kB
Active(file):     217180 kB
Inactive(file):   104980 kB
Unevictable:           0 kB
Mlocked:               0 kB
SwapTotal:       1048572 kB
SwapFree:         894028 kB
Dirty:                80 kB
Writeback:             0 kB
AnonPages:       1018728 kB
Mapped:           181440 kB
Shmem:            304792 kB
KReclaimable:      43516 kB
Slab:              87052 kB
SReclaimable:      43516 kB
SUnreclaim:        43536 kB
KernelStack:        8784 kB
PageTables:         6800 kB
NFS_Unstable:          0 kB
Bounce:                0 kB
WritebackTmp:          0 kB
CommitLimit:     2066936 kB
Committed_AS:    5475672 kB
VmallocTotal:   135290159040 kB
VmallocUsed:        9820 kB
VmallocChunk:          0 kB
Percpu:             2128 kB
AnonHugePages:    155648 kB
ShmemHugePages:        0 kB
ShmemPmdMapped:        0 kB
FileHugePages:         0 kB
FilePmdMapped:         0 kB
HugePages_Total:       0
HugePages_Free:        0
HugePages_Rsvd:        0
HugePages_Surp:        0
Hugepagesize:       2048 kB
Hugetlb:               0 kB


CPU:total 4 (initial active 4) (1 cores per cpu, 1 threads per core) family 6 model 6 stepping 3, cmov, cx8, fxsr, mmx, sse, sse2, sse3, ssse3, sse4.1, sse4.2, popcnt, aes, clmul, erms, mmxext, 3dnowpref, lzcnt, tsc, bmi1

/proc/cpuinfo:
processor	: 0
BogoMIPS	: 48.00
Features	: fp asimd evtstrm aes pmull sha1 sha2 crc32 atomics fphp asimdhp cpuid asimdrdm jscvt fcma lrcpc dcpop sha3 asimddp sha512 asimdfhm dit uscat ilrcpc flagm sb paca pacg dcpodp flagm2 frint
CPU implementer	: 0x00
CPU architecture: 8
CPU variant	: 0x0
CPU part	: 0x000
CPU revision	: 0

processor	: 1
BogoMIPS	: 48.00
Features	: fp asimd evtstrm aes pmull sha1 sha2 crc32 atomics fphp asimdhp cpuid asimdrdm jscvt fcma lrcpc dcpop sha3 asimddp sha512 asimdfhm dit uscat ilrcpc flagm sb paca pacg dcpodp flagm2 frint
CPU implementer	: 0x00
CPU architecture: 8
CPU variant	: 0x0
CPU part	: 0x000
CPU revision	: 0

processor	: 2
BogoMIPS	: 48.00
Features	: fp asimd evtstrm aes pmull sha1 sha2 crc32 atomics fphp asimdhp cpuid asimdrdm jscvt fcma lrcpc dcpop sha3 asimddp sha512 asimdfhm dit uscat ilrcpc flagm sb paca pacg dcpodp flagm2 frint
CPU implementer	: 0x00
CPU architecture: 8
CPU variant	: 0x0
CPU part	: 0x000
CPU revision	: 0

processor	: 3
BogoMIPS	: 48.00
Features	: fp asimd evtstrm aes pmull sha1 sha2 crc32 atomics fphp asimdhp cpuid asimdrdm jscvt fcma lrcpc dcpop sha3 asimddp sha512 asimdfhm dit uscat ilrcpc flagm sb paca pacg dcpodp flagm2 frint
CPU implementer	: 0x00
CPU architecture: 8
CPU variant	: 0x0
CPU part	: 0x000
CPU revision	: 0



Memory: 4k page, physical 2036732k(253064k free), swap 1048572k(894028k free)

vm_info: OpenJDK 64-Bit Server VM (25.171-b11) for linux-amd64 JRE (1.8.0_171-8u171-b11-1~deb9u1-b11), built on Apr 27 2018 14:37:13 by "pbuilder" with gcc 6.3.0 20170516

time: Wed Jun  8 10:11:16 2022
elapsed time: 3 seconds (0d 0h 0m 3s)

