#
# A fatal error has been detected by the Java Runtime Environment:
#
#  SIGILL (0x4) at pc=0x000000400d314572, pid=3696, tid=0x0000004004108700
#
# JRE version: OpenJDK Runtime Environment (8.0_171-b11) (build 1.8.0_171-8u171-b11-1~deb9u1-b11)
# Java VM: OpenJDK 64-Bit Server VM (25.171-b11 mixed mode linux-amd64 compressed oops)
# Problematic frame:
# J 167 C1 java.util.zip.ZipFile.ensureOpen()V (37 bytes) @ 0x000000400d314572 [0x000000400d314560+0x12]
#
# Failed to write core dump. Core dumps have been disabled. To enable core dumping, try "ulimit -c unlimited" before starting Java again
#
# If you would like to submit a bug report, please visit:
#   http://bugreport.java.com/bugreport/crash.jsp
#

---------------  T H R E A D  ---------------

Current thread (0x000000400800f000):  JavaThread "main" [_thread_in_Java, id=3699, stack(0x0000004004008000,0x0000004004109000)]

siginfo: si_signo: 4 (SIGILL), si_code: 2 (ILL_ILLOPN), si_addr: 0x000000400d314572

Registers:
RAX=0x0000000000000001, RBX=0x000000403f153718, RCX=0x0000000000003300, RDX=0x00000000eb360070
RSP=0x0000004004104b08, RBP=0x0000004004104d20, RSI=0x00000000eae24158, RDI=0x00000000eae24158
R8 =0x0000000000001367, R9 =0x6a34676f6c2f6568, R10=0x000000010003a248, R11=0x000000400d34eaa0
R12=0x0000000000000000, R13=0x0000004004104cc8, R14=0x0000000000000000, R15=0x000000400800f000
RIP=0x000000400d314572, EFLAGS=0x0000000000000202, CSGSFS=0x002b000000000033, ERR=0x0000000000000000
  TRAPNO=0xffffffffffffffff

Top of Stack: (sp=0x0000004004104b08)
0x0000004004104b08:   000000400d319f6c 0000004004104b80
0x0000004004104b18:   000000400d1bed80 0000000000000010
0x0000004004104b28:   0000000000000000 0000000000000000
0x0000004004104b38:   00000000eae24158 00000000eb363370
0x0000004004104b48:   00000040083e6b60 0000004004104c00
0x0000004004104b58:   000000403f0ce480 000000403f172e50
0x0000004004104b68:   0000000000000001 00000000eae24158
0x0000004004104b78:   0000004004104c10 0000004004104d20
0x0000004004104b88:   000000400d34dee4 0000000000000000
0x0000004004104b98:   0000000000000000 0000000000000000
0x0000004004104ba8:   00000000eab95290 0000000000000000
0x0000004004104bb8:   0000000000000000 0000000000000000
0x0000004004104bc8:   0000000000000000 0000000000000000
0x0000004004104bd8:   0000000000000000 0000000000000000
0x0000004004104be8:   00000000eae24158 0000000000000000
0x0000004004104bf8:   00000000eb363370 0000004004104d20
0x0000004004104c08:   000000400d34ed54 000000400d1bed80
0x0000004004104c18:   0000000000000001 0000000000000000
0x0000004004104c28:   00000000eab00c78 0000000000000000
0x0000004004104c38:   0000000000000001 0000004004104cc8
0x0000004004104c48:   000000400d1beffd 0000004004104d30
0x0000004004104c58:   0000000000000000 0000000000000001
0x0000004004104c68:   0000000000000000 0000004004104c60
0x0000004004104c78:   000000403f0a695e 0000004004104cd8
0x0000004004104c88:   00000000eae23a90 00000000eb363370
0x0000004004104c98:   0000000000000000 00000000eab95290
0x0000004004104ca8:   0000004004104cd0 0000004004104d20
0x0000004004104cb8:   000000400d1bed80 000000400d1bed80
0x0000004004104cc8:   0000000000000000 00000000eb363370
0x0000004004104cd8:   00000000eae23a90 0000004004104ce0
0x0000004004104ce8:   000000403f0a627e 0000004004104d60
0x0000004004104cf8:   000000403f0a7868 0000000000000000 

Instructions: (pc=0x000000400d314572)
0x000000400d314552:   0c 64 00 00 00 00 00 00 00 00 00 00 00 00 44 8b
0x000000400d314562:   56 08 49 c1 e2 03 4c 3b d0 0f 85 2f 86 ee ff 0f
0x000000400d314572:   1f 84 00 00 00 00 00 0f 1f 80 00 00 00 00 e9 9b
0x000000400d314582:   7a ea ff fe ff 55 48 83 ec 40 48 ba c0 66 13 3f 

Register to memory mapping:

RAX=0x0000000000000001 is an unknown value
RBX=0x000000403f153718 is pointing into metadata
RCX=0x0000000000003300 is an unknown value
RDX=0x00000000eb360070 is an oop
