#
# A fatal error has been detected by the Java Runtime Environment:
#
#  Internal Error (safepoint.cpp:310), pid=3097, tid=0x0000004040ab0700
#  guarantee(PageArmed == 0) failed: invariant
#
# JRE version: OpenJDK Runtime Environment (8.0_171-b11) (build 1.8.0_171-8u171-b11-1~deb9u1-b11)
# Java VM: OpenJDK 64-Bit Server VM (25.171-b11 mixed mode linux-amd64 compressed oops)
# Failed to write core dump. Core dumps have been disabled. To enable core dumping, try "ulimit -c unlimited" before starting Java again
#
# If you would like to submit a bug report, please visit:
#   http://bugreport.java.com/bugreport/crash.jsp
#

---------------  T H R E A D  ---------------

Current thread (0x000000400807c800):  VMThread [stack: 0x00000040409b0000,0x0000004040ab1000] [id=3105]

Stack: [0x00000040409b0000,0x0000004040ab1000],  sp=0x0000004040aafae0,  free space=1022k
Native frames: (J=compiled Java code, j=interpreted, Vv=VM code, C=native code)
V  [libjvm.so+0xa70c90]
V  [libjvm.so+0x4c797d]
V  [libjvm.so+0x96176f]
V  [libjvm.so+0xa76996]
V  [libjvm.so+0xa76c01]
V  [libjvm.so+0x8bbfd2]


---------------  P R O C E S S  ---------------

Java Threads: ( => current thread )
  0x00000040080f7800 JavaThread "Service Thread" daemon [_thread_blocked, id=3112, stack(0x000000407926d000,0x000000407936e000)]
  0x00000040080c2800 JavaThread "C1 CompilerThread2" daemon [_thread_blocked, id=3111, stack(0x000000407116c000,0x000000407126d000)]
  0x00000040080c0800 JavaThread "C2 CompilerThread1" daemon [_thread_blocked, id=3110, stack(0x000000406906b000,0x000000406916c000)]
  0x00000040080be000 JavaThread "C2 CompilerThread0" daemon [_thread_blocked, id=3109, stack(0x0000004060f6a000,0x000000406106b000)]
  0x00000040080bc000 JavaThread "Signal Dispatcher" daemon [_thread_blocked, id=3108, stack(0x0000004058e69000,0x0000004058f6a000)]
  0x0000004008088800 JavaThread "Finalizer" daemon [_thread_blocked, id=3107, stack(0x0000004050bb2000,0x0000004050cb3000)]
  0x0000004008084000 JavaThread "Reference Handler" daemon [_thread_blocked, id=3106, stack(0x0000004048ab1000,0x0000004048bb2000)]
  0x000000400800f000 JavaThread "main" [_thread_in_Java, id=3100, stack(0x0000004004008000,0x0000004004109000)]

Other Threads:
=>0x000000400807c800 VMThread [stack: 0x00000040409b0000,0x0000004040ab1000] [id=3105]
  0x0000004008102000 WatcherThread [stack: 0x000000408136e000,0x000000408146f000] [id=3113]

VM state:synchronizing (normal execution)

VM Mutex/Monitor currently owned by a thread:  ([mutex/lock_event])
[0x000000400800b4a0] Safepoint_lock - owner thread: 0x000000400807c800
[0x000000400800b520] Threads_lock - owner thread: 0x000000400807c800

Heap:
 PSYoungGen      total 9728K, used 3015K [0x00000000eab00000, 0x00000000eb580000, 0x0000000100000000)
  eden space 8704K, 34% used [0x00000000eab00000,0x00000000eadf1d20,0x00000000eb380000)
  from space 1024K, 0% used [0x00000000eb480000,0x00000000eb480000,0x00000000eb580000)
  to   space 1024K, 0% used [0x00000000eb380000,0x00000000eb380000,0x00000000eb480000)
 ParOldGen       total 22016K, used 0K [0x00000000c0000000, 0x00000000c1580000, 0x00000000eab00000)
  object space 22016K, 0% used [0x00000000c0000000,0x00000000c0000000,0x00000000c1580000)
 Metaspace       used 2580K, capacity 4480K, committed 4480K, reserved 1056768K
  class space    used 270K, capacity 384K, committed 384K, reserved 1048576K

Card table byte_map: [0x000000401c577000,0x000000401c778000] byte_map_base: 0x000000401bf77000

Marking Bits: (ParMarkBitMap*) 0x0000004003748320
 Begin Bits: [0x0000004024cd2000, 0x0000004025cd2000)
 End Bits:   [0x0000004025cd2000, 0x0000004026cd2000)

Polling page: 0x000000400c759000

CodeCache: size=245760Kb used=1141Kb max_used=1141Kb free=244619Kb
 bounds [0x000000400d1b7000, 0x000000400d427000, 0x000000401c1b7000]
 total_blobs=264 nmethods=34 adapters=146
 compilation: enabled

Compilation events (10 events):
Event: 0.646 Thread 0x00000040080c2800   42       1       java.net.URL::getHost (5 bytes)
Event: 0.646 Thread 0x00000040080c2800 nmethod 42 0x000000400d2d1f50 code [0x000000400d2d20a0, 0x000000400d2d21b0]
Event: 0.646 Thread 0x00000040080c2800   26  s    1       java.util.Vector::size (5 bytes)
Event: 0.647 Thread 0x00000040080c2800 nmethod 26 0x000000400d2d1b10 code [0x000000400d2d1c60, 0x000000400d2d1ed0]
Event: 0.647 Thread 0x00000040080c2800   44       1       java.net.URL::getQuery (5 bytes)
Event: 0.648 Thread 0x00000040080c2800 nmethod 44 0x000000400d2d1850 code [0x000000400d2d19a0, 0x000000400d2d1ab0]
Event: 0.648 Thread 0x00000040080c2800   45       1       java.net.URL::getRef (5 bytes)
Event: 0.648 Thread 0x00000040080c2800 nmethod 45 0x000000400d2d4410 code [0x000000400d2d4560, 0x000000400d2d4670]
Event: 0.648 Thread 0x00000040080c2800   33       1       java.util.ArrayList::size (5 bytes)
Event: 0.648 Thread 0x00000040080c2800 nmethod 33 0x000000400d2d46d0 code [0x000000400d2d4820, 0x000000400d2d4930]

GC Heap History (0 events):
No events

Deoptimization events (0 events):
No events

Classes redefined (0 events):
No events

Internal exceptions (5 events):
Event: 0.182 Thread 0x000000400800f000 Exception <a 'java/lang/NoSuchMethodError': Method sun.misc.Unsafe.defineClass(Ljava/lang/String;[BII)Ljava/lang/Class; name or signature does not match> (0x00000000eab07cb0) thrown at [/build/openjdk-8-8u171-b11/src/hotspot/src/share/vm/prims/jni.cpp, li
Event: 0.183 Thread 0x000000400800f000 Exception <a 'java/lang/NoSuchMethodError': Method sun.misc.Unsafe.prefetchRead(Ljava/lang/Object;J)V name or signature does not match> (0x00000000eab07f98) thrown at [/build/openjdk-8-8u171-b11/src/hotspot/src/share/vm/prims/jni.cpp, line 4011]
Event: 0.432 Thread 0x000000400800f000 Exception <a 'java/util/zip/ZipException'> (0x00000000eaba3d68) thrown at [/build/openjdk-8-8u171-b11/src/hotspot/src/share/vm/prims/jni.cpp, line 709]
Event: 0.436 Thread 0x000000400800f000 Exception <a 'java/security/PrivilegedActionException'> (0x00000000eaba4008) thrown at [/build/openjdk-8-8u171-b11/src/hotspot/src/share/vm/prims/jvm.cpp, line 1435]
Event: 0.437 Thread 0x000000400800f000 Exception <a 'java/security/PrivilegedActionException'> (0x00000000eaba4218) thrown at [/build/openjdk-8-8u171-b11/src/hotspot/src/share/vm/prims/jvm.cpp, line 1435]

Events (10 events):
Event: 0.555 loading class java/nio/charset/CoderResult$Cache done
Event: 0.555 loading class java/nio/charset/CoderResult$1 done
Event: 0.555 loading class java/nio/charset/CoderResult$2
Event: 0.555 loading class java/nio/charset/CoderResult$2 done
Event: 0.558 loading class java/util/LinkedList
Event: 0.558 loading class java/util/AbstractSequentialList
Event: 0.558 loading class java/util/AbstractSequentialList done
Event: 0.567 loading class java/util/LinkedList done
Event: 0.568 loading class java/util/LinkedList$Node
Event: 0.568 loading class java/util/LinkedList$Node done


Dynamic libraries:
00400000-0070c000 r-xp 00000000 fe:01 1310747                            /usr/bin/qemu-x86_64
0071c000-0076c000 rw-p 0030c000 fe:01 1310747                            /usr/bin/qemu-x86_64
0076c000-00792000 rw-p 00000000 00:00 0 
36f14000-37075000 rw-p 00000000 00:00 0                                  [heap]
c0000000-c1580000 rw-p 00000000 00:00 0 
c1580000-eab00000 ---p 00000000 00:00 0 
eab00000-eb580000 rw-p 00000000 00:00 0 
eb580000-100000000 ---p 00000000 00:00 0 
100000000-100060000 rw-p 00000000 00:00 0 
100060000-140000000 ---p 00000000 00:00 0 
4000000000-4000001000 r-xp 00000000 fe:01 528212                         /usr/lib/jvm/java-8-openjdk-amd64/jre/bin/java
4000001000-4000200000 ---p 00000000 00:00 0 
4000200000-4000201000 r--p 00000000 fe:01 528212                         /usr/lib/jvm/java-8-openjdk-amd64/jre/bin/java
4000201000-4000202000 rw-p 00001000 fe:01 528212                         /usr/lib/jvm/java-8-openjdk-amd64/jre/bin/java
4000202000-4000223000 rw-p 00000000 00:00 0 
4001202000-4001203000 ---p 00000000 00:00 0 
4001203000-4001a03000 rw-p 00000000 00:00 0 
4001a03000-4001a26000 r-xp 00000000 fe:01 3282912                        /lib/x86_64-linux-gnu/ld-2.24.so
4001a26000-4001c26000 ---p 00000000 00:00 0 
4001c26000-4001c27000 r--p 00023000 fe:01 3282912                        /lib/x86_64-linux-gnu/ld-2.24.so
4001c27000-4001c28000 rw-p 00024000 fe:01 3282912                        /lib/x86_64-linux-gnu/ld-2.24.so
4001c28000-4001c2e000 rw-p 00000000 00:00 0 
4001c34000-4001c4c000 r-xp 00000000 fe:01 3282993                        /lib/x86_64-linux-gnu/libpthread-2.24.so
4001c4c000-4001e4b000 ---p 00018000 fe:01 3282993                        /lib/x86_64-linux-gnu/libpthread-2.24.so
4001e4b000-4001e4c000 r--p 00017000 fe:01 3282993                        /lib/x86_64-linux-gnu/libpthread-2.24.so
4001e4c000-4001e4d000 rw-p 00018000 fe:01 3282993                        /lib/x86_64-linux-gnu/libpthread-2.24.so
4001e4d000-4001e51000 rw-p 00000000 00:00 0 
4001e51000-4001e6a000 r-xp 00000000 fe:01 3283018                        /lib/x86_64-linux-gnu/libz.so.1.2.8
4001e6a000-4002069000 ---p 00019000 fe:01 3283018                        /lib/x86_64-linux-gnu/libz.so.1.2.8
4002069000-400206a000 r--p 00018000 fe:01 3283018                        /lib/x86_64-linux-gnu/libz.so.1.2.8
400206a000-400206b000 rw-p 00019000 fe:01 3283018                        /lib/x86_64-linux-gnu/libz.so.1.2.8
400206b000-4002078000 r-xp 00000000 fe:01 528227                         /usr/lib/jvm/java-8-openjdk-amd64/jre/lib/amd64/jli/libjli.so
4002078000-4002278000 ---p 0000d000 fe:01 528227                         /usr/lib/jvm/java-8-openjdk-amd64/jre/lib/amd64/jli/libjli.so
4002278000-4002279000 r--p 0000d000 fe:01 528227                         /usr/lib/jvm/java-8-openjdk-amd64/jre/lib/amd64/jli/libjli.so
4002279000-400227a000 rw-p 0000e000 fe:01 528227                         /usr/lib/jvm/java-8-openjdk-amd64/jre/lib/amd64/jli/libjli.so
400227a000-400227d000 r-xp 00000000 fe:01 3282942                        /lib/x86_64-linux-gnu/libdl-2.24.so
400227d000-400247c000 ---p 00003000 fe:01 3282942                        /lib/x86_64-linux-gnu/libdl-2.24.so
400247c000-400247d000 r--p 00002000 fe:01 3282942                        /lib/x86_64-linux-gnu/libdl-2.24.so
400247d000-400247e000 rw-p 00003000 fe:01 3282942                        /lib/x86_64-linux-gnu/libdl-2.24.so
400247e000-4002613000 r-xp 00000000 fe:01 3282930                        /lib/x86_64-linux-gnu/libc-2.24.so
4002613000-4002813000 ---p 00195000 fe:01 3282930                        /lib/x86_64-linux-gnu/libc-2.24.so
4002813000-4002817000 r--p 00195000 fe:01 3282930                        /lib/x86_64-linux-gnu/libc-2.24.so
4002817000-4002819000 rw-p 00199000 fe:01 3282930                        /lib/x86_64-linux-gnu/libc-2.24.so
4002819000-400281f000 rw-p 00000000 00:00 0 
400281f000-4003479000 r-xp 00000000 fe:01 528269                         /usr/lib/jvm/java-8-openjdk-amd64/jre/lib/amd64/server/libjvm.so
4003479000-4003678000 ---p 00c5a000 fe:01 528269                         /usr/lib/jvm/java-8-openjdk-amd64/jre/lib/amd64/server/libjvm.so
4003678000-400370c000 r--p 00c59000 fe:01 528269                         /usr/lib/jvm/java-8-openjdk-amd64/jre/lib/amd64/server/libjvm.so
400370c000-4003735000 rw-p 00ced000 fe:01 528269                         /usr/lib/jvm/java-8-openjdk-amd64/jre/lib/amd64/server/libjvm.so
4003735000-4003765000 rw-p 00000000 00:00 0 
400376b000-40038dd000 r-xp 00000000 fe:01 3283716                        /usr/lib/x86_64-linux-gnu/libstdc++.so.6.0.22
40038dd000-4003add000 ---p 00172000 fe:01 3283716                        /usr/lib/x86_64-linux-gnu/libstdc++.so.6.0.22
4003add000-4003ae7000 r--p 00172000 fe:01 3283716                        /usr/lib/x86_64-linux-gnu/libstdc++.so.6.0.22
4003ae7000-4003ae9000 rw-p 0017c000 fe:01 3283716                        /usr/lib/x86_64-linux-gnu/libstdc++.so.6.0.22
4003ae9000-4003aed000 rw-p 00000000 00:00 0 
4003aed000-4003bf0000 r-xp 00000000 fe:01 3282959                        /lib/x86_64-linux-gnu/libm-2.24.so
4003bf0000-4003def000 ---p 00103000 fe:01 3282959                        /lib/x86_64-linux-gnu/libm-2.24.so
4003def000-4003df0000 r--p 00102000 fe:01 3282959                        /lib/x86_64-linux-gnu/libm-2.24.so
4003df0000-4003df1000 rw-p 00103000 fe:01 3282959                        /lib/x86_64-linux-gnu/libm-2.24.so
4003df1000-4003e07000 r-xp 00000000 fe:01 3282950                        /lib/x86_64-linux-gnu/libgcc_s.so.1
4003e07000-4004006000 ---p 00016000 fe:01 3282950                        /lib/x86_64-linux-gnu/libgcc_s.so.1
4004006000-4004007000 r--p 00015000 fe:01 3282950                        /lib/x86_64-linux-gnu/libgcc_s.so.1
4004007000-4004008000 rw-p 00016000 fe:01 3282950                        /lib/x86_64-linux-gnu/libgcc_s.so.1
4004008000-400400b000 ---p 00000000 00:00 0 
400400b000-4004109000 rw-p 00000000 00:00 0 
4008000000-4008373000 rw-p 00000000 00:00 0 
4008373000-400c000000 ---p 00000000 00:00 0 
400c10f000-400c116000 r-xp 00000000 fe:01 3282997                        /lib/x86_64-linux-gnu/librt-2.24.so
400c116000-400c315000 ---p 00007000 fe:01 3282997                        /lib/x86_64-linux-gnu/librt-2.24.so
400c315000-400c316000 r--p 00006000 fe:01 3282997                        /lib/x86_64-linux-gnu/librt-2.24.so
400c316000-400c317000 rw-p 00007000 fe:01 3282997                        /lib/x86_64-linux-gnu/librt-2.24.so
400c317000-400c326000 r-xp 00000000 fe:01 528263                         /usr/lib/jvm/java-8-openjdk-amd64/jre/lib/amd64/libverify.so
400c326000-400c526000 ---p 0000f000 fe:01 528263                         /usr/lib/jvm/java-8-openjdk-amd64/jre/lib/amd64/libverify.so
400c526000-400c528000 r--p 0000f000 fe:01 528263                         /usr/lib/jvm/java-8-openjdk-amd64/jre/lib/amd64/libverify.so
400c528000-400c529000 rw-p 00011000 fe:01 528263                         /usr/lib/jvm/java-8-openjdk-amd64/jre/lib/amd64/libverify.so
400c529000-400c556000 r-xp 00000000 fe:01 528243                         /usr/lib/jvm/java-8-openjdk-amd64/jre/lib/amd64/libjava.so
400c556000-400c756000 ---p 0002d000 fe:01 528243                         /usr/lib/jvm/java-8-openjdk-amd64/jre/lib/amd64/libjava.so
400c756000-400c757000 r--p 0002d000 fe:01 528243                         /usr/lib/jvm/java-8-openjdk-amd64/jre/lib/amd64/libjava.so
400c757000-400c759000 rw-p 0002e000 fe:01 528243                         /usr/lib/jvm/java-8-openjdk-amd64/jre/lib/amd64/libjava.so
400c759000-400c75a000 ---p 00000000 00:00 0 
400c75a000-400c75b000 rw-p 00000000 00:00 0 
400c761000-400c768000 r-xp 00000000 fe:01 3282972                        /lib/x86_64-linux-gnu/libnss_compat-2.24.so
400c768000-400c967000 ---p 00007000 fe:01 3282972                        /lib/x86_64-linux-gnu/libnss_compat-2.24.so
400c967000-400c968000 r--p 00006000 fe:01 3282972                        /lib/x86_64-linux-gnu/libnss_compat-2.24.so
400c968000-400c969000 rw-p 00007000 fe:01 3282972                        /lib/x86_64-linux-gnu/libnss_compat-2.24.so
400c969000-400c97d000 r-xp 00000000 fe:01 3282970                        /lib/x86_64-linux-gnu/libnsl-2.24.so
400c97d000-400cb7d000 ---p 00014000 fe:01 3282970                        /lib/x86_64-linux-gnu/libnsl-2.24.so
400cb7d000-400cb7e000 r--p 00014000 fe:01 3282970                        /lib/x86_64-linux-gnu/libnsl-2.24.so
400cb7e000-400cb7f000 rw-p 00015000 fe:01 3282970                        /lib/x86_64-linux-gnu/libnsl-2.24.so
400cb7f000-400cb81000 rw-p 00000000 00:00 0 
400cb87000-400cb92000 r-xp 00000000 fe:01 3282980                        /lib/x86_64-linux-gnu/libnss_nis-2.24.so
400cb92000-400cd91000 ---p 0000b000 fe:01 3282980                        /lib/x86_64-linux-gnu/libnss_nis-2.24.so
400cd91000-400cd92000 r--p 0000a000 fe:01 3282980                        /lib/x86_64-linux-gnu/libnss_nis-2.24.so
400cd92000-400cd93000 rw-p 0000b000 fe:01 3282980                        /lib/x86_64-linux-gnu/libnss_nis-2.24.so
400cd93000-400cd9d000 r-xp 00000000 fe:01 3282976                        /lib/x86_64-linux-gnu/libnss_files-2.24.so
400cd9d000-400cf9d000 ---p 0000a000 fe:01 3282976                        /lib/x86_64-linux-gnu/libnss_files-2.24.so
400cf9d000-400cf9e000 r--p 0000a000 fe:01 3282976                        /lib/x86_64-linux-gnu/libnss_files-2.24.so
400cf9e000-400cf9f000 rw-p 0000b000 fe:01 3282976                        /lib/x86_64-linux-gnu/libnss_files-2.24.so
400cf9f000-400cfa5000 rw-p 00000000 00:00 0 
400cfa6000-400cfae000 rw-s 00000000 fe:01 3823240                        /tmp/hsperfdata_root/3097
400cfae000-400cfb6000 r-xp 00000000 fe:01 528264                         /usr/lib/jvm/java-8-openjdk-amd64/jre/lib/amd64/libzip.so
400cfb6000-400d1b5000 ---p 00008000 fe:01 528264                         /usr/lib/jvm/java-8-openjdk-amd64/jre/lib/amd64/libzip.so
400d1b5000-400d1b6000 r--p 00007000 fe:01 528264                         /usr/lib/jvm/java-8-openjdk-amd64/jre/lib/amd64/libzip.so
400d1b6000-400d1b7000 rw-p 00008000 fe:01 528264                         /usr/lib/jvm/java-8-openjdk-amd64/jre/lib/amd64/libzip.so
400d1b7000-400d1b8000 r-xp 00000000 00:00 0 
400d1b8000-400d1be000 rwxp 00000000 00:00 0 
400d1be000-400d1c0000 r-xp 00000000 00:00 0 
400d1c0000-400d1c8000 rwxp 00000000 00:00 0 
400d1c8000-400d1cd000 r-xp 00000000 00:00 0 
400d1cd000-400d1ce000 rwxp 00000000 00:00 0 
400d1ce000-400d1e0000 r-xp 00000000 00:00 0 
400d1e0000-400d1fc000 rwxp 00000000 00:00 0 
400d1fc000-400d1fe000 r-xp 00000000 00:00 0 
400d1fe000-400d204000 rwxp 00000000 00:00 0 
400d204000-400d206000 r-xp 00000000 00:00 0 
400d206000-400d20e000 rwxp 00000000 00:00 0 
400d20e000-400d211000 r-xp 00000000 00:00 0 
400d211000-400d219000 rwxp 00000000 00:00 0 
400d219000-400d21b000 r-xp 00000000 00:00 0 
400d21b000-400d220000 rwxp 00000000 00:00 0 
400d220000-400d221000 r-xp 00000000 00:00 0 
400d221000-400d2b1000 rwxp 00000000 00:00 0 
400d2b1000-400d2b2000 r-xp 00000000 00:00 0 
400d2b2000-400d2bd000 rwxp 00000000 00:00 0 
400d2bd000-400d2be000 r-xp 00000000 00:00 0 
400d2be000-400d2c1000 rwxp 00000000 00:00 0 
400d2c1000-400d2c2000 r-xp 00000000 00:00 0 
400d2c2000-400d2cb000 rwxp 00000000 00:00 0 
400d2cb000-400d2cd000 r-xp 00000000 00:00 0 
400d2cd000-400d427000 rwxp 00000000 00:00 0 
400d427000-401c1b7000 ---p 00000000 00:00 0 
401c1b7000-401c1c1000 rw-p 00000000 00:00 0 
401c1c1000-401c577000 ---p 00000000 00:00 0 
401c577000-401c582000 rw-p 00000000 00:00 0 
401c582000-401c6cc000 ---p 00000000 00:00 0 
401c6cc000-401c6d2000 rw-p 00000000 00:00 0 
401c6d2000-401c777000 ---p 00000000 00:00 0 
401c777000-401c783000 rw-p 00000000 00:00 0 
401c783000-401c8ce000 ---p 00000000 00:00 0 
401c8ce000-401c8cf000 ---p 00000000 00:00 0 
401c8cf000-401c9cf000 rw-p 00000000 00:00 0 
401c9cf000-401c9d0000 ---p 00000000 00:00 0 
401c9d0000-401cad0000 rw-p 00000000 00:00 0 
401cad0000-401cad1000 ---p 00000000 00:00 0 
401cad1000-401cbd1000 rw-p 00000000 00:00 0 
401cbd1000-401cbd2000 ---p 00000000 00:00 0 
401cbd2000-401ccd2000 rw-p 00000000 00:00 0 
4020000000-4020021000 rw-p 00000000 00:00 0 
4020021000-4024000000 ---p 00000000 00:00 0 
4024cd2000-4026ce6000 rw-p 00000000 00:00 0 
4028000000-4028021000 rw-p 00000000 00:00 0 
4028021000-402c000000 ---p 00000000 00:00 0 
402ece6000-402eee6000 rw-p 00000000 00:00 0 
4030000000-4030021000 rw-p 00000000 00:00 0 
4030021000-4034000000 ---p 00000000 00:00 0 
4038000000-4038021000 rw-p 00000000 00:00 0 
4038021000-403c000000 ---p 00000000 00:00 0 
403eee6000-403f2e6000 rw-p 00000000 00:00 0 
403f2e6000-403f6e6000 ---p 00000000 00:00 0 
403f6e6000-403f7df000 rw-p 00000000 00:00 0 
403f7df000-403f9ae000 r--s 03c2f000 fe:01 528323                         /usr/lib/jvm/java-8-openjdk-amd64/jre/lib/rt.jar
403f9ae000-40409b0000 rw-p 00000000 00:00 0 
40409b0000-40409b1000 ---p 00000000 00:00 0 
40409b1000-4040ab1000 rw-p 00000000 00:00 0 
4044000000-4044021000 rw-p 00000000 00:00 0 
4044021000-4048000000 ---p 00000000 00:00 0 
4048ab1000-4048ab4000 ---p 00000000 00:00 0 
4048ab4000-4048bb2000 rw-p 00000000 00:00 0 
404c000000-404c021000 rw-p 00000000 00:00 0 
404c021000-4050000000 ---p 00000000 00:00 0 
4050bb2000-4050bb5000 ---p 00000000 00:00 0 
4050bb5000-4050cb3000 rw-p 00000000 00:00 0 
4054000000-4054021000 rw-p 00000000 00:00 0 
4054021000-4058000000 ---p 00000000 00:00 0 
4058cb3000-4058cb4000 r--p 00000000 fe:01 3283400                        /usr/lib/locale/C.UTF-8/LC_IDENTIFICATION
4058cb4000-4058cbb000 r--s 00000000 fe:01 3283686                        /usr/lib/x86_64-linux-gnu/gconv/gconv-modules.cache
4058cbb000-4058cbc000 r--p 00000000 fe:01 3283401                        /usr/lib/locale/C.UTF-8/LC_MEASUREMENT
4058cbc000-4058cbd000 r--p 00000000 fe:01 3283408                        /usr/lib/locale/C.UTF-8/LC_TELEPHONE
4058cbd000-4058cbe000 r--p 00000000 fe:01 3283397                        /usr/lib/locale/C.UTF-8/LC_ADDRESS
4058cbe000-4058cbf000 r--p 00000000 fe:01 3283405                        /usr/lib/locale/C.UTF-8/LC_NAME
4058cbf000-4058cc0000 r--p 00000000 fe:01 3283407                        /usr/lib/locale/C.UTF-8/LC_PAPER
4058cc0000-4058cc1000 r--p 00000000 fe:01 3283403                        /usr/lib/locale/C.UTF-8/LC_MESSAGES/SYS_LC_MESSAGES
4058cc1000-4058cc2000 r--p 00000000 fe:01 3283404                        /usr/lib/locale/C.UTF-8/LC_MONETARY
4058cc2000-4058e35000 r--p 00000000 fe:01 3283398                        /usr/lib/locale/C.UTF-8/LC_COLLATE
4058e35000-4058e36000 r--p 00000000 fe:01 3283409                        /usr/lib/locale/C.UTF-8/LC_TIME
4058e36000-4058e37000 r--p 00000000 fe:01 3283406                        /usr/lib/locale/C.UTF-8/LC_NUMERIC
4058e37000-4058e68000 r--p 00000000 fe:01 3283399                        /usr/lib/locale/C.UTF-8/LC_CTYPE
4058e69000-4058e6c000 ---p 00000000 00:00 0 
4058e6c000-4058f6a000 rw-p 00000000 00:00 0 
405c000000-405c021000 rw-p 00000000 00:00 0 
405c021000-4060000000 ---p 00000000 00:00 0 
4060f6a000-4060f6d000 ---p 00000000 00:00 0 
4060f6d000-406106b000 rw-p 00000000 00:00 0 
4064000000-406402f000 rw-p 00000000 00:00 0 
406402f000-4068000000 ---p 00000000 00:00 0 
406906b000-406906e000 ---p 00000000 00:00 0 
406906e000-406916c000 rw-p 00000000 00:00 0 
406c000000-406c06d000 rw-p 00000000 00:00 0 
406c06d000-4070000000 ---p 00000000 00:00 0 
407116c000-407116f000 ---p 00000000 00:00 0 
407116f000-407126d000 rw-p 00000000 00:00 0 
4074000000-4074120000 rw-p 00000000 00:00 0 
4074120000-4078000000 ---p 00000000 00:00 0 
407926d000-4079270000 ---p 00000000 00:00 0 
4079270000-407936e000 rw-p 00000000 00:00 0 
407c000000-407c021000 rw-p 00000000 00:00 0 
407c021000-4080000000 ---p 00000000 00:00 0 
408136e000-408136f000 ---p 00000000 00:00 0 
408136f000-408146f000 rw-p 00000000 00:00 0 
4084000000-4084021000 rw-p 00000000 00:00 0 
4084021000-4088000000 ---p 00000000 00:00 0 
408946f000-4089472000 r--s 00038000 fe:01 528292                         /usr/lib/jvm/java-8-openjdk-amd64/jre/lib/ext/sunpkcs11.jar
4089472000-4089474000 r--s 00008000 fe:01 528290                         /usr/lib/jvm/java-8-openjdk-amd64/jre/lib/ext/sunec.jar
4089474000-408948f000 r--s 00394000 fe:01 528282                         /usr/lib/jvm/java-8-openjdk-amd64/jre/lib/ext/cldrdata.jar
408948f000-4089491000 r--s 00001000 fe:01 528283                         /usr/lib/jvm/java-8-openjdk-amd64/jre/lib/ext/dnsns.jar
4089491000-4089497000 r--s 0003b000 fe:01 528291                         /usr/lib/jvm/java-8-openjdk-amd64/jre/lib/ext/sunjce_provider.jar
4089497000-4089498000 r--s 00010000 fe:01 528293                         /usr/lib/jvm/java-8-openjdk-amd64/jre/lib/ext/zipfs.jar
4089498000-408949a000 r--s 00007000 fe:01 535915                         /usr/share/java/java-atk-wrapper.jar
408949a000-40894a4000 r--s 00116000 fe:01 528288                         /usr/lib/jvm/java-8-openjdk-amd64/jre/lib/ext/localedata.jar
40894a4000-40894a5000 r--s 0000a000 fe:01 528285                         /usr/lib/jvm/java-8-openjdk-amd64/jre/lib/ext/jaccess.jar
40894a5000-40894a8000 r--s 0000f000 fe:01 528284                         /usr/lib/jvm/java-8-openjdk-amd64/jre/lib/ext/icedtea-sound.jar
40894a8000-40894c3000 r--s 001d6000 fe:01 528289                         /usr/lib/jvm/java-8-openjdk-amd64/jre/lib/ext/nashorn.jar
40894c3000-40894d5000 r--s 00156000 fe:01 3810792                        /usr/local/tomcat/webapps/ROOT/WEB-INF/lib/poi-ooxml-3.17-beta1.jar
40894d5000-40894d8000 r--s 00460000 fe:01 3810764                        /usr/local/tomcat/webapps/ROOT/WEB-INF/lib/lucene-analyzers-kuromoji-4.10.4.jar
40894d8000-40894dc000 r--s 00038000 fe:01 3810799                        /usr/local/tomcat/webapps/ROOT/WEB-INF/lib/rome-1.5.1.jar
40894dc000-40894de000 r--s 0000c000 fe:01 3810689                        /usr/local/tomcat/webapps/ROOT/WEB-INF/lib/asm-5.0.4.jar
40894de000-40894e3000 r--s 0004b000 fe:01 3810780                        /usr/local/tomcat/webapps/ROOT/WEB-INF/lib/org.apache.servicemix.bundles.dom4j-1.6.1_5.jar
40894e3000-40894f2000 r--s 000f2000 fe:01 3810814                        /usr/local/tomcat/webapps/ROOT/WEB-INF/lib/tika-parsers-1.16.jar
40894f2000-40894f6000 r--s 000dc000 fe:01 3810751                        /usr/local/tomcat/webapps/ROOT/WEB-INF/lib/jna-4.1.0.jar
40894f6000-40895b1000 r--s 004e9000 fe:01 3810793                        /usr/local/tomcat/webapps/ROOT/WEB-INF/lib/poi-ooxml-schemas-3.17-beta1.jar
40895b1000-40895b6000 r--s 00044000 fe:01 3810747                        /usr/local/tomcat/webapps/ROOT/WEB-INF/lib/jdom2-2.0.4.jar
40895b6000-40895b8000 r--s 00005000 fe:01 3810810                        /usr/local/tomcat/webapps/ROOT/WEB-INF/lib/stax-api-1.0.1.jar
40895b8000-40895c8000 r--s 000a8000 fe:01 3810703                        /usr/local/tomcat/webapps/ROOT/WEB-INF/lib/commons-collections4-4.1.jar
40895c8000-40895cc000 r--s 0002e000 fe:01 3810740                        /usr/local/tomcat/webapps/ROOT/WEB-INF/lib/javax.mail-api-1.5.6.jar
40895cc000-40895d1000 r--s 00035000 fe:01 3810749                        /usr/local/tomcat/webapps/ROOT/WEB-INF/lib/jhighlight-1.0.2.jar
40895d1000-40895d8000 r--s 00163000 fe:01 3810721                        /usr/local/tomcat/webapps/ROOT/WEB-INF/lib/fontbox-2.0.6.jar
40895d8000-40895da000 r--s 00015000 fe:01 3810824                        /usr/local/tomcat/webapps/ROOT/WEB-INF/lib/xpp3-1.1.3.3.jar
40895da000-40895ed000 r--s 00140000 fe:01 3810794                        /usr/local/tomcat/webapps/ROOT/WEB-INF/lib/poi-scratchpad-3.17-beta1.jar
40895ed000-40895f6000 r--s 0005d000 fe:01 3810712                        /usr/local/tomcat/webapps/ROOT/WEB-INF/lib/commons-vfs2-2.0.jar
40895f6000-40895f7000 r--s 00005000 fe:01 3810754                        /usr/local/tomcat/webapps/ROOT/WEB-INF/lib/json-simple-1.1.1.jar
40895f7000-4089600000 r--s 00057000 fe:01 3810769                        /usr/local/tomcat/webapps/ROOT/WEB-INF/lib/lucene-queryparser-4.10.4.jar
4089600000-4089617000 r--s 0012f000 fe:01 3810714                        /usr/local/tomcat/webapps/ROOT/WEB-INF/lib/cxf-core-3.0.12.jar
4089617000-4089619000 r--s 00007000 fe:01 3810705                        /usr/local/tomcat/webapps/ROOT/WEB-INF/lib/commons-csv-1.0.jar
4089619000-408961b000 r--s 00006000 fe:01 3810691                        /usr/local/tomcat/webapps/ROOT/WEB-INF/lib/asm-tree-5.0.3.jar
408961b000-4089631000 r--s 00245000 fe:01 3810786                        /usr/local/tomcat/webapps/ROOT/WEB-INF/lib/pdfbox-2.0.6.jar
4089631000-4089634000 r--s 00011000 fe:01 3810789                        /usr/local/tomcat/webapps/ROOT/WEB-INF/lib/pegdown-1.6.0.jar
4089634000-4089639000 r--s 00041000 fe:01 3810709                        /usr/local/tomcat/webapps/ROOT/WEB-INF/lib/commons-lang-2.6.jar
4089639000-408963c000 r--s 00029000 fe:01 3810809                        /usr/local/tomcat/webapps/ROOT/WEB-INF/lib/stax-1.2.0.jar
408963c000-408964f000 r--s 00244000 fe:01 3810719                        /usr/local/tomcat/webapps/ROOT/WEB-INF/lib/ecj-3.12.3.jar
408964f000-4089651000 r--s 0000d000 fe:01 3810746                        /usr/local/tomcat/webapps/ROOT/WEB-INF/lib/jcommander-1.35.jar
4089651000-408965d000 r--s 0007a000 fe:01 3810803                        /usr/local/tomcat/webapps/ROOT/WEB-INF/lib/sis-metadata-0.6.jar
408965d000-4089669000 r--s 00092000 fe:01 3810807                        /usr/local/tomcat/webapps/ROOT/WEB-INF/lib/sis-utility-0.6.jar
4089669000-4089671000 r--s 0002d000 fe:01 3810722                        /usr/local/tomcat/webapps/ROOT/WEB-INF/lib/geoapi-3.0.0.jar
4089671000-4089676000 r--s 0003b000 fe:01 3810757                        /usr/local/tomcat/webapps/ROOT/WEB-INF/lib/jsr-275-0.9.3.jar
4089676000-4089679000 r--s 0000f000 fe:01 3810806                        /usr/local/tomcat/webapps/ROOT/WEB-INF/lib/sis-storage-0.6.jar
4089679000-4089683000 r--s 0008c000 fe:01 3810805                        /usr/local/tomcat/webapps/ROOT/WEB-INF/lib/sis-referencing-0.6.jar
4089683000-4089694000 r--s 004d3000 fe:01 3810723                        /usr/local/tomcat/webapps/ROOT/WEB-INF/lib/grib-4.5.5.jar
ffff70000000-ffff70083000 rw-p 00000000 00:00 0 
ffff70083000-ffff74000000 ---p 00000000 00:00 0 
ffff74000000-ffff74089000 rw-p 00000000 00:00 0 
ffff74089000-ffff78000000 ---p 00000000 00:00 0 
ffff78000000-ffff781be000 rw-p 00000000 00:00 0 
ffff781be000-ffff7c000000 ---p 00000000 00:00 0 
ffff7c000000-ffff7c1a2000 rw-p 00000000 00:00 0 
ffff7c1a2000-ffff80000000 ---p 00000000 00:00 0 
ffff80000000-ffff80085000 rw-p 00000000 00:00 0 
ffff80085000-ffff84000000 ---p 00000000 00:00 0 
ffff84000000-ffff8412b000 rw-p 00000000 00:00 0 
ffff8412b000-ffff88000000 ---p 00000000 00:00 0 
ffff88000000-ffff8808d000 rw-p 00000000 00:00 0 
ffff8808d000-ffff8c000000 ---p 00000000 00:00 0 
ffff8c000000-ffff8c083000 rw-p 00000000 00:00 0 
ffff8c083000-ffff90000000 ---p 00000000 00:00 0 
ffff90000000-ffff90081000 rw-p 00000000 00:00 0 
ffff90081000-ffff94000000 ---p 00000000 00:00 0 
ffff94000000-ffff940a5000 rw-p 00000000 00:00 0 
ffff940a5000-ffff98000000 ---p 00000000 00:00 0 
ffff98000000-ffff98083000 rw-p 00000000 00:00 0 
ffff98083000-ffff9c000000 ---p 00000000 00:00 0 
ffff9c000000-ffff9c083000 rw-p 00000000 00:00 0 
ffff9c083000-ffffa0000000 ---p 00000000 00:00 0 
ffffa0000000-ffffa0dc3000 rw-p 00000000 00:00 0 
ffffa0dc3000-ffffa4000000 ---p 00000000 00:00 0 
ffffa4000000-ffffa4085000 rw-p 00000000 00:00 0 
ffffa4085000-ffffa8000000 ---p 00000000 00:00 0 
ffffa8000000-ffffaffff000 rwxp 00000000 00:00 0 
ffffaffff000-ffffb0000000 ---p 00000000 00:00 0 
ffffb0000000-ffffb0021000 rw-p 00000000 00:00 0 
ffffb0021000-ffffb4000000 ---p 00000000 00:00 0 
ffffb6032000-ffffb6233000 rw-p 00000000 00:00 0 
ffffb6233000-ffffb6234000 ---p 00000000 00:00 0 
ffffb6234000-ffffb6274000 rw-p 00000000 00:00 0 
ffffb6274000-ffffb6275000 ---p 00000000 00:00 0 
ffffb6275000-ffffb62b5000 rw-p 00000000 00:00 0 
ffffb62b5000-ffffb62b6000 ---p 00000000 00:00 0 
ffffb62b6000-ffffb62f6000 rw-p 00000000 00:00 0 
ffffb62f6000-ffffb62f7000 ---p 00000000 00:00 0 
ffffb62f7000-ffffb6337000 rw-p 00000000 00:00 0 
ffffb6337000-ffffb6338000 ---p 00000000 00:00 0 
ffffb6338000-ffffb6378000 rw-p 00000000 00:00 0 
ffffb6378000-ffffb6379000 ---p 00000000 00:00 0 
ffffb6379000-ffffb63b9000 rw-p 00000000 00:00 0 
ffffb63b9000-ffffb63ba000 ---p 00000000 00:00 0 
ffffb63ba000-ffffb63fa000 rw-p 00000000 00:00 0 
ffffb63fa000-ffffb63fb000 ---p 00000000 00:00 0 
ffffb63fb000-ffffb643b000 rw-p 00000000 00:00 0 
ffffb653c000-ffffb653d000 ---p 00000000 00:00 0 
ffffb653d000-ffffb657d000 rw-p 00000000 00:00 0 
ffffb657d000-ffffb657e000 ---p 00000000 00:00 0 
ffffb657e000-ffffb65be000 rw-p 00000000 00:00 0 
ffffb65be000-ffffb65bf000 ---p 00000000 00:00 0 
ffffb65bf000-ffffb65ff000 rw-p 00000000 00:00 0 
ffffb65ff000-ffffb6600000 ---p 00000000 00:00 0 
ffffb6600000-ffffb6640000 rw-p 00000000 00:00 0 
ffffb6640000-ffffb6641000 ---p 00000000 00:00 0 
ffffb6641000-ffffb6681000 rw-p 00000000 00:00 0 
ffffb66c1000-ffffb66c2000 ---p 00000000 00:00 0 
ffffb66c2000-ffffb6702000 rw-p 00000000 00:00 0 
ffffb6702000-ffffb6703000 ---p 00000000 00:00 0 
ffffb6703000-ffffb6f03000 rw-p 00000000 00:00 0 
ffffb6f03000-ffffb6f05000 r--p 00000000 00:00 0                          [vvar]
ffffb6f05000-ffffb6f06000 r-xp 00000000 00:00 0                          [vdso]
fffff8b53000-fffff8b74000 rw-p 00000000 00:00 0                          [stack]

VM Arguments:
jvm_args: -Xmx1024m 
java_command: org.support.project.knowledge.bat.FileParseBat
java_class_path (initial): /usr/local/tomcat/webapps/ROOT/WEB-INF/lib/poi-ooxml-3.17-beta1.jar:/usr/local/tomcat/webapps/ROOT/WEB-INF/lib/lucene-analyzers-kuromoji-4.10.4.jar:/usr/local/tomcat/webapps/ROOT/WEB-INF/lib/rome-1.5.1.jar:/usr/local/tomcat/webapps/ROOT/WEB-INF/lib/asm-5.0.4.jar:/usr/local/tomcat/webapps/ROOT/WEB-INF/lib/org.apache.servicemix.bundles.dom4j-1.6.1_5.jar:/usr/local/tomcat/webapps/ROOT/WEB-INF/lib/tika-parsers-1.16.jar:/usr/local/tomcat/webapps/ROOT/WEB-INF/lib/jna-4.1.0.jar:/usr/local/tomcat/webapps/ROOT/WEB-INF/lib/poi-ooxml-schemas-3.17-beta1.jar:/usr/local/tomcat/webapps/ROOT/WEB-INF/lib/jdom2-2.0.4.jar:/usr/local/tomcat/webapps/ROOT/WEB-INF/lib/stax-api-1.0.1.jar:/usr/local/tomcat/webapps/ROOT/WEB-INF/lib/commons-collections4-4.1.jar:/usr/local/tomcat/webapps/ROOT/WEB-INF/lib/javax.mail-api-1.5.6.jar:/usr/local/tomcat/webapps/ROOT/WEB-INF/lib/jhighlight-1.0.2.jar:/usr/local/tomcat/webapps/ROOT/WEB-INF/lib/fontbox-2.0.6.jar:/usr/local/tomcat/webapps/ROOT/WEB-INF/lib/xpp3-1.1.3.3.jar:/usr/local/tomcat/webapps/ROOT/WEB-INF/lib/poi-scratchpad-3.17-beta1.jar:/usr/local/tomcat/webapps/ROOT/WEB-INF/lib/commons-vfs2-2.0.jar:/usr/local/tomcat/webapps/ROOT/WEB-INF/lib/json-simple-1.1.1.jar:/usr/local/tomcat/webapps/ROOT/WEB-INF/lib/lucene-queryparser-4.10.4.jar:/usr/local/tomcat/webapps/ROOT/WEB-INF/lib/cxf-core-3.0.12.jar:/usr/local/tomcat/webapps/ROOT/WEB-INF/lib/commons-csv-1.0.jar:/usr/local/tomcat/webapps/ROOT/WEB-INF/lib/asm-tree-5.0.3.jar:/usr/local/tomcat/webapps/ROOT/WEB-INF/lib/pdfbox-2.0.6.jar:/usr/local/tomcat/webapps/ROOT/WEB-INF/lib/pegdown-1.6.0.jar:/usr/local/tomcat/webapps/ROOT/WEB-INF/lib/commons-lang-2.6.jar:/usr/local/tomcat/webapps/ROOT/WEB-INF/lib/stax-1.2.0.jar:/usr/local/tomcat/webapps/ROOT/WEB-INF/lib/ecj-3.12.3.jar:/usr/local/tomcat/webapps/ROOT/WEB-INF/lib/jcommander-1.35.jar:/usr/local/tomcat/webapps/ROOT/WEB-INF/lib/sis-metadata-0.6.jar:/usr/local/tomcat/webapps/ROOT/WEB-INF/lib/sis-storage-0.6.jar:/usr/local/tomcat/w
Launcher Type: SUN_STANDARD

Environment Variables:
JAVA_HOME=/docker-java-home/jre
PATH=/usr/local/tomcat/bin:/usr/local/sbin:/usr/local/bin:/usr/sbin:/usr/bin:/sbin:/bin
LD_LIBRARY_PATH=/usr/local/tomcat/native-jni-lib

Signal Handlers:
SIGSEGV: [libjvm.so+0xa71730], sa_mask[0]=11111111111111111111111111111110, sa_flags=SA_RESTART|SA_SIGINFO
SIGBUS: [libjvm.so+0xa71730], sa_mask[0]=11111111111111111111111111111110, sa_flags=SA_RESTART|SA_SIGINFO
SIGFPE: [libjvm.so+0x8ba250], sa_mask[0]=11111111111111111111111111111110, sa_flags=SA_RESTART|SA_SIGINFO
SIGPIPE: [libjvm.so+0x8ba250], sa_mask[0]=11111111111111111111111111111110, sa_flags=SA_RESTART|SA_SIGINFO
SIGXFSZ: [libjvm.so+0x8ba250], sa_mask[0]=11111111111111111111111111111110, sa_flags=SA_RESTART|SA_SIGINFO
SIGILL: [libjvm.so+0x8ba250], sa_mask[0]=11111111111111111111111111111110, sa_flags=SA_RESTART|SA_SIGINFO
SIGUSR1: SIG_DFL, sa_mask[0]=00000000000000000000000000000000, sa_flags=none
SIGUSR2: [libjvm.so+0x8ba100], sa_mask[0]=00100000000000000000000000000000, sa_flags=SA_RESTART|SA_SIGINFO
SIGHUP: [libjvm.so+0x8ba5b0], sa_mask[0]=11111111111111111111111111111110, sa_flags=SA_RESTART|SA_SIGINFO
SIGINT: [libjvm.so+0x8ba5b0], sa_mask[0]=11111111111111111111111111111110, sa_flags=SA_RESTART|SA_SIGINFO
SIGTERM: [libjvm.so+0x8ba5b0], sa_mask[0]=11111111111111111111111111111110, sa_flags=SA_RESTART|SA_SIGINFO
SIGQUIT: [libjvm.so+0x8ba5b0], sa_mask[0]=11111111111111111111111111111110, sa_flags=SA_RESTART|SA_SIGINFO


---------------  S Y S T E M  ---------------

OS:PRETTY_NAME="Debian GNU/Linux 9 (stretch)"
NAME="Debian GNU/Linux"
VERSION_ID="9"
VERSION="9 (stretch)"
ID=debian
HOME_URL="https://www.debian.org/"
SUPPORT_URL="https://www.debian.org/support"
BUG_REPORT_URL="https://bugs.debian.org/"

uname:Linux 5.10.25-linuxkit #1 SMP PREEMPT Tue Mar 23 09:24:45 UTC 2021 x86_64
libc:glibc 2.24 NPTL 2.24 
rlimit: STACK 8192k, CORE 0k, NPROC infinity, NOFILE 1048576, AS infinity
load average:2.24 2.07 2.02

/proc/meminfo:
MemTotal:        2036732 kB
MemFree:          170508 kB
MemAvailable:     407392 kB
Buffers:           30240 kB
Cached:           528152 kB
SwapCached:         5464 kB
Active:           240600 kB
Inactive:        1490112 kB
Active(anon):      82536 kB
Inactive(anon):  1370808 kB
Active(file):     158064 kB
Inactive(file):   119304 kB
Unevictable:           0 kB
Mlocked:               0 kB
SwapTotal:       1048572 kB
SwapFree:         873040 kB
Dirty:                20 kB
Writeback:             0 kB
AnonPages:       1135028 kB
Mapped:           192608 kB
Shmem:            289336 kB
KReclaimable:      42932 kB
Slab:              87376 kB
SReclaimable:      42932 kB
SUnreclaim:        44444 kB
KernelStack:       10448 kB
PageTables:         8408 kB
NFS_Unstable:          0 kB
Bounce:                0 kB
WritebackTmp:          0 kB
CommitLimit:     2066936 kB
Committed_AS:    7349756 kB
VmallocTotal:   135290159040 kB
VmallocUsed:       11660 kB
VmallocChunk:          0 kB
Percpu:             2064 kB
AnonHugePages:     83968 kB
ShmemHugePages:        0 kB
ShmemPmdMapped:        0 kB
FileHugePages:         0 kB
FilePmdMapped:         0 kB
HugePages_Total:       0
HugePages_Free:        0
HugePages_Rsvd:        0
HugePages_Surp:        0
Hugepagesize:       2048 kB
Hugetlb:               0 kB


CPU:total 4 (initial active 4) (1 cores per cpu, 1 threads per core) family 6 model 6 stepping 3, cmov, cx8, fxsr, mmx, sse, sse2, sse3, ssse3, sse4.1, sse4.2, popcnt, aes, clmul, erms, mmxext, 3dnowpref, lzcnt, tsc, bmi1

/proc/cpuinfo:
processor	: 0
BogoMIPS	: 48.00
Features	: fp asimd evtstrm aes pmull sha1 sha2 crc32 atomics fphp asimdhp cpuid asimdrdm jscvt fcma lrcpc dcpop sha3 asimddp sha512 asimdfhm dit uscat ilrcpc flagm sb paca pacg dcpodp flagm2 frint
CPU implementer	: 0x00
CPU architecture: 8
CPU variant	: 0x0
CPU part	: 0x000
CPU revision	: 0

processor	: 1
BogoMIPS	: 48.00
Features	: fp asimd evtstrm aes pmull sha1 sha2 crc32 atomics fphp asimdhp cpuid asimdrdm jscvt fcma lrcpc dcpop sha3 asimddp sha512 asimdfhm dit uscat ilrcpc flagm sb paca pacg dcpodp flagm2 frint
CPU implementer	: 0x00
CPU architecture: 8
CPU variant	: 0x0
CPU part	: 0x000
CPU revision	: 0

processor	: 2
BogoMIPS	: 48.00
Features	: fp asimd evtstrm aes pmull sha1 sha2 crc32 atomics fphp asimdhp cpuid asimdrdm jscvt fcma lrcpc dcpop sha3 asimddp sha512 asimdfhm dit uscat ilrcpc flagm sb paca pacg dcpodp flagm2 frint
CPU implementer	: 0x00
CPU architecture: 8
CPU variant	: 0x0
CPU part	: 0x000
CPU revision	: 0

processor	: 3
BogoMIPS	: 48.00
Features	: fp asimd evtstrm aes pmull sha1 sha2 crc32 atomics fphp asimdhp cpuid asimdrdm jscvt fcma lrcpc dcpop sha3 asimddp sha512 asimdfhm dit uscat ilrcpc flagm sb paca pacg dcpodp flagm2 frint
CPU implementer	: 0x00
CPU architecture: 8
CPU variant	: 0x0
CPU part	: 0x000
CPU revision	: 0



Memory: 4k page, physical 2036732k(170508k free), swap 1048572k(873040k free)

vm_info: OpenJDK 64-Bit Server VM (25.171-b11) for linux-amd64 JRE (1.8.0_171-8u171-b11-1~deb9u1-b11), built on Apr 27 2018 14:37:13 by "pbuilder" with gcc 6.3.0 20170516

time: Thu Oct  6 00:19:05 2022
elapsed time: 2484 seconds (0d 0h 41m 24s)

