#
# A fatal error has been detected by the Java Runtime Environment:
#
#  SIGSEGV (0xb) at pc=0x000000400d4c0180, pid=80, tid=0x0000004004108700
#
# JRE version: OpenJDK Runtime Environment (8.0_171-b11) (build 1.8.0_171-8u171-b11-1~deb9u1-b11)
# Java VM: OpenJDK 64-Bit Server VM (25.171-b11 mixed mode linux-amd64 compressed oops)
# Problematic frame:
# J 816 C1 javassist.bytecode.ClassFile.isDuplicated(Ljavassist/bytecode/MethodInfo;Ljava/lang/String;Ljava/lang/String;Ljavassist/bytecode/MethodInfo;Ljava/util/ListIterator;)Z (59 bytes) @ 0x000000400d4c0180 [0x000000400d4c0180+0x0]
#
# Failed to write core dump. Core dumps have been disabled. To enable core dumping, try "ulimit -c unlimited" before starting Java again
#
# If you would like to submit a bug report, please visit:
#   http://bugreport.java.com/bugreport/crash.jsp
#

---------------  T H R E A D  ---------------

Current thread (0x000000400800f000):  JavaThread "main" [_thread_in_Java, id=84, stack(0x0000004004008000,0x0000004004109000)]

siginfo: si_signo: 11 (SIGSEGV), si_code: 1 (SEGV_MAPERR), si_addr: 0x000002405e29b20e

Registers:
RAX=0x000000400d4c0180, RBX=0x000000403da75150, RCX=0x00000000fafaead8, RDX=0x00000000f027d300
RSP=0x00000040041072b8, RBP=0x00000040041073f8, RSI=0x00000000fb0771e0, RDI=0x00000000000001d8
R8 =0x00000000fafc0998, R9 =0x00000000fb0802e8, R10=0x00000000fafc0998, R11=0x0000000000000001
R12=0x0000000000000000, R13=0x000000400d4d04e4, R14=0x00000040041072b0, R15=0x000000400800f000
RIP=0x000000400d4c0180, EFLAGS=0x0000000000000202, CSGSFS=0x002b000000000033, ERR=0x0000000000000006
  TRAPNO=0xffffffffffffffff

Top of Stack: (sp=0x00000040041072b8)
0x00000040041072b8:   000000400d4d06c4 000000400d1be7d0
0x00000040041072c8:   000000400d1be815 0000000000000000
0x00000040041072d8:   0000000000000001 0000000000000000
0x00000040041072e8:   00000040041072d8 00000040880df1fa
0x00000040041072f8:   0000004004107358 00000040880f6618
0x0000004004107308:   0000000000000000 00000040880df248
0x0000004004107318:   0000000000000000 0000004004107350
0x0000004004107328:   00000040041073a0 000000400d1bed80
0x0000004004107338:   00000000fb0772f0 00000000fb0771e0
0x0000004004107348:   00000000fad37f28 00000000f027d300
0x0000004004107358:   00000000fafaead8 00000000fb0802e8
0x0000004004107368:   00000040880fb67e 00000000fb077428
0x0000004004107378:   00000000fb07fec8 0000000000000000
0x0000004004107388:   00000040880fb698 00000040041073f8
0x0000004004107398:   000000400d1beffd 000000400d1beffd
0x00000040041073a8:   00000000fb0771e0 00000000fad37f28
0x00000040041073b8:   00000040041073b8 000000403da74df2
0x00000040041073c8:   0000004004107410 000000403da765c0
0x00000040041073d8:   0000000000000000 000000403da74e28
0x00000040041073e8:   00000040041073a8 0000004004107408
0x00000040041073f8:   0000004004107458 000000400d1beffd
0x0000004004107408:   00000000fb0771e0 00000000fad37f28
0x0000004004107418:   0000004004107418 000000403da667e7
0x0000004004107428:   00000040041074c0 000000403da6a0b8
0x0000004004107438:   0000000000000000 000000403da668a8
0x0000004004107448:   0000004004107408 00000040041074a0
0x0000004004107458:   0000004004107508 000000400d1beffd
0x0000004004107468:   00000000fb076dc8 00000000fb077878
0x0000004004107478:   0000000000000001 0000000000000000
0x0000004004107488:   00000000fb077478 00000000fb0771e0
0x0000004004107498:   00000000fb077168 00000000fb029f98
0x00000040041074a8:   0000000000000041 00000000fac152a8 

Instructions: (pc=0x000000400d4c0180)
0x000000400d4c0160:   5b 70 60 f0 0a 80 11 64 01 f8 82 fc 06 90 0c 64
0x000000400d4c0170:   00 00 00 00 00 00 00 00 00 00 00 00 00 00 00 00
0x000000400d4c0180:   e9 9b be cf ff fe ff 55 48 81 ec a0 00 00 00 4c
0x000000400d4c0190:   89 44 24 68 48 bf 50 da 10 88 40 00 00 00 8b 9f 

Register to memory mapping:

RAX=0x000000400d4c0180 is at entry_point+0 in (nmethod*)0x000000400d4bff50
RBX={method} {0x000000403da75150} 'isDuplicated' '(Ljavassist/bytecode/MethodInfo;Ljava/lang/String;Ljava/lang/String;Ljavassist/bytecode/MethodInfo;Ljava/util/ListIterator;)Z' in 'javassist/bytecode/ClassFile'
RCX=0x00000000fafaead8 is an oop
java.lang.String 
 - klass: 'java/lang/String'
RDX=0x00000000f027d300 is an oop
java.lang.String 
 - klass: 'java/lang/String'
RSP=0x00000040041072b8 is pointing into the stack for thread: 0x000000400800f000
RBP=0x00000040041073f8 is pointing into the stack for thread: 0x000000400800f000
RSI=0x00000000fb0771e0 is an oop
javassist.bytecode.MethodInfo 
 - klass: 'javassist/bytecode/MethodInfo'
RDI=0x00000000000001d8 is an unknown value
R8 =0x00000000fafc0998 is an oop
javassist.bytecode.MethodInfo 
 - klass: 'javassist/bytecode/MethodInfo'
R9 =0x00000000fb0802e8 is an oop
java.util.ArrayList$ListItr 
 - klass: 'java/util/ArrayList$ListItr'
R10=0x00000000fafc0998 is an oop
javassist.bytecode.MethodInfo 
 - klass: 'javassist/bytecode/MethodInfo'
R11=0x0000000000000001 is an unknown value
R12=0x0000000000000000 is an unknown value
R13=0x000000400d4d04e4 is at entry_point+2180 in (nmethod*)0x000000400d4cf990
R14=0x00000040041072b0 is pointing into the stack for thread: 0x000000400800f000
R15=0x000000400800f000 is a thread


Stack: [0x0000004004008000,0x0000004004109000],  sp=0x00000040041072b8,  free space=1020k
Native frames: (J=compiled Java code, j=interpreted, Vv=VM code, C=native code)
J 816 C1 javassist.bytecode.ClassFile.isDuplicated(Ljavassist/bytecode/MethodInfo;Ljava/lang/String;Ljava/lang/String;Ljavassist/bytecode/MethodInfo;Ljava/util/ListIterator;)Z (59 bytes) @ 0x000000400d4c0180 [0x000000400d4c0180+0x0]
C  0x00000000fb0802e8


---------------  P R O C E S S  ---------------

Java Threads: ( => current thread )
  0x00000040080d7800 JavaThread "Service Thread" daemon [_thread_blocked, id=96, stack(0x000000407765e000,0x000000407775f000)]
  0x00000040080c2800 JavaThread "C1 CompilerThread2" daemon [_thread_blocked, id=95, stack(0x000000406f55d000,0x000000406f65e000)]
  0x00000040080c0800 JavaThread "C2 CompilerThread1" daemon [_thread_blocked, id=94, stack(0x000000406745c000,0x000000406755d000)]
  0x00000040080be000 JavaThread "C2 CompilerThread0" daemon [_thread_blocked, id=93, stack(0x000000405f35b000,0x000000405f45c000)]
  0x00000040080bc000 JavaThread "Signal Dispatcher" daemon [_thread_blocked, id=92, stack(0x000000405725a000,0x000000405735b000)]
  0x0000004008088800 JavaThread "Finalizer" daemon [_thread_blocked, id=91, stack(0x000000404efa3000,0x000000404f0a4000)]
  0x0000004008084000 JavaThread "Reference Handler" daemon [_thread_blocked, id=90, stack(0x0000004046ea2000,0x0000004046fa3000)]
=>0x000000400800f000 JavaThread "main" [_thread_in_Java, id=84, stack(0x0000004004008000,0x0000004004109000)]

Other Threads:
  0x000000400807c800 VMThread [stack: 0x000000403eda1000,0x000000403eea2000] [id=89]
  0x00000040080ea000 WatcherThread [stack: 0x000000407f75f000,0x000000407f860000] [id=97]

VM state:not at safepoint (normal execution)

VM Mutex/Monitor currently owned by a thread: None

Heap:
 PSYoungGen      total 18432K, used 6690K [0x00000000fab00000, 0x00000000fcf00000, 0x0000000100000000)
  eden space 17408K, 32% used [0x00000000fab00000,0x00000000fb088a70,0x00000000fbc00000)
  from space 1024K, 100% used [0x00000000fbc00000,0x00000000fbd00000,0x00000000fbd00000)
  to   space 1024K, 0% used [0x00000000fce00000,0x00000000fce00000,0x00000000fcf00000)
 ParOldGen       total 22016K, used 3612K [0x00000000f0000000, 0x00000000f1580000, 0x00000000fab00000)
  object space 22016K, 16% used [0x00000000f0000000,0x00000000f03871f8,0x00000000f1580000)
 Metaspace       used 9810K, capacity 10010K, committed 10240K, reserved 1058816K
  class space    used 1113K, capacity 1201K, committed 1280K, reserved 1048576K

Card table byte_map: [0x000000401c577000,0x000000401c5f8000] byte_map_base: 0x000000401bdf7000

Marking Bits: (ParMarkBitMap*) 0x0000004003748320
 Begin Bits: [0x000000403ca52000, 0x000000403ce52000)
 End Bits:   [0x000000403ce52000, 0x000000403d252000)

Polling page: 0x000000400c759000

CodeCache: size=245760Kb used=3194Kb max_used=3194Kb free=242565Kb
 bounds [0x000000400d1b7000, 0x000000400d4e7000, 0x000000401c1b7000]
 total_blobs=1144 nmethods=834 adapters=226
 compilation: enabled

Compilation events (10 events):
Event: 2.785 Thread 0x00000040080c2800  837       3       javassist.bytecode.ClassFile::testExistingMethod (91 bytes)
Event: 2.788 Thread 0x00000040080c2800 nmethod 837 0x000000400d4cf990 code [0x000000400d4cfc60, 0x000000400d4d13d8]
Event: 2.788 Thread 0x00000040080c2800  841       3       javassist.bytecode.ByteVector::add (32 bytes)
Event: 2.789 Thread 0x00000040080c2800 nmethod 841 0x000000400d4c9f90 code [0x000000400d4ca100, 0x000000400d4ca388]
Event: 2.789 Thread 0x00000040080c2800  843       1       javassist.bytecode.StringInfo::hashCode (5 bytes)
Event: 2.789 Thread 0x00000040080c2800 nmethod 843 0x000000400d4c9c10 code [0x000000400d4c9d60, 0x000000400d4c9e70]
Event: 2.789 Thread 0x00000040080c2800  842       3       javassist.bytecode.LongVector::addElement (99 bytes)
Event: 2.790 Thread 0x00000040080c2800 nmethod 842 0x000000400d4cd550 code [0x000000400d4cd700, 0x000000400d4cdda8]
Event: 2.790 Thread 0x00000040080c2800  838       3       javassist.bytecode.Bytecode::addAload (56 bytes)
Event: 2.791 Thread 0x00000040080be000 nmethod 839 0x000000400d4cce50 code [0x000000400d4ccfc0, 0x000000400d4cd2e8]

GC Heap History (6 events):
Event: 1.354 GC heap before
{Heap before GC invocations=1 (full 0):
 PSYoungGen      total 9728K, used 8704K [0x00000000fab00000, 0x00000000fb580000, 0x0000000100000000)
  eden space 8704K, 100% used [0x00000000fab00000,0x00000000fb380000,0x00000000fb380000)
  from space 1024K, 0% used [0x00000000fb480000,0x00000000fb480000,0x00000000fb580000)
  to   space 1024K, 0% used [0x00000000fb380000,0x00000000fb380000,0x00000000fb480000)
 ParOldGen       total 22016K, used 0K [0x00000000f0000000, 0x00000000f1580000, 0x00000000fab00000)
  object space 22016K, 0% used [0x00000000f0000000,0x00000000f0000000,0x00000000f1580000)
 Metaspace       used 4938K, capacity 5008K, committed 5248K, reserved 1056768K
  class space    used 544K, capacity 560K, committed 640K, reserved 1048576K
Event: 1.376 GC heap after
Heap after GC invocations=1 (full 0):
 PSYoungGen      total 9728K, used 1024K [0x00000000fab00000, 0x00000000fbe00000, 0x0000000100000000)
  eden space 8704K, 0% used [0x00000000fab00000,0x00000000fab00000,0x00000000fb380000)
  from space 1024K, 100% used [0x00000000fb380000,0x00000000fb480000,0x00000000fb480000)
  to   space 1024K, 0% used [0x00000000fbd00000,0x00000000fbd00000,0x00000000fbe00000)
 ParOldGen       total 22016K, used 1219K [0x00000000f0000000, 0x00000000f1580000, 0x00000000fab00000)
  object space 22016K, 5% used [0x00000000f0000000,0x00000000f0130d70,0x00000000f1580000)
 Metaspace       used 4938K, capacity 5008K, committed 5248K, reserved 1056768K
  class space    used 544K, capacity 560K, committed 640K, reserved 1048576K
}
Event: 1.785 GC heap before
{Heap before GC invocations=2 (full 0):
 PSYoungGen      total 9728K, used 9728K [0x00000000fab00000, 0x00000000fbe00000, 0x0000000100000000)
  eden space 8704K, 100% used [0x00000000fab00000,0x00000000fb380000,0x00000000fb380000)
  from space 1024K, 100% used [0x00000000fb380000,0x00000000fb480000,0x00000000fb480000)
  to   space 1024K, 0% used [0x00000000fbd00000,0x00000000fbd00000,0x00000000fbe00000)
 ParOldGen       total 22016K, used 1219K [0x00000000f0000000, 0x00000000f1580000, 0x00000000fab00000)
  object space 22016K, 5% used [0x00000000f0000000,0x00000000f0130d70,0x00000000f1580000)
 Metaspace       used 6577K, capacity 6704K, committed 7040K, reserved 1056768K
  class space    used 746K, capacity 784K, committed 896K, reserved 1048576K
Event: 1.791 GC heap after
Heap after GC invocations=2 (full 0):
 PSYoungGen      total 18432K, used 1016K [0x00000000fab00000, 0x00000000fbe00000, 0x0000000100000000)
  eden space 17408K, 0% used [0x00000000fab00000,0x00000000fab00000,0x00000000fbc00000)
  from space 1024K, 99% used [0x00000000fbd00000,0x00000000fbdfe118,0x00000000fbe00000)
  to   space 1024K, 0% used [0x00000000fbc00000,0x00000000fbc00000,0x00000000fbd00000)
 ParOldGen       total 22016K, used 2019K [0x00000000f0000000, 0x00000000f1580000, 0x00000000fab00000)
  object space 22016K, 9% used [0x00000000f0000000,0x00000000f01f8ee8,0x00000000f1580000)
 Metaspace       used 6577K, capacity 6704K, committed 7040K, reserved 1056768K
  class space    used 746K, capacity 784K, committed 896K, reserved 1048576K
}
Event: 2.472 GC heap before
{Heap before GC invocations=3 (full 0):
 PSYoungGen      total 18432K, used 18424K [0x00000000fab00000, 0x00000000fbe00000, 0x0000000100000000)
  eden space 17408K, 100% used [0x00000000fab00000,0x00000000fbc00000,0x00000000fbc00000)
  from space 1024K, 99% used [0x00000000fbd00000,0x00000000fbdfe118,0x00000000fbe00000)
  to   space 1024K, 0% used [0x00000000fbc00000,0x00000000fbc00000,0x00000000fbd00000)
 ParOldGen       total 22016K, used 2019K [0x00000000f0000000, 0x00000000f1580000, 0x00000000fab00000)
  object space 22016K, 9% used [0x00000000f0000000,0x00000000f01f8ee8,0x00000000f1580000)
 Metaspace       used 8558K, capacity 8604K, committed 8704K, reserved 1056768K
  class space    used 989K, capacity 1010K, committed 1024K, reserved 1048576K
Event: 2.486 GC heap after
Heap after GC invocations=3 (full 0):
 PSYoungGen      total 18432K, used 1024K [0x00000000fab00000, 0x00000000fcf00000, 0x0000000100000000)
  eden space 17408K, 0% used [0x00000000fab00000,0x00000000fab00000,0x00000000fbc00000)
  from space 1024K, 100% used [0x00000000fbc00000,0x00000000fbd00000,0x00000000fbd00000)
  to   space 1024K, 0% used [0x00000000fce00000,0x00000000fce00000,0x00000000fcf00000)
 ParOldGen       total 22016K, used 3612K [0x00000000f0000000, 0x00000000f1580000, 0x00000000fab00000)
  object space 22016K, 16% used [0x00000000f0000000,0x00000000f03871f8,0x00000000f1580000)
 Metaspace       used 8558K, capacity 8604K, committed 8704K, reserved 1056768K
  class space    used 989K, capacity 1010K, committed 1024K, reserved 1048576K
}

Deoptimization events (10 events):
Event: 1.682 Thread 0x000000400800f000 Uncommon trap: reason=bimorphic action=maybe_recompile pc=0x000000400d39b594 method=java.util.HashMap.getNode(ILjava/lang/Object;)Ljava/util/HashMap$Node; @ 126
Event: 1.682 Thread 0x000000400800f000 Uncommon trap: reason=bimorphic action=maybe_recompile pc=0x000000400d39b594 method=java.util.HashMap.getNode(ILjava/lang/Object;)Ljava/util/HashMap$Node; @ 126
Event: 1.692 Thread 0x000000400800f000 Uncommon trap: reason=bimorphic action=maybe_recompile pc=0x000000400d39b594 method=java.util.HashMap.getNode(ILjava/lang/Object;)Ljava/util/HashMap$Node; @ 126
Event: 2.140 Thread 0x000000400800f000 Uncommon trap: reason=unstable_if action=reinterpret pc=0x000000400d3d15d0 method=java.util.HashMap.getNode(ILjava/lang/Object;)Ljava/util/HashMap$Node; @ 62
Event: 2.142 Thread 0x000000400800f000 Uncommon trap: reason=unstable_if action=reinterpret pc=0x000000400d3b23b0 method=java.util.HashMap.getNode(ILjava/lang/Object;)Ljava/util/HashMap$Node; @ 62
Event: 2.331 Thread 0x000000400800f000 Uncommon trap: reason=unstable_if action=reinterpret pc=0x000000400d42d754 method=java.lang.String.lastIndexOf([CII[CIII)I @ 17
Event: 2.526 Thread 0x000000400800f000 Uncommon trap: reason=unstable_if action=reinterpret pc=0x000000400d3c96d0 method=java.lang.String.replace(CC)Ljava/lang/String; @ 26
Event: 2.762 Thread 0x000000400800f000 Uncommon trap: reason=unstable_if action=reinterpret pc=0x000000400d461ef0 method=java.util.HashMap.putVal(ILjava/lang/Object;Ljava/lang/Object;ZZ)Ljava/lang/Object; @ 162
Event: 2.763 Thread 0x000000400800f000 Uncommon trap: reason=unstable_if action=reinterpret pc=0x000000400d4bedd4 method=java.util.HashMap.getNode(ILjava/lang/Object;)Ljava/util/HashMap$Node; @ 84
Event: 2.764 Thread 0x000000400800f000 Uncommon trap: reason=unstable_if action=reinterpret pc=0x000000400d4b34f4 method=java.util.HashMap.getNode(ILjava/lang/Object;)Ljava/util/HashMap$Node; @ 84

Classes redefined (0 events):
No events

Internal exceptions (10 events):
Event: 1.660 Thread 0x000000400800f000 Exception <a 'java/lang/ClassNotFoundException': org/apache/log4j/PatternLayoutCustomizer> (0x00000000fb04c4c0) thrown at [/build/openjdk-8-8u171-b11/src/hotspot/src/share/vm/classfile/systemDictionary.cpp, line 210]
Event: 1.806 Thread 0x000000400800f000 Exception <a 'java/security/PrivilegedActionException'> (0x00000000fab4c198) thrown at [/build/openjdk-8-8u171-b11/src/hotspot/src/share/vm/prims/jvm.cpp, line 1435]
Event: 1.807 Thread 0x000000400800f000 Exception <a 'java/security/PrivilegedActionException'> (0x00000000fab4c590) thrown at [/build/openjdk-8-8u171-b11/src/hotspot/src/share/vm/prims/jvm.cpp, line 1435]
Event: 2.167 Thread 0x000000400800f000 Exception <a 'java/lang/ArrayIndexOutOfBoundsException'> (0x00000000fb641a98) thrown at [/build/openjdk-8-8u171-b11/src/hotspot/src/share/vm/runtime/sharedRuntime.cpp, line 605]
Event: 2.267 Thread 0x000000400800f000 Exception <a 'java/security/PrivilegedActionException'> (0x00000000fb8146c0) thrown at [/build/openjdk-8-8u171-b11/src/hotspot/src/share/vm/prims/jvm.cpp, line 1435]
Event: 2.267 Thread 0x000000400800f000 Exception <a 'java/security/PrivilegedActionException'> (0x00000000fb814ab8) thrown at [/build/openjdk-8-8u171-b11/src/hotspot/src/share/vm/prims/jvm.cpp, line 1435]
Event: 2.269 Thread 0x000000400800f000 Exception <a 'java/security/PrivilegedActionException'> (0x00000000fb81ec38) thrown at [/build/openjdk-8-8u171-b11/src/hotspot/src/share/vm/prims/jvm.cpp, line 1435]
Event: 2.269 Thread 0x000000400800f000 Exception <a 'java/security/PrivilegedActionException'> (0x00000000fb81f030) thrown at [/build/openjdk-8-8u171-b11/src/hotspot/src/share/vm/prims/jvm.cpp, line 1435]
Event: 2.659 Thread 0x000000400800f000 Exception <a 'java/lang/NoSuchFieldError': method resolution failed> (0x00000000fad04010) thrown at [/build/openjdk-8-8u171-b11/src/hotspot/src/share/vm/prims/methodHandles.cpp, line 1167]
Event: 2.663 Thread 0x000000400800f000 Exception <a 'java/lang/NoSuchFieldError': method resolution failed> (0x00000000fad11700) thrown at [/build/openjdk-8-8u171-b11/src/hotspot/src/share/vm/prims/methodHandles.cpp, line 1167]

Events (10 events):
Event: 2.753 loading class java/lang/AssertionStatusDirectives done
Event: 2.762 Thread 0x000000400800f000 Uncommon trap: trap_request=0xffffff65 fr.pc=0x000000400d461ef0
Event: 2.762 Thread 0x000000400800f000 DEOPT PACKING pc=0x000000400d461ef0 sp=0x0000004004106fd0
Event: 2.762 Thread 0x000000400800f000 DEOPT UNPACKING pc=0x000000400d1fc47a sp=0x0000004004106f68 mode 2
Event: 2.763 Thread 0x000000400800f000 Uncommon trap: trap_request=0xffffff65 fr.pc=0x000000400d4bedd4
Event: 2.763 Thread 0x000000400800f000 DEOPT PACKING pc=0x000000400d4bedd4 sp=0x00000040041070b0
Event: 2.763 Thread 0x000000400800f000 DEOPT UNPACKING pc=0x000000400d1fc47a sp=0x0000004004106fe0 mode 2
Event: 2.764 Thread 0x000000400800f000 Uncommon trap: trap_request=0xffffff65 fr.pc=0x000000400d4b34f4
Event: 2.764 Thread 0x000000400800f000 DEOPT PACKING pc=0x000000400d4b34f4 sp=0x0000004004107020
Event: 2.764 Thread 0x000000400800f000 DEOPT UNPACKING pc=0x000000400d1fc47a sp=0x0000004004106fd0 mode 2


Dynamic libraries:
00400000-0070c000 r-xp 00000000 fe:01 1310747                            /usr/bin/qemu-x86_64
0071c000-0076c000 rw-p 0030c000 fe:01 1310747                            /usr/bin/qemu-x86_64
0076c000-00792000 rw-p 00000000 00:00 0 
28541000-286a2000 rw-p 00000000 00:00 0                                  [heap]
f0000000-f1580000 rw-p 00000000 00:00 0 
f1580000-fab00000 ---p 00000000 00:00 0 
fab00000-fcf00000 rw-p 00000000 00:00 0 
fcf00000-100000000 ---p 00000000 00:00 0 
100000000-100140000 rw-p 00000000 00:00 0 
100140000-140000000 ---p 00000000 00:00 0 
4000000000-4000001000 r-xp 00000000 fe:01 528212                         /usr/lib/jvm/java-8-openjdk-amd64/jre/bin/java
4000001000-4000200000 ---p 00000000 00:00 0 
4000200000-4000201000 r--p 00000000 fe:01 528212                         /usr/lib/jvm/java-8-openjdk-amd64/jre/bin/java
4000201000-4000202000 rw-p 00001000 fe:01 528212                         /usr/lib/jvm/java-8-openjdk-amd64/jre/bin/java
4000202000-4000223000 rw-p 00000000 00:00 0 
4001202000-4001203000 ---p 00000000 00:00 0 
4001203000-4001a03000 rw-p 00000000 00:00 0 
4001a03000-4001a26000 r-xp 00000000 fe:01 3282912                        /lib/x86_64-linux-gnu/ld-2.24.so
4001a26000-4001c26000 ---p 00000000 00:00 0 
4001c26000-4001c27000 r--p 00023000 fe:01 3282912                        /lib/x86_64-linux-gnu/ld-2.24.so
4001c27000-4001c28000 rw-p 00024000 fe:01 3282912                        /lib/x86_64-linux-gnu/ld-2.24.so
4001c28000-4001c2e000 rw-p 00000000 00:00 0 
4001c34000-4001c4c000 r-xp 00000000 fe:01 3282993                        /lib/x86_64-linux-gnu/libpthread-2.24.so
4001c4c000-4001e4b000 ---p 00018000 fe:01 3282993                        /lib/x86_64-linux-gnu/libpthread-2.24.so
4001e4b000-4001e4c000 r--p 00017000 fe:01 3282993                        /lib/x86_64-linux-gnu/libpthread-2.24.so
4001e4c000-4001e4d000 rw-p 00018000 fe:01 3282993                        /lib/x86_64-linux-gnu/libpthread-2.24.so
4001e4d000-4001e51000 rw-p 00000000 00:00 0 
4001e51000-4001e6a000 r-xp 00000000 fe:01 3283018                        /lib/x86_64-linux-gnu/libz.so.1.2.8
4001e6a000-4002069000 ---p 00019000 fe:01 3283018                        /lib/x86_64-linux-gnu/libz.so.1.2.8
4002069000-400206a000 r--p 00018000 fe:01 3283018                        /lib/x86_64-linux-gnu/libz.so.1.2.8
400206a000-400206b000 rw-p 00019000 fe:01 3283018                        /lib/x86_64-linux-gnu/libz.so.1.2.8
400206b000-4002078000 r-xp 00000000 fe:01 528227                         /usr/lib/jvm/java-8-openjdk-amd64/jre/lib/amd64/jli/libjli.so
4002078000-4002278000 ---p 0000d000 fe:01 528227                         /usr/lib/jvm/java-8-openjdk-amd64/jre/lib/amd64/jli/libjli.so
4002278000-4002279000 r--p 0000d000 fe:01 528227                         /usr/lib/jvm/java-8-openjdk-amd64/jre/lib/amd64/jli/libjli.so
4002279000-400227a000 rw-p 0000e000 fe:01 528227                         /usr/lib/jvm/java-8-openjdk-amd64/jre/lib/amd64/jli/libjli.so
400227a000-400227d000 r-xp 00000000 fe:01 3282942                        /lib/x86_64-linux-gnu/libdl-2.24.so
400227d000-400247c000 ---p 00003000 fe:01 3282942                        /lib/x86_64-linux-gnu/libdl-2.24.so
400247c000-400247d000 r--p 00002000 fe:01 3282942                        /lib/x86_64-linux-gnu/libdl-2.24.so
400247d000-400247e000 rw-p 00003000 fe:01 3282942                        /lib/x86_64-linux-gnu/libdl-2.24.so
400247e000-4002613000 r-xp 00000000 fe:01 3282930                        /lib/x86_64-linux-gnu/libc-2.24.so
4002613000-4002813000 ---p 00195000 fe:01 3282930                        /lib/x86_64-linux-gnu/libc-2.24.so
4002813000-4002817000 r--p 00195000 fe:01 3282930                        /lib/x86_64-linux-gnu/libc-2.24.so
4002817000-4002819000 rw-p 00199000 fe:01 3282930                        /lib/x86_64-linux-gnu/libc-2.24.so
4002819000-400281f000 rw-p 00000000 00:00 0 
400281f000-4003479000 r-xp 00000000 fe:01 528269                         /usr/lib/jvm/java-8-openjdk-amd64/jre/lib/amd64/server/libjvm.so
4003479000-4003678000 ---p 00c5a000 fe:01 528269                         /usr/lib/jvm/java-8-openjdk-amd64/jre/lib/amd64/server/libjvm.so
4003678000-400370c000 r--p 00c59000 fe:01 528269                         /usr/lib/jvm/java-8-openjdk-amd64/jre/lib/amd64/server/libjvm.so
400370c000-4003735000 rw-p 00ced000 fe:01 528269                         /usr/lib/jvm/java-8-openjdk-amd64/jre/lib/amd64/server/libjvm.so
4003735000-4003765000 rw-p 00000000 00:00 0 
400376b000-40038dd000 r-xp 00000000 fe:01 3283716                        /usr/lib/x86_64-linux-gnu/libstdc++.so.6.0.22
40038dd000-4003add000 ---p 00172000 fe:01 3283716                        /usr/lib/x86_64-linux-gnu/libstdc++.so.6.0.22
4003add000-4003ae7000 r--p 00172000 fe:01 3283716                        /usr/lib/x86_64-linux-gnu/libstdc++.so.6.0.22
4003ae7000-4003ae9000 rw-p 0017c000 fe:01 3283716                        /usr/lib/x86_64-linux-gnu/libstdc++.so.6.0.22
4003ae9000-4003aed000 rw-p 00000000 00:00 0 
4003aed000-4003bf0000 r-xp 00000000 fe:01 3282959                        /lib/x86_64-linux-gnu/libm-2.24.so
4003bf0000-4003def000 ---p 00103000 fe:01 3282959                        /lib/x86_64-linux-gnu/libm-2.24.so
4003def000-4003df0000 r--p 00102000 fe:01 3282959                        /lib/x86_64-linux-gnu/libm-2.24.so
4003df0000-4003df1000 rw-p 00103000 fe:01 3282959                        /lib/x86_64-linux-gnu/libm-2.24.so
4003df1000-4003e07000 r-xp 00000000 fe:01 3282950                        /lib/x86_64-linux-gnu/libgcc_s.so.1
4003e07000-4004006000 ---p 00016000 fe:01 3282950                        /lib/x86_64-linux-gnu/libgcc_s.so.1
4004006000-4004007000 r--p 00015000 fe:01 3282950                        /lib/x86_64-linux-gnu/libgcc_s.so.1
4004007000-4004008000 rw-p 00016000 fe:01 3282950                        /lib/x86_64-linux-gnu/libgcc_s.so.1
4004008000-400400b000 ---p 00000000 00:00 0 
400400b000-4004109000 rw-p 00000000 00:00 0 
4008000000-4008996000 rw-p 00000000 00:00 0 
4008996000-400c000000 ---p 00000000 00:00 0 
400c10f000-400c116000 r-xp 00000000 fe:01 3282997                        /lib/x86_64-linux-gnu/librt-2.24.so
400c116000-400c315000 ---p 00007000 fe:01 3282997                        /lib/x86_64-linux-gnu/librt-2.24.so
400c315000-400c316000 r--p 00006000 fe:01 3282997                        /lib/x86_64-linux-gnu/librt-2.24.so
400c316000-400c317000 rw-p 00007000 fe:01 3282997                        /lib/x86_64-linux-gnu/librt-2.24.so
400c317000-400c326000 r-xp 00000000 fe:01 528263                         /usr/lib/jvm/java-8-openjdk-amd64/jre/lib/amd64/libverify.so
400c326000-400c526000 ---p 0000f000 fe:01 528263                         /usr/lib/jvm/java-8-openjdk-amd64/jre/lib/amd64/libverify.so
400c526000-400c528000 r--p 0000f000 fe:01 528263                         /usr/lib/jvm/java-8-openjdk-amd64/jre/lib/amd64/libverify.so
400c528000-400c529000 rw-p 00011000 fe:01 528263                         /usr/lib/jvm/java-8-openjdk-amd64/jre/lib/amd64/libverify.so
400c529000-400c556000 r-xp 00000000 fe:01 528243                         /usr/lib/jvm/java-8-openjdk-amd64/jre/lib/amd64/libjava.so
400c556000-400c756000 ---p 0002d000 fe:01 528243                         /usr/lib/jvm/java-8-openjdk-amd64/jre/lib/amd64/libjava.so
400c756000-400c757000 r--p 0002d000 fe:01 528243                         /usr/lib/jvm/java-8-openjdk-amd64/jre/lib/amd64/libjava.so
400c757000-400c759000 rw-p 0002e000 fe:01 528243                         /usr/lib/jvm/java-8-openjdk-amd64/jre/lib/amd64/libjava.so
400c759000-400c75a000 r--p 00000000 00:00 0 
400c75a000-400c75b000 rw-p 00000000 00:00 0 
400c761000-400c768000 r-xp 00000000 fe:01 3282972                        /lib/x86_64-linux-gnu/libnss_compat-2.24.so
400c768000-400c967000 ---p 00007000 fe:01 3282972                        /lib/x86_64-linux-gnu/libnss_compat-2.24.so
400c967000-400c968000 r--p 00006000 fe:01 3282972                        /lib/x86_64-linux-gnu/libnss_compat-2.24.so
400c968000-400c969000 rw-p 00007000 fe:01 3282972                        /lib/x86_64-linux-gnu/libnss_compat-2.24.so
400c969000-400c97d000 r-xp 00000000 fe:01 3282970                        /lib/x86_64-linux-gnu/libnsl-2.24.so
400c97d000-400cb7d000 ---p 00014000 fe:01 3282970                        /lib/x86_64-linux-gnu/libnsl-2.24.so
400cb7d000-400cb7e000 r--p 00014000 fe:01 3282970                        /lib/x86_64-linux-gnu/libnsl-2.24.so
400cb7e000-400cb7f000 rw-p 00015000 fe:01 3282970                        /lib/x86_64-linux-gnu/libnsl-2.24.so
400cb7f000-400cb81000 rw-p 00000000 00:00 0 
400cb87000-400cb92000 r-xp 00000000 fe:01 3282980                        /lib/x86_64-linux-gnu/libnss_nis-2.24.so
400cb92000-400cd91000 ---p 0000b000 fe:01 3282980                        /lib/x86_64-linux-gnu/libnss_nis-2.24.so
400cd91000-400cd92000 r--p 0000a000 fe:01 3282980                        /lib/x86_64-linux-gnu/libnss_nis-2.24.so
400cd92000-400cd93000 rw-p 0000b000 fe:01 3282980                        /lib/x86_64-linux-gnu/libnss_nis-2.24.so
400cd93000-400cd9d000 r-xp 00000000 fe:01 3282976                        /lib/x86_64-linux-gnu/libnss_files-2.24.so
400cd9d000-400cf9d000 ---p 0000a000 fe:01 3282976                        /lib/x86_64-linux-gnu/libnss_files-2.24.so
400cf9d000-400cf9e000 r--p 0000a000 fe:01 3282976                        /lib/x86_64-linux-gnu/libnss_files-2.24.so
400cf9e000-400cf9f000 rw-p 0000b000 fe:01 3282976                        /lib/x86_64-linux-gnu/libnss_files-2.24.so
400cf9f000-400cfa5000 rw-p 00000000 00:00 0 
400cfa6000-400cfae000 rw-s 00000000 fe:01 137539                         /tmp/hsperfdata_root/80
400cfae000-400cfb6000 r-xp 00000000 fe:01 528264                         /usr/lib/jvm/java-8-openjdk-amd64/jre/lib/amd64/libzip.so
400cfb6000-400d1b5000 ---p 00008000 fe:01 528264                         /usr/lib/jvm/java-8-openjdk-amd64/jre/lib/amd64/libzip.so
400d1b5000-400d1b6000 r--p 00007000 fe:01 528264                         /usr/lib/jvm/java-8-openjdk-amd64/jre/lib/amd64/libzip.so
400d1b6000-400d1b7000 rw-p 00008000 fe:01 528264                         /usr/lib/jvm/java-8-openjdk-amd64/jre/lib/amd64/libzip.so
400d1b7000-400d1b8000 r-xp 00000000 00:00 0 
400d1b8000-400d1bc000 rwxp 00000000 00:00 0 
400d1bc000-400d1bd000 r-xp 00000000 00:00 0 
400d1bd000-400d1be000 rwxp 00000000 00:00 0 
400d1be000-400d1c1000 r-xp 00000000 00:00 0 
400d1c1000-400d1c3000 rwxp 00000000 00:00 0 
400d1c3000-400d1c4000 r-xp 00000000 00:00 0 
400d1c4000-400d1c8000 rwxp 00000000 00:00 0 
400d1c8000-400d1cd000 r-xp 00000000 00:00 0 
400d1cd000-400d1ce000 rwxp 00000000 00:00 0 
400d1ce000-400d1e0000 r-xp 00000000 00:00 0 
400d1e0000-400d1fc000 rwxp 00000000 00:00 0 
400d1fc000-400d1ff000 r-xp 00000000 00:00 0 
400d1ff000-400d204000 rwxp 00000000 00:00 0 
400d204000-400d20a000 r-xp 00000000 00:00 0 
400d20a000-400d20b000 rwxp 00000000 00:00 0 
400d20b000-400d20c000 r-xp 00000000 00:00 0 
400d20c000-400d20e000 rwxp 00000000 00:00 0 
400d20e000-400d211000 r-xp 00000000 00:00 0 
400d211000-400d218000 rwxp 00000000 00:00 0 
400d218000-400d21e000 r-xp 00000000 00:00 0 
400d21e000-400d220000 rwxp 00000000 00:00 0 
400d220000-400d223000 r-xp 00000000 00:00 0 
400d223000-400d2b0000 rwxp 00000000 00:00 0 
400d2b0000-400d2b3000 r-xp 00000000 00:00 0 
400d2b3000-400d2ba000 rwxp 00000000 00:00 0 
400d2ba000-400d2c1000 r-xp 00000000 00:00 0 
400d2c1000-400d2c2000 rwxp 00000000 00:00 0 
400d2c2000-400d2c3000 r-xp 00000000 00:00 0 
400d2c3000-400d2c9000 rwxp 00000000 00:00 0 
400d2c9000-400d2ca000 r-xp 00000000 00:00 0 
400d2ca000-400d2cd000 rwxp 00000000 00:00 0 
400d2cd000-400d2d2000 r-xp 00000000 00:00 0 
400d2d2000-400d2d3000 rwxp 00000000 00:00 0 
400d2d3000-400d2d8000 r-xp 00000000 00:00 0 
400d2d8000-400d2d9000 rwxp 00000000 00:00 0 
400d2d9000-400d2dd000 r-xp 00000000 00:00 0 
400d2dd000-400d2de000 rwxp 00000000 00:00 0 
400d2de000-400d2e2000 r-xp 00000000 00:00 0 
400d2e2000-400d2e3000 rwxp 00000000 00:00 0 
400d2e3000-400d2e4000 r-xp 00000000 00:00 0 
400d2e4000-400d2e6000 rwxp 00000000 00:00 0 
400d2e6000-400d2e9000 r-xp 00000000 00:00 0 
400d2e9000-400d2eb000 rwxp 00000000 00:00 0 
400d2eb000-400d2ec000 r-xp 00000000 00:00 0 
400d2ec000-400d2ed000 rwxp 00000000 00:00 0 
400d2ed000-400d2f1000 r-xp 00000000 00:00 0 
400d2f1000-400d2f6000 rwxp 00000000 00:00 0 
400d2f6000-400d2f9000 r-xp 00000000 00:00 0 
400d2f9000-400d2fb000 rwxp 00000000 00:00 0 
400d2fb000-400d312000 r-xp 00000000 00:00 0 
400d312000-400d313000 rwxp 00000000 00:00 0 
400d313000-400d314000 r-xp 00000000 00:00 0 
400d314000-400d315000 rwxp 00000000 00:00 0 
400d315000-400d316000 r-xp 00000000 00:00 0 
400d316000-400d318000 rwxp 00000000 00:00 0 
400d318000-400d319000 r-xp 00000000 00:00 0 
400d319000-400d31a000 rwxp 00000000 00:00 0 
400d31a000-400d31c000 r-xp 00000000 00:00 0 
400d31c000-400d31f000 rwxp 00000000 00:00 0 
400d31f000-400d320000 r-xp 00000000 00:00 0 
400d320000-400d321000 rwxp 00000000 00:00 0 
400d321000-400d322000 r-xp 00000000 00:00 0 
400d322000-400d327000 rwxp 00000000 00:00 0 
400d327000-400d32d000 r-xp 00000000 00:00 0 
400d32d000-400d32e000 rwxp 00000000 00:00 0 
400d32e000-400d337000 r-xp 00000000 00:00 0 
400d337000-400d338000 rwxp 00000000 00:00 0 
400d338000-400d343000 r-xp 00000000 00:00 0 
400d343000-400d345000 rwxp 00000000 00:00 0 
400d345000-400d346000 r-xp 00000000 00:00 0 
400d346000-400d348000 rwxp 00000000 00:00 0 
400d348000-400d351000 r-xp 00000000 00:00 0 
400d351000-400d352000 rwxp 00000000 00:00 0 
400d352000-400d359000 r-xp 00000000 00:00 0 
400d359000-400d35b000 rwxp 00000000 00:00 0 
400d35b000-400d36a000 r-xp 00000000 00:00 0 
400d36a000-400d36c000 rwxp 00000000 00:00 0 
400d36c000-400d36d000 r-xp 00000000 00:00 0 
400d36d000-400d372000 rwxp 00000000 00:00 0 
400d372000-400d378000 r-xp 00000000 00:00 0 
400d378000-400d379000 rwxp 00000000 00:00 0 
400d379000-400d37f000 r-xp 00000000 00:00 0 
400d37f000-400d381000 rwxp 00000000 00:00 0 
400d381000-400d382000 r-xp 00000000 00:00 0 
400d382000-400d383000 rwxp 00000000 00:00 0 
400d383000-400d384000 r-xp 00000000 00:00 0 
400d384000-400d385000 rwxp 00000000 00:00 0 
400d385000-400d386000 r-xp 00000000 00:00 0 
400d386000-400d394000 rwxp 00000000 00:00 0 
400d394000-400d395000 r-xp 00000000 00:00 0 
400d395000-400d397000 rwxp 00000000 00:00 0 
400d397000-400d39e000 r-xp 00000000 00:00 0 
400d39e000-400d3a2000 rwxp 00000000 00:00 0 
400d3a2000-400d3a4000 r-xp 00000000 00:00 0 
400d3a4000-400d3a6000 rwxp 00000000 00:00 0 
400d3a6000-400d3b5000 r-xp 00000000 00:00 0 
400d3b5000-400d3b6000 rwxp 00000000 00:00 0 
400d3b6000-400d3bb000 r-xp 00000000 00:00 0 
400d3bb000-400d3bc000 rwxp 00000000 00:00 0 
400d3bc000-400d3be000 r-xp 00000000 00:00 0 
400d3be000-400d3bf000 rwxp 00000000 00:00 0 
400d3bf000-400d3c2000 r-xp 00000000 00:00 0 
400d3c2000-400d3c4000 rwxp 00000000 00:00 0 
400d3c4000-400d3c8000 r-xp 00000000 00:00 0 
400d3c8000-400d3c9000 rwxp 00000000 00:00 0 
400d3c9000-400d3d1000 r-xp 00000000 00:00 0 
400d3d1000-400d3d2000 rwxp 00000000 00:00 0 
400d3d2000-400d3d4000 r-xp 00000000 00:00 0 
400d3d4000-400d3d5000 rwxp 00000000 00:00 0 
400d3d5000-400d3e3000 r-xp 00000000 00:00 0 
400d3e3000-400d3e4000 rwxp 00000000 00:00 0 
400d3e4000-400d3e9000 r-xp 00000000 00:00 0 
400d3e9000-400d3ea000 rwxp 00000000 00:00 0 
400d3ea000-400d404000 r-xp 00000000 00:00 0 
400d404000-400d405000 rwxp 00000000 00:00 0 
400d405000-400d407000 r-xp 00000000 00:00 0 
400d407000-400d40a000 rwxp 00000000 00:00 0 
400d40a000-400d40e000 r-xp 00000000 00:00 0 
400d40e000-400d40f000 rwxp 00000000 00:00 0 
400d40f000-400d412000 r-xp 00000000 00:00 0 
400d412000-400d414000 rwxp 00000000 00:00 0 
400d414000-400d415000 r-xp 00000000 00:00 0 
400d415000-400d416000 rwxp 00000000 00:00 0 
400d416000-400d417000 r-xp 00000000 00:00 0 
400d417000-400d418000 rwxp 00000000 00:00 0 
400d418000-400d420000 r-xp 00000000 00:00 0 
400d420000-400d421000 rwxp 00000000 00:00 0 
400d421000-400d42e000 r-xp 00000000 00:00 0 
400d42e000-400d430000 rwxp 00000000 00:00 0 
400d430000-400d437000 r-xp 00000000 00:00 0 
400d437000-400d439000 rwxp 00000000 00:00 0 
400d439000-400d43b000 r-xp 00000000 00:00 0 
400d43b000-400d43d000 rwxp 00000000 00:00 0 
400d43d000-400d43e000 r-xp 00000000 00:00 0 
400d43e000-400d440000 rwxp 00000000 00:00 0 
400d440000-400d441000 r-xp 00000000 00:00 0 
400d441000-400d445000 rwxp 00000000 00:00 0 
400d445000-400d446000 r-xp 00000000 00:00 0 
400d446000-400d44c000 rwxp 00000000 00:00 0 
400d44c000-400d44e000 r-xp 00000000 00:00 0 
400d44e000-400d45b000 rwxp 00000000 00:00 0 
400d45b000-400d460000 r-xp 00000000 00:00 0 
400d460000-400d461000 rwxp 00000000 00:00 0 
400d461000-400d465000 r-xp 00000000 00:00 0 
400d465000-400d466000 rwxp 00000000 00:00 0 
400d466000-400d469000 r-xp 00000000 00:00 0 
400d469000-400d46a000 rwxp 00000000 00:00 0 
400d46a000-400d46f000 r-xp 00000000 00:00 0 
400d46f000-400d478000 rwxp 00000000 00:00 0 
400d478000-400d479000 r-xp 00000000 00:00 0 
400d479000-400d47a000 rwxp 00000000 00:00 0 
400d47a000-400d47c000 r-xp 00000000 00:00 0 
400d47c000-400d47d000 rwxp 00000000 00:00 0 
400d47d000-400d47f000 r-xp 00000000 00:00 0 
400d47f000-400d483000 rwxp 00000000 00:00 0 
400d483000-400d486000 r-xp 00000000 00:00 0 
400d486000-400d487000 rwxp 00000000 00:00 0 
400d487000-400d49e000 r-xp 00000000 00:00 0 
400d49e000-400d49f000 rwxp 00000000 00:00 0 
400d49f000-400d4a2000 r-xp 00000000 00:00 0 
400d4a2000-400d4a3000 rwxp 00000000 00:00 0 
400d4a3000-400d4aa000 r-xp 00000000 00:00 0 
400d4aa000-400d4ac000 rwxp 00000000 00:00 0 
400d4ac000-400d4b1000 r-xp 00000000 00:00 0 
400d4b1000-400d4b2000 rwxp 00000000 00:00 0 
400d4b2000-400d4b3000 r-xp 00000000 00:00 0 
400d4b3000-400d4bc000 rwxp 00000000 00:00 0 
400d4bc000-400d4ca000 r-xp 00000000 00:00 0 
400d4ca000-400d4e7000 rwxp 00000000 00:00 0 
400d4e7000-401c1b7000 ---p 00000000 00:00 0 
401c1b7000-401c1c4000 rw-p 00000000 00:00 0 
401c1c4000-401c577000 ---p 00000000 00:00 0 
401c577000-401c582000 rw-p 00000000 00:00 0 
401c582000-401c5cc000 ---p 00000000 00:00 0 
401c5cc000-401c5df000 rw-p 00000000 00:00 0 
401c5df000-401c5f7000 ---p 00000000 00:00 0 
401c5f7000-401c603000 rw-p 00000000 00:00 0 
401c603000-401c64e000 ---p 00000000 00:00 0 
401c64e000-401c64f000 ---p 00000000 00:00 0 
401c64f000-401c74f000 rw-p 00000000 00:00 0 
401c74f000-401c750000 ---p 00000000 00:00 0 
401c750000-401c850000 rw-p 00000000 00:00 0 
401c850000-401c851000 ---p 00000000 00:00 0 
401c851000-401c951000 rw-p 00000000 00:00 0 
401c951000-401c952000 ---p 00000000 00:00 0 
401c952000-401ca52000 rw-p 00000000 00:00 0 
4020000000-4020021000 rw-p 00000000 00:00 0 
4020021000-4024000000 ---p 00000000 00:00 0 
4028000000-4028021000 rw-p 00000000 00:00 0 
4028021000-402c000000 ---p 00000000 00:00 0 
4030000000-4030021000 rw-p 00000000 00:00 0 
4030021000-4034000000 ---p 00000000 00:00 0 
4038000000-4038021000 rw-p 00000000 00:00 0 
4038021000-403c000000 ---p 00000000 00:00 0 
403ca52000-403dad7000 rw-p 00000000 00:00 0 
403dad7000-403dbd0000 rw-p 00000000 00:00 0 
403dbd0000-403dd9f000 r--s 03c2f000 fe:01 528323                         /usr/lib/jvm/java-8-openjdk-amd64/jre/lib/rt.jar
403dd9f000-403eda1000 rw-p 00000000 00:00 0 
403eda1000-403eda2000 ---p 00000000 00:00 0 
403eda2000-403eea2000 rw-p 00000000 00:00 0 
4040000000-4040021000 rw-p 00000000 00:00 0 
4040021000-4044000000 ---p 00000000 00:00 0 
4046ea2000-4046ea5000 ---p 00000000 00:00 0 
4046ea5000-4046fa3000 rw-p 00000000 00:00 0 
4048000000-4048021000 rw-p 00000000 00:00 0 
4048021000-404c000000 ---p 00000000 00:00 0 
404efa3000-404efa6000 ---p 00000000 00:00 0 
404efa6000-404f0a4000 rw-p 00000000 00:00 0 
4050000000-4050021000 rw-p 00000000 00:00 0 
4050021000-4054000000 ---p 00000000 00:00 0 
40570a4000-40570a5000 r--p 00000000 fe:01 3283400                        /usr/lib/locale/C.UTF-8/LC_IDENTIFICATION
40570a5000-40570ac000 r--s 00000000 fe:01 3283686                        /usr/lib/x86_64-linux-gnu/gconv/gconv-modules.cache
40570ac000-40570ad000 r--p 00000000 fe:01 3283401                        /usr/lib/locale/C.UTF-8/LC_MEASUREMENT
40570ad000-40570ae000 r--p 00000000 fe:01 3283408                        /usr/lib/locale/C.UTF-8/LC_TELEPHONE
40570ae000-40570af000 r--p 00000000 fe:01 3283397                        /usr/lib/locale/C.UTF-8/LC_ADDRESS
40570af000-40570b0000 r--p 00000000 fe:01 3283405                        /usr/lib/locale/C.UTF-8/LC_NAME
40570b0000-40570b1000 r--p 00000000 fe:01 3283407                        /usr/lib/locale/C.UTF-8/LC_PAPER
40570b1000-40570b2000 r--p 00000000 fe:01 3283403                        /usr/lib/locale/C.UTF-8/LC_MESSAGES/SYS_LC_MESSAGES
40570b2000-40570b3000 r--p 00000000 fe:01 3283404                        /usr/lib/locale/C.UTF-8/LC_MONETARY
40570b3000-4057226000 r--p 00000000 fe:01 3283398                        /usr/lib/locale/C.UTF-8/LC_COLLATE
4057226000-4057227000 r--p 00000000 fe:01 3283409                        /usr/lib/locale/C.UTF-8/LC_TIME
4057227000-4057228000 r--p 00000000 fe:01 3283406                        /usr/lib/locale/C.UTF-8/LC_NUMERIC
4057228000-4057259000 r--p 00000000 fe:01 3283399                        /usr/lib/locale/C.UTF-8/LC_CTYPE
405725a000-405725d000 ---p 00000000 00:00 0 
405725d000-405735b000 rw-p 00000000 00:00 0 
4058000000-4058021000 rw-p 00000000 00:00 0 
4058021000-405c000000 ---p 00000000 00:00 0 
405f35b000-405f35e000 ---p 00000000 00:00 0 
405f35e000-405f45c000 rw-p 00000000 00:00 0 
4060000000-406028a000 rw-p 00000000 00:00 0 
406028a000-4064000000 ---p 00000000 00:00 0 
406745c000-406745f000 ---p 00000000 00:00 0 
406745f000-406755d000 rw-p 00000000 00:00 0 
4068000000-4068298000 rw-p 00000000 00:00 0 
4068298000-406c000000 ---p 00000000 00:00 0 
406f55d000-406f560000 ---p 00000000 00:00 0 
406f560000-406f65e000 rw-p 00000000 00:00 0 
4070000000-4070217000 rw-p 00000000 00:00 0 
4070217000-4074000000 ---p 00000000 00:00 0 
407765e000-4077661000 ---p 00000000 00:00 0 
4077661000-407775f000 rw-p 00000000 00:00 0 
4078000000-4078021000 rw-p 00000000 00:00 0 
4078021000-407c000000 ---p 00000000 00:00 0 
407f75f000-407f760000 ---p 00000000 00:00 0 
407f760000-407f860000 rw-p 00000000 00:00 0 
4080000000-4080021000 rw-p 00000000 00:00 0 
4080021000-4084000000 ---p 00000000 00:00 0 
4087860000-4087863000 r--s 00038000 fe:01 528292                         /usr/lib/jvm/java-8-openjdk-amd64/jre/lib/ext/sunpkcs11.jar
4087863000-4087865000 r--s 00008000 fe:01 528290                         /usr/lib/jvm/java-8-openjdk-amd64/jre/lib/ext/sunec.jar
4087865000-4087880000 r--s 00394000 fe:01 528282                         /usr/lib/jvm/java-8-openjdk-amd64/jre/lib/ext/cldrdata.jar
4087880000-4087882000 r--s 00001000 fe:01 528283                         /usr/lib/jvm/java-8-openjdk-amd64/jre/lib/ext/dnsns.jar
4087882000-4087888000 r--s 0003b000 fe:01 528291                         /usr/lib/jvm/java-8-openjdk-amd64/jre/lib/ext/sunjce_provider.jar
4087888000-4087889000 r--s 00010000 fe:01 528293                         /usr/lib/jvm/java-8-openjdk-amd64/jre/lib/ext/zipfs.jar
4087889000-408788b000 r--s 00007000 fe:01 535915                         /usr/share/java/java-atk-wrapper.jar
408788b000-4087895000 r--s 00116000 fe:01 528288                         /usr/lib/jvm/java-8-openjdk-amd64/jre/lib/ext/localedata.jar
4087895000-4087896000 r--s 0000a000 fe:01 528285                         /usr/lib/jvm/java-8-openjdk-amd64/jre/lib/ext/jaccess.jar
4087896000-4087899000 r--s 0000f000 fe:01 528284                         /usr/lib/jvm/java-8-openjdk-amd64/jre/lib/ext/icedtea-sound.jar
4087899000-40878b4000 r--s 001d6000 fe:01 528289                         /usr/lib/jvm/java-8-openjdk-amd64/jre/lib/ext/nashorn.jar
40878b4000-40878c6000 r--s 00156000 fe:01 140361                         /usr/local/tomcat/webapps/ROOT/WEB-INF/lib/poi-ooxml-3.17-beta1.jar
40878c6000-40878c9000 r--s 00460000 fe:01 140333                         /usr/local/tomcat/webapps/ROOT/WEB-INF/lib/lucene-analyzers-kuromoji-4.10.4.jar
40878c9000-40878cd000 r--s 00038000 fe:01 140368                         /usr/local/tomcat/webapps/ROOT/WEB-INF/lib/rome-1.5.1.jar
40878cd000-40878cf000 r--s 0000c000 fe:01 140258                         /usr/local/tomcat/webapps/ROOT/WEB-INF/lib/asm-5.0.4.jar
40878cf000-40878d4000 r--s 0004b000 fe:01 140349                         /usr/local/tomcat/webapps/ROOT/WEB-INF/lib/org.apache.servicemix.bundles.dom4j-1.6.1_5.jar
40878d4000-40878e3000 r--s 000f2000 fe:01 140383                         /usr/local/tomcat/webapps/ROOT/WEB-INF/lib/tika-parsers-1.16.jar
40878e3000-40878e7000 r--s 000dc000 fe:01 140320                         /usr/local/tomcat/webapps/ROOT/WEB-INF/lib/jna-4.1.0.jar
40878e7000-40879a2000 r--s 004e9000 fe:01 140362                         /usr/local/tomcat/webapps/ROOT/WEB-INF/lib/poi-ooxml-schemas-3.17-beta1.jar
40879a2000-40879a7000 r--s 00044000 fe:01 140316                         /usr/local/tomcat/webapps/ROOT/WEB-INF/lib/jdom2-2.0.4.jar
40879a7000-40879a9000 r--s 00005000 fe:01 140379                         /usr/local/tomcat/webapps/ROOT/WEB-INF/lib/stax-api-1.0.1.jar
40879a9000-40879b9000 r--s 000a8000 fe:01 140272                         /usr/local/tomcat/webapps/ROOT/WEB-INF/lib/commons-collections4-4.1.jar
40879b9000-40879bd000 r--s 0002e000 fe:01 140309                         /usr/local/tomcat/webapps/ROOT/WEB-INF/lib/javax.mail-api-1.5.6.jar
40879bd000-40879c2000 r--s 00035000 fe:01 140318                         /usr/local/tomcat/webapps/ROOT/WEB-INF/lib/jhighlight-1.0.2.jar
40879c2000-40879c9000 r--s 00163000 fe:01 140290                         /usr/local/tomcat/webapps/ROOT/WEB-INF/lib/fontbox-2.0.6.jar
40879c9000-40879cb000 r--s 00015000 fe:01 140393                         /usr/local/tomcat/webapps/ROOT/WEB-INF/lib/xpp3-1.1.3.3.jar
40879cb000-40879de000 r--s 00140000 fe:01 140363                         /usr/local/tomcat/webapps/ROOT/WEB-INF/lib/poi-scratchpad-3.17-beta1.jar
40879de000-40879e7000 r--s 0005d000 fe:01 140281                         /usr/local/tomcat/webapps/ROOT/WEB-INF/lib/commons-vfs2-2.0.jar
40879e7000-40879e8000 r--s 00005000 fe:01 140323                         /usr/local/tomcat/webapps/ROOT/WEB-INF/lib/json-simple-1.1.1.jar
40879e8000-40879f1000 r--s 00057000 fe:01 140338                         /usr/local/tomcat/webapps/ROOT/WEB-INF/lib/lucene-queryparser-4.10.4.jar
40879f1000-4087a08000 r--s 0012f000 fe:01 140283                         /usr/local/tomcat/webapps/ROOT/WEB-INF/lib/cxf-core-3.0.12.jar
4087a08000-4087a0a000 r--s 00007000 fe:01 140274                         /usr/local/tomcat/webapps/ROOT/WEB-INF/lib/commons-csv-1.0.jar
4087a0a000-4087a0c000 r--s 00006000 fe:01 140260                         /usr/local/tomcat/webapps/ROOT/WEB-INF/lib/asm-tree-5.0.3.jar
4087a0c000-4087a22000 r--s 00245000 fe:01 140355                         /usr/local/tomcat/webapps/ROOT/WEB-INF/lib/pdfbox-2.0.6.jar
4087a22000-4087a25000 r--s 00011000 fe:01 140358                         /usr/local/tomcat/webapps/ROOT/WEB-INF/lib/pegdown-1.6.0.jar
4087a25000-4087a2a000 r--s 00041000 fe:01 140278                         /usr/local/tomcat/webapps/ROOT/WEB-INF/lib/commons-lang-2.6.jar
4087a2a000-4087a2d000 r--s 00029000 fe:01 140378                         /usr/local/tomcat/webapps/ROOT/WEB-INF/lib/stax-1.2.0.jar
4087a2d000-4087a40000 r--s 00244000 fe:01 140288                         /usr/local/tomcat/webapps/ROOT/WEB-INF/lib/ecj-3.12.3.jar
4087a40000-4087a42000 r--s 0000d000 fe:01 140315                         /usr/local/tomcat/webapps/ROOT/WEB-INF/lib/jcommander-1.35.jar
4087a42000-4087a4e000 r--s 0007a000 fe:01 140372                         /usr/local/tomcat/webapps/ROOT/WEB-INF/lib/sis-metadata-0.6.jar
4087a4e000-4087a5a000 r--s 00092000 fe:01 140376                         /usr/local/tomcat/webapps/ROOT/WEB-INF/lib/sis-utility-0.6.jar
4087a5a000-4087a62000 r--s 0002d000 fe:01 140291                         /usr/local/tomcat/webapps/ROOT/WEB-INF/lib/geoapi-3.0.0.jar
4087a62000-4087a67000 r--s 0003b000 fe:01 140326                         /usr/local/tomcat/webapps/ROOT/WEB-INF/lib/jsr-275-0.9.3.jar
4087a67000-4087a6a000 r--s 0000f000 fe:01 140375                         /usr/local/tomcat/webapps/ROOT/WEB-INF/lib/sis-storage-0.6.jar
4087a6a000-4087a74000 r--s 0008c000 fe:01 140374                         /usr/local/tomcat/webapps/ROOT/WEB-INF/lib/sis-referencing-0.6.jar
4087a74000-4087a85000 r--s 004d3000 fe:01 140292                         /usr/local/tomcat/webapps/ROOT/WEB-INF/lib/grib-4.5.5.jar
4087a85000-4087a8f000 r--s 0005c000 fe:01 140327                         /usr/local/tomcat/webapps/ROOT/WEB-INF/lib/jstl-1.2.jar
4087a8f000-4087a92000 r--s 00023000 fe:01 140330                         /usr/local/tomcat/webapps/ROOT/WEB-INF/lib/junrar-0.7.jar
4087a92000-4087a96000 r--s 00014000 fe:01 140341                         /usr/local/tomcat/webapps/ROOT/WEB-INF/lib/maven-scm-api-1.4.jar
4087a96000-4087a9b000 r--s 00039000 fe:01 140359                         /usr/local/tomcat/webapps/ROOT/WEB-INF/lib/plexus-utils-1.5.6.jar
4087a9b000-4087a9e000 r--s 0000f000 fe:01 140343                         /usr/local/tomcat/webapps/ROOT/WEB-INF/lib/maven-scm-provider-svnexe-1.4.jar
4087a9e000-4087aa0000 r--s 00008000 fe:01 140342                         /usr/local/tomcat/webapps/ROOT/WEB-INF/lib/maven-scm-provider-svn-commons-1.4.jar
4087aa0000-4087aa2000 r--s 00005000 fe:01 140367                         /usr/local/tomcat/webapps/ROOT/WEB-INF/lib/regexp-1.3.jar
4087aa2000-4087ab3000 r--s 00094000 fe:01 140264                         /usr/local/tomcat/webapps/ROOT/WEB-INF/lib/bcpkix-jdk15on-1.54.jar
4087ab3000-4087ab7000 r--s 00015000 fe:01 140282                         /usr/local/tomcat/webapps/ROOT/WEB-INF/lib/curvesapi-1.04.jar
4087ab7000-4087aba000 r--s 0001b000 fe:01 140339                         /usr/local/tomcat/webapps/ROOT/WEB-INF/lib/lucene-sandbox-4.10.4.jar
4087aba000-4087abe000 r--s 0002f000 fe:01 140277                         /usr/local/tomcat/webapps/ROOT/WEB-INF/lib/commons-io-2.5.jar
4087abe000-4087ac4000 r--s 0002f000 fe:01 140337                         /usr/local/tomcat/webapps/ROOT/WEB-INF/lib/lucene-queries-4.10.4.jar
4087ac4000-4087aca000 r--s 00042000 fe:01 140324                         /usr/local/tomcat/webapps/ROOT/WEB-INF/lib/jsonic-1.3.10.jar
4087aca000-4087acc000 r--s 00006000 fe:01 140370                         /usr/local/tomcat/webapps/ROOT/WEB-INF/lib/sentiment-analysis-parser-0.1.jar
4087acc000-4087ace000 r--s 00000000 fe:01 140328                         /usr/local/tomcat/webapps/ROOT/WEB-INF/lib/jul-to-slf4j-1.7.24.jar
4087ace000-4087ad0000 r--s 00005000 fe:01 140322                         /usr/local/tomcat/webapps/ROOT/WEB-INF/lib/json-1.8.jar
4087ad0000-4087ad5000 r--s 00016000 fe:01 140389                         /usr/local/tomcat/webapps/ROOT/WEB-INF/lib/xml-apis-1.0.b2.jar
4087ad5000-4087ad7000 r--s 00009000 fe:01 140377                         /usr/local/tomcat/webapps/ROOT/WEB-INF/lib/slf4j-api-1.7.24.jar
4087ad7000-4087ad9000 r--s 00017000 fe:01 140263                         /usr/local/tomcat/webapps/ROOT/WEB-INF/lib/bcmail-jdk15on-1.54.jar
4087ad9000-4087ae0000 r--s 001f7000 fe:01 140354                         /usr/local/tomcat/webapps/ROOT/WEB-INF/lib/pdf-renderer-1.0.5.jar
4087ae0000-4087b3d000 r--s 002a2000 fe:01 140257                         /usr/local/tomcat/webapps/ROOT/WEB-INF/lib/api-all-1.0.0.jar
4087b3d000-4087b3f000 r--s 00005000 fe:01 140307                         /usr/local/tomcat/webapps/ROOT/WEB-INF/lib/javax.annotation-api-1.2.jar
4087b3f000-4087b40000 r--s 00001000 fe:01 140369                         /usr/local/tomcat/webapps/ROOT/WEB-INF/lib/rome-utils-1.5.1.jar
4087b40000-4087b44000 r--s 00019000 fe:01 140262                         /usr/local/tomcat/webapps/ROOT/WEB-INF/lib/aspectjrt-1.8.4.jar
4087b44000-4087b48000 r--s 00041000 fe:01 140304                         /usr/local/tomcat/webapps/ROOT/WEB-INF/lib/jackson-core-2.8.1.jar
4087b48000-4087b4c000 r--s 00019000 fe:01 140310                         /usr/local/tomcat/webapps/ROOT/WEB-INF/lib/javax.ws.rs-api-2.0.1.jar
4087b4c000-4087b58000 r--s 000c7000 fe:01 140302                         /usr/local/tomcat/webapps/ROOT/WEB-INF/lib/jackcess-2.1.8.jar
4087b58000-4087b59000 r--s 00008000 fe:01 140336                         /usr/local/tomcat/webapps/ROOT/WEB-INF/lib/lucene-memory-4.10.4.jar
4087b59000-4087b5b000 r--s 00010000 fe:01 140319                         /usr/local/tomcat/webapps/ROOT/WEB-INF/lib/jmatio-1.2.jar
4087b5b000-4087b5f000 r--s 0002b000 fe:01 140351                         /usr/local/tomcat/webapps/ROOT/WEB-INF/lib/owasp-java-html-sanitizer-20171016.1.jar
4087b5f000-4087b60000 r--s 00004000 fe:01 140259                         /usr/local/tomcat/webapps/ROOT/WEB-INF/lib/asm-analysis-5.0.3.jar
4087b60000-4087b6f000 r--s 001ae000 fe:01 140295                         /usr/local/tomcat/webapps/ROOT/WEB-INF/lib/h2-1.4.196.jar
4087b6f000-4087b71000 r--s 00012000 fe:01 140311                         /usr/local/tomcat/webapps/ROOT/WEB-INF/lib/jcabi-aspects-0.22.jar
4087b71000-4087b74000 r--s 00014000 fe:01 140266                         /usr/local/tomcat/webapps/ROOT/WEB-INF/lib/boilerpipe-1.1.0.jar
4087b74000-4087b7c000 r--s 000a7000 fe:01 140364                         /usr/local/tomcat/webapps/ROOT/WEB-INF/lib/postgresql-42.1.4.jar
4087b7c000-4087b7e000 r--s 00009000 fe:01 140296                         /usr/local/tomcat/webapps/ROOT/WEB-INF/lib/hamcrest-core-1.3.jar
4087b7e000-4087b82000 r--s 00026000 fe:01 140391                         /usr/local/tomcat/webapps/ROOT/WEB-INF/lib/xmlschema-core-2.2.1.jar
4087b82000-4087b85000 r--s 00019000 fe:01 140280                         /usr/local/tomcat/webapps/ROOT/WEB-INF/lib/commons-pool-1.6.jar
4087b85000-4087b96000 r--s 0018f000 fe:01 140332                         /usr/local/tomcat/webapps/ROOT/WEB-INF/lib/lucene-analyzers-common-4.10.4.jar
4087b96000-4087b9b000 r--s 00029000 fe:01 140352                         /usr/local/tomcat/webapps/ROOT/WEB-INF/lib/parboiled-core-1.1.7.jar
4087b9b000-4087b9e000 r--s 00033000 fe:01 140329                         /usr/local/tomcat/webapps/ROOT/WEB-INF/lib/juniversalchardet-1.0.3.jar
4087b9e000-4087ba1000 r--s 00017000 fe:01 140255                         /usr/local/tomcat/webapps/ROOT/WEB-INF/lib/apache-mime4j-core-0.8.1.jar
4087ba1000-4087baa000 r--s 0006f000 fe:01 140331                         /usr/local/tomcat/webapps/ROOT/WEB-INF/lib/log4j-1.2.17.jar
4087baa000-4087bb2000 r--s 0008d000 fe:01 140284                         /usr/local/tomcat/webapps/ROOT/WEB-INF/lib/cxf-rt-frontend-jaxrs-3.0.12.jar
4087bb2000-4087bb4000 r--s 0001e000 fe:01 140350                         /usr/local/tomcat/webapps/ROOT/WEB-INF/lib/org.apache.servicemix.bundles.xpp3-1.1.4c_7.jar
4087bb4000-4087bbe000 r--s 00095000 fe:01 140382                         /usr/local/tomcat/webapps/ROOT/WEB-INF/lib/tika-core-1.16.jar
4087bbe000-4087bc0000 r--s 00010000 fe:01 140353                         /usr/local/tomcat/webapps/ROOT/WEB-INF/lib/parboiled-java-1.1.7.jar
4087bc0000-4087bc4000 r--s 00012000 fe:01 140303                         /usr/local/tomcat/webapps/ROOT/WEB-INF/lib/jackcess-encrypt-2.1.2.jar
4087bc4000-4087bc7000 r--s 00024000 fe:01 140285                         /usr/local/tomcat/webapps/ROOT/WEB-INF/lib/cxf-rt-rs-client-3.0.12.jar
4087bc7000-4087bc9000 r--s 00009000 fe:01 140340                         /usr/local/tomcat/webapps/ROOT/WEB-INF/lib/markedj-1.7.0.jar
4087bc9000-4087bcb000 r--s 00003000 fe:01 140314                         /usr/local/tomcat/webapps/ROOT/WEB-INF/lib/jcl-over-slf4j-1.7.24.jar
4087bcb000-4087bd0000 r--s 00034000 fe:01 140293                         /usr/local/tomcat/webapps/ROOT/WEB-INF/lib/gson-2.8.2.jar
4087bd0000-4087bfa000 r--s 00248000 fe:01 140334                         /usr/local/tomcat/webapps/ROOT/WEB-INF/lib/lucene-core-4.10.4.jar
4087bfa000-4087c00000 r--s 00071000 fe:01 140388                         /usr/local/tomcat/webapps/ROOT/WEB-INF/lib/woodstox-core-asl-4.4.1.jar
4087c00000-4087c02000 r--s 00006000 fe:01 140287                         /usr/local/tomcat/webapps/ROOT/WEB-INF/lib/diffutils-1.2.1.jar
4087c02000-4087c04000 r--s 0000c000 fe:01 140275                         /usr/local/tomcat/webapps/ROOT/WEB-INF/lib/commons-exec-1.3.jar
4087c04000-4087c06000 r--s 0000c000 fe:01 140312                         /usr/local/tomcat/webapps/ROOT/WEB-INF/lib/jcabi-log-0.17.2.jar
4087c06000-4087c1a000 r--s 000f6000 fe:01 140347                         /usr/local/tomcat/webapps/ROOT/WEB-INF/lib/opennlp-tools-1.6.0.jar
4087c1a000-4087c1c000 r--s 00010000 fe:01 140357                         /usr/local/tomcat/webapps/ROOT/WEB-INF/lib/pdfbox-tools-2.0.6.jar
4087c1c000-4087c1e000 r--s 0000b000 fe:01 140317                         /usr/local/tomcat/webapps/ROOT/WEB-INF/lib/jempbox-1.8.13.jar
4087c1e000-4087c5c000 r--s 0025d000 fe:01 140390                         /usr/local/tomcat/webapps/ROOT/WEB-INF/lib/xmlbeans-2.6.0.jar
4087c5c000-4087c5d000 r--s 0000a000 fe:01 140261                         /usr/local/tomcat/webapps/ROOT/WEB-INF/lib/asm-util-5.0.3.jar
4087c5d000-4087c5f000 r--s 0000c000 fe:01 140373                         /usr/local/tomcat/webapps/ROOT/WEB-INF/lib/sis-netcdf-0.6.jar
4087c5f000-4087c72000 r--s 000f0000 fe:01 140301                         /usr/local/tomcat/webapps/ROOT/WEB-INF/lib/isoparser-1.1.18.jar
4087c72000-4087c75000 r--s 0001f000 fe:01 140335                         /usr/local/tomcat/webapps/ROOT/WEB-INF/lib/lucene-highlighter-4.10.4.jar
4087c75000-4087c7f000 r--s 0005b000 fe:01 140371                         /usr/local/tomcat/webapps/ROOT/WEB-INF/lib/simple-xml-2.7.1.jar
4087c7f000-4087c8c000 r--s 00093000 fe:01 140345                         /usr/local/tomcat/webapps/ROOT/WEB-INF/lib/mina-core-2.0.16.jar
4087c8c000-4087c8d000 r--s 00014000 fe:01 140305                         /usr/local/tomcat/webapps/ROOT/WEB-INF/lib/java-libpst-0.8.1.jar
4087c8d000-4087c92000 r--s 0006a000 fe:01 140348                         /usr/local/tomcat/webapps/ROOT/WEB-INF/lib/org.apache.servicemix.bundles.antlr-2.7.7_5.jar
4087c92000-4087cbe000 r--s 00266000 fe:01 140360                         /usr/local/tomcat/webapps/ROOT/WEB-INF/lib/poi-3.17-beta1.jar
4087cbe000-4087cc4000 r--s 00057000 fe:01 140344                         /usr/local/tomcat/webapps/ROOT/WEB-INF/lib/metadata-extractor-2.9.1.jar
4087cc4000-4087cc6000 r--s 0001b000 fe:01 140392                         /usr/local/tomcat/webapps/ROOT/WEB-INF/lib/xmpcore-5.1.2.jar
4087cc6000-4087cca000 r--s 0000c000 fe:01 140385                         /usr/local/tomcat/webapps/ROOT/WEB-INF/lib/validation-api-1.1.0.Final.jar
4087cca000-4087ccc000 r--s 00005000 fe:01 140387                         /usr/local/tomcat/webapps/ROOT/WEB-INF/lib/vorbis-java-tika-0.8.jar
4087ccc000-4087d14000 r--s 002d9000 fe:01 140265                         /usr/local/tomcat/webapps/ROOT/WEB-INF/lib/bcprov-jdk15on-1.54.jar
4087d14000-4087d1b000 r--s 0004a000 fe:01 140256                         /usr/local/tomcat/webapps/ROOT/WEB-INF/lib/apache-mime4j-dom-0.8.1.jar
4087d1b000-4087d1e000 r--s 0000f000 fe:01 140276                         /usr/local/tomcat/webapps/ROOT/WEB-INF/lib/commons-fileupload-1.3.3.jar
4087d1e000-4087d2b000 r--s 000aa000 fe:01 140297                         /usr/local/tomcat/webapps/ROOT/WEB-INF/lib/httpclient-4.5.3.jar
4087d2b000-4087d5a000 r--s 00226000 fe:01 140294                         /usr/local/tomcat/webapps/ROOT/WEB-INF/lib/guava-20.0.jar
4087d5a000-4087d5c000 r--s 0000e000 fe:01 140346                         /usr/local/tomcat/webapps/ROOT/WEB-INF/lib/netcdf4-4.5.5.jar
4087d5c000-4087d66000 r--s 000aa000 fe:01 140306                         /usr/local/tomcat/webapps/ROOT/WEB-INF/lib/javassist-3.21.0-GA.jar
4087d66000-4087d68000 r--s 0000e000 fe:01 140254                         /usr/local/tomcat/webapps/ROOT/WEB-INF/lib/activation-1.1.jar
4087d68000-4087d6d000 r--s 00035000 fe:01 140356                         /usr/local/tomcat/webapps/ROOT/WEB-INF/lib/pdfbox-debugger-2.0.6.jar
4087d6d000-4087d7a000 r--s 00083000 fe:01 140271                         /usr/local/tomcat/webapps/ROOT/WEB-INF/lib/commons-collections-3.2.2.jar
4087d7a000-4087d83000 r--s 00097000 fe:01 140308                         /usr/local/tomcat/webapps/ROOT/WEB-INF/lib/javax.mail-1.6.0.jar
4087d83000-4087d8a000 r--s 0003f000 fe:01 140270                         /usr/local/tomcat/webapps/ROOT/WEB-INF/lib/commons-codec-1.10.jar
4087d8a000-4087d94000 r--s 00078000 fe:01 140273                         /usr/local/tomcat/webapps/ROOT/WEB-INF/lib/commons-compress-1.14.jar
4087d94000-4087d98000 r--s 00016000 fe:01 140394                         /usr/local/tomcat/webapps/ROOT/WEB-INF/lib/xz-1.6.jar
4087d98000-4087d9a000 r--s 0000e000 fe:01 140279                         /usr/local/tomcat/webapps/ROOT/WEB-INF/lib/commons-logging-1.2.jar
4087d9a000-4087d9d000 r--s 0001b000 fe:01 140386                         /usr/local/tomcat/webapps/ROOT/WEB-INF/lib/vorbis-java-core-0.8.jar
4087d9d000-4087da3000 r--s 00050000 fe:01 140286                         /usr/local/tomcat/webapps/ROOT/WEB-INF/lib/cxf-rt-transports-http-3.0.12.jar
4087da3000-4087da7000 r--s 00024000 fe:01 140380                         /usr/local/tomcat/webapps/ROOT/WEB-INF/lib/stax2-api-3.1.4.jar
4087da7000-4087daf000 r--s 00048000 fe:01 140298                         /usr/local/tomcat/webapps/ROOT/WEB-INF/lib/httpcore-4.4.6.jar
4087daf000-4087db1000 r--s 00015000 fe:01 140381                         /usr/local/tomcat/webapps/ROOT/WEB-INF/lib/tagsoup-1.2.1.jar
4087dd5000-4087df0000 r--s 0012c000 fe:01 140289                         /usr/local/tomcat/webapps/ROOT/WEB-INF/lib/ehcache-core-2.6.2.jar
4088082000-4088142000 rw-p 00000000 00:00 0 
4088142000-4088282000 ---p 00000000 00:00 0 
ffff70000000-ffff70083000 rw-p 00000000 00:00 0 
ffff70083000-ffff74000000 ---p 00000000 00:00 0 
ffff74000000-ffff74086000 rw-p 00000000 00:00 0 
ffff74086000-ffff78000000 ---p 00000000 00:00 0 
ffff78000000-ffff78298000 rw-p 00000000 00:00 0 
ffff78298000-ffff7c000000 ---p 00000000 00:00 0 
ffff7c000000-ffff7c215000 rw-p 00000000 00:00 0 
ffff7c215000-ffff80000000 ---p 00000000 00:00 0 
ffff80000000-ffff80085000 rw-p 00000000 00:00 0 
ffff80085000-ffff84000000 ---p 00000000 00:00 0 
ffff84000000-ffff8419c000 rw-p 00000000 00:00 0 
ffff8419c000-ffff88000000 ---p 00000000 00:00 0 
ffff88000000-ffff88094000 rw-p 00000000 00:00 0 
ffff88094000-ffff8c000000 ---p 00000000 00:00 0 
ffff8c000000-ffff8c08d000 rw-p 00000000 00:00 0 
ffff8c08d000-ffff90000000 ---p 00000000 00:00 0 
ffff90000000-ffff9008f000 rw-p 00000000 00:00 0 
ffff9008f000-ffff94000000 ---p 00000000 00:00 0 
ffff94000000-ffff940b1000 rw-p 00000000 00:00 0 
ffff940b1000-ffff98000000 ---p 00000000 00:00 0 
ffff98000000-ffff9808e000 rw-p 00000000 00:00 0 
ffff9808e000-ffff9c000000 ---p 00000000 00:00 0 
ffff9c000000-ffff9c08e000 rw-p 00000000 00:00 0 
ffff9c08e000-ffffa0000000 ---p 00000000 00:00 0 
ffffa0000000-ffffa0ecd000 rw-p 00000000 00:00 0 
ffffa0ecd000-ffffa4000000 ---p 00000000 00:00 0 
ffffa4000000-ffffa4090000 rw-p 00000000 00:00 0 
ffffa4090000-ffffa8000000 ---p 00000000 00:00 0 
ffffa8000000-ffffa8021000 rw-p 00000000 00:00 0 
ffffa8021000-ffffac000000 ---p 00000000 00:00 0 
ffffacc7e000-ffffad07f000 rw-p 00000000 00:00 0 
ffffad280000-ffffad281000 ---p 00000000 00:00 0 
ffffad281000-ffffad2c1000 rw-p 00000000 00:00 0 
ffffad2c1000-ffffad2c2000 ---p 00000000 00:00 0 
ffffad2c2000-ffffad302000 rw-p 00000000 00:00 0 
ffffad302000-ffffad303000 ---p 00000000 00:00 0 
ffffad303000-ffffad343000 rw-p 00000000 00:00 0 
ffffad343000-ffffad344000 ---p 00000000 00:00 0 
ffffad344000-ffffad384000 rw-p 00000000 00:00 0 
ffffad384000-ffffad385000 ---p 00000000 00:00 0 
ffffad385000-ffffad3c5000 rw-p 00000000 00:00 0 
ffffad3c5000-ffffad3c6000 ---p 00000000 00:00 0 
ffffad3c6000-ffffad406000 rw-p 00000000 00:00 0 
ffffad406000-ffffad407000 ---p 00000000 00:00 0 
ffffad407000-ffffad447000 rw-p 00000000 00:00 0 
ffffad447000-ffffad448000 ---p 00000000 00:00 0 
ffffad448000-ffffad488000 rw-p 00000000 00:00 0 
ffffad589000-ffffad58a000 ---p 00000000 00:00 0 
ffffad58a000-ffffad5ca000 rw-p 00000000 00:00 0 
ffffad5ca000-ffffad5cb000 ---p 00000000 00:00 0 
ffffad5cb000-ffffad60b000 rw-p 00000000 00:00 0 
ffffad60b000-ffffad60c000 ---p 00000000 00:00 0 
ffffad60c000-ffffad64c000 rw-p 00000000 00:00 0 
ffffad64c000-ffffad64d000 ---p 00000000 00:00 0 
ffffad64d000-ffffad68d000 rw-p 00000000 00:00 0 
ffffad68d000-ffffad68e000 ---p 00000000 00:00 0 
ffffad68e000-ffffad6ce000 rw-p 00000000 00:00 0 
ffffad6ce000-ffffb56cd000 rwxp 00000000 00:00 0 
ffffb56cd000-ffffb56ce000 ---p 00000000 00:00 0 
ffffb570e000-ffffb570f000 ---p 00000000 00:00 0 
ffffb570f000-ffffb574f000 rw-p 00000000 00:00 0 
ffffb574f000-ffffb5750000 ---p 00000000 00:00 0 
ffffb5750000-ffffb5f50000 rw-p 00000000 00:00 0 
ffffb5f50000-ffffb5f52000 r--p 00000000 00:00 0                          [vvar]
ffffb5f52000-ffffb5f53000 r-xp 00000000 00:00 0                          [vdso]
ffffcd5b2000-ffffcd5d3000 rw-p 00000000 00:00 0                          [stack]

VM Arguments:
jvm_args: -Xmx256m 
java_command: org.support.project.knowledge.bat.KnowledgeFileClearBat
java_class_path (initial): /usr/local/tomcat/webapps/ROOT/WEB-INF/lib/poi-ooxml-3.17-beta1.jar:/usr/local/tomcat/webapps/ROOT/WEB-INF/lib/lucene-analyzers-kuromoji-4.10.4.jar:/usr/local/tomcat/webapps/ROOT/WEB-INF/lib/rome-1.5.1.jar:/usr/local/tomcat/webapps/ROOT/WEB-INF/lib/asm-5.0.4.jar:/usr/local/tomcat/webapps/ROOT/WEB-INF/lib/org.apache.servicemix.bundles.dom4j-1.6.1_5.jar:/usr/local/tomcat/webapps/ROOT/WEB-INF/lib/tika-parsers-1.16.jar:/usr/local/tomcat/webapps/ROOT/WEB-INF/lib/jna-4.1.0.jar:/usr/local/tomcat/webapps/ROOT/WEB-INF/lib/poi-ooxml-schemas-3.17-beta1.jar:/usr/local/tomcat/webapps/ROOT/WEB-INF/lib/jdom2-2.0.4.jar:/usr/local/tomcat/webapps/ROOT/WEB-INF/lib/stax-api-1.0.1.jar:/usr/local/tomcat/webapps/ROOT/WEB-INF/lib/commons-collections4-4.1.jar:/usr/local/tomcat/webapps/ROOT/WEB-INF/lib/javax.mail-api-1.5.6.jar:/usr/local/tomcat/webapps/ROOT/WEB-INF/lib/jhighlight-1.0.2.jar:/usr/local/tomcat/webapps/ROOT/WEB-INF/lib/fontbox-2.0.6.jar:/usr/local/tomcat/webapps/ROOT/WEB-INF/lib/xpp3-1.1.3.3.jar:/usr/local/tomcat/webapps/ROOT/WEB-INF/lib/poi-scratchpad-3.17-beta1.jar:/usr/local/tomcat/webapps/ROOT/WEB-INF/lib/commons-vfs2-2.0.jar:/usr/local/tomcat/webapps/ROOT/WEB-INF/lib/json-simple-1.1.1.jar:/usr/local/tomcat/webapps/ROOT/WEB-INF/lib/lucene-queryparser-4.10.4.jar:/usr/local/tomcat/webapps/ROOT/WEB-INF/lib/cxf-core-3.0.12.jar:/usr/local/tomcat/webapps/ROOT/WEB-INF/lib/commons-csv-1.0.jar:/usr/local/tomcat/webapps/ROOT/WEB-INF/lib/asm-tree-5.0.3.jar:/usr/local/tomcat/webapps/ROOT/WEB-INF/lib/pdfbox-2.0.6.jar:/usr/local/tomcat/webapps/ROOT/WEB-INF/lib/pegdown-1.6.0.jar:/usr/local/tomcat/webapps/ROOT/WEB-INF/lib/commons-lang-2.6.jar:/usr/local/tomcat/webapps/ROOT/WEB-INF/lib/stax-1.2.0.jar:/usr/local/tomcat/webapps/ROOT/WEB-INF/lib/ecj-3.12.3.jar:/usr/local/tomcat/webapps/ROOT/WEB-INF/lib/jcommander-1.35.jar:/usr/local/tomcat/webapps/ROOT/WEB-INF/lib/sis-metadata-0.6.jar:/usr/local/tomcat/webapps/ROOT/WEB-INF/lib/sis-storage-0.6.jar:/usr/local/tomcat/w
Launcher Type: SUN_STANDARD

Environment Variables:
JAVA_HOME=/docker-java-home/jre
PATH=/usr/local/tomcat/bin:/usr/local/sbin:/usr/local/bin:/usr/sbin:/usr/bin:/sbin:/bin
LD_LIBRARY_PATH=/usr/local/tomcat/native-jni-lib

Signal Handlers:
SIGSEGV: [libjvm.so+0xa71730], sa_mask[0]=11111111111111111111111111111110, sa_flags=SA_RESTART|SA_SIGINFO
SIGBUS: [libjvm.so+0xa71730], sa_mask[0]=11111111111111111111111111111110, sa_flags=SA_RESTART|SA_SIGINFO
SIGFPE: [libjvm.so+0x8ba250], sa_mask[0]=11111111111111111111111111111110, sa_flags=SA_RESTART|SA_SIGINFO
SIGPIPE: [libjvm.so+0x8ba250], sa_mask[0]=11111111111111111111111111111110, sa_flags=SA_RESTART|SA_SIGINFO
SIGXFSZ: [libjvm.so+0x8ba250], sa_mask[0]=11111111111111111111111111111110, sa_flags=SA_RESTART|SA_SIGINFO
SIGILL: [libjvm.so+0x8ba250], sa_mask[0]=11111111111111111111111111111110, sa_flags=SA_RESTART|SA_SIGINFO
SIGUSR1: SIG_DFL, sa_mask[0]=00000000000000000000000000000000, sa_flags=none
SIGUSR2: [libjvm.so+0x8ba100], sa_mask[0]=00100000000000000000000000000000, sa_flags=SA_RESTART|SA_SIGINFO
SIGHUP: [libjvm.so+0x8ba5b0], sa_mask[0]=11111111111111111111111111111110, sa_flags=SA_RESTART|SA_SIGINFO
SIGINT: [libjvm.so+0x8ba5b0], sa_mask[0]=11111111111111111111111111111110, sa_flags=SA_RESTART|SA_SIGINFO
SIGTERM: [libjvm.so+0x8ba5b0], sa_mask[0]=11111111111111111111111111111110, sa_flags=SA_RESTART|SA_SIGINFO
SIGQUIT: [libjvm.so+0x8ba5b0], sa_mask[0]=11111111111111111111111111111110, sa_flags=SA_RESTART|SA_SIGINFO


---------------  S Y S T E M  ---------------

OS:PRETTY_NAME="Debian GNU/Linux 9 (stretch)"
NAME="Debian GNU/Linux"
VERSION_ID="9"
VERSION="9 (stretch)"
ID=debian
HOME_URL="https://www.debian.org/"
SUPPORT_URL="https://www.debian.org/support"
BUG_REPORT_URL="https://bugs.debian.org/"

uname:Linux 5.10.25-linuxkit #1 SMP PREEMPT Tue Mar 23 09:24:45 UTC 2021 x86_64
libc:glibc 2.24 NPTL 2.24 
rlimit: STACK 8192k, CORE 0k, NPROC infinity, NOFILE 1048576, AS infinity
load average:0.62 0.33 0.13

/proc/meminfo:
MemTotal:        2036732 kB
MemFree:           32432 kB
MemAvailable:     393040 kB
Buffers:           35492 kB
Cached:           736256 kB
SwapCached:         3896 kB
Active:           263308 kB
Inactive:        1585164 kB
Active(anon):      71456 kB
Inactive(anon):  1397168 kB
Active(file):     191852 kB
Inactive(file):   187996 kB
Unevictable:           0 kB
Mlocked:               0 kB
SwapTotal:       1048572 kB
SwapFree:        1034124 kB
Dirty:                44 kB
Writeback:             0 kB
AnonPages:       1069548 kB
Mapped:           220900 kB
Shmem:            399048 kB
KReclaimable:      70872 kB
Slab:             112212 kB
SReclaimable:      70872 kB
SUnreclaim:        41340 kB
KernelStack:        8912 kB
PageTables:         6740 kB
NFS_Unstable:          0 kB
Bounce:                0 kB
WritebackTmp:          0 kB
CommitLimit:     2066936 kB
Committed_AS:    5491592 kB
VmallocTotal:   135290159040 kB
VmallocUsed:        9956 kB
VmallocChunk:          0 kB
Percpu:             1856 kB
AnonHugePages:    202752 kB
ShmemHugePages:        0 kB
ShmemPmdMapped:        0 kB
FileHugePages:         0 kB
FilePmdMapped:         0 kB
HugePages_Total:       0
HugePages_Free:        0
HugePages_Rsvd:        0
HugePages_Surp:        0
Hugepagesize:       2048 kB
Hugetlb:               0 kB


CPU:total 4 (initial active 4) (1 cores per cpu, 1 threads per core) family 6 model 6 stepping 3, cmov, cx8, fxsr, mmx, sse, sse2, sse3, ssse3, sse4.1, sse4.2, popcnt, aes, clmul, erms, mmxext, 3dnowpref, lzcnt, tsc, bmi1

/proc/cpuinfo:
processor	: 0
BogoMIPS	: 48.00
Features	: fp asimd evtstrm aes pmull sha1 sha2 crc32 atomics fphp asimdhp cpuid asimdrdm jscvt fcma lrcpc dcpop sha3 asimddp sha512 asimdfhm dit uscat ilrcpc flagm sb paca pacg dcpodp flagm2 frint
CPU implementer	: 0x00
CPU architecture: 8
CPU variant	: 0x0
CPU part	: 0x000
CPU revision	: 0

processor	: 1
BogoMIPS	: 48.00
Features	: fp asimd evtstrm aes pmull sha1 sha2 crc32 atomics fphp asimdhp cpuid asimdrdm jscvt fcma lrcpc dcpop sha3 asimddp sha512 asimdfhm dit uscat ilrcpc flagm sb paca pacg dcpodp flagm2 frint
CPU implementer	: 0x00
CPU architecture: 8
CPU variant	: 0x0
CPU part	: 0x000
CPU revision	: 0

processor	: 2
BogoMIPS	: 48.00
Features	: fp asimd evtstrm aes pmull sha1 sha2 crc32 atomics fphp asimdhp cpuid asimdrdm jscvt fcma lrcpc dcpop sha3 asimddp sha512 asimdfhm dit uscat ilrcpc flagm sb paca pacg dcpodp flagm2 frint
CPU implementer	: 0x00
CPU architecture: 8
CPU variant	: 0x0
CPU part	: 0x000
CPU revision	: 0

processor	: 3
BogoMIPS	: 48.00
Features	: fp asimd evtstrm aes pmull sha1 sha2 crc32 atomics fphp asimdhp cpuid asimdrdm jscvt fcma lrcpc dcpop sha3 asimddp sha512 asimdfhm dit uscat ilrcpc flagm sb paca pacg dcpodp flagm2 frint
CPU implementer	: 0x00
CPU architecture: 8
CPU variant	: 0x0
CPU part	: 0x000
CPU revision	: 0



Memory: 4k page, physical 2036732k(32680k free), swap 1048572k(1034124k free)

vm_info: OpenJDK 64-Bit Server VM (25.171-b11) for linux-amd64 JRE (1.8.0_171-8u171-b11-1~deb9u1-b11), built on Apr 27 2018 14:37:13 by "pbuilder" with gcc 6.3.0 20170516

time: Sat May 14 10:26:14 2022
elapsed time: 4 seconds (0d 0h 0m 4s)

