#
# A fatal error has been detected by the Java Runtime Environment:
#
#  SIGSEGV (0xb) at pc=0x000000400d40b480, pid=716, tid=0x0000004004108700
#
# JRE version: OpenJDK Runtime Environment (8.0_171-b11) (build 1.8.0_171-8u171-b11-1~deb9u1-b11)
# Java VM: OpenJDK 64-Bit Server VM (25.171-b11 mixed mode linux-amd64 compressed oops)
# Problematic frame:
# J 532 C1 java.util.HashMap.getNode(ILjava/lang/Object;)Ljava/util/HashMap$Node; (148 bytes) @ 0x000000400d40b480 [0x000000400d40b460+0x20]
#
# Failed to write core dump. Core dumps have been disabled. To enable core dumping, try "ulimit -c unlimited" before starting Java again
#
# If you would like to submit a bug report, please visit:
#   http://bugreport.java.com/bugreport/crash.jsp
#

---------------  T H R E A D  ---------------

Current thread (0x000000400800f000):  JavaThread "main" [_thread_in_Java, id=719, stack(0x0000004004008000,0x0000004004109000)]

siginfo: si_signo: 11 (SIGSEGV), si_code: 1 (SEGV_MAPERR), si_addr: 0x000002405e5fa13e

Registers:
RAX=0x000000009ce997d6, RBX=0x000000403dded3c0, RCX=0x00000000f5dde470, RDX=0x000000009ce90b3f
RSP=0x0000004004103da8, RBP=0x0000004004104190, RSI=0x00000000f6be78c0, RDI=0x000000009ce90b3f
R8 =0x000000403e17d920, R9 =0x00000000f5ddd8a0, R10=0x000000010001b1f8, R11=0x000000400d3ba260
R12=0x0000000000000000, R13=0x000000400d42fb44, R14=0x0000004004103ec8, R15=0x000000400800f000
RIP=0x000000400d40b480, EFLAGS=0x0000000000000202, CSGSFS=0x002b000000000033, ERR=0x0000000000000006
  TRAPNO=0xffffffffffffffff

Top of Stack: (sp=0x0000004004103da8)
0x0000004004103da8:   000000400d40af84 00000000f6b46f88
0x0000004004103db8:   0000000000000bbe 00000000f5ddc600
0x0000004004103dc8:   00000000f6b1f518 0000000000000019
0x0000004004103dd8:   00000000f6b1f518 00000000f5a880f0
0x0000004004103de8:   00000000f5ddc238 00000000f6be78c0
0x0000004004103df8:   00000000f5dde470 00000000f6b1f390
0x0000004004103e08:   000000400d1beffd 0000004004104190
0x0000004004103e18:   000000400d43ba34 000000403dda1801
0x0000004004103e28:   0000004004103e68 000000403dda1a98
0x0000004004103e38:   0000000000000000 000000403dda1810
0x0000004004103e48:   0000000000000000 0000004004103eb0
0x0000004004103e58:   000000400d1bed80 000000400d1bed80
0x0000004004103e68:   0000000000000000 0000004004103e70
0x0000004004103e78:   000000403ddc294f 0000004004103ec8
0x0000004004103e88:   000000403ddc3158 0000000000000000
0x0000004004103e98:   000000403ddc2998 0000000000000000
0x0000004004103ea8:   0000004004103ed0 0000004004104190
0x0000004004103eb8:   0000004002573966 00000000f6b12b08
0x0000004004103ec8:   00000000f5dde470 00000000f6be78c0
0x0000004004103ed8:   00000040030dbdce 0000000000005c36
0x0000004004103ee8:   0000000000000019 00000000f6be78c0
0x0000004004103ef8:   fbd7697ad5384800 0000004004104190
0x0000004004103f08:   000000400d400484 00000000f5ddba70
0x0000004004103f18:   0000007300000000 00000000f5ddb990
0x0000004004103f28:   0000002b0000002c 000000000000002c
0x0000004004103f38:   0000004004103f80 00000000f5ddbad8
0x0000004004103f48:   000000400d353036 00000000f6b1f390
0x0000004004103f58:   000000400d3fd874 00000000f6b1f4c8
0x0000004004103f68:   0000004008946690 00000000f5ddb778
0x0000004004103f78:   0000000000000000 00000000e101e9f8
0x0000004004103f88:   0000004000000073 00000000f5ddb778
0x0000004004103f98:   000000400d36d348 00000000f5ddb8f0 

Instructions: (pc=0x000000400d40b480)
0x000000400d40b460:   44 8b 56 08 49 c1 e2 03 4c 3b d0 0f 85 2f 17 df
0x000000400d40b470:   ff 0f 1f 84 00 00 00 00 00 0f 1f 80 00 00 00 00
0x000000400d40b480:   e9 9b 0b db ff fe ff 55 48 83 ec 50 89 54 24 28
0x000000400d40b490:   48 89 4c 24 30 48 bf 60 78 d7 3d 40 00 00 00 8b 

Register to memory mapping:

RAX=0x000000009ce997d6 is an unknown value
RBX=0x000000403dded3c0 is pointing into metadata
RCX=0x00000000f5dde470 is an oop
java.security.CodeSource 
 - klass: 'java/security/CodeSource'
RDX=0x000000009ce90b3f is an unknown value
RSP=0x0000004004103da8 is pointing into the stack for thread: 0x000000400800f000
RBP=0x0000004004104190 is pointing into the stack for thread: 0x000000400800f000
RSI=0x00000000f6be78c0 is an oop
java.util.HashMap 
 - klass: 'java/util/HashMap'
RDI=0x000000009ce90b3f is an unknown value
R8 =0x000000403e17d920 is pointing into metadata
R9 =0x00000000f5ddd8a0 is an oop
[B 
 - klass: {type array byte}
 - length: 3004
R10=0x000000010001b1f8 is pointing into metadata
R11=0x000000400d3ba260 is at entry_point+0 in (nmethod*)0x000000400d3ba110
R12=0x0000000000000000 is an unknown value
R13=0x000000400d42fb44 is at entry_point+260 in (nmethod*)0x000000400d42f8d0
R14=0x0000004004103ec8 is pointing into the stack for thread: 0x000000400800f000
R15=0x000000400800f000 is a thread


Stack: [0x0000004004008000,0x0000004004109000],  sp=0x0000004004103da8,  free space=1007k
Native frames: (J=compiled Java code, j=interpreted, Vv=VM code, C=native code)
J 532 C1 java.util.HashMap.getNode(ILjava/lang/Object;)Ljava/util/HashMap$Node; (148 bytes) @ 0x000000400d40b480 [0x000000400d40b460+0x20]
C  0x00000000f6b1f390


---------------  P R O C E S S  ---------------

Java Threads: ( => current thread )
  0x00000040080ef800 JavaThread "Service Thread" daemon [_thread_blocked, id=731, stack(0x0000004077f35000,0x0000004078036000)]
  0x00000040080c2800 JavaThread "C1 CompilerThread2" daemon [_thread_blocked, id=730, stack(0x000000406fe34000,0x000000406ff35000)]
  0x00000040080c0800 JavaThread "C2 CompilerThread1" daemon [_thread_blocked, id=729, stack(0x0000004067d33000,0x0000004067e34000)]
  0x00000040080be000 JavaThread "C2 CompilerThread0" daemon [_thread_blocked, id=728, stack(0x000000405fc32000,0x000000405fd33000)]
  0x00000040080bc000 JavaThread "Signal Dispatcher" daemon [_thread_blocked, id=727, stack(0x0000004057b31000,0x0000004057c32000)]
  0x0000004008088800 JavaThread "Finalizer" daemon [_thread_blocked, id=726, stack(0x000000404f87a000,0x000000404f97b000)]
  0x0000004008084000 JavaThread "Reference Handler" daemon [_thread_blocked, id=725, stack(0x0000004047779000,0x000000404787a000)]
=>0x000000400800f000 JavaThread "main" [_thread_in_Java, id=719, stack(0x0000004004008000,0x0000004004109000)]

Other Threads:
  0x000000400807c800 VMThread [stack: 0x000000403f678000,0x000000403f779000] [id=724]
  0x0000004008102000 WatcherThread [stack: 0x0000004080036000,0x0000004080137000] [id=732]

VM state:not at safepoint (normal execution)

VM Mutex/Monitor currently owned by a thread: None

Heap:
 PSYoungGen      total 18432K, used 5251K [0x00000000f5a00000, 0x00000000f7e00000, 0x0000000100000000)
  eden space 17408K, 24% used [0x00000000f5a00000,0x00000000f5e26520,0x00000000f6b00000)
  from space 1024K, 97% used [0x00000000f6b00000,0x00000000f6bfa9c0,0x00000000f6c00000)
  to   space 1024K, 0% used [0x00000000f7d00000,0x00000000f7d00000,0x00000000f7e00000)
 ParOldGen       total 22016K, used 3673K [0x00000000e0e00000, 0x00000000e2380000, 0x00000000f5a00000)
  object space 22016K, 16% used [0x00000000e0e00000,0x00000000e1196410,0x00000000e2380000)
 Metaspace       used 9614K, capacity 9786K, committed 9984K, reserved 1058816K
  class space    used 1096K, capacity 1169K, committed 1280K, reserved 1048576K

Card table byte_map: [0x000000401c577000,0x000000401c671000] byte_map_base: 0x000000401be70000

Marking Bits: (ParMarkBitMap*) 0x0000004003748320
 Begin Bits: [0x000000403cb1b000, 0x000000403d2e3000)
 End Bits:   [0x000000403d2e3000, 0x000000403daab000)

Polling page: 0x000000400c759000

CodeCache: size=245760Kb used=3120Kb max_used=3132Kb free=242639Kb
 bounds [0x000000400d1b7000, 0x000000400d4d7000, 0x000000401c1b7000]
 total_blobs=1113 nmethods=804 adapters=225
 compilation: enabled

Compilation events (10 events):
Event: 2.512 Thread 0x00000040080c2800  802       3       java.util.ArrayList::grow (45 bytes)
Event: 2.513 Thread 0x00000040080c2800 nmethod 802 0x000000400d4b8ad0 code [0x000000400d4b8c80, 0x000000400d4b9158]
Event: 2.513 Thread 0x00000040080c2800  794       3       java.lang.invoke.MemberName::isResolved (13 bytes)
Event: 2.513 Thread 0x00000040080c2800 nmethod 794 0x000000400d4b8750 code [0x000000400d4b88c0, 0x000000400d4b8a70]
Event: 2.513 Thread 0x00000040080c2800  793       3       java.lang.invoke.MethodType::parameterCount (6 bytes)
Event: 2.514 Thread 0x00000040080c2800 nmethod 793 0x000000400d4b83d0 code [0x000000400d4b8540, 0x000000400d4b8690]
Event: 2.514 Thread 0x00000040080c2800  803       1       java.lang.invoke.LambdaForm::arity (5 bytes)
Event: 2.514 Thread 0x00000040080c2800 nmethod 803 0x000000400d4b8110 code [0x000000400d4b8260, 0x000000400d4b8370]
Event: 2.522 Thread 0x00000040080be000  804       4       java.util.HashMap::getNode (148 bytes)
Event: 2.530 Thread 0x00000040080be000 nmethod 804 0x000000400d4c7350 code [0x000000400d4c74c0, 0x000000400d4c7718]

GC Heap History (6 events):
Event: 1.246 GC heap before
{Heap before GC invocations=1 (full 0):
 PSYoungGen      total 9728K, used 8704K [0x00000000f5a00000, 0x00000000f6480000, 0x0000000100000000)
  eden space 8704K, 100% used [0x00000000f5a00000,0x00000000f6280000,0x00000000f6280000)
  from space 1024K, 0% used [0x00000000f6380000,0x00000000f6380000,0x00000000f6480000)
  to   space 1024K, 0% used [0x00000000f6280000,0x00000000f6280000,0x00000000f6380000)
 ParOldGen       total 22016K, used 0K [0x00000000e0e00000, 0x00000000e2380000, 0x00000000f5a00000)
  object space 22016K, 0% used [0x00000000e0e00000,0x00000000e0e00000,0x00000000e2380000)
 Metaspace       used 4947K, capacity 5008K, committed 5248K, reserved 1056768K
  class space    used 544K, capacity 560K, committed 640K, reserved 1048576K
Event: 1.262 GC heap after
Heap after GC invocations=1 (full 0):
 PSYoungGen      total 9728K, used 1016K [0x00000000f5a00000, 0x00000000f6d00000, 0x0000000100000000)
  eden space 8704K, 0% used [0x00000000f5a00000,0x00000000f5a00000,0x00000000f6280000)
  from space 1024K, 99% used [0x00000000f6280000,0x00000000f637e0f8,0x00000000f6380000)
  to   space 1024K, 0% used [0x00000000f6c00000,0x00000000f6c00000,0x00000000f6d00000)
 ParOldGen       total 22016K, used 1214K [0x00000000e0e00000, 0x00000000e2380000, 0x00000000f5a00000)
  object space 22016K, 5% used [0x00000000e0e00000,0x00000000e0f2fac8,0x00000000e2380000)
 Metaspace       used 4947K, capacity 5008K, committed 5248K, reserved 1056768K
  class space    used 544K, capacity 560K, committed 640K, reserved 1048576K
}
Event: 1.649 GC heap before
{Heap before GC invocations=2 (full 0):
 PSYoungGen      total 9728K, used 9720K [0x00000000f5a00000, 0x00000000f6d00000, 0x0000000100000000)
  eden space 8704K, 100% used [0x00000000f5a00000,0x00000000f6280000,0x00000000f6280000)
  from space 1024K, 99% used [0x00000000f6280000,0x00000000f637e0f8,0x00000000f6380000)
  to   space 1024K, 0% used [0x00000000f6c00000,0x00000000f6c00000,0x00000000f6d00000)
 ParOldGen       total 22016K, used 1214K [0x00000000e0e00000, 0x00000000e2380000, 0x00000000f5a00000)
  object space 22016K, 5% used [0x00000000e0e00000,0x00000000e0f2fac8,0x00000000e2380000)
 Metaspace       used 6579K, capacity 6704K, committed 7040K, reserved 1056768K
  class space    used 746K, capacity 784K, committed 896K, reserved 1048576K
Event: 1.655 GC heap after
Heap after GC invocations=2 (full 0):
 PSYoungGen      total 18432K, used 1018K [0x00000000f5a00000, 0x00000000f6d00000, 0x0000000100000000)
  eden space 17408K, 0% used [0x00000000f5a00000,0x00000000f5a00000,0x00000000f6b00000)
  from space 1024K, 99% used [0x00000000f6c00000,0x00000000f6cfe9d0,0x00000000f6d00000)
  to   space 1024K, 0% used [0x00000000f6b00000,0x00000000f6b00000,0x00000000f6c00000)
 ParOldGen       total 22016K, used 2061K [0x00000000e0e00000, 0x00000000e2380000, 0x00000000f5a00000)
  object space 22016K, 9% used [0x00000000e0e00000,0x00000000e1003508,0x00000000e2380000)
 Metaspace       used 6579K, capacity 6704K, committed 7040K, reserved 1056768K
  class space    used 746K, capacity 784K, committed 896K, reserved 1048576K
}
Event: 2.309 GC heap before
{Heap before GC invocations=3 (full 0):
 PSYoungGen      total 18432K, used 18426K [0x00000000f5a00000, 0x00000000f6d00000, 0x0000000100000000)
  eden space 17408K, 100% used [0x00000000f5a00000,0x00000000f6b00000,0x00000000f6b00000)
  from space 1024K, 99% used [0x00000000f6c00000,0x00000000f6cfe9d0,0x00000000f6d00000)
  to   space 1024K, 0% used [0x00000000f6b00000,0x00000000f6b00000,0x00000000f6c00000)
 ParOldGen       total 22016K, used 2061K [0x00000000e0e00000, 0x00000000e2380000, 0x00000000f5a00000)
  object space 22016K, 9% used [0x00000000e0e00000,0x00000000e1003508,0x00000000e2380000)
 Metaspace       used 8625K, capacity 8732K, committed 8960K, reserved 1056768K
  class space    used 991K, capacity 1010K, committed 1024K, reserved 1048576K
Event: 2.314 GC heap after
Heap after GC invocations=3 (full 0):
 PSYoungGen      total 18432K, used 1002K [0x00000000f5a00000, 0x00000000f7e00000, 0x0000000100000000)
  eden space 17408K, 0% used [0x00000000f5a00000,0x00000000f5a00000,0x00000000f6b00000)
  from space 1024K, 97% used [0x00000000f6b00000,0x00000000f6bfa9c0,0x00000000f6c00000)
  to   space 1024K, 0% used [0x00000000f7d00000,0x00000000f7d00000,0x00000000f7e00000)
 ParOldGen       total 22016K, used 3673K [0x00000000e0e00000, 0x00000000e2380000, 0x00000000f5a00000)
  object space 22016K, 16% used [0x00000000e0e00000,0x00000000e1196410,0x00000000e2380000)
 Metaspace       used 8625K, capacity 8732K, committed 8960K, reserved 1056768K
  class space    used 991K, capacity 1010K, committed 1024K, reserved 1048576K
}

Deoptimization events (9 events):
Event: 0.891 Thread 0x000000400800f000 Uncommon trap: reason=unstable_if action=reinterpret pc=0x000000400d2d2430 method=java.lang.String.hashCode()I @ 14
Event: 1.563 Thread 0x000000400800f000 Uncommon trap: reason=bimorphic action=maybe_recompile pc=0x000000400d39e654 method=java.util.HashMap.getNode(ILjava/lang/Object;)Ljava/util/HashMap$Node; @ 126
Event: 1.564 Thread 0x000000400800f000 Uncommon trap: reason=bimorphic action=maybe_recompile pc=0x000000400d39e654 method=java.util.HashMap.getNode(ILjava/lang/Object;)Ljava/util/HashMap$Node; @ 126
Event: 1.564 Thread 0x000000400800f000 Uncommon trap: reason=bimorphic action=maybe_recompile pc=0x000000400d39e654 method=java.util.HashMap.getNode(ILjava/lang/Object;)Ljava/util/HashMap$Node; @ 126
Event: 1.573 Thread 0x000000400800f000 Uncommon trap: reason=bimorphic action=maybe_recompile pc=0x000000400d39e654 method=java.util.HashMap.getNode(ILjava/lang/Object;)Ljava/util/HashMap$Node; @ 126
Event: 2.001 Thread 0x000000400800f000 Uncommon trap: reason=unstable_if action=reinterpret pc=0x000000400d3d8a10 method=java.util.HashMap.getNode(ILjava/lang/Object;)Ljava/util/HashMap$Node; @ 62
Event: 2.003 Thread 0x000000400800f000 Uncommon trap: reason=unstable_if action=reinterpret pc=0x000000400d3b87f0 method=java.util.HashMap.getNode(ILjava/lang/Object;)Ljava/util/HashMap$Node; @ 62
Event: 2.174 Thread 0x000000400800f000 Uncommon trap: reason=unstable_if action=reinterpret pc=0x000000400d434d14 method=java.lang.String.lastIndexOf([CII[CIII)I @ 17
Event: 2.340 Thread 0x000000400800f000 Uncommon trap: reason=unstable_if action=reinterpret pc=0x000000400d3d0b10 method=java.lang.String.replace(CC)Ljava/lang/String; @ 26

Classes redefined (0 events):
No events

Internal exceptions (10 events):
Event: 1.541 Thread 0x000000400800f000 Exception <a 'java/lang/ClassNotFoundException': org/apache/log4j/PatternLayoutCustomizer> (0x00000000f5f4b138) thrown at [/build/openjdk-8-8u171-b11/src/hotspot/src/share/vm/classfile/systemDictionary.cpp, line 210]
Event: 1.674 Thread 0x000000400800f000 Exception <a 'java/security/PrivilegedActionException'> (0x00000000f5a4b0e0) thrown at [/build/openjdk-8-8u171-b11/src/hotspot/src/share/vm/prims/jvm.cpp, line 1435]
Event: 1.674 Thread 0x000000400800f000 Exception <a 'java/security/PrivilegedActionException'> (0x00000000f5a4b4d8) thrown at [/build/openjdk-8-8u171-b11/src/hotspot/src/share/vm/prims/jvm.cpp, line 1435]
Event: 2.024 Thread 0x000000400800f000 Exception <a 'java/lang/ArrayIndexOutOfBoundsException'> (0x00000000f6540658) thrown at [/build/openjdk-8-8u171-b11/src/hotspot/src/share/vm/runtime/sharedRuntime.cpp, line 605]
Event: 2.108 Thread 0x000000400800f000 Exception <a 'java/security/PrivilegedActionException'> (0x00000000f67132f8) thrown at [/build/openjdk-8-8u171-b11/src/hotspot/src/share/vm/prims/jvm.cpp, line 1435]
Event: 2.108 Thread 0x000000400800f000 Exception <a 'java/security/PrivilegedActionException'> (0x00000000f67136f0) thrown at [/build/openjdk-8-8u171-b11/src/hotspot/src/share/vm/prims/jvm.cpp, line 1435]
Event: 2.109 Thread 0x000000400800f000 Exception <a 'java/security/PrivilegedActionException'> (0x00000000f671d870) thrown at [/build/openjdk-8-8u171-b11/src/hotspot/src/share/vm/prims/jvm.cpp, line 1435]
Event: 2.109 Thread 0x000000400800f000 Exception <a 'java/security/PrivilegedActionException'> (0x00000000f671dc68) thrown at [/build/openjdk-8-8u171-b11/src/hotspot/src/share/vm/prims/jvm.cpp, line 1435]
Event: 2.469 Thread 0x000000400800f000 Exception <a 'java/lang/NoSuchFieldError': method resolution failed> (0x00000000f5bed2d0) thrown at [/build/openjdk-8-8u171-b11/src/hotspot/src/share/vm/prims/methodHandles.cpp, line 1167]
Event: 2.474 Thread 0x000000400800f000 Exception <a 'java/lang/NoSuchFieldError': method resolution failed> (0x00000000f5bfa9c0) thrown at [/build/openjdk-8-8u171-b11/src/hotspot/src/share/vm/prims/methodHandles.cpp, line 1167]

Events (10 events):
Event: 2.527 loading class javassist/bytecode/DeprecatedAttribute
Event: 2.527 loading class javassist/bytecode/DeprecatedAttribute done
Event: 2.527 loading class javassist/bytecode/EnclosingMethodAttribute
Event: 2.527 loading class javassist/bytecode/EnclosingMethodAttribute done
Event: 2.528 loading class javassist/bytecode/ExceptionsAttribute
Event: 2.528 loading class javassist/bytecode/ExceptionsAttribute done
Event: 2.529 loading class javassist/bytecode/InnerClassesAttribute
Event: 2.529 loading class javassist/bytecode/InnerClassesAttribute done
Event: 2.529 loading class javassist/bytecode/LineNumberAttribute
Event: 2.529 loading class javassist/bytecode/LineNumberAttribute done


Dynamic libraries:
00400000-0070c000 r-xp 00000000 fe:01 1310747                            /usr/bin/qemu-x86_64
0071c000-0076c000 rw-p 0030c000 fe:01 1310747                            /usr/bin/qemu-x86_64
0076c000-00792000 rw-p 00000000 00:00 0 
0193c000-01aa8000 rw-p 00000000 00:00 0                                  [heap]
e0e00000-e2380000 rw-p 00000000 00:00 0 
e2380000-f5a00000 ---p 00000000 00:00 0 
f5a00000-f7e00000 rw-p 00000000 00:00 0 
f7e00000-100000000 ---p 00000000 00:00 0 
100000000-100140000 rw-p 00000000 00:00 0 
100140000-140000000 ---p 00000000 00:00 0 
4000000000-4000001000 r-xp 00000000 fe:01 528212                         /usr/lib/jvm/java-8-openjdk-amd64/jre/bin/java
4000001000-4000200000 ---p 00000000 00:00 0 
4000200000-4000201000 r--p 00000000 fe:01 528212                         /usr/lib/jvm/java-8-openjdk-amd64/jre/bin/java
4000201000-4000202000 rw-p 00001000 fe:01 528212                         /usr/lib/jvm/java-8-openjdk-amd64/jre/bin/java
4000202000-4000223000 rw-p 00000000 00:00 0 
4001202000-4001203000 ---p 00000000 00:00 0 
4001203000-4001a03000 rw-p 00000000 00:00 0 
4001a03000-4001a26000 r-xp 00000000 fe:01 3282912                        /lib/x86_64-linux-gnu/ld-2.24.so
4001a26000-4001c26000 ---p 00000000 00:00 0 
4001c26000-4001c27000 r--p 00023000 fe:01 3282912                        /lib/x86_64-linux-gnu/ld-2.24.so
4001c27000-4001c28000 rw-p 00024000 fe:01 3282912                        /lib/x86_64-linux-gnu/ld-2.24.so
4001c28000-4001c2e000 rw-p 00000000 00:00 0 
4001c34000-4001c4c000 r-xp 00000000 fe:01 3282993                        /lib/x86_64-linux-gnu/libpthread-2.24.so
4001c4c000-4001e4b000 ---p 00018000 fe:01 3282993                        /lib/x86_64-linux-gnu/libpthread-2.24.so
4001e4b000-4001e4c000 r--p 00017000 fe:01 3282993                        /lib/x86_64-linux-gnu/libpthread-2.24.so
4001e4c000-4001e4d000 rw-p 00018000 fe:01 3282993                        /lib/x86_64-linux-gnu/libpthread-2.24.so
4001e4d000-4001e51000 rw-p 00000000 00:00 0 
4001e51000-4001e6a000 r-xp 00000000 fe:01 3283018                        /lib/x86_64-linux-gnu/libz.so.1.2.8
4001e6a000-4002069000 ---p 00019000 fe:01 3283018                        /lib/x86_64-linux-gnu/libz.so.1.2.8
4002069000-400206a000 r--p 00018000 fe:01 3283018                        /lib/x86_64-linux-gnu/libz.so.1.2.8
400206a000-400206b000 rw-p 00019000 fe:01 3283018                        /lib/x86_64-linux-gnu/libz.so.1.2.8
400206b000-4002078000 r-xp 00000000 fe:01 528227                         /usr/lib/jvm/java-8-openjdk-amd64/jre/lib/amd64/jli/libjli.so
4002078000-4002278000 ---p 0000d000 fe:01 528227                         /usr/lib/jvm/java-8-openjdk-amd64/jre/lib/amd64/jli/libjli.so
4002278000-4002279000 r--p 0000d000 fe:01 528227                         /usr/lib/jvm/java-8-openjdk-amd64/jre/lib/amd64/jli/libjli.so
4002279000-400227a000 rw-p 0000e000 fe:01 528227                         /usr/lib/jvm/java-8-openjdk-amd64/jre/lib/amd64/jli/libjli.so
400227a000-400227d000 r-xp 00000000 fe:01 3282942                        /lib/x86_64-linux-gnu/libdl-2.24.so
400227d000-400247c000 ---p 00003000 fe:01 3282942                        /lib/x86_64-linux-gnu/libdl-2.24.so
400247c000-400247d000 r--p 00002000 fe:01 3282942                        /lib/x86_64-linux-gnu/libdl-2.24.so
400247d000-400247e000 rw-p 00003000 fe:01 3282942                        /lib/x86_64-linux-gnu/libdl-2.24.so
400247e000-4002613000 r-xp 00000000 fe:01 3282930                        /lib/x86_64-linux-gnu/libc-2.24.so
4002613000-4002813000 ---p 00195000 fe:01 3282930                        /lib/x86_64-linux-gnu/libc-2.24.so
4002813000-4002817000 r--p 00195000 fe:01 3282930                        /lib/x86_64-linux-gnu/libc-2.24.so
4002817000-4002819000 rw-p 00199000 fe:01 3282930                        /lib/x86_64-linux-gnu/libc-2.24.so
4002819000-400281f000 rw-p 00000000 00:00 0 
400281f000-4003479000 r-xp 00000000 fe:01 528269                         /usr/lib/jvm/java-8-openjdk-amd64/jre/lib/amd64/server/libjvm.so
4003479000-4003678000 ---p 00c5a000 fe:01 528269                         /usr/lib/jvm/java-8-openjdk-amd64/jre/lib/amd64/server/libjvm.so
4003678000-400370c000 r--p 00c59000 fe:01 528269                         /usr/lib/jvm/java-8-openjdk-amd64/jre/lib/amd64/server/libjvm.so
400370c000-4003735000 rw-p 00ced000 fe:01 528269                         /usr/lib/jvm/java-8-openjdk-amd64/jre/lib/amd64/server/libjvm.so
4003735000-4003765000 rw-p 00000000 00:00 0 
400376b000-40038dd000 r-xp 00000000 fe:01 3283716                        /usr/lib/x86_64-linux-gnu/libstdc++.so.6.0.22
40038dd000-4003add000 ---p 00172000 fe:01 3283716                        /usr/lib/x86_64-linux-gnu/libstdc++.so.6.0.22
4003add000-4003ae7000 r--p 00172000 fe:01 3283716                        /usr/lib/x86_64-linux-gnu/libstdc++.so.6.0.22
4003ae7000-4003ae9000 rw-p 0017c000 fe:01 3283716                        /usr/lib/x86_64-linux-gnu/libstdc++.so.6.0.22
4003ae9000-4003aed000 rw-p 00000000 00:00 0 
4003aed000-4003bf0000 r-xp 00000000 fe:01 3282959                        /lib/x86_64-linux-gnu/libm-2.24.so
4003bf0000-4003def000 ---p 00103000 fe:01 3282959                        /lib/x86_64-linux-gnu/libm-2.24.so
4003def000-4003df0000 r--p 00102000 fe:01 3282959                        /lib/x86_64-linux-gnu/libm-2.24.so
4003df0000-4003df1000 rw-p 00103000 fe:01 3282959                        /lib/x86_64-linux-gnu/libm-2.24.so
4003df1000-4003e07000 r-xp 00000000 fe:01 3282950                        /lib/x86_64-linux-gnu/libgcc_s.so.1
4003e07000-4004006000 ---p 00016000 fe:01 3282950                        /lib/x86_64-linux-gnu/libgcc_s.so.1
4004006000-4004007000 r--p 00015000 fe:01 3282950                        /lib/x86_64-linux-gnu/libgcc_s.so.1
4004007000-4004008000 rw-p 00016000 fe:01 3282950                        /lib/x86_64-linux-gnu/libgcc_s.so.1
4004008000-400400b000 ---p 00000000 00:00 0 
400400b000-4004109000 rw-p 00000000 00:00 0 
4008000000-400896d000 rw-p 00000000 00:00 0 
400896d000-400c000000 ---p 00000000 00:00 0 
400c10f000-400c116000 r-xp 00000000 fe:01 3282997                        /lib/x86_64-linux-gnu/librt-2.24.so
400c116000-400c315000 ---p 00007000 fe:01 3282997                        /lib/x86_64-linux-gnu/librt-2.24.so
400c315000-400c316000 r--p 00006000 fe:01 3282997                        /lib/x86_64-linux-gnu/librt-2.24.so
400c316000-400c317000 rw-p 00007000 fe:01 3282997                        /lib/x86_64-linux-gnu/librt-2.24.so
400c317000-400c326000 r-xp 00000000 fe:01 528263                         /usr/lib/jvm/java-8-openjdk-amd64/jre/lib/amd64/libverify.so
400c326000-400c526000 ---p 0000f000 fe:01 528263                         /usr/lib/jvm/java-8-openjdk-amd64/jre/lib/amd64/libverify.so
400c526000-400c528000 r--p 0000f000 fe:01 528263                         /usr/lib/jvm/java-8-openjdk-amd64/jre/lib/amd64/libverify.so
400c528000-400c529000 rw-p 00011000 fe:01 528263                         /usr/lib/jvm/java-8-openjdk-amd64/jre/lib/amd64/libverify.so
400c529000-400c556000 r-xp 00000000 fe:01 528243                         /usr/lib/jvm/java-8-openjdk-amd64/jre/lib/amd64/libjava.so
400c556000-400c756000 ---p 0002d000 fe:01 528243                         /usr/lib/jvm/java-8-openjdk-amd64/jre/lib/amd64/libjava.so
400c756000-400c757000 r--p 0002d000 fe:01 528243                         /usr/lib/jvm/java-8-openjdk-amd64/jre/lib/amd64/libjava.so
400c757000-400c759000 rw-p 0002e000 fe:01 528243                         /usr/lib/jvm/java-8-openjdk-amd64/jre/lib/amd64/libjava.so
400c759000-400c75a000 r--p 00000000 00:00 0 
400c75a000-400c75b000 rw-p 00000000 00:00 0 
400c761000-400c768000 r-xp 00000000 fe:01 3282972                        /lib/x86_64-linux-gnu/libnss_compat-2.24.so
400c768000-400c967000 ---p 00007000 fe:01 3282972                        /lib/x86_64-linux-gnu/libnss_compat-2.24.so
400c967000-400c968000 r--p 00006000 fe:01 3282972                        /lib/x86_64-linux-gnu/libnss_compat-2.24.so
400c968000-400c969000 rw-p 00007000 fe:01 3282972                        /lib/x86_64-linux-gnu/libnss_compat-2.24.so
400c969000-400c97d000 r-xp 00000000 fe:01 3282970                        /lib/x86_64-linux-gnu/libnsl-2.24.so
400c97d000-400cb7d000 ---p 00014000 fe:01 3282970                        /lib/x86_64-linux-gnu/libnsl-2.24.so
400cb7d000-400cb7e000 r--p 00014000 fe:01 3282970                        /lib/x86_64-linux-gnu/libnsl-2.24.so
400cb7e000-400cb7f000 rw-p 00015000 fe:01 3282970                        /lib/x86_64-linux-gnu/libnsl-2.24.so
400cb7f000-400cb81000 rw-p 00000000 00:00 0 
400cb87000-400cb92000 r-xp 00000000 fe:01 3282980                        /lib/x86_64-linux-gnu/libnss_nis-2.24.so
400cb92000-400cd91000 ---p 0000b000 fe:01 3282980                        /lib/x86_64-linux-gnu/libnss_nis-2.24.so
400cd91000-400cd92000 r--p 0000a000 fe:01 3282980                        /lib/x86_64-linux-gnu/libnss_nis-2.24.so
400cd92000-400cd93000 rw-p 0000b000 fe:01 3282980                        /lib/x86_64-linux-gnu/libnss_nis-2.24.so
400cd93000-400cd9d000 r-xp 00000000 fe:01 3282976                        /lib/x86_64-linux-gnu/libnss_files-2.24.so
400cd9d000-400cf9d000 ---p 0000a000 fe:01 3282976                        /lib/x86_64-linux-gnu/libnss_files-2.24.so
400cf9d000-400cf9e000 r--p 0000a000 fe:01 3282976                        /lib/x86_64-linux-gnu/libnss_files-2.24.so
400cf9e000-400cf9f000 rw-p 0000b000 fe:01 3282976                        /lib/x86_64-linux-gnu/libnss_files-2.24.so
400cf9f000-400cfa5000 rw-p 00000000 00:00 0 
400cfa6000-400cfae000 rw-s 00000000 fe:01 3823228                        /tmp/hsperfdata_root/716
400cfae000-400cfb6000 r-xp 00000000 fe:01 528264                         /usr/lib/jvm/java-8-openjdk-amd64/jre/lib/amd64/libzip.so
400cfb6000-400d1b5000 ---p 00008000 fe:01 528264                         /usr/lib/jvm/java-8-openjdk-amd64/jre/lib/amd64/libzip.so
400d1b5000-400d1b6000 r--p 00007000 fe:01 528264                         /usr/lib/jvm/java-8-openjdk-amd64/jre/lib/amd64/libzip.so
400d1b6000-400d1b7000 rw-p 00008000 fe:01 528264                         /usr/lib/jvm/java-8-openjdk-amd64/jre/lib/amd64/libzip.so
400d1b7000-400d1b8000 r-xp 00000000 00:00 0 
400d1b8000-400d1bc000 rwxp 00000000 00:00 0 
400d1bc000-400d1bd000 r-xp 00000000 00:00 0 
400d1bd000-400d1be000 rwxp 00000000 00:00 0 
400d1be000-400d1c1000 r-xp 00000000 00:00 0 
400d1c1000-400d1c3000 rwxp 00000000 00:00 0 
400d1c3000-400d1c4000 r-xp 00000000 00:00 0 
400d1c4000-400d1c8000 rwxp 00000000 00:00 0 
400d1c8000-400d1cd000 r-xp 00000000 00:00 0 
400d1cd000-400d1ce000 rwxp 00000000 00:00 0 
400d1ce000-400d1e0000 r-xp 00000000 00:00 0 
400d1e0000-400d1fc000 rwxp 00000000 00:00 0 
400d1fc000-400d1ff000 r-xp 00000000 00:00 0 
400d1ff000-400d204000 rwxp 00000000 00:00 0 
400d204000-400d20a000 r-xp 00000000 00:00 0 
400d20a000-400d20b000 rwxp 00000000 00:00 0 
400d20b000-400d20c000 r-xp 00000000 00:00 0 
400d20c000-400d20e000 rwxp 00000000 00:00 0 
400d20e000-400d211000 r-xp 00000000 00:00 0 
400d211000-400d218000 rwxp 00000000 00:00 0 
400d218000-400d21e000 r-xp 00000000 00:00 0 
400d21e000-400d220000 rwxp 00000000 00:00 0 
400d220000-400d223000 r-xp 00000000 00:00 0 
400d223000-400d2b0000 rwxp 00000000 00:00 0 
400d2b0000-400d2b5000 r-xp 00000000 00:00 0 
400d2b5000-400d2bb000 rwxp 00000000 00:00 0 
400d2bb000-400d2c1000 r-xp 00000000 00:00 0 
400d2c1000-400d2c2000 rwxp 00000000 00:00 0 
400d2c2000-400d2c4000 r-xp 00000000 00:00 0 
400d2c4000-400d2c9000 rwxp 00000000 00:00 0 
400d2c9000-400d2ca000 r-xp 00000000 00:00 0 
400d2ca000-400d2ce000 rwxp 00000000 00:00 0 
400d2ce000-400d2db000 r-xp 00000000 00:00 0 
400d2db000-400d2dc000 rwxp 00000000 00:00 0 
400d2dc000-400d2dd000 r-xp 00000000 00:00 0 
400d2dd000-400d2df000 rwxp 00000000 00:00 0 
400d2df000-400d2e3000 r-xp 00000000 00:00 0 
400d2e3000-400d2e6000 rwxp 00000000 00:00 0 
400d2e6000-400d2e8000 r-xp 00000000 00:00 0 
400d2e8000-400d2ee000 rwxp 00000000 00:00 0 
400d2ee000-400d2f1000 r-xp 00000000 00:00 0 
400d2f1000-400d2f2000 rwxp 00000000 00:00 0 
400d2f2000-400d2f3000 r-xp 00000000 00:00 0 
400d2f3000-400d2f4000 rwxp 00000000 00:00 0 
400d2f4000-400d2f7000 r-xp 00000000 00:00 0 
400d2f7000-400d2f9000 rwxp 00000000 00:00 0 
400d2f9000-400d2fa000 r-xp 00000000 00:00 0 
400d2fa000-400d2fe000 rwxp 00000000 00:00 0 
400d2fe000-400d308000 r-xp 00000000 00:00 0 
400d308000-400d309000 rwxp 00000000 00:00 0 
400d309000-400d30a000 r-xp 00000000 00:00 0 
400d30a000-400d30b000 rwxp 00000000 00:00 0 
400d30b000-400d312000 r-xp 00000000 00:00 0 
400d312000-400d316000 rwxp 00000000 00:00 0 
400d316000-400d319000 r-xp 00000000 00:00 0 
400d319000-400d31b000 rwxp 00000000 00:00 0 
400d31b000-400d31d000 r-xp 00000000 00:00 0 
400d31d000-400d31e000 rwxp 00000000 00:00 0 
400d31e000-400d31f000 r-xp 00000000 00:00 0 
400d31f000-400d320000 rwxp 00000000 00:00 0 
400d320000-400d321000 r-xp 00000000 00:00 0 
400d321000-400d324000 rwxp 00000000 00:00 0 
400d324000-400d326000 r-xp 00000000 00:00 0 
400d326000-400d327000 rwxp 00000000 00:00 0 
400d327000-400d32b000 r-xp 00000000 00:00 0 
400d32b000-400d32c000 rwxp 00000000 00:00 0 
400d32c000-400d336000 r-xp 00000000 00:00 0 
400d336000-400d339000 rwxp 00000000 00:00 0 
400d339000-400d33a000 r-xp 00000000 00:00 0 
400d33a000-400d33b000 rwxp 00000000 00:00 0 
400d33b000-400d33d000 r-xp 00000000 00:00 0 
400d33d000-400d33f000 rwxp 00000000 00:00 0 
400d33f000-400d349000 r-xp 00000000 00:00 0 
400d349000-400d34a000 rwxp 00000000 00:00 0 
400d34a000-400d351000 r-xp 00000000 00:00 0 
400d351000-400d352000 rwxp 00000000 00:00 0 
400d352000-400d35e000 r-xp 00000000 00:00 0 
400d35e000-400d360000 rwxp 00000000 00:00 0 
400d360000-400d36e000 r-xp 00000000 00:00 0 
400d36e000-400d372000 rwxp 00000000 00:00 0 
400d372000-400d378000 r-xp 00000000 00:00 0 
400d378000-400d37b000 rwxp 00000000 00:00 0 
400d37b000-400d37d000 r-xp 00000000 00:00 0 
400d37d000-400d381000 rwxp 00000000 00:00 0 
400d381000-400d387000 r-xp 00000000 00:00 0 
400d387000-400d388000 rwxp 00000000 00:00 0 
400d388000-400d389000 r-xp 00000000 00:00 0 
400d389000-400d38b000 rwxp 00000000 00:00 0 
400d38b000-400d38d000 r-xp 00000000 00:00 0 
400d38d000-400d398000 rwxp 00000000 00:00 0 
400d398000-400d399000 r-xp 00000000 00:00 0 
400d399000-400d39a000 rwxp 00000000 00:00 0 
400d39a000-400d3a1000 r-xp 00000000 00:00 0 
400d3a1000-400d3a6000 rwxp 00000000 00:00 0 
400d3a6000-400d3a8000 r-xp 00000000 00:00 0 
400d3a8000-400d3aa000 rwxp 00000000 00:00 0 
400d3aa000-400d3ae000 r-xp 00000000 00:00 0 
400d3ae000-400d3b0000 rwxp 00000000 00:00 0 
400d3b0000-400d3b1000 r-xp 00000000 00:00 0 
400d3b1000-400d3b3000 rwxp 00000000 00:00 0 
400d3b3000-400d3bb000 r-xp 00000000 00:00 0 
400d3bb000-400d3bc000 rwxp 00000000 00:00 0 
400d3bc000-400d3bf000 r-xp 00000000 00:00 0 
400d3bf000-400d3c0000 rwxp 00000000 00:00 0 
400d3c0000-400d3c4000 r-xp 00000000 00:00 0 
400d3c4000-400d3c6000 rwxp 00000000 00:00 0 
400d3c6000-400d3c9000 r-xp 00000000 00:00 0 
400d3c9000-400d3ca000 rwxp 00000000 00:00 0 
400d3ca000-400d3db000 r-xp 00000000 00:00 0 
400d3db000-400d3dc000 rwxp 00000000 00:00 0 
400d3dc000-400d3e8000 r-xp 00000000 00:00 0 
400d3e8000-400d3e9000 rwxp 00000000 00:00 0 
400d3e9000-400d3f0000 r-xp 00000000 00:00 0 
400d3f0000-400d3f1000 rwxp 00000000 00:00 0 
400d3f1000-400d3f2000 r-xp 00000000 00:00 0 
400d3f2000-400d3f3000 rwxp 00000000 00:00 0 
400d3f3000-400d3fc000 r-xp 00000000 00:00 0 
400d3fc000-400d3fd000 rwxp 00000000 00:00 0 
400d3fd000-400d401000 r-xp 00000000 00:00 0 
400d401000-400d402000 rwxp 00000000 00:00 0 
400d402000-400d40c000 r-xp 00000000 00:00 0 
400d40c000-400d40d000 rwxp 00000000 00:00 0 
400d40d000-400d419000 r-xp 00000000 00:00 0 
400d419000-400d41c000 rwxp 00000000 00:00 0 
400d41c000-400d41e000 r-xp 00000000 00:00 0 
400d41e000-400d420000 rwxp 00000000 00:00 0 
400d420000-400d421000 r-xp 00000000 00:00 0 
400d421000-400d422000 rwxp 00000000 00:00 0 
400d422000-400d42c000 r-xp 00000000 00:00 0 
400d42c000-400d42d000 rwxp 00000000 00:00 0 
400d42d000-400d435000 r-xp 00000000 00:00 0 
400d435000-400d438000 rwxp 00000000 00:00 0 
400d438000-400d43a000 r-xp 00000000 00:00 0 
400d43a000-400d43b000 rwxp 00000000 00:00 0 
400d43b000-400d440000 r-xp 00000000 00:00 0 
400d440000-400d441000 rwxp 00000000 00:00 0 
400d441000-400d442000 r-xp 00000000 00:00 0 
400d442000-400d445000 rwxp 00000000 00:00 0 
400d445000-400d447000 r-xp 00000000 00:00 0 
400d447000-400d448000 rwxp 00000000 00:00 0 
400d448000-400d44a000 r-xp 00000000 00:00 0 
400d44a000-400d44e000 rwxp 00000000 00:00 0 
400d44e000-400d44f000 r-xp 00000000 00:00 0 
400d44f000-400d455000 rwxp 00000000 00:00 0 
400d455000-400d458000 r-xp 00000000 00:00 0 
400d458000-400d464000 rwxp 00000000 00:00 0 
400d464000-400d466000 r-xp 00000000 00:00 0 
400d466000-400d467000 rwxp 00000000 00:00 0 
400d467000-400d471000 r-xp 00000000 00:00 0 
400d471000-400d47a000 rwxp 00000000 00:00 0 
400d47a000-400d47c000 r-xp 00000000 00:00 0 
400d47c000-400d47d000 rwxp 00000000 00:00 0 
400d47d000-400d486000 r-xp 00000000 00:00 0 
400d486000-400d48b000 rwxp 00000000 00:00 0 
400d48b000-400d4b3000 r-xp 00000000 00:00 0 
400d4b3000-400d4b5000 rwxp 00000000 00:00 0 
400d4b5000-400d4b7000 r-xp 00000000 00:00 0 
400d4b7000-400d4bb000 rwxp 00000000 00:00 0 
400d4bb000-400d4bc000 r-xp 00000000 00:00 0 
400d4bc000-400d4d7000 rwxp 00000000 00:00 0 
400d4d7000-401c1b7000 ---p 00000000 00:00 0 
401c1b7000-401c1c4000 rw-p 00000000 00:00 0 
401c1c4000-401c577000 ---p 00000000 00:00 0 
401c577000-401c582000 rw-p 00000000 00:00 0 
401c582000-401c61d000 ---p 00000000 00:00 0 
401c61d000-401c62f000 rw-p 00000000 00:00 0 
401c62f000-401c670000 ---p 00000000 00:00 0 
401c670000-401c67c000 rw-p 00000000 00:00 0 
401c67c000-401c717000 ---p 00000000 00:00 0 
401c717000-401c718000 ---p 00000000 00:00 0 
401c718000-401c818000 rw-p 00000000 00:00 0 
401c818000-401c819000 ---p 00000000 00:00 0 
401c819000-401c919000 rw-p 00000000 00:00 0 
401c919000-401c91a000 ---p 00000000 00:00 0 
401c91a000-401ca1a000 rw-p 00000000 00:00 0 
401ca1a000-401ca1b000 ---p 00000000 00:00 0 
401ca1b000-401cb1b000 rw-p 00000000 00:00 0 
4020000000-4020021000 rw-p 00000000 00:00 0 
4020021000-4024000000 ---p 00000000 00:00 0 
4028000000-4028021000 rw-p 00000000 00:00 0 
4028021000-402c000000 ---p 00000000 00:00 0 
4030000000-4030021000 rw-p 00000000 00:00 0 
4030021000-4034000000 ---p 00000000 00:00 0 
4038000000-4038021000 rw-p 00000000 00:00 0 
4038021000-403c000000 ---p 00000000 00:00 0 
403cb1b000-403e3ae000 rw-p 00000000 00:00 0 
403e3ae000-403e4a7000 rw-p 00000000 00:00 0 
403e4a7000-403e676000 r--s 03c2f000 fe:01 528323                         /usr/lib/jvm/java-8-openjdk-amd64/jre/lib/rt.jar
403e676000-403f678000 rw-p 00000000 00:00 0 
403f678000-403f679000 ---p 00000000 00:00 0 
403f679000-403f779000 rw-p 00000000 00:00 0 
4040000000-4040021000 rw-p 00000000 00:00 0 
4040021000-4044000000 ---p 00000000 00:00 0 
4047779000-404777c000 ---p 00000000 00:00 0 
404777c000-404787a000 rw-p 00000000 00:00 0 
4048000000-4048021000 rw-p 00000000 00:00 0 
4048021000-404c000000 ---p 00000000 00:00 0 
404f87a000-404f87d000 ---p 00000000 00:00 0 
404f87d000-404f97b000 rw-p 00000000 00:00 0 
4050000000-4050021000 rw-p 00000000 00:00 0 
4050021000-4054000000 ---p 00000000 00:00 0 
405797b000-405797c000 r--p 00000000 fe:01 3283400                        /usr/lib/locale/C.UTF-8/LC_IDENTIFICATION
405797c000-4057983000 r--s 00000000 fe:01 3283686                        /usr/lib/x86_64-linux-gnu/gconv/gconv-modules.cache
4057983000-4057984000 r--p 00000000 fe:01 3283401                        /usr/lib/locale/C.UTF-8/LC_MEASUREMENT
4057984000-4057985000 r--p 00000000 fe:01 3283408                        /usr/lib/locale/C.UTF-8/LC_TELEPHONE
4057985000-4057986000 r--p 00000000 fe:01 3283397                        /usr/lib/locale/C.UTF-8/LC_ADDRESS
4057986000-4057987000 r--p 00000000 fe:01 3283405                        /usr/lib/locale/C.UTF-8/LC_NAME
4057987000-4057988000 r--p 00000000 fe:01 3283407                        /usr/lib/locale/C.UTF-8/LC_PAPER
4057988000-4057989000 r--p 00000000 fe:01 3283403                        /usr/lib/locale/C.UTF-8/LC_MESSAGES/SYS_LC_MESSAGES
4057989000-405798a000 r--p 00000000 fe:01 3283404                        /usr/lib/locale/C.UTF-8/LC_MONETARY
405798a000-4057afd000 r--p 00000000 fe:01 3283398                        /usr/lib/locale/C.UTF-8/LC_COLLATE
4057afd000-4057afe000 r--p 00000000 fe:01 3283409                        /usr/lib/locale/C.UTF-8/LC_TIME
4057afe000-4057aff000 r--p 00000000 fe:01 3283406                        /usr/lib/locale/C.UTF-8/LC_NUMERIC
4057aff000-4057b30000 r--p 00000000 fe:01 3283399                        /usr/lib/locale/C.UTF-8/LC_CTYPE
4057b31000-4057b34000 ---p 00000000 00:00 0 
4057b34000-4057c32000 rw-p 00000000 00:00 0 
4058000000-4058021000 rw-p 00000000 00:00 0 
4058021000-405c000000 ---p 00000000 00:00 0 
405fc32000-405fc35000 ---p 00000000 00:00 0 
405fc35000-405fd33000 rw-p 00000000 00:00 0 
4060000000-4060238000 rw-p 00000000 00:00 0 
4060238000-4064000000 ---p 00000000 00:00 0 
4067d33000-4067d36000 ---p 00000000 00:00 0 
4067d36000-4067e34000 rw-p 00000000 00:00 0 
4068000000-4068270000 rw-p 00000000 00:00 0 
4068270000-406c000000 ---p 00000000 00:00 0 
406fe34000-406fe37000 ---p 00000000 00:00 0 
406fe37000-406ff35000 rw-p 00000000 00:00 0 
4070000000-4070211000 rw-p 00000000 00:00 0 
4070211000-4074000000 ---p 00000000 00:00 0 
4077f35000-4077f38000 ---p 00000000 00:00 0 
4077f38000-4078036000 rw-p 00000000 00:00 0 
407c000000-407c021000 rw-p 00000000 00:00 0 
407c021000-4080000000 ---p 00000000 00:00 0 
4080036000-4080037000 ---p 00000000 00:00 0 
4080037000-4080137000 rw-p 00000000 00:00 0 
4084000000-4084021000 rw-p 00000000 00:00 0 
4084021000-4088000000 ---p 00000000 00:00 0 
4088137000-408813a000 r--s 00038000 fe:01 528292                         /usr/lib/jvm/java-8-openjdk-amd64/jre/lib/ext/sunpkcs11.jar
408813a000-408813c000 r--s 00008000 fe:01 528290                         /usr/lib/jvm/java-8-openjdk-amd64/jre/lib/ext/sunec.jar
408813c000-4088157000 r--s 00394000 fe:01 528282                         /usr/lib/jvm/java-8-openjdk-amd64/jre/lib/ext/cldrdata.jar
4088157000-4088159000 r--s 00001000 fe:01 528283                         /usr/lib/jvm/java-8-openjdk-amd64/jre/lib/ext/dnsns.jar
4088159000-408815f000 r--s 0003b000 fe:01 528291                         /usr/lib/jvm/java-8-openjdk-amd64/jre/lib/ext/sunjce_provider.jar
408815f000-4088160000 r--s 00010000 fe:01 528293                         /usr/lib/jvm/java-8-openjdk-amd64/jre/lib/ext/zipfs.jar
4088160000-4088162000 r--s 00007000 fe:01 535915                         /usr/share/java/java-atk-wrapper.jar
4088162000-408816c000 r--s 00116000 fe:01 528288                         /usr/lib/jvm/java-8-openjdk-amd64/jre/lib/ext/localedata.jar
408816c000-408816d000 r--s 0000a000 fe:01 528285                         /usr/lib/jvm/java-8-openjdk-amd64/jre/lib/ext/jaccess.jar
408816d000-4088170000 r--s 0000f000 fe:01 528284                         /usr/lib/jvm/java-8-openjdk-amd64/jre/lib/ext/icedtea-sound.jar
4088170000-408818b000 r--s 001d6000 fe:01 528289                         /usr/lib/jvm/java-8-openjdk-amd64/jre/lib/ext/nashorn.jar
408818b000-408819d000 r--s 00156000 fe:01 3810792                        /usr/local/tomcat/webapps/ROOT/WEB-INF/lib/poi-ooxml-3.17-beta1.jar
408819d000-40881a0000 r--s 00460000 fe:01 3810764                        /usr/local/tomcat/webapps/ROOT/WEB-INF/lib/lucene-analyzers-kuromoji-4.10.4.jar
40881a0000-40881a4000 r--s 00038000 fe:01 3810799                        /usr/local/tomcat/webapps/ROOT/WEB-INF/lib/rome-1.5.1.jar
40881a4000-40881a6000 r--s 0000c000 fe:01 3810689                        /usr/local/tomcat/webapps/ROOT/WEB-INF/lib/asm-5.0.4.jar
40881a6000-40881ab000 r--s 0004b000 fe:01 3810780                        /usr/local/tomcat/webapps/ROOT/WEB-INF/lib/org.apache.servicemix.bundles.dom4j-1.6.1_5.jar
40881ab000-40881ba000 r--s 000f2000 fe:01 3810814                        /usr/local/tomcat/webapps/ROOT/WEB-INF/lib/tika-parsers-1.16.jar
40881ba000-40881be000 r--s 000dc000 fe:01 3810751                        /usr/local/tomcat/webapps/ROOT/WEB-INF/lib/jna-4.1.0.jar
40881be000-4088279000 r--s 004e9000 fe:01 3810793                        /usr/local/tomcat/webapps/ROOT/WEB-INF/lib/poi-ooxml-schemas-3.17-beta1.jar
4088279000-408827e000 r--s 00044000 fe:01 3810747                        /usr/local/tomcat/webapps/ROOT/WEB-INF/lib/jdom2-2.0.4.jar
408827e000-4088280000 r--s 00005000 fe:01 3810810                        /usr/local/tomcat/webapps/ROOT/WEB-INF/lib/stax-api-1.0.1.jar
4088280000-4088290000 r--s 000a8000 fe:01 3810703                        /usr/local/tomcat/webapps/ROOT/WEB-INF/lib/commons-collections4-4.1.jar
4088290000-4088294000 r--s 0002e000 fe:01 3810740                        /usr/local/tomcat/webapps/ROOT/WEB-INF/lib/javax.mail-api-1.5.6.jar
4088294000-4088299000 r--s 00035000 fe:01 3810749                        /usr/local/tomcat/webapps/ROOT/WEB-INF/lib/jhighlight-1.0.2.jar
4088299000-40882a0000 r--s 00163000 fe:01 3810721                        /usr/local/tomcat/webapps/ROOT/WEB-INF/lib/fontbox-2.0.6.jar
40882a0000-40882a2000 r--s 00015000 fe:01 3810824                        /usr/local/tomcat/webapps/ROOT/WEB-INF/lib/xpp3-1.1.3.3.jar
40882a2000-40882b5000 r--s 00140000 fe:01 3810794                        /usr/local/tomcat/webapps/ROOT/WEB-INF/lib/poi-scratchpad-3.17-beta1.jar
40882b5000-40882be000 r--s 0005d000 fe:01 3810712                        /usr/local/tomcat/webapps/ROOT/WEB-INF/lib/commons-vfs2-2.0.jar
40882be000-40882bf000 r--s 00005000 fe:01 3810754                        /usr/local/tomcat/webapps/ROOT/WEB-INF/lib/json-simple-1.1.1.jar
40882bf000-40882c8000 r--s 00057000 fe:01 3810769                        /usr/local/tomcat/webapps/ROOT/WEB-INF/lib/lucene-queryparser-4.10.4.jar
40882c8000-40882df000 r--s 0012f000 fe:01 3810714                        /usr/local/tomcat/webapps/ROOT/WEB-INF/lib/cxf-core-3.0.12.jar
40882df000-40882e1000 r--s 00007000 fe:01 3810705                        /usr/local/tomcat/webapps/ROOT/WEB-INF/lib/commons-csv-1.0.jar
40882e1000-40882e3000 r--s 00006000 fe:01 3810691                        /usr/local/tomcat/webapps/ROOT/WEB-INF/lib/asm-tree-5.0.3.jar
40882e3000-40882f9000 r--s 00245000 fe:01 3810786                        /usr/local/tomcat/webapps/ROOT/WEB-INF/lib/pdfbox-2.0.6.jar
40882f9000-40882fc000 r--s 00011000 fe:01 3810789                        /usr/local/tomcat/webapps/ROOT/WEB-INF/lib/pegdown-1.6.0.jar
40882fc000-4088301000 r--s 00041000 fe:01 3810709                        /usr/local/tomcat/webapps/ROOT/WEB-INF/lib/commons-lang-2.6.jar
4088301000-4088304000 r--s 00029000 fe:01 3810809                        /usr/local/tomcat/webapps/ROOT/WEB-INF/lib/stax-1.2.0.jar
4088304000-4088317000 r--s 00244000 fe:01 3810719                        /usr/local/tomcat/webapps/ROOT/WEB-INF/lib/ecj-3.12.3.jar
4088317000-4088319000 r--s 0000d000 fe:01 3810746                        /usr/local/tomcat/webapps/ROOT/WEB-INF/lib/jcommander-1.35.jar
4088319000-4088325000 r--s 0007a000 fe:01 3810803                        /usr/local/tomcat/webapps/ROOT/WEB-INF/lib/sis-metadata-0.6.jar
4088325000-4088331000 r--s 00092000 fe:01 3810807                        /usr/local/tomcat/webapps/ROOT/WEB-INF/lib/sis-utility-0.6.jar
4088331000-4088339000 r--s 0002d000 fe:01 3810722                        /usr/local/tomcat/webapps/ROOT/WEB-INF/lib/geoapi-3.0.0.jar
4088339000-408833e000 r--s 0003b000 fe:01 3810757                        /usr/local/tomcat/webapps/ROOT/WEB-INF/lib/jsr-275-0.9.3.jar
408833e000-4088341000 r--s 0000f000 fe:01 3810806                        /usr/local/tomcat/webapps/ROOT/WEB-INF/lib/sis-storage-0.6.jar
4088341000-408834b000 r--s 0008c000 fe:01 3810805                        /usr/local/tomcat/webapps/ROOT/WEB-INF/lib/sis-referencing-0.6.jar
408834b000-408835c000 r--s 004d3000 fe:01 3810723                        /usr/local/tomcat/webapps/ROOT/WEB-INF/lib/grib-4.5.5.jar
408835c000-4088366000 r--s 0005c000 fe:01 3810758                        /usr/local/tomcat/webapps/ROOT/WEB-INF/lib/jstl-1.2.jar
4088366000-4088369000 r--s 00023000 fe:01 3810761                        /usr/local/tomcat/webapps/ROOT/WEB-INF/lib/junrar-0.7.jar
4088369000-408836d000 r--s 00014000 fe:01 3810772                        /usr/local/tomcat/webapps/ROOT/WEB-INF/lib/maven-scm-api-1.4.jar
408836d000-4088372000 r--s 00039000 fe:01 3810790                        /usr/local/tomcat/webapps/ROOT/WEB-INF/lib/plexus-utils-1.5.6.jar
4088372000-4088375000 r--s 0000f000 fe:01 3810774                        /usr/local/tomcat/webapps/ROOT/WEB-INF/lib/maven-scm-provider-svnexe-1.4.jar
4088375000-4088377000 r--s 00008000 fe:01 3810773                        /usr/local/tomcat/webapps/ROOT/WEB-INF/lib/maven-scm-provider-svn-commons-1.4.jar
4088377000-4088379000 r--s 00005000 fe:01 3810798                        /usr/local/tomcat/webapps/ROOT/WEB-INF/lib/regexp-1.3.jar
4088379000-408838a000 r--s 00094000 fe:01 3810695                        /usr/local/tomcat/webapps/ROOT/WEB-INF/lib/bcpkix-jdk15on-1.54.jar
408838a000-408838e000 r--s 00015000 fe:01 3810713                        /usr/local/tomcat/webapps/ROOT/WEB-INF/lib/curvesapi-1.04.jar
408838e000-4088391000 r--s 0001b000 fe:01 3810770                        /usr/local/tomcat/webapps/ROOT/WEB-INF/lib/lucene-sandbox-4.10.4.jar
4088391000-4088395000 r--s 0002f000 fe:01 3810708                        /usr/local/tomcat/webapps/ROOT/WEB-INF/lib/commons-io-2.5.jar
4088395000-408839b000 r--s 0002f000 fe:01 3810768                        /usr/local/tomcat/webapps/ROOT/WEB-INF/lib/lucene-queries-4.10.4.jar
408839b000-40883a1000 r--s 00042000 fe:01 3810755                        /usr/local/tomcat/webapps/ROOT/WEB-INF/lib/jsonic-1.3.10.jar
40883a1000-40883a3000 r--s 00006000 fe:01 3810801                        /usr/local/tomcat/webapps/ROOT/WEB-INF/lib/sentiment-analysis-parser-0.1.jar
40883a3000-40883a5000 r--s 00000000 fe:01 3810759                        /usr/local/tomcat/webapps/ROOT/WEB-INF/lib/jul-to-slf4j-1.7.24.jar
40883a5000-40883a7000 r--s 00005000 fe:01 3810753                        /usr/local/tomcat/webapps/ROOT/WEB-INF/lib/json-1.8.jar
40883a7000-40883ac000 r--s 00016000 fe:01 3810820                        /usr/local/tomcat/webapps/ROOT/WEB-INF/lib/xml-apis-1.0.b2.jar
40883ac000-40883ae000 r--s 00009000 fe:01 3810808                        /usr/local/tomcat/webapps/ROOT/WEB-INF/lib/slf4j-api-1.7.24.jar
40883ae000-40883b0000 r--s 00017000 fe:01 3810694                        /usr/local/tomcat/webapps/ROOT/WEB-INF/lib/bcmail-jdk15on-1.54.jar
40883b0000-40883b7000 r--s 001f7000 fe:01 3810785                        /usr/local/tomcat/webapps/ROOT/WEB-INF/lib/pdf-renderer-1.0.5.jar
40883b7000-4088414000 r--s 002a2000 fe:01 3810688                        /usr/local/tomcat/webapps/ROOT/WEB-INF/lib/api-all-1.0.0.jar
4088414000-4088416000 r--s 00005000 fe:01 3810738                        /usr/local/tomcat/webapps/ROOT/WEB-INF/lib/javax.annotation-api-1.2.jar
4088416000-4088417000 r--s 00001000 fe:01 3810800                        /usr/local/tomcat/webapps/ROOT/WEB-INF/lib/rome-utils-1.5.1.jar
4088417000-408841b000 r--s 00019000 fe:01 3810693                        /usr/local/tomcat/webapps/ROOT/WEB-INF/lib/aspectjrt-1.8.4.jar
408841b000-408841f000 r--s 00041000 fe:01 3810735                        /usr/local/tomcat/webapps/ROOT/WEB-INF/lib/jackson-core-2.8.1.jar
408841f000-4088423000 r--s 00019000 fe:01 3810741                        /usr/local/tomcat/webapps/ROOT/WEB-INF/lib/javax.ws.rs-api-2.0.1.jar
4088423000-408842f000 r--s 000c7000 fe:01 3810733                        /usr/local/tomcat/webapps/ROOT/WEB-INF/lib/jackcess-2.1.8.jar
408842f000-4088430000 r--s 00008000 fe:01 3810767                        /usr/local/tomcat/webapps/ROOT/WEB-INF/lib/lucene-memory-4.10.4.jar
4088430000-4088432000 r--s 00010000 fe:01 3810750                        /usr/local/tomcat/webapps/ROOT/WEB-INF/lib/jmatio-1.2.jar
4088432000-4088436000 r--s 0002b000 fe:01 3810782                        /usr/local/tomcat/webapps/ROOT/WEB-INF/lib/owasp-java-html-sanitizer-20171016.1.jar
4088436000-4088437000 r--s 00004000 fe:01 3810690                        /usr/local/tomcat/webapps/ROOT/WEB-INF/lib/asm-analysis-5.0.3.jar
4088437000-4088446000 r--s 001ae000 fe:01 3810726                        /usr/local/tomcat/webapps/ROOT/WEB-INF/lib/h2-1.4.196.jar
4088446000-4088448000 r--s 00012000 fe:01 3810742                        /usr/local/tomcat/webapps/ROOT/WEB-INF/lib/jcabi-aspects-0.22.jar
4088448000-408844b000 r--s 00014000 fe:01 3810697                        /usr/local/tomcat/webapps/ROOT/WEB-INF/lib/boilerpipe-1.1.0.jar
408844b000-4088453000 r--s 000a7000 fe:01 3810795                        /usr/local/tomcat/webapps/ROOT/WEB-INF/lib/postgresql-42.1.4.jar
4088453000-4088455000 r--s 00009000 fe:01 3810727                        /usr/local/tomcat/webapps/ROOT/WEB-INF/lib/hamcrest-core-1.3.jar
4088455000-4088459000 r--s 00026000 fe:01 3810822                        /usr/local/tomcat/webapps/ROOT/WEB-INF/lib/xmlschema-core-2.2.1.jar
4088459000-408845c000 r--s 00019000 fe:01 3810711                        /usr/local/tomcat/webapps/ROOT/WEB-INF/lib/commons-pool-1.6.jar
408845c000-408846d000 r--s 0018f000 fe:01 3810763                        /usr/local/tomcat/webapps/ROOT/WEB-INF/lib/lucene-analyzers-common-4.10.4.jar
408846d000-4088472000 r--s 00029000 fe:01 3810783                        /usr/local/tomcat/webapps/ROOT/WEB-INF/lib/parboiled-core-1.1.7.jar
4088472000-4088475000 r--s 00033000 fe:01 3810760                        /usr/local/tomcat/webapps/ROOT/WEB-INF/lib/juniversalchardet-1.0.3.jar
4088475000-4088478000 r--s 00017000 fe:01 3810686                        /usr/local/tomcat/webapps/ROOT/WEB-INF/lib/apache-mime4j-core-0.8.1.jar
4088478000-4088481000 r--s 0006f000 fe:01 3810762                        /usr/local/tomcat/webapps/ROOT/WEB-INF/lib/log4j-1.2.17.jar
4088481000-4088489000 r--s 0008d000 fe:01 3810715                        /usr/local/tomcat/webapps/ROOT/WEB-INF/lib/cxf-rt-frontend-jaxrs-3.0.12.jar
4088489000-408848b000 r--s 0001e000 fe:01 3810781                        /usr/local/tomcat/webapps/ROOT/WEB-INF/lib/org.apache.servicemix.bundles.xpp3-1.1.4c_7.jar
408848b000-4088495000 r--s 00095000 fe:01 3810813                        /usr/local/tomcat/webapps/ROOT/WEB-INF/lib/tika-core-1.16.jar
4088495000-4088497000 r--s 00010000 fe:01 3810784                        /usr/local/tomcat/webapps/ROOT/WEB-INF/lib/parboiled-java-1.1.7.jar
4088497000-408849b000 r--s 00012000 fe:01 3810734                        /usr/local/tomcat/webapps/ROOT/WEB-INF/lib/jackcess-encrypt-2.1.2.jar
408849b000-408849e000 r--s 00024000 fe:01 3810716                        /usr/local/tomcat/webapps/ROOT/WEB-INF/lib/cxf-rt-rs-client-3.0.12.jar
408849e000-40884a0000 r--s 00009000 fe:01 3810771                        /usr/local/tomcat/webapps/ROOT/WEB-INF/lib/markedj-1.7.0.jar
40884a0000-40884a2000 r--s 00003000 fe:01 3810745                        /usr/local/tomcat/webapps/ROOT/WEB-INF/lib/jcl-over-slf4j-1.7.24.jar
40884a2000-40884a7000 r--s 00034000 fe:01 3810724                        /usr/local/tomcat/webapps/ROOT/WEB-INF/lib/gson-2.8.2.jar
40884a7000-40884d1000 r--s 00248000 fe:01 3810765                        /usr/local/tomcat/webapps/ROOT/WEB-INF/lib/lucene-core-4.10.4.jar
40884d1000-40884d7000 r--s 00071000 fe:01 3810819                        /usr/local/tomcat/webapps/ROOT/WEB-INF/lib/woodstox-core-asl-4.4.1.jar
40884d7000-40884d9000 r--s 00006000 fe:01 3810718                        /usr/local/tomcat/webapps/ROOT/WEB-INF/lib/diffutils-1.2.1.jar
40884d9000-40884db000 r--s 0000c000 fe:01 3810706                        /usr/local/tomcat/webapps/ROOT/WEB-INF/lib/commons-exec-1.3.jar
40884db000-40884dd000 r--s 0000c000 fe:01 3810743                        /usr/local/tomcat/webapps/ROOT/WEB-INF/lib/jcabi-log-0.17.2.jar
40884dd000-40884f1000 r--s 000f6000 fe:01 3810778                        /usr/local/tomcat/webapps/ROOT/WEB-INF/lib/opennlp-tools-1.6.0.jar
40884f1000-40884f3000 r--s 00010000 fe:01 3810788                        /usr/local/tomcat/webapps/ROOT/WEB-INF/lib/pdfbox-tools-2.0.6.jar
40884f3000-40884f5000 r--s 0000b000 fe:01 3810748                        /usr/local/tomcat/webapps/ROOT/WEB-INF/lib/jempbox-1.8.13.jar
40884f5000-4088533000 r--s 0025d000 fe:01 3810821                        /usr/local/tomcat/webapps/ROOT/WEB-INF/lib/xmlbeans-2.6.0.jar
4088533000-4088534000 r--s 0000a000 fe:01 3810692                        /usr/local/tomcat/webapps/ROOT/WEB-INF/lib/asm-util-5.0.3.jar
4088534000-4088536000 r--s 0000c000 fe:01 3810804                        /usr/local/tomcat/webapps/ROOT/WEB-INF/lib/sis-netcdf-0.6.jar
4088536000-4088549000 r--s 000f0000 fe:01 3810732                        /usr/local/tomcat/webapps/ROOT/WEB-INF/lib/isoparser-1.1.18.jar
4088549000-408854c000 r--s 0001f000 fe:01 3810766                        /usr/local/tomcat/webapps/ROOT/WEB-INF/lib/lucene-highlighter-4.10.4.jar
408854c000-4088556000 r--s 0005b000 fe:01 3810802                        /usr/local/tomcat/webapps/ROOT/WEB-INF/lib/simple-xml-2.7.1.jar
4088556000-4088563000 r--s 00093000 fe:01 3810776                        /usr/local/tomcat/webapps/ROOT/WEB-INF/lib/mina-core-2.0.16.jar
4088563000-4088564000 r--s 00014000 fe:01 3810736                        /usr/local/tomcat/webapps/ROOT/WEB-INF/lib/java-libpst-0.8.1.jar
4088564000-4088569000 r--s 0006a000 fe:01 3810779                        /usr/local/tomcat/webapps/ROOT/WEB-INF/lib/org.apache.servicemix.bundles.antlr-2.7.7_5.jar
4088569000-4088595000 r--s 00266000 fe:01 3810791                        /usr/local/tomcat/webapps/ROOT/WEB-INF/lib/poi-3.17-beta1.jar
4088595000-408859b000 r--s 00057000 fe:01 3810775                        /usr/local/tomcat/webapps/ROOT/WEB-INF/lib/metadata-extractor-2.9.1.jar
408859b000-408859d000 r--s 0001b000 fe:01 3810823                        /usr/local/tomcat/webapps/ROOT/WEB-INF/lib/xmpcore-5.1.2.jar
408859d000-40885a1000 r--s 0000c000 fe:01 3810816                        /usr/local/tomcat/webapps/ROOT/WEB-INF/lib/validation-api-1.1.0.Final.jar
40885a1000-40885a3000 r--s 00005000 fe:01 3810818                        /usr/local/tomcat/webapps/ROOT/WEB-INF/lib/vorbis-java-tika-0.8.jar
40885a3000-40885eb000 r--s 002d9000 fe:01 3810696                        /usr/local/tomcat/webapps/ROOT/WEB-INF/lib/bcprov-jdk15on-1.54.jar
40885eb000-40885f2000 r--s 0004a000 fe:01 3810687                        /usr/local/tomcat/webapps/ROOT/WEB-INF/lib/apache-mime4j-dom-0.8.1.jar
40885f2000-40885f5000 r--s 0000f000 fe:01 3810707                        /usr/local/tomcat/webapps/ROOT/WEB-INF/lib/commons-fileupload-1.3.3.jar
40885f5000-4088602000 r--s 000aa000 fe:01 3810728                        /usr/local/tomcat/webapps/ROOT/WEB-INF/lib/httpclient-4.5.3.jar
4088602000-4088631000 r--s 00226000 fe:01 3810725                        /usr/local/tomcat/webapps/ROOT/WEB-INF/lib/guava-20.0.jar
4088631000-4088633000 r--s 0000e000 fe:01 3810777                        /usr/local/tomcat/webapps/ROOT/WEB-INF/lib/netcdf4-4.5.5.jar
4088633000-408863d000 r--s 000aa000 fe:01 3810737                        /usr/local/tomcat/webapps/ROOT/WEB-INF/lib/javassist-3.21.0-GA.jar
408863d000-408863f000 r--s 0000e000 fe:01 3810685                        /usr/local/tomcat/webapps/ROOT/WEB-INF/lib/activation-1.1.jar
408863f000-4088644000 r--s 00035000 fe:01 3810787                        /usr/local/tomcat/webapps/ROOT/WEB-INF/lib/pdfbox-debugger-2.0.6.jar
4088644000-4088651000 r--s 00083000 fe:01 3810702                        /usr/local/tomcat/webapps/ROOT/WEB-INF/lib/commons-collections-3.2.2.jar
4088651000-408865a000 r--s 00097000 fe:01 3810739                        /usr/local/tomcat/webapps/ROOT/WEB-INF/lib/javax.mail-1.6.0.jar
408865a000-4088661000 r--s 0003f000 fe:01 3810701                        /usr/local/tomcat/webapps/ROOT/WEB-INF/lib/commons-codec-1.10.jar
4088661000-408866b000 r--s 00078000 fe:01 3810704                        /usr/local/tomcat/webapps/ROOT/WEB-INF/lib/commons-compress-1.14.jar
408866b000-408866f000 r--s 00016000 fe:01 3810825                        /usr/local/tomcat/webapps/ROOT/WEB-INF/lib/xz-1.6.jar
408866f000-4088671000 r--s 0000e000 fe:01 3810710                        /usr/local/tomcat/webapps/ROOT/WEB-INF/lib/commons-logging-1.2.jar
4088671000-4088674000 r--s 0001b000 fe:01 3810817                        /usr/local/tomcat/webapps/ROOT/WEB-INF/lib/vorbis-java-core-0.8.jar
4088674000-408867a000 r--s 00050000 fe:01 3810717                        /usr/local/tomcat/webapps/ROOT/WEB-INF/lib/cxf-rt-transports-http-3.0.12.jar
408867a000-408867e000 r--s 00024000 fe:01 3810811                        /usr/local/tomcat/webapps/ROOT/WEB-INF/lib/stax2-api-3.1.4.jar
408867e000-4088686000 r--s 00048000 fe:01 3810729                        /usr/local/tomcat/webapps/ROOT/WEB-INF/lib/httpcore-4.4.6.jar
4088686000-4088688000 r--s 00015000 fe:01 3810812                        /usr/local/tomcat/webapps/ROOT/WEB-INF/lib/tagsoup-1.2.1.jar
4088688000-40886a3000 r--s 0012c000 fe:01 3810720                        /usr/local/tomcat/webapps/ROOT/WEB-INF/lib/ehcache-core-2.6.2.jar
40888bf000-408893f000 rw-p 00000000 00:00 0 
408893f000-4088abf000 ---p 00000000 00:00 0 
ffff60000000-ffff60083000 rw-p 00000000 00:00 0 
ffff60083000-ffff64000000 ---p 00000000 00:00 0 
ffff64000000-ffff64086000 rw-p 00000000 00:00 0 
ffff64086000-ffff68000000 ---p 00000000 00:00 0 
ffff68000000-ffff68238000 rw-p 00000000 00:00 0 
ffff68238000-ffff6c000000 ---p 00000000 00:00 0 
ffff6c000000-ffff6c1ed000 rw-p 00000000 00:00 0 
ffff6c1ed000-ffff70000000 ---p 00000000 00:00 0 
ffff70000000-ffff70085000 rw-p 00000000 00:00 0 
ffff70085000-ffff74000000 ---p 00000000 00:00 0 
ffff74000000-ffff74204000 rw-p 00000000 00:00 0 
ffff74204000-ffff78000000 ---p 00000000 00:00 0 
ffff78000000-ffff78096000 rw-p 00000000 00:00 0 
ffff78096000-ffff7c000000 ---p 00000000 00:00 0 
ffff7c000000-ffff7c088000 rw-p 00000000 00:00 0 
ffff7c088000-ffff80000000 ---p 00000000 00:00 0 
ffff80000000-ffff8008e000 rw-p 00000000 00:00 0 
ffff8008e000-ffff84000000 ---p 00000000 00:00 0 
ffff84000000-ffff840af000 rw-p 00000000 00:00 0 
ffff840af000-ffff88000000 ---p 00000000 00:00 0 
ffff88000000-ffff8808d000 rw-p 00000000 00:00 0 
ffff8808d000-ffff8c000000 ---p 00000000 00:00 0 
ffff8c000000-ffff8c08f000 rw-p 00000000 00:00 0 
ffff8c08f000-ffff90000000 ---p 00000000 00:00 0 
ffff90000000-ffff90fbc000 rw-p 00000000 00:00 0 
ffff90fbc000-ffff94000000 ---p 00000000 00:00 0 
ffff94000000-ffff9408f000 rw-p 00000000 00:00 0 
ffff9408f000-ffff98000000 ---p 00000000 00:00 0 
ffff98000000-ffff98021000 rw-p 00000000 00:00 0 
ffff98021000-ffff9c000000 ---p 00000000 00:00 0 
ffff9ef7a000-ffff9f37b000 rw-p 00000000 00:00 0 
ffff9f57c000-ffff9f57d000 ---p 00000000 00:00 0 
ffff9f57d000-ffff9f5bd000 rw-p 00000000 00:00 0 
ffff9f5bd000-ffff9f5be000 ---p 00000000 00:00 0 
ffff9f5be000-ffff9f5fe000 rw-p 00000000 00:00 0 
ffff9f5fe000-ffff9f5ff000 ---p 00000000 00:00 0 
ffff9f5ff000-ffff9f63f000 rw-p 00000000 00:00 0 
ffff9f63f000-ffff9f640000 ---p 00000000 00:00 0 
ffff9f640000-ffff9f680000 rw-p 00000000 00:00 0 
ffff9f680000-ffff9f681000 ---p 00000000 00:00 0 
ffff9f681000-ffff9f6c1000 rw-p 00000000 00:00 0 
ffff9f6c1000-ffff9f6c2000 ---p 00000000 00:00 0 
ffff9f6c2000-ffff9f702000 rw-p 00000000 00:00 0 
ffff9f702000-ffff9f703000 ---p 00000000 00:00 0 
ffff9f703000-ffff9f743000 rw-p 00000000 00:00 0 
ffff9f743000-ffff9f744000 ---p 00000000 00:00 0 
ffff9f744000-ffff9f784000 rw-p 00000000 00:00 0 
ffff9f885000-ffff9f886000 ---p 00000000 00:00 0 
ffff9f886000-ffff9f8c6000 rw-p 00000000 00:00 0 
ffff9f8c6000-ffff9f8c7000 ---p 00000000 00:00 0 
ffff9f8c7000-ffff9f907000 rw-p 00000000 00:00 0 
ffff9f907000-ffff9f908000 ---p 00000000 00:00 0 
ffff9f908000-ffff9f948000 rw-p 00000000 00:00 0 
ffff9f948000-ffff9f949000 ---p 00000000 00:00 0 
ffff9f949000-ffff9f989000 rw-p 00000000 00:00 0 
ffff9f989000-ffff9f98a000 ---p 00000000 00:00 0 
ffff9f98a000-ffff9f9ca000 rw-p 00000000 00:00 0 
ffff9f9ca000-ffffa79c9000 rwxp 00000000 00:00 0 
ffffa79c9000-ffffa79ca000 ---p 00000000 00:00 0 
ffffa7a0a000-ffffa7a0b000 ---p 00000000 00:00 0 
ffffa7a0b000-ffffa7a4b000 rw-p 00000000 00:00 0 
ffffa7a4b000-ffffa7a4c000 ---p 00000000 00:00 0 
ffffa7a4c000-ffffa824c000 rw-p 00000000 00:00 0 
ffffa824c000-ffffa824e000 r--p 00000000 00:00 0                          [vvar]
ffffa824e000-ffffa824f000 r-xp 00000000 00:00 0                          [vdso]
ffffe9311000-ffffe9332000 rw-p 00000000 00:00 0                          [stack]

VM Arguments:
java_command: org.support.project.knowledge.bat.NotifyMailBat
java_class_path (initial): /usr/local/tomcat/webapps/ROOT/WEB-INF/lib/poi-ooxml-3.17-beta1.jar:/usr/local/tomcat/webapps/ROOT/WEB-INF/lib/lucene-analyzers-kuromoji-4.10.4.jar:/usr/local/tomcat/webapps/ROOT/WEB-INF/lib/rome-1.5.1.jar:/usr/local/tomcat/webapps/ROOT/WEB-INF/lib/asm-5.0.4.jar:/usr/local/tomcat/webapps/ROOT/WEB-INF/lib/org.apache.servicemix.bundles.dom4j-1.6.1_5.jar:/usr/local/tomcat/webapps/ROOT/WEB-INF/lib/tika-parsers-1.16.jar:/usr/local/tomcat/webapps/ROOT/WEB-INF/lib/jna-4.1.0.jar:/usr/local/tomcat/webapps/ROOT/WEB-INF/lib/poi-ooxml-schemas-3.17-beta1.jar:/usr/local/tomcat/webapps/ROOT/WEB-INF/lib/jdom2-2.0.4.jar:/usr/local/tomcat/webapps/ROOT/WEB-INF/lib/stax-api-1.0.1.jar:/usr/local/tomcat/webapps/ROOT/WEB-INF/lib/commons-collections4-4.1.jar:/usr/local/tomcat/webapps/ROOT/WEB-INF/lib/javax.mail-api-1.5.6.jar:/usr/local/tomcat/webapps/ROOT/WEB-INF/lib/jhighlight-1.0.2.jar:/usr/local/tomcat/webapps/ROOT/WEB-INF/lib/fontbox-2.0.6.jar:/usr/local/tomcat/webapps/ROOT/WEB-INF/lib/xpp3-1.1.3.3.jar:/usr/local/tomcat/webapps/ROOT/WEB-INF/lib/poi-scratchpad-3.17-beta1.jar:/usr/local/tomcat/webapps/ROOT/WEB-INF/lib/commons-vfs2-2.0.jar:/usr/local/tomcat/webapps/ROOT/WEB-INF/lib/json-simple-1.1.1.jar:/usr/local/tomcat/webapps/ROOT/WEB-INF/lib/lucene-queryparser-4.10.4.jar:/usr/local/tomcat/webapps/ROOT/WEB-INF/lib/cxf-core-3.0.12.jar:/usr/local/tomcat/webapps/ROOT/WEB-INF/lib/commons-csv-1.0.jar:/usr/local/tomcat/webapps/ROOT/WEB-INF/lib/asm-tree-5.0.3.jar:/usr/local/tomcat/webapps/ROOT/WEB-INF/lib/pdfbox-2.0.6.jar:/usr/local/tomcat/webapps/ROOT/WEB-INF/lib/pegdown-1.6.0.jar:/usr/local/tomcat/webapps/ROOT/WEB-INF/lib/commons-lang-2.6.jar:/usr/local/tomcat/webapps/ROOT/WEB-INF/lib/stax-1.2.0.jar:/usr/local/tomcat/webapps/ROOT/WEB-INF/lib/ecj-3.12.3.jar:/usr/local/tomcat/webapps/ROOT/WEB-INF/lib/jcommander-1.35.jar:/usr/local/tomcat/webapps/ROOT/WEB-INF/lib/sis-metadata-0.6.jar:/usr/local/tomcat/webapps/ROOT/WEB-INF/lib/sis-storage-0.6.jar:/usr/local/tomcat/w
Launcher Type: SUN_STANDARD

Environment Variables:
JAVA_HOME=/docker-java-home/jre
PATH=/usr/local/tomcat/bin:/usr/local/sbin:/usr/local/bin:/usr/sbin:/usr/bin:/sbin:/bin
LD_LIBRARY_PATH=/usr/local/tomcat/native-jni-lib

Signal Handlers:
SIGSEGV: [libjvm.so+0xa71730], sa_mask[0]=11111111111111111111111111111110, sa_flags=SA_RESTART|SA_SIGINFO
SIGBUS: [libjvm.so+0xa71730], sa_mask[0]=11111111111111111111111111111110, sa_flags=SA_RESTART|SA_SIGINFO
SIGFPE: [libjvm.so+0x8ba250], sa_mask[0]=11111111111111111111111111111110, sa_flags=SA_RESTART|SA_SIGINFO
SIGPIPE: [libjvm.so+0x8ba250], sa_mask[0]=11111111111111111111111111111110, sa_flags=SA_RESTART|SA_SIGINFO
SIGXFSZ: [libjvm.so+0x8ba250], sa_mask[0]=11111111111111111111111111111110, sa_flags=SA_RESTART|SA_SIGINFO
SIGILL: [libjvm.so+0x8ba250], sa_mask[0]=11111111111111111111111111111110, sa_flags=SA_RESTART|SA_SIGINFO
SIGUSR1: SIG_DFL, sa_mask[0]=00000000000000000000000000000000, sa_flags=none
SIGUSR2: [libjvm.so+0x8ba100], sa_mask[0]=00100000000000000000000000000000, sa_flags=SA_RESTART|SA_SIGINFO
SIGHUP: [libjvm.so+0x8ba5b0], sa_mask[0]=11111111111111111111111111111110, sa_flags=SA_RESTART|SA_SIGINFO
SIGINT: [libjvm.so+0x8ba5b0], sa_mask[0]=11111111111111111111111111111110, sa_flags=SA_RESTART|SA_SIGINFO
SIGTERM: [libjvm.so+0x8ba5b0], sa_mask[0]=11111111111111111111111111111110, sa_flags=SA_RESTART|SA_SIGINFO
SIGQUIT: [libjvm.so+0x8ba5b0], sa_mask[0]=11111111111111111111111111111110, sa_flags=SA_RESTART|SA_SIGINFO


---------------  S Y S T E M  ---------------

OS:PRETTY_NAME="Debian GNU/Linux 9 (stretch)"
NAME="Debian GNU/Linux"
VERSION_ID="9"
VERSION="9 (stretch)"
ID=debian
HOME_URL="https://www.debian.org/"
SUPPORT_URL="https://www.debian.org/support"
BUG_REPORT_URL="https://bugs.debian.org/"

uname:Linux 5.10.25-linuxkit #1 SMP PREEMPT Tue Mar 23 09:24:45 UTC 2021 x86_64
libc:glibc 2.24 NPTL 2.24 
rlimit: STACK 8192k, CORE 0k, NPROC infinity, NOFILE 1048576, AS infinity
load average:1.95 1.99 1.99

/proc/meminfo:
MemTotal:        2036732 kB
MemFree:           64764 kB
MemAvailable:     367464 kB
Buffers:           22724 kB
Cached:           612880 kB
SwapCached:         1940 kB
Active:           274424 kB
Inactive:        1564108 kB
Active(anon):      75176 kB
Inactive(anon):  1418872 kB
Active(file):     199248 kB
Inactive(file):   145236 kB
Unevictable:           0 kB
Mlocked:               0 kB
SwapTotal:       1048572 kB
SwapFree:         892220 kB
Dirty:                92 kB
Writeback:             0 kB
AnonPages:       1194768 kB
Mapped:           183920 kB
Shmem:            305456 kB
KReclaimable:      40332 kB
Slab:              85420 kB
SReclaimable:      40332 kB
SUnreclaim:        45088 kB
KernelStack:       10400 kB
PageTables:         8592 kB
NFS_Unstable:          0 kB
Bounce:                0 kB
WritebackTmp:          0 kB
CommitLimit:     2066936 kB
Committed_AS:    7357952 kB
VmallocTotal:   135290159040 kB
VmallocUsed:       11596 kB
VmallocChunk:          0 kB
Percpu:             2064 kB
AnonHugePages:    155648 kB
ShmemHugePages:        0 kB
ShmemPmdMapped:        0 kB
FileHugePages:         0 kB
FilePmdMapped:         0 kB
HugePages_Total:       0
HugePages_Free:        0
HugePages_Rsvd:        0
HugePages_Surp:        0
Hugepagesize:       2048 kB
Hugetlb:               0 kB


CPU:total 4 (initial active 4) (1 cores per cpu, 1 threads per core) family 6 model 6 stepping 3, cmov, cx8, fxsr, mmx, sse, sse2, sse3, ssse3, sse4.1, sse4.2, popcnt, aes, clmul, erms, mmxext, 3dnowpref, lzcnt, tsc, bmi1

/proc/cpuinfo:
processor	: 0
BogoMIPS	: 48.00
Features	: fp asimd evtstrm aes pmull sha1 sha2 crc32 atomics fphp asimdhp cpuid asimdrdm jscvt fcma lrcpc dcpop sha3 asimddp sha512 asimdfhm dit uscat ilrcpc flagm sb paca pacg dcpodp flagm2 frint
CPU implementer	: 0x00
CPU architecture: 8
CPU variant	: 0x0
CPU part	: 0x000
CPU revision	: 0

processor	: 1
BogoMIPS	: 48.00
Features	: fp asimd evtstrm aes pmull sha1 sha2 crc32 atomics fphp asimdhp cpuid asimdrdm jscvt fcma lrcpc dcpop sha3 asimddp sha512 asimdfhm dit uscat ilrcpc flagm sb paca pacg dcpodp flagm2 frint
CPU implementer	: 0x00
CPU architecture: 8
CPU variant	: 0x0
CPU part	: 0x000
CPU revision	: 0

processor	: 2
BogoMIPS	: 48.00
Features	: fp asimd evtstrm aes pmull sha1 sha2 crc32 atomics fphp asimdhp cpuid asimdrdm jscvt fcma lrcpc dcpop sha3 asimddp sha512 asimdfhm dit uscat ilrcpc flagm sb paca pacg dcpodp flagm2 frint
CPU implementer	: 0x00
CPU architecture: 8
CPU variant	: 0x0
CPU part	: 0x000
CPU revision	: 0

processor	: 3
BogoMIPS	: 48.00
Features	: fp asimd evtstrm aes pmull sha1 sha2 crc32 atomics fphp asimdhp cpuid asimdrdm jscvt fcma lrcpc dcpop sha3 asimddp sha512 asimdfhm dit uscat ilrcpc flagm sb paca pacg dcpodp flagm2 frint
CPU implementer	: 0x00
CPU architecture: 8
CPU variant	: 0x0
CPU part	: 0x000
CPU revision	: 0



Memory: 4k page, physical 2036732k(64636k free), swap 1048572k(892220k free)

vm_info: OpenJDK 64-Bit Server VM (25.171-b11) for linux-amd64 JRE (1.8.0_171-8u171-b11-1~deb9u1-b11), built on Apr 27 2018 14:37:13 by "pbuilder" with gcc 6.3.0 20170516

time: Thu Sep 22 06:07:13 2022
elapsed time: 3 seconds (0d 0h 0m 3s)

