#
# A fatal error has been detected by the Java Runtime Environment:
#
#  Internal Error (safepoint.cpp:310), pid=222, tid=0x0000004040ab0700
#  guarantee(PageArmed == 0) failed: invariant
#
# JRE version: OpenJDK Runtime Environment (8.0_171-b11) (build 1.8.0_171-8u171-b11-1~deb9u1-b11)
# Java VM: OpenJDK 64-Bit Server VM (25.171-b11 mixed mode linux-amd64 compressed oops)
# Failed to write core dump. Core dumps have been disabled. To enable core dumping, try "ulimit -c unlimited" before starting Java again
#
# If you would like to submit a bug report, please visit:
#   http://bugreport.java.com/bugreport/crash.jsp
#

---------------  T H R E A D  ---------------

Current thread (0x000000400807c800):  VMThread [stack: 0x00000040409b0000,0x0000004040ab1000] [id=230]

Stack: [0x00000040409b0000,0x0000004040ab1000],  sp=0x0000004040aafae0,  free space=1022k
Native frames: (J=compiled Java code, j=interpreted, Vv=VM code, C=native code)
V  [libjvm.so+0xa70c90]
V  [libjvm.so+0x4c797d]
V  [libjvm.so+0x96176f]
V  [libjvm.so+0xa76996]
V  [libjvm.so+0xa76c01]
V  [libjvm.so+0x8bbfd2]


---------------  P R O C E S S  ---------------

Java Threads: ( => current thread )
  0x00000040080df800 JavaThread "Service Thread" daemon [_thread_blocked, id=237, stack(0x000000407926d000,0x000000407936e000)]
  0x00000040080c2800 JavaThread "C1 CompilerThread2" daemon [_thread_blocked, id=236, stack(0x000000407116c000,0x000000407126d000)]
  0x00000040080c0800 JavaThread "C2 CompilerThread1" daemon [_thread_blocked, id=235, stack(0x000000406906b000,0x000000406916c000)]
  0x00000040080be000 JavaThread "C2 CompilerThread0" daemon [_thread_blocked, id=234, stack(0x0000004060f6a000,0x000000406106b000)]
  0x00000040080bc000 JavaThread "Signal Dispatcher" daemon [_thread_blocked, id=233, stack(0x0000004058e69000,0x0000004058f6a000)]
  0x0000004008088800 JavaThread "Finalizer" daemon [_thread_blocked, id=232, stack(0x0000004050bb2000,0x0000004050cb3000)]
  0x0000004008084000 JavaThread "Reference Handler" daemon [_thread_blocked, id=231, stack(0x0000004048ab1000,0x0000004048bb2000)]
  0x000000400800f000 JavaThread "main" [_thread_in_Java, id=225, stack(0x0000004004008000,0x0000004004109000)]

Other Threads:
=>0x000000400807c800 VMThread [stack: 0x00000040409b0000,0x0000004040ab1000] [id=230]
  0x00000040080ea800 WatcherThread [stack: 0x000000408136e000,0x000000408146f000] [id=238]

VM state:synchronizing (normal execution)

VM Mutex/Monitor currently owned by a thread:  ([mutex/lock_event])
[0x000000400800b4a0] Safepoint_lock - owner thread: 0x000000400807c800
[0x000000400800b520] Threads_lock - owner thread: 0x000000400807c800

Heap:
 PSYoungGen      total 9728K, used 4145K [0x00000000eab00000, 0x00000000eb580000, 0x0000000100000000)
  eden space 8704K, 47% used [0x00000000eab00000,0x00000000eaf0c688,0x00000000eb380000)
  from space 1024K, 0% used [0x00000000eb480000,0x00000000eb480000,0x00000000eb580000)
  to   space 1024K, 0% used [0x00000000eb380000,0x00000000eb380000,0x00000000eb480000)
 ParOldGen       total 22016K, used 0K [0x00000000c0000000, 0x00000000c1580000, 0x00000000eab00000)
  object space 22016K, 0% used [0x00000000c0000000,0x00000000c0000000,0x00000000c1580000)
 Metaspace       used 2628K, capacity 4480K, committed 4480K, reserved 1056768K
  class space    used 271K, capacity 384K, committed 384K, reserved 1048576K

Card table byte_map: [0x000000401c577000,0x000000401c778000] byte_map_base: 0x000000401bf77000

Marking Bits: (ParMarkBitMap*) 0x0000004003748320
 Begin Bits: [0x000000403ccd2000, 0x000000403dcd2000)
 End Bits:   [0x000000403dcd2000, 0x000000403ecd2000)

Polling page: 0x000000400c759000

CodeCache: size=245760Kb used=1314Kb max_used=1314Kb free=244445Kb
 bounds [0x000000400d1b7000, 0x000000400d427000, 0x000000401c1b7000]
 total_blobs=355 nmethods=125 adapters=146
 compilation: enabled

Compilation events (10 events):
Event: 0.771 Thread 0x00000040080c2800  114       3       java.io.BufferedReader::ensureOpen (18 bytes)
Event: 0.772 Thread 0x00000040080c2800 nmethod 114 0x000000400d2fec50 code [0x000000400d2fedc0, 0x000000400d2ff008]
Event: 0.772 Thread 0x00000040080c2800  117       3       java.util.LinkedList::contains (15 bytes)
Event: 0.772 Thread 0x00000040080c2800 nmethod 117 0x000000400d2ff0d0 code [0x000000400d2ff240, 0x000000400d2ff428]
Event: 0.772 Thread 0x00000040080c2800  119       3       sun.misc.JarIndex::addMapping (21 bytes)
Event: 0.772 Thread 0x00000040080c2800 nmethod 119 0x000000400d2ff4d0 code [0x000000400d2ff640, 0x000000400d2ff838]
Event: 0.772 Thread 0x00000040080c2800  124       3       java.util.AbstractList::<init> (10 bytes)
Event: 0.773 Thread 0x00000040080c2800 nmethod 124 0x000000400d2ff910 code [0x000000400d2ffa80, 0x000000400d2ffc90]
Event: 0.773 Thread 0x00000040080c2800  125       3       java.util.LinkedList::<init> (10 bytes)
Event: 0.773 Thread 0x00000040080c2800 nmethod 125 0x000000400d2ffd90 code [0x000000400d2fff00, 0x000000400d3001d0]

GC Heap History (0 events):
No events

Deoptimization events (0 events):
No events

Classes redefined (0 events):
No events

Internal exceptions (7 events):
Event: 0.193 Thread 0x000000400800f000 Exception <a 'java/lang/NoSuchMethodError': Method sun.misc.Unsafe.defineClass(Ljava/lang/String;[BII)Ljava/lang/Class; name or signature does not match> (0x00000000eab07cb0) thrown at [/build/openjdk-8-8u171-b11/src/hotspot/src/share/vm/prims/jni.cpp, li
Event: 0.193 Thread 0x000000400800f000 Exception <a 'java/lang/NoSuchMethodError': Method sun.misc.Unsafe.prefetchRead(Ljava/lang/Object;J)V name or signature does not match> (0x00000000eab07f98) thrown at [/build/openjdk-8-8u171-b11/src/hotspot/src/share/vm/prims/jni.cpp, line 4011]
Event: 0.443 Thread 0x000000400800f000 Exception <a 'java/util/zip/ZipException'> (0x00000000eaba3d68) thrown at [/build/openjdk-8-8u171-b11/src/hotspot/src/share/vm/prims/jni.cpp, line 709]
Event: 0.446 Thread 0x000000400800f000 Exception <a 'java/security/PrivilegedActionException'> (0x00000000eaba4008) thrown at [/build/openjdk-8-8u171-b11/src/hotspot/src/share/vm/prims/jvm.cpp, line 1435]
Event: 0.447 Thread 0x000000400800f000 Exception <a 'java/security/PrivilegedActionException'> (0x00000000eaba4218) thrown at [/build/openjdk-8-8u171-b11/src/hotspot/src/share/vm/prims/jvm.cpp, line 1435]
Event: 0.609 Thread 0x000000400800f000 Exception <a 'java/security/PrivilegedActionException'> (0x00000000eadae538) thrown at [/build/openjdk-8-8u171-b11/src/hotspot/src/share/vm/prims/jvm.cpp, line 1435]
Event: 0.609 Thread 0x000000400800f000 Exception <a 'java/security/PrivilegedActionException'> (0x00000000eadae748) thrown at [/build/openjdk-8-8u171-b11/src/hotspot/src/share/vm/prims/jvm.cpp, line 1435]

Events (10 events):
Event: 0.560 loading class java/nio/charset/CoderResult$2
Event: 0.560 loading class java/nio/charset/CoderResult$2 done
Event: 0.564 loading class java/util/LinkedList
Event: 0.565 loading class java/util/AbstractSequentialList
Event: 0.565 loading class java/util/AbstractSequentialList done
Event: 0.565 loading class java/util/LinkedList done
Event: 0.566 loading class java/util/LinkedList$Node
Event: 0.566 loading class java/util/LinkedList$Node done
Event: 0.608 loading class java/io/FileNotFoundException
Event: 0.608 loading class java/io/FileNotFoundException done


Dynamic libraries:
00400000-0070c000 r-xp 00000000 fe:01 1310747                            /usr/bin/qemu-x86_64
0071c000-0076c000 rw-p 0030c000 fe:01 1310747                            /usr/bin/qemu-x86_64
0076c000-00792000 rw-p 00000000 00:00 0 
30fee000-3114f000 rw-p 00000000 00:00 0                                  [heap]
c0000000-c1580000 rw-p 00000000 00:00 0 
c1580000-eab00000 ---p 00000000 00:00 0 
eab00000-eb580000 rw-p 00000000 00:00 0 
eb580000-100000000 ---p 00000000 00:00 0 
100000000-100060000 rw-p 00000000 00:00 0 
100060000-140000000 ---p 00000000 00:00 0 
4000000000-4000001000 r-xp 00000000 fe:01 528212                         /usr/lib/jvm/java-8-openjdk-amd64/jre/bin/java
4000001000-4000200000 ---p 00000000 00:00 0 
4000200000-4000201000 r--p 00000000 fe:01 528212                         /usr/lib/jvm/java-8-openjdk-amd64/jre/bin/java
4000201000-4000202000 rw-p 00001000 fe:01 528212                         /usr/lib/jvm/java-8-openjdk-amd64/jre/bin/java
4000202000-4000223000 rw-p 00000000 00:00 0 
4001202000-4001203000 ---p 00000000 00:00 0 
4001203000-4001a03000 rw-p 00000000 00:00 0 
4001a03000-4001a26000 r-xp 00000000 fe:01 3282912                        /lib/x86_64-linux-gnu/ld-2.24.so
4001a26000-4001c26000 ---p 00000000 00:00 0 
4001c26000-4001c27000 r--p 00023000 fe:01 3282912                        /lib/x86_64-linux-gnu/ld-2.24.so
4001c27000-4001c28000 rw-p 00024000 fe:01 3282912                        /lib/x86_64-linux-gnu/ld-2.24.so
4001c28000-4001c2e000 rw-p 00000000 00:00 0 
4001c34000-4001c4c000 r-xp 00000000 fe:01 3282993                        /lib/x86_64-linux-gnu/libpthread-2.24.so
4001c4c000-4001e4b000 ---p 00018000 fe:01 3282993                        /lib/x86_64-linux-gnu/libpthread-2.24.so
4001e4b000-4001e4c000 r--p 00017000 fe:01 3282993                        /lib/x86_64-linux-gnu/libpthread-2.24.so
4001e4c000-4001e4d000 rw-p 00018000 fe:01 3282993                        /lib/x86_64-linux-gnu/libpthread-2.24.so
4001e4d000-4001e51000 rw-p 00000000 00:00 0 
4001e51000-4001e6a000 r-xp 00000000 fe:01 3283018                        /lib/x86_64-linux-gnu/libz.so.1.2.8
4001e6a000-4002069000 ---p 00019000 fe:01 3283018                        /lib/x86_64-linux-gnu/libz.so.1.2.8
4002069000-400206a000 r--p 00018000 fe:01 3283018                        /lib/x86_64-linux-gnu/libz.so.1.2.8
400206a000-400206b000 rw-p 00019000 fe:01 3283018                        /lib/x86_64-linux-gnu/libz.so.1.2.8
400206b000-4002078000 r-xp 00000000 fe:01 528227                         /usr/lib/jvm/java-8-openjdk-amd64/jre/lib/amd64/jli/libjli.so
4002078000-4002278000 ---p 0000d000 fe:01 528227                         /usr/lib/jvm/java-8-openjdk-amd64/jre/lib/amd64/jli/libjli.so
4002278000-4002279000 r--p 0000d000 fe:01 528227                         /usr/lib/jvm/java-8-openjdk-amd64/jre/lib/amd64/jli/libjli.so
4002279000-400227a000 rw-p 0000e000 fe:01 528227                         /usr/lib/jvm/java-8-openjdk-amd64/jre/lib/amd64/jli/libjli.so
400227a000-400227d000 r-xp 00000000 fe:01 3282942                        /lib/x86_64-linux-gnu/libdl-2.24.so
400227d000-400247c000 ---p 00003000 fe:01 3282942                        /lib/x86_64-linux-gnu/libdl-2.24.so
400247c000-400247d000 r--p 00002000 fe:01 3282942                        /lib/x86_64-linux-gnu/libdl-2.24.so
400247d000-400247e000 rw-p 00003000 fe:01 3282942                        /lib/x86_64-linux-gnu/libdl-2.24.so
400247e000-4002613000 r-xp 00000000 fe:01 3282930                        /lib/x86_64-linux-gnu/libc-2.24.so
4002613000-4002813000 ---p 00195000 fe:01 3282930                        /lib/x86_64-linux-gnu/libc-2.24.so
4002813000-4002817000 r--p 00195000 fe:01 3282930                        /lib/x86_64-linux-gnu/libc-2.24.so
4002817000-4002819000 rw-p 00199000 fe:01 3282930                        /lib/x86_64-linux-gnu/libc-2.24.so
4002819000-400281f000 rw-p 00000000 00:00 0 
400281f000-4003479000 r-xp 00000000 fe:01 528269                         /usr/lib/jvm/java-8-openjdk-amd64/jre/lib/amd64/server/libjvm.so
4003479000-4003678000 ---p 00c5a000 fe:01 528269                         /usr/lib/jvm/java-8-openjdk-amd64/jre/lib/amd64/server/libjvm.so
4003678000-400370c000 r--p 00c59000 fe:01 528269                         /usr/lib/jvm/java-8-openjdk-amd64/jre/lib/amd64/server/libjvm.so
400370c000-4003735000 rw-p 00ced000 fe:01 528269                         /usr/lib/jvm/java-8-openjdk-amd64/jre/lib/amd64/server/libjvm.so
4003735000-4003765000 rw-p 00000000 00:00 0 
400376b000-40038dd000 r-xp 00000000 fe:01 3283716                        /usr/lib/x86_64-linux-gnu/libstdc++.so.6.0.22
40038dd000-4003add000 ---p 00172000 fe:01 3283716                        /usr/lib/x86_64-linux-gnu/libstdc++.so.6.0.22
4003add000-4003ae7000 r--p 00172000 fe:01 3283716                        /usr/lib/x86_64-linux-gnu/libstdc++.so.6.0.22
4003ae7000-4003ae9000 rw-p 0017c000 fe:01 3283716                        /usr/lib/x86_64-linux-gnu/libstdc++.so.6.0.22
4003ae9000-4003aed000 rw-p 00000000 00:00 0 
4003aed000-4003bf0000 r-xp 00000000 fe:01 3282959                        /lib/x86_64-linux-gnu/libm-2.24.so
4003bf0000-4003def000 ---p 00103000 fe:01 3282959                        /lib/x86_64-linux-gnu/libm-2.24.so
4003def000-4003df0000 r--p 00102000 fe:01 3282959                        /lib/x86_64-linux-gnu/libm-2.24.so
4003df0000-4003df1000 rw-p 00103000 fe:01 3282959                        /lib/x86_64-linux-gnu/libm-2.24.so
4003df1000-4003e07000 r-xp 00000000 fe:01 3282950                        /lib/x86_64-linux-gnu/libgcc_s.so.1
4003e07000-4004006000 ---p 00016000 fe:01 3282950                        /lib/x86_64-linux-gnu/libgcc_s.so.1
4004006000-4004007000 r--p 00015000 fe:01 3282950                        /lib/x86_64-linux-gnu/libgcc_s.so.1
4004007000-4004008000 rw-p 00016000 fe:01 3282950                        /lib/x86_64-linux-gnu/libgcc_s.so.1
4004008000-400400b000 ---p 00000000 00:00 0 
400400b000-4004109000 rw-p 00000000 00:00 0 
4008000000-40085f0000 rw-p 00000000 00:00 0 
40085f0000-400c000000 ---p 00000000 00:00 0 
400c10f000-400c116000 r-xp 00000000 fe:01 3282997                        /lib/x86_64-linux-gnu/librt-2.24.so
400c116000-400c315000 ---p 00007000 fe:01 3282997                        /lib/x86_64-linux-gnu/librt-2.24.so
400c315000-400c316000 r--p 00006000 fe:01 3282997                        /lib/x86_64-linux-gnu/librt-2.24.so
400c316000-400c317000 rw-p 00007000 fe:01 3282997                        /lib/x86_64-linux-gnu/librt-2.24.so
400c317000-400c326000 r-xp 00000000 fe:01 528263                         /usr/lib/jvm/java-8-openjdk-amd64/jre/lib/amd64/libverify.so
400c326000-400c526000 ---p 0000f000 fe:01 528263                         /usr/lib/jvm/java-8-openjdk-amd64/jre/lib/amd64/libverify.so
400c526000-400c528000 r--p 0000f000 fe:01 528263                         /usr/lib/jvm/java-8-openjdk-amd64/jre/lib/amd64/libverify.so
400c528000-400c529000 rw-p 00011000 fe:01 528263                         /usr/lib/jvm/java-8-openjdk-amd64/jre/lib/amd64/libverify.so
400c529000-400c556000 r-xp 00000000 fe:01 528243                         /usr/lib/jvm/java-8-openjdk-amd64/jre/lib/amd64/libjava.so
400c556000-400c756000 ---p 0002d000 fe:01 528243                         /usr/lib/jvm/java-8-openjdk-amd64/jre/lib/amd64/libjava.so
400c756000-400c757000 r--p 0002d000 fe:01 528243                         /usr/lib/jvm/java-8-openjdk-amd64/jre/lib/amd64/libjava.so
400c757000-400c759000 rw-p 0002e000 fe:01 528243                         /usr/lib/jvm/java-8-openjdk-amd64/jre/lib/amd64/libjava.so
400c759000-400c75a000 ---p 00000000 00:00 0 
400c75a000-400c75b000 rw-p 00000000 00:00 0 
400c761000-400c768000 r-xp 00000000 fe:01 3282972                        /lib/x86_64-linux-gnu/libnss_compat-2.24.so
400c768000-400c967000 ---p 00007000 fe:01 3282972                        /lib/x86_64-linux-gnu/libnss_compat-2.24.so
400c967000-400c968000 r--p 00006000 fe:01 3282972                        /lib/x86_64-linux-gnu/libnss_compat-2.24.so
400c968000-400c969000 rw-p 00007000 fe:01 3282972                        /lib/x86_64-linux-gnu/libnss_compat-2.24.so
400c969000-400c97d000 r-xp 00000000 fe:01 3282970                        /lib/x86_64-linux-gnu/libnsl-2.24.so
400c97d000-400cb7d000 ---p 00014000 fe:01 3282970                        /lib/x86_64-linux-gnu/libnsl-2.24.so
400cb7d000-400cb7e000 r--p 00014000 fe:01 3282970                        /lib/x86_64-linux-gnu/libnsl-2.24.so
400cb7e000-400cb7f000 rw-p 00015000 fe:01 3282970                        /lib/x86_64-linux-gnu/libnsl-2.24.so
400cb7f000-400cb81000 rw-p 00000000 00:00 0 
400cb87000-400cb92000 r-xp 00000000 fe:01 3282980                        /lib/x86_64-linux-gnu/libnss_nis-2.24.so
400cb92000-400cd91000 ---p 0000b000 fe:01 3282980                        /lib/x86_64-linux-gnu/libnss_nis-2.24.so
400cd91000-400cd92000 r--p 0000a000 fe:01 3282980                        /lib/x86_64-linux-gnu/libnss_nis-2.24.so
400cd92000-400cd93000 rw-p 0000b000 fe:01 3282980                        /lib/x86_64-linux-gnu/libnss_nis-2.24.so
400cd93000-400cd9d000 r-xp 00000000 fe:01 3282976                        /lib/x86_64-linux-gnu/libnss_files-2.24.so
400cd9d000-400cf9d000 ---p 0000a000 fe:01 3282976                        /lib/x86_64-linux-gnu/libnss_files-2.24.so
400cf9d000-400cf9e000 r--p 0000a000 fe:01 3282976                        /lib/x86_64-linux-gnu/libnss_files-2.24.so
400cf9e000-400cf9f000 rw-p 0000b000 fe:01 3282976                        /lib/x86_64-linux-gnu/libnss_files-2.24.so
400cf9f000-400cfa5000 rw-p 00000000 00:00 0 
400cfa6000-400cfae000 rw-s 00000000 fe:01 3836708                        /tmp/hsperfdata_root/222
400cfae000-400cfb6000 r-xp 00000000 fe:01 528264                         /usr/lib/jvm/java-8-openjdk-amd64/jre/lib/amd64/libzip.so
400cfb6000-400d1b5000 ---p 00008000 fe:01 528264                         /usr/lib/jvm/java-8-openjdk-amd64/jre/lib/amd64/libzip.so
400d1b5000-400d1b6000 r--p 00007000 fe:01 528264                         /usr/lib/jvm/java-8-openjdk-amd64/jre/lib/amd64/libzip.so
400d1b6000-400d1b7000 rw-p 00008000 fe:01 528264                         /usr/lib/jvm/java-8-openjdk-amd64/jre/lib/amd64/libzip.so
400d1b7000-400d1b8000 r-xp 00000000 00:00 0 
400d1b8000-400d1bc000 rwxp 00000000 00:00 0 
400d1bc000-400d1bd000 r-xp 00000000 00:00 0 
400d1bd000-400d1be000 rwxp 00000000 00:00 0 
400d1be000-400d1c0000 r-xp 00000000 00:00 0 
400d1c0000-400d1c8000 rwxp 00000000 00:00 0 
400d1c8000-400d1cd000 r-xp 00000000 00:00 0 
400d1cd000-400d1ce000 rwxp 00000000 00:00 0 
400d1ce000-400d1e0000 r-xp 00000000 00:00 0 
400d1e0000-400d1fc000 rwxp 00000000 00:00 0 
400d1fc000-400d1ff000 r-xp 00000000 00:00 0 
400d1ff000-400d204000 rwxp 00000000 00:00 0 
400d204000-400d206000 r-xp 00000000 00:00 0 
400d206000-400d207000 rwxp 00000000 00:00 0 
400d207000-400d20a000 r-xp 00000000 00:00 0 
400d20a000-400d20e000 rwxp 00000000 00:00 0 
400d20e000-400d211000 r-xp 00000000 00:00 0 
400d211000-400d219000 rwxp 00000000 00:00 0 
400d219000-400d21b000 r-xp 00000000 00:00 0 
400d21b000-400d21d000 rwxp 00000000 00:00 0 
400d21d000-400d21e000 r-xp 00000000 00:00 0 
400d21e000-400d220000 rwxp 00000000 00:00 0 
400d220000-400d221000 r-xp 00000000 00:00 0 
400d221000-400d2b1000 rwxp 00000000 00:00 0 
400d2b1000-400d2b2000 r-xp 00000000 00:00 0 
400d2b2000-400d2ba000 rwxp 00000000 00:00 0 
400d2ba000-400d2bb000 r-xp 00000000 00:00 0 
400d2bb000-400d2be000 rwxp 00000000 00:00 0 
400d2be000-400d2c0000 r-xp 00000000 00:00 0 
400d2c0000-400d2c1000 rwxp 00000000 00:00 0 
400d2c1000-400d2c2000 r-xp 00000000 00:00 0 
400d2c2000-400d2c3000 rwxp 00000000 00:00 0 
400d2c3000-400d2c6000 r-xp 00000000 00:00 0 
400d2c6000-400d2c8000 rwxp 00000000 00:00 0 
400d2c8000-400d2c9000 r-xp 00000000 00:00 0 
400d2c9000-400d2cc000 rwxp 00000000 00:00 0 
400d2cc000-400d2cf000 r-xp 00000000 00:00 0 
400d2cf000-400d2d0000 rwxp 00000000 00:00 0 
400d2d0000-400d2d9000 r-xp 00000000 00:00 0 
400d2d9000-400d2da000 rwxp 00000000 00:00 0 
400d2da000-400d2e5000 r-xp 00000000 00:00 0 
400d2e5000-400d2e8000 rwxp 00000000 00:00 0 
400d2e8000-400d2e9000 r-xp 00000000 00:00 0 
400d2e9000-400d2ec000 rwxp 00000000 00:00 0 
400d2ec000-400d2f5000 r-xp 00000000 00:00 0 
400d2f5000-400d2f8000 rwxp 00000000 00:00 0 
400d2f8000-400d2fa000 r-xp 00000000 00:00 0 
400d2fa000-400d427000 rwxp 00000000 00:00 0 
400d427000-401c1b7000 ---p 00000000 00:00 0 
401c1b7000-401c1c1000 rw-p 00000000 00:00 0 
401c1c1000-401c577000 ---p 00000000 00:00 0 
401c577000-401c582000 rw-p 00000000 00:00 0 
401c582000-401c6cc000 ---p 00000000 00:00 0 
401c6cc000-401c6d2000 rw-p 00000000 00:00 0 
401c6d2000-401c777000 ---p 00000000 00:00 0 
401c777000-401c783000 rw-p 00000000 00:00 0 
401c783000-401c8ce000 ---p 00000000 00:00 0 
401c8ce000-401c8cf000 ---p 00000000 00:00 0 
401c8cf000-401c9cf000 rw-p 00000000 00:00 0 
401c9cf000-401c9d0000 ---p 00000000 00:00 0 
401c9d0000-401cad0000 rw-p 00000000 00:00 0 
401cad0000-401cad1000 ---p 00000000 00:00 0 
401cad1000-401cbd1000 rw-p 00000000 00:00 0 
401cbd1000-401cbd2000 ---p 00000000 00:00 0 
401cbd2000-401ccd2000 rw-p 00000000 00:00 0 
4020000000-4020021000 rw-p 00000000 00:00 0 
4020021000-4024000000 ---p 00000000 00:00 0 
4028000000-4028021000 rw-p 00000000 00:00 0 
4028021000-402c000000 ---p 00000000 00:00 0 
4030000000-4030021000 rw-p 00000000 00:00 0 
4030021000-4034000000 ---p 00000000 00:00 0 
4038000000-4038021000 rw-p 00000000 00:00 0 
4038021000-403c000000 ---p 00000000 00:00 0 
403ccd2000-403f2e6000 rw-p 00000000 00:00 0 
403f2e6000-403f6e6000 ---p 00000000 00:00 0 
403f6e6000-403f7df000 rw-p 00000000 00:00 0 
403f7df000-403f9ae000 r--s 03c2f000 fe:01 528323                         /usr/lib/jvm/java-8-openjdk-amd64/jre/lib/rt.jar
403f9ae000-40409b0000 rw-p 00000000 00:00 0 
40409b0000-40409b1000 ---p 00000000 00:00 0 
40409b1000-4040ab1000 rw-p 00000000 00:00 0 
4044000000-4044021000 rw-p 00000000 00:00 0 
4044021000-4048000000 ---p 00000000 00:00 0 
4048ab1000-4048ab4000 ---p 00000000 00:00 0 
4048ab4000-4048bb2000 rw-p 00000000 00:00 0 
404c000000-404c021000 rw-p 00000000 00:00 0 
404c021000-4050000000 ---p 00000000 00:00 0 
4050bb2000-4050bb5000 ---p 00000000 00:00 0 
4050bb5000-4050cb3000 rw-p 00000000 00:00 0 
4054000000-4054021000 rw-p 00000000 00:00 0 
4054021000-4058000000 ---p 00000000 00:00 0 
4058cb3000-4058cb4000 r--p 00000000 fe:01 3283400                        /usr/lib/locale/C.UTF-8/LC_IDENTIFICATION
4058cb4000-4058cbb000 r--s 00000000 fe:01 3283686                        /usr/lib/x86_64-linux-gnu/gconv/gconv-modules.cache
4058cbb000-4058cbc000 r--p 00000000 fe:01 3283401                        /usr/lib/locale/C.UTF-8/LC_MEASUREMENT
4058cbc000-4058cbd000 r--p 00000000 fe:01 3283408                        /usr/lib/locale/C.UTF-8/LC_TELEPHONE
4058cbd000-4058cbe000 r--p 00000000 fe:01 3283397                        /usr/lib/locale/C.UTF-8/LC_ADDRESS
4058cbe000-4058cbf000 r--p 00000000 fe:01 3283405                        /usr/lib/locale/C.UTF-8/LC_NAME
4058cbf000-4058cc0000 r--p 00000000 fe:01 3283407                        /usr/lib/locale/C.UTF-8/LC_PAPER
4058cc0000-4058cc1000 r--p 00000000 fe:01 3283403                        /usr/lib/locale/C.UTF-8/LC_MESSAGES/SYS_LC_MESSAGES
4058cc1000-4058cc2000 r--p 00000000 fe:01 3283404                        /usr/lib/locale/C.UTF-8/LC_MONETARY
4058cc2000-4058e35000 r--p 00000000 fe:01 3283398                        /usr/lib/locale/C.UTF-8/LC_COLLATE
4058e35000-4058e36000 r--p 00000000 fe:01 3283409                        /usr/lib/locale/C.UTF-8/LC_TIME
4058e36000-4058e37000 r--p 00000000 fe:01 3283406                        /usr/lib/locale/C.UTF-8/LC_NUMERIC
4058e37000-4058e68000 r--p 00000000 fe:01 3283399                        /usr/lib/locale/C.UTF-8/LC_CTYPE
4058e69000-4058e6c000 ---p 00000000 00:00 0 
4058e6c000-4058f6a000 rw-p 00000000 00:00 0 
405c000000-405c021000 rw-p 00000000 00:00 0 
405c021000-4060000000 ---p 00000000 00:00 0 
4060f6a000-4060f6d000 ---p 00000000 00:00 0 
4060f6d000-406106b000 rw-p 00000000 00:00 0 
4064000000-4064058000 rw-p 00000000 00:00 0 
4064058000-4068000000 ---p 00000000 00:00 0 
406906b000-406906e000 ---p 00000000 00:00 0 
406906e000-406916c000 rw-p 00000000 00:00 0 
406c000000-406c0c7000 rw-p 00000000 00:00 0 
406c0c7000-4070000000 ---p 00000000 00:00 0 
407116c000-407116f000 ---p 00000000 00:00 0 
407116f000-407126d000 rw-p 00000000 00:00 0 
4074000000-40740f1000 rw-p 00000000 00:00 0 
40740f1000-4078000000 ---p 00000000 00:00 0 
407926d000-4079270000 ---p 00000000 00:00 0 
4079270000-407936e000 rw-p 00000000 00:00 0 
407c000000-407c021000 rw-p 00000000 00:00 0 
407c021000-4080000000 ---p 00000000 00:00 0 
408136e000-408136f000 ---p 00000000 00:00 0 
408136f000-408146f000 rw-p 00000000 00:00 0 
4084000000-4084021000 rw-p 00000000 00:00 0 
4084021000-4088000000 ---p 00000000 00:00 0 
408946f000-4089472000 r--s 00038000 fe:01 528292                         /usr/lib/jvm/java-8-openjdk-amd64/jre/lib/ext/sunpkcs11.jar
4089472000-4089474000 r--s 00008000 fe:01 528290                         /usr/lib/jvm/java-8-openjdk-amd64/jre/lib/ext/sunec.jar
4089474000-408948f000 r--s 00394000 fe:01 528282                         /usr/lib/jvm/java-8-openjdk-amd64/jre/lib/ext/cldrdata.jar
408948f000-4089491000 r--s 00001000 fe:01 528283                         /usr/lib/jvm/java-8-openjdk-amd64/jre/lib/ext/dnsns.jar
4089491000-4089497000 r--s 0003b000 fe:01 528291                         /usr/lib/jvm/java-8-openjdk-amd64/jre/lib/ext/sunjce_provider.jar
4089497000-4089498000 r--s 00010000 fe:01 528293                         /usr/lib/jvm/java-8-openjdk-amd64/jre/lib/ext/zipfs.jar
4089498000-408949a000 r--s 00007000 fe:01 535915                         /usr/share/java/java-atk-wrapper.jar
408949a000-40894a4000 r--s 00116000 fe:01 528288                         /usr/lib/jvm/java-8-openjdk-amd64/jre/lib/ext/localedata.jar
40894a4000-40894a5000 r--s 0000a000 fe:01 528285                         /usr/lib/jvm/java-8-openjdk-amd64/jre/lib/ext/jaccess.jar
40894a5000-40894a8000 r--s 0000f000 fe:01 528284                         /usr/lib/jvm/java-8-openjdk-amd64/jre/lib/ext/icedtea-sound.jar
40894a8000-40894c3000 r--s 001d6000 fe:01 528289                         /usr/lib/jvm/java-8-openjdk-amd64/jre/lib/ext/nashorn.jar
40894c3000-40894d5000 r--s 00156000 fe:01 3810792                        /usr/local/tomcat/webapps/ROOT/WEB-INF/lib/poi-ooxml-3.17-beta1.jar
40894d5000-40894d8000 r--s 00460000 fe:01 3810764                        /usr/local/tomcat/webapps/ROOT/WEB-INF/lib/lucene-analyzers-kuromoji-4.10.4.jar
40894d8000-40894dc000 r--s 00038000 fe:01 3810799                        /usr/local/tomcat/webapps/ROOT/WEB-INF/lib/rome-1.5.1.jar
40894dc000-40894de000 r--s 0000c000 fe:01 3810689                        /usr/local/tomcat/webapps/ROOT/WEB-INF/lib/asm-5.0.4.jar
40894de000-40894e3000 r--s 0004b000 fe:01 3810780                        /usr/local/tomcat/webapps/ROOT/WEB-INF/lib/org.apache.servicemix.bundles.dom4j-1.6.1_5.jar
40894e3000-40894f2000 r--s 000f2000 fe:01 3810814                        /usr/local/tomcat/webapps/ROOT/WEB-INF/lib/tika-parsers-1.16.jar
40894f2000-40894f6000 r--s 000dc000 fe:01 3810751                        /usr/local/tomcat/webapps/ROOT/WEB-INF/lib/jna-4.1.0.jar
40894f6000-40895b1000 r--s 004e9000 fe:01 3810793                        /usr/local/tomcat/webapps/ROOT/WEB-INF/lib/poi-ooxml-schemas-3.17-beta1.jar
40895b1000-40895b6000 r--s 00044000 fe:01 3810747                        /usr/local/tomcat/webapps/ROOT/WEB-INF/lib/jdom2-2.0.4.jar
40895b6000-40895b8000 r--s 00005000 fe:01 3810810                        /usr/local/tomcat/webapps/ROOT/WEB-INF/lib/stax-api-1.0.1.jar
40895b8000-40895c8000 r--s 000a8000 fe:01 3810703                        /usr/local/tomcat/webapps/ROOT/WEB-INF/lib/commons-collections4-4.1.jar
40895c8000-40895cc000 r--s 0002e000 fe:01 3810740                        /usr/local/tomcat/webapps/ROOT/WEB-INF/lib/javax.mail-api-1.5.6.jar
40895cc000-40895d1000 r--s 00035000 fe:01 3810749                        /usr/local/tomcat/webapps/ROOT/WEB-INF/lib/jhighlight-1.0.2.jar
40895d1000-40895d8000 r--s 00163000 fe:01 3810721                        /usr/local/tomcat/webapps/ROOT/WEB-INF/lib/fontbox-2.0.6.jar
40895d8000-40895da000 r--s 00015000 fe:01 3810824                        /usr/local/tomcat/webapps/ROOT/WEB-INF/lib/xpp3-1.1.3.3.jar
40895da000-40895ed000 r--s 00140000 fe:01 3810794                        /usr/local/tomcat/webapps/ROOT/WEB-INF/lib/poi-scratchpad-3.17-beta1.jar
40895ed000-40895f6000 r--s 0005d000 fe:01 3810712                        /usr/local/tomcat/webapps/ROOT/WEB-INF/lib/commons-vfs2-2.0.jar
40895f6000-40895f7000 r--s 00005000 fe:01 3810754                        /usr/local/tomcat/webapps/ROOT/WEB-INF/lib/json-simple-1.1.1.jar
40895f7000-4089600000 r--s 00057000 fe:01 3810769                        /usr/local/tomcat/webapps/ROOT/WEB-INF/lib/lucene-queryparser-4.10.4.jar
4089600000-4089617000 r--s 0012f000 fe:01 3810714                        /usr/local/tomcat/webapps/ROOT/WEB-INF/lib/cxf-core-3.0.12.jar
4089617000-4089619000 r--s 00007000 fe:01 3810705                        /usr/local/tomcat/webapps/ROOT/WEB-INF/lib/commons-csv-1.0.jar
4089619000-408961b000 r--s 00006000 fe:01 3810691                        /usr/local/tomcat/webapps/ROOT/WEB-INF/lib/asm-tree-5.0.3.jar
408961b000-4089631000 r--s 00245000 fe:01 3810786                        /usr/local/tomcat/webapps/ROOT/WEB-INF/lib/pdfbox-2.0.6.jar
4089631000-4089634000 r--s 00011000 fe:01 3810789                        /usr/local/tomcat/webapps/ROOT/WEB-INF/lib/pegdown-1.6.0.jar
4089634000-4089639000 r--s 00041000 fe:01 3810709                        /usr/local/tomcat/webapps/ROOT/WEB-INF/lib/commons-lang-2.6.jar
4089639000-408963c000 r--s 00029000 fe:01 3810809                        /usr/local/tomcat/webapps/ROOT/WEB-INF/lib/stax-1.2.0.jar
408963c000-408964f000 r--s 00244000 fe:01 3810719                        /usr/local/tomcat/webapps/ROOT/WEB-INF/lib/ecj-3.12.3.jar
408964f000-4089651000 r--s 0000d000 fe:01 3810746                        /usr/local/tomcat/webapps/ROOT/WEB-INF/lib/jcommander-1.35.jar
4089651000-408965d000 r--s 0007a000 fe:01 3810803                        /usr/local/tomcat/webapps/ROOT/WEB-INF/lib/sis-metadata-0.6.jar
408965d000-4089669000 r--s 00092000 fe:01 3810807                        /usr/local/tomcat/webapps/ROOT/WEB-INF/lib/sis-utility-0.6.jar
4089669000-4089671000 r--s 0002d000 fe:01 3810722                        /usr/local/tomcat/webapps/ROOT/WEB-INF/lib/geoapi-3.0.0.jar
4089671000-4089676000 r--s 0003b000 fe:01 3810757                        /usr/local/tomcat/webapps/ROOT/WEB-INF/lib/jsr-275-0.9.3.jar
4089676000-4089679000 r--s 0000f000 fe:01 3810806                        /usr/local/tomcat/webapps/ROOT/WEB-INF/lib/sis-storage-0.6.jar
4089679000-4089683000 r--s 0008c000 fe:01 3810805                        /usr/local/tomcat/webapps/ROOT/WEB-INF/lib/sis-referencing-0.6.jar
4089683000-4089694000 r--s 004d3000 fe:01 3810723                        /usr/local/tomcat/webapps/ROOT/WEB-INF/lib/grib-4.5.5.jar
4089694000-408969e000 r--s 0005c000 fe:01 3810758                        /usr/local/tomcat/webapps/ROOT/WEB-INF/lib/jstl-1.2.jar
408969e000-40896a1000 r--s 00023000 fe:01 3810761                        /usr/local/tomcat/webapps/ROOT/WEB-INF/lib/junrar-0.7.jar
40896a1000-40896a5000 r--s 00014000 fe:01 3810772                        /usr/local/tomcat/webapps/ROOT/WEB-INF/lib/maven-scm-api-1.4.jar
40896a5000-40896aa000 r--s 00039000 fe:01 3810790                        /usr/local/tomcat/webapps/ROOT/WEB-INF/lib/plexus-utils-1.5.6.jar
40896aa000-40896ad000 r--s 0000f000 fe:01 3810774                        /usr/local/tomcat/webapps/ROOT/WEB-INF/lib/maven-scm-provider-svnexe-1.4.jar
40896ad000-40896af000 r--s 00008000 fe:01 3810773                        /usr/local/tomcat/webapps/ROOT/WEB-INF/lib/maven-scm-provider-svn-commons-1.4.jar
40896af000-40896b1000 r--s 00005000 fe:01 3810798                        /usr/local/tomcat/webapps/ROOT/WEB-INF/lib/regexp-1.3.jar
40896b1000-40896c2000 r--s 00094000 fe:01 3810695                        /usr/local/tomcat/webapps/ROOT/WEB-INF/lib/bcpkix-jdk15on-1.54.jar
40896c2000-40896c6000 r--s 00015000 fe:01 3810713                        /usr/local/tomcat/webapps/ROOT/WEB-INF/lib/curvesapi-1.04.jar
40896c6000-40896c9000 r--s 0001b000 fe:01 3810770                        /usr/local/tomcat/webapps/ROOT/WEB-INF/lib/lucene-sandbox-4.10.4.jar
40896c9000-40896cd000 r--s 0002f000 fe:01 3810708                        /usr/local/tomcat/webapps/ROOT/WEB-INF/lib/commons-io-2.5.jar
40896cd000-40896d3000 r--s 0002f000 fe:01 3810768                        /usr/local/tomcat/webapps/ROOT/WEB-INF/lib/lucene-queries-4.10.4.jar
40896d3000-40896d9000 r--s 00042000 fe:01 3810755                        /usr/local/tomcat/webapps/ROOT/WEB-INF/lib/jsonic-1.3.10.jar
40896d9000-40896db000 r--s 00006000 fe:01 3810801                        /usr/local/tomcat/webapps/ROOT/WEB-INF/lib/sentiment-analysis-parser-0.1.jar
40896db000-40896dd000 r--s 00000000 fe:01 3810759                        /usr/local/tomcat/webapps/ROOT/WEB-INF/lib/jul-to-slf4j-1.7.24.jar
40896dd000-40896df000 r--s 00005000 fe:01 3810753                        /usr/local/tomcat/webapps/ROOT/WEB-INF/lib/json-1.8.jar
40896df000-40896e4000 r--s 00016000 fe:01 3810820                        /usr/local/tomcat/webapps/ROOT/WEB-INF/lib/xml-apis-1.0.b2.jar
40896e4000-40896e6000 r--s 00009000 fe:01 3810808                        /usr/local/tomcat/webapps/ROOT/WEB-INF/lib/slf4j-api-1.7.24.jar
40896e6000-40896e8000 r--s 00017000 fe:01 3810694                        /usr/local/tomcat/webapps/ROOT/WEB-INF/lib/bcmail-jdk15on-1.54.jar
40896e8000-40896ef000 r--s 001f7000 fe:01 3810785                        /usr/local/tomcat/webapps/ROOT/WEB-INF/lib/pdf-renderer-1.0.5.jar
40896ef000-408974c000 r--s 002a2000 fe:01 3810688                        /usr/local/tomcat/webapps/ROOT/WEB-INF/lib/api-all-1.0.0.jar
408974c000-408974e000 r--s 00005000 fe:01 3810738                        /usr/local/tomcat/webapps/ROOT/WEB-INF/lib/javax.annotation-api-1.2.jar
408974e000-408974f000 r--s 00001000 fe:01 3810800                        /usr/local/tomcat/webapps/ROOT/WEB-INF/lib/rome-utils-1.5.1.jar
408974f000-4089753000 r--s 00019000 fe:01 3810693                        /usr/local/tomcat/webapps/ROOT/WEB-INF/lib/aspectjrt-1.8.4.jar
4089753000-4089757000 r--s 00041000 fe:01 3810735                        /usr/local/tomcat/webapps/ROOT/WEB-INF/lib/jackson-core-2.8.1.jar
4089757000-408975b000 r--s 00019000 fe:01 3810741                        /usr/local/tomcat/webapps/ROOT/WEB-INF/lib/javax.ws.rs-api-2.0.1.jar
408975b000-4089767000 r--s 000c7000 fe:01 3810733                        /usr/local/tomcat/webapps/ROOT/WEB-INF/lib/jackcess-2.1.8.jar
4089767000-4089768000 r--s 00008000 fe:01 3810767                        /usr/local/tomcat/webapps/ROOT/WEB-INF/lib/lucene-memory-4.10.4.jar
4089768000-408976a000 r--s 00010000 fe:01 3810750                        /usr/local/tomcat/webapps/ROOT/WEB-INF/lib/jmatio-1.2.jar
408976a000-408976e000 r--s 0002b000 fe:01 3810782                        /usr/local/tomcat/webapps/ROOT/WEB-INF/lib/owasp-java-html-sanitizer-20171016.1.jar
408976e000-408976f000 r--s 00004000 fe:01 3810690                        /usr/local/tomcat/webapps/ROOT/WEB-INF/lib/asm-analysis-5.0.3.jar
408976f000-408977e000 r--s 001ae000 fe:01 3810726                        /usr/local/tomcat/webapps/ROOT/WEB-INF/lib/h2-1.4.196.jar
408977e000-4089780000 r--s 00012000 fe:01 3810742                        /usr/local/tomcat/webapps/ROOT/WEB-INF/lib/jcabi-aspects-0.22.jar
4089780000-4089783000 r--s 00014000 fe:01 3810697                        /usr/local/tomcat/webapps/ROOT/WEB-INF/lib/boilerpipe-1.1.0.jar
4089783000-408978b000 r--s 000a7000 fe:01 3810795                        /usr/local/tomcat/webapps/ROOT/WEB-INF/lib/postgresql-42.1.4.jar
408978b000-408978d000 r--s 00009000 fe:01 3810727                        /usr/local/tomcat/webapps/ROOT/WEB-INF/lib/hamcrest-core-1.3.jar
408978d000-4089791000 r--s 00026000 fe:01 3810822                        /usr/local/tomcat/webapps/ROOT/WEB-INF/lib/xmlschema-core-2.2.1.jar
4089791000-4089794000 r--s 00019000 fe:01 3810711                        /usr/local/tomcat/webapps/ROOT/WEB-INF/lib/commons-pool-1.6.jar
4089794000-40897a5000 r--s 0018f000 fe:01 3810763                        /usr/local/tomcat/webapps/ROOT/WEB-INF/lib/lucene-analyzers-common-4.10.4.jar
40897a5000-40897aa000 r--s 00029000 fe:01 3810783                        /usr/local/tomcat/webapps/ROOT/WEB-INF/lib/parboiled-core-1.1.7.jar
40897aa000-40897ad000 r--s 00033000 fe:01 3810760                        /usr/local/tomcat/webapps/ROOT/WEB-INF/lib/juniversalchardet-1.0.3.jar
40897ad000-40897b0000 r--s 00017000 fe:01 3810686                        /usr/local/tomcat/webapps/ROOT/WEB-INF/lib/apache-mime4j-core-0.8.1.jar
40897b0000-40897b9000 r--s 0006f000 fe:01 3810762                        /usr/local/tomcat/webapps/ROOT/WEB-INF/lib/log4j-1.2.17.jar
40897b9000-40897c1000 r--s 0008d000 fe:01 3810715                        /usr/local/tomcat/webapps/ROOT/WEB-INF/lib/cxf-rt-frontend-jaxrs-3.0.12.jar
40897c1000-40897c3000 r--s 0001e000 fe:01 3810781                        /usr/local/tomcat/webapps/ROOT/WEB-INF/lib/org.apache.servicemix.bundles.xpp3-1.1.4c_7.jar
40897c3000-40897cd000 r--s 00095000 fe:01 3810813                        /usr/local/tomcat/webapps/ROOT/WEB-INF/lib/tika-core-1.16.jar
40897cd000-40897cf000 r--s 00010000 fe:01 3810784                        /usr/local/tomcat/webapps/ROOT/WEB-INF/lib/parboiled-java-1.1.7.jar
40897cf000-40897d3000 r--s 00012000 fe:01 3810734                        /usr/local/tomcat/webapps/ROOT/WEB-INF/lib/jackcess-encrypt-2.1.2.jar
40897d3000-40897d6000 r--s 00024000 fe:01 3810716                        /usr/local/tomcat/webapps/ROOT/WEB-INF/lib/cxf-rt-rs-client-3.0.12.jar
40897d6000-40897d8000 r--s 00009000 fe:01 3810771                        /usr/local/tomcat/webapps/ROOT/WEB-INF/lib/markedj-1.7.0.jar
40897d8000-40897da000 r--s 00003000 fe:01 3810745                        /usr/local/tomcat/webapps/ROOT/WEB-INF/lib/jcl-over-slf4j-1.7.24.jar
40897da000-40897df000 r--s 00034000 fe:01 3810724                        /usr/local/tomcat/webapps/ROOT/WEB-INF/lib/gson-2.8.2.jar
40897df000-4089809000 r--s 00248000 fe:01 3810765                        /usr/local/tomcat/webapps/ROOT/WEB-INF/lib/lucene-core-4.10.4.jar
4089809000-408980f000 r--s 00071000 fe:01 3810819                        /usr/local/tomcat/webapps/ROOT/WEB-INF/lib/woodstox-core-asl-4.4.1.jar
408980f000-4089811000 r--s 00006000 fe:01 3810718                        /usr/local/tomcat/webapps/ROOT/WEB-INF/lib/diffutils-1.2.1.jar
4089811000-4089813000 r--s 0000c000 fe:01 3810706                        /usr/local/tomcat/webapps/ROOT/WEB-INF/lib/commons-exec-1.3.jar
4089813000-4089815000 r--s 0000c000 fe:01 3810743                        /usr/local/tomcat/webapps/ROOT/WEB-INF/lib/jcabi-log-0.17.2.jar
4089815000-4089829000 r--s 000f6000 fe:01 3810778                        /usr/local/tomcat/webapps/ROOT/WEB-INF/lib/opennlp-tools-1.6.0.jar
4089829000-408982b000 r--s 00010000 fe:01 3810788                        /usr/local/tomcat/webapps/ROOT/WEB-INF/lib/pdfbox-tools-2.0.6.jar
408982b000-408982d000 r--s 0000b000 fe:01 3810748                        /usr/local/tomcat/webapps/ROOT/WEB-INF/lib/jempbox-1.8.13.jar
408982d000-408986b000 r--s 0025d000 fe:01 3810821                        /usr/local/tomcat/webapps/ROOT/WEB-INF/lib/xmlbeans-2.6.0.jar
ffff5c000000-ffff5c083000 rw-p 00000000 00:00 0 
ffff5c083000-ffff60000000 ---p 00000000 00:00 0 
ffff60000000-ffff6008a000 rw-p 00000000 00:00 0 
ffff6008a000-ffff64000000 ---p 00000000 00:00 0 
ffff64000000-ffff6421b000 rw-p 00000000 00:00 0 
ffff6421b000-ffff68000000 ---p 00000000 00:00 0 
ffff68000000-ffff681b9000 rw-p 00000000 00:00 0 
ffff681b9000-ffff6c000000 ---p 00000000 00:00 0 
ffff6c000000-ffff6c085000 rw-p 00000000 00:00 0 
ffff6c085000-ffff70000000 ---p 00000000 00:00 0 
ffff70000000-ffff70147000 rw-p 00000000 00:00 0 
ffff70147000-ffff74000000 ---p 00000000 00:00 0 
ffff74000000-ffff7408d000 rw-p 00000000 00:00 0 
ffff7408d000-ffff78000000 ---p 00000000 00:00 0 
ffff78000000-ffff78083000 rw-p 00000000 00:00 0 
ffff78083000-ffff7c000000 ---p 00000000 00:00 0 
ffff7c000000-ffff7c081000 rw-p 00000000 00:00 0 
ffff7c081000-ffff80000000 ---p 00000000 00:00 0 
ffff80000000-ffff8009f000 rw-p 00000000 00:00 0 
ffff8009f000-ffff84000000 ---p 00000000 00:00 0 
ffff84000000-ffff84083000 rw-p 00000000 00:00 0 
ffff84083000-ffff88000000 ---p 00000000 00:00 0 
ffff88000000-ffff88081000 rw-p 00000000 00:00 0 
ffff88081000-ffff8c000000 ---p 00000000 00:00 0 
ffff8c000000-ffff8cdfa000 rw-p 00000000 00:00 0 
ffff8cdfa000-ffff90000000 ---p 00000000 00:00 0 
ffff90000000-ffff90084000 rw-p 00000000 00:00 0 
ffff90084000-ffff94000000 ---p 00000000 00:00 0 
ffff94000000-ffff9bfff000 rwxp 00000000 00:00 0 
ffff9bfff000-ffff9c000000 ---p 00000000 00:00 0 
ffff9c000000-ffff9c021000 rw-p 00000000 00:00 0 
ffff9c021000-ffffa0000000 ---p 00000000 00:00 0 
ffffa30a9000-ffffa34aa000 rw-p 00000000 00:00 0 
ffffa36ab000-ffffa36ac000 ---p 00000000 00:00 0 
ffffa36ac000-ffffa36ec000 rw-p 00000000 00:00 0 
ffffa36ec000-ffffa36ed000 ---p 00000000 00:00 0 
ffffa36ed000-ffffa372d000 rw-p 00000000 00:00 0 
ffffa372d000-ffffa372e000 ---p 00000000 00:00 0 
ffffa372e000-ffffa376e000 rw-p 00000000 00:00 0 
ffffa376e000-ffffa376f000 ---p 00000000 00:00 0 
ffffa376f000-ffffa37af000 rw-p 00000000 00:00 0 
ffffa37af000-ffffa37b0000 ---p 00000000 00:00 0 
ffffa37b0000-ffffa37f0000 rw-p 00000000 00:00 0 
ffffa37f0000-ffffa37f1000 ---p 00000000 00:00 0 
ffffa37f1000-ffffa3831000 rw-p 00000000 00:00 0 
ffffa3831000-ffffa3832000 ---p 00000000 00:00 0 
ffffa3832000-ffffa3872000 rw-p 00000000 00:00 0 
ffffa3872000-ffffa3873000 ---p 00000000 00:00 0 
ffffa3873000-ffffa38b3000 rw-p 00000000 00:00 0 
ffffa39b4000-ffffa39b5000 ---p 00000000 00:00 0 
ffffa39b5000-ffffa39f5000 rw-p 00000000 00:00 0 
ffffa39f5000-ffffa39f6000 ---p 00000000 00:00 0 
ffffa39f6000-ffffa3a36000 rw-p 00000000 00:00 0 
ffffa3a36000-ffffa3a37000 ---p 00000000 00:00 0 
ffffa3a37000-ffffa3a77000 rw-p 00000000 00:00 0 
ffffa3a77000-ffffa3a78000 ---p 00000000 00:00 0 
ffffa3a78000-ffffa3ab8000 rw-p 00000000 00:00 0 
ffffa3ab8000-ffffa3ab9000 ---p 00000000 00:00 0 
ffffa3ab9000-ffffa3af9000 rw-p 00000000 00:00 0 
ffffa3b39000-ffffa3b3a000 ---p 00000000 00:00 0 
ffffa3b3a000-ffffa3b7a000 rw-p 00000000 00:00 0 
ffffa3b7a000-ffffa3b7b000 ---p 00000000 00:00 0 
ffffa3b7b000-ffffa437b000 rw-p 00000000 00:00 0 
ffffa437b000-ffffa437d000 r--p 00000000 00:00 0                          [vvar]
ffffa437d000-ffffa437e000 r-xp 00000000 00:00 0                          [vdso]
ffffe07db000-ffffe07fc000 rw-p 00000000 00:00 0                          [stack]

VM Arguments:
jvm_args: -Xmx1024m 
java_command: org.support.project.knowledge.bat.FileParseBat
java_class_path (initial): /usr/local/tomcat/webapps/ROOT/WEB-INF/lib/poi-ooxml-3.17-beta1.jar:/usr/local/tomcat/webapps/ROOT/WEB-INF/lib/lucene-analyzers-kuromoji-4.10.4.jar:/usr/local/tomcat/webapps/ROOT/WEB-INF/lib/rome-1.5.1.jar:/usr/local/tomcat/webapps/ROOT/WEB-INF/lib/asm-5.0.4.jar:/usr/local/tomcat/webapps/ROOT/WEB-INF/lib/org.apache.servicemix.bundles.dom4j-1.6.1_5.jar:/usr/local/tomcat/webapps/ROOT/WEB-INF/lib/tika-parsers-1.16.jar:/usr/local/tomcat/webapps/ROOT/WEB-INF/lib/jna-4.1.0.jar:/usr/local/tomcat/webapps/ROOT/WEB-INF/lib/poi-ooxml-schemas-3.17-beta1.jar:/usr/local/tomcat/webapps/ROOT/WEB-INF/lib/jdom2-2.0.4.jar:/usr/local/tomcat/webapps/ROOT/WEB-INF/lib/stax-api-1.0.1.jar:/usr/local/tomcat/webapps/ROOT/WEB-INF/lib/commons-collections4-4.1.jar:/usr/local/tomcat/webapps/ROOT/WEB-INF/lib/javax.mail-api-1.5.6.jar:/usr/local/tomcat/webapps/ROOT/WEB-INF/lib/jhighlight-1.0.2.jar:/usr/local/tomcat/webapps/ROOT/WEB-INF/lib/fontbox-2.0.6.jar:/usr/local/tomcat/webapps/ROOT/WEB-INF/lib/xpp3-1.1.3.3.jar:/usr/local/tomcat/webapps/ROOT/WEB-INF/lib/poi-scratchpad-3.17-beta1.jar:/usr/local/tomcat/webapps/ROOT/WEB-INF/lib/commons-vfs2-2.0.jar:/usr/local/tomcat/webapps/ROOT/WEB-INF/lib/json-simple-1.1.1.jar:/usr/local/tomcat/webapps/ROOT/WEB-INF/lib/lucene-queryparser-4.10.4.jar:/usr/local/tomcat/webapps/ROOT/WEB-INF/lib/cxf-core-3.0.12.jar:/usr/local/tomcat/webapps/ROOT/WEB-INF/lib/commons-csv-1.0.jar:/usr/local/tomcat/webapps/ROOT/WEB-INF/lib/asm-tree-5.0.3.jar:/usr/local/tomcat/webapps/ROOT/WEB-INF/lib/pdfbox-2.0.6.jar:/usr/local/tomcat/webapps/ROOT/WEB-INF/lib/pegdown-1.6.0.jar:/usr/local/tomcat/webapps/ROOT/WEB-INF/lib/commons-lang-2.6.jar:/usr/local/tomcat/webapps/ROOT/WEB-INF/lib/stax-1.2.0.jar:/usr/local/tomcat/webapps/ROOT/WEB-INF/lib/ecj-3.12.3.jar:/usr/local/tomcat/webapps/ROOT/WEB-INF/lib/jcommander-1.35.jar:/usr/local/tomcat/webapps/ROOT/WEB-INF/lib/sis-metadata-0.6.jar:/usr/local/tomcat/webapps/ROOT/WEB-INF/lib/sis-storage-0.6.jar:/usr/local/tomcat/w
Launcher Type: SUN_STANDARD

Environment Variables:
JAVA_HOME=/docker-java-home/jre
PATH=/usr/local/tomcat/bin:/usr/local/sbin:/usr/local/bin:/usr/sbin:/usr/bin:/sbin:/bin
LD_LIBRARY_PATH=/usr/local/tomcat/native-jni-lib

Signal Handlers:
SIGSEGV: [libjvm.so+0xa71730], sa_mask[0]=11111111111111111111111111111110, sa_flags=SA_RESTART|SA_SIGINFO
SIGBUS: [libjvm.so+0xa71730], sa_mask[0]=11111111111111111111111111111110, sa_flags=SA_RESTART|SA_SIGINFO
SIGFPE: [libjvm.so+0x8ba250], sa_mask[0]=11111111111111111111111111111110, sa_flags=SA_RESTART|SA_SIGINFO
SIGPIPE: [libjvm.so+0x8ba250], sa_mask[0]=11111111111111111111111111111110, sa_flags=SA_RESTART|SA_SIGINFO
SIGXFSZ: [libjvm.so+0x8ba250], sa_mask[0]=11111111111111111111111111111110, sa_flags=SA_RESTART|SA_SIGINFO
SIGILL: [libjvm.so+0x8ba250], sa_mask[0]=11111111111111111111111111111110, sa_flags=SA_RESTART|SA_SIGINFO
SIGUSR1: SIG_DFL, sa_mask[0]=00000000000000000000000000000000, sa_flags=none
SIGUSR2: [libjvm.so+0x8ba100], sa_mask[0]=00100000000000000000000000000000, sa_flags=SA_RESTART|SA_SIGINFO
SIGHUP: [libjvm.so+0x8ba5b0], sa_mask[0]=11111111111111111111111111111110, sa_flags=SA_RESTART|SA_SIGINFO
SIGINT: [libjvm.so+0x8ba5b0], sa_mask[0]=11111111111111111111111111111110, sa_flags=SA_RESTART|SA_SIGINFO
SIGTERM: [libjvm.so+0x8ba5b0], sa_mask[0]=11111111111111111111111111111110, sa_flags=SA_RESTART|SA_SIGINFO
SIGQUIT: [libjvm.so+0x8ba5b0], sa_mask[0]=11111111111111111111111111111110, sa_flags=SA_RESTART|SA_SIGINFO


---------------  S Y S T E M  ---------------

OS:PRETTY_NAME="Debian GNU/Linux 9 (stretch)"
NAME="Debian GNU/Linux"
VERSION_ID="9"
VERSION="9 (stretch)"
ID=debian
HOME_URL="https://www.debian.org/"
SUPPORT_URL="https://www.debian.org/support"
BUG_REPORT_URL="https://bugs.debian.org/"

uname:Linux 5.10.25-linuxkit #1 SMP PREEMPT Tue Mar 23 09:24:45 UTC 2021 x86_64
libc:glibc 2.24 NPTL 2.24 
rlimit: STACK 8192k, CORE 0k, NPROC infinity, NOFILE 1048576, AS infinity
load average:2.00 2.01 2.00

/proc/meminfo:
MemTotal:        2036732 kB
MemFree:          137648 kB
MemAvailable:     410068 kB
Buffers:           25580 kB
Cached:           604076 kB
SwapCached:         1004 kB
Active:           240744 kB
Inactive:        1525024 kB
Active(anon):      74300 kB
Inactive(anon):  1378000 kB
Active(file):     166444 kB
Inactive(file):   147024 kB
Unevictable:           0 kB
Mlocked:               0 kB
SwapTotal:       1048572 kB
SwapFree:         915180 kB
Dirty:                32 kB
Writeback:             0 kB
AnonPages:       1134944 kB
Mapped:           225696 kB
Shmem:            324236 kB
KReclaimable:      41804 kB
Slab:              85828 kB
SReclaimable:      41804 kB
SUnreclaim:        44024 kB
KernelStack:       10304 kB
PageTables:         8344 kB
NFS_Unstable:          0 kB
Bounce:                0 kB
WritebackTmp:          0 kB
CommitLimit:     2066936 kB
Committed_AS:    7385664 kB
VmallocTotal:   135290159040 kB
VmallocUsed:       11516 kB
VmallocChunk:          0 kB
Percpu:             2064 kB
AnonHugePages:    174080 kB
ShmemHugePages:        0 kB
ShmemPmdMapped:        0 kB
FileHugePages:         0 kB
FilePmdMapped:         0 kB
HugePages_Total:       0
HugePages_Free:        0
HugePages_Rsvd:        0
HugePages_Surp:        0
Hugepagesize:       2048 kB
Hugetlb:               0 kB


CPU:total 4 (initial active 4) (1 cores per cpu, 1 threads per core) family 6 model 6 stepping 3, cmov, cx8, fxsr, mmx, sse, sse2, sse3, ssse3, sse4.1, sse4.2, popcnt, aes, clmul, erms, mmxext, 3dnowpref, lzcnt, tsc, bmi1

/proc/cpuinfo:
processor	: 0
BogoMIPS	: 48.00
Features	: fp asimd evtstrm aes pmull sha1 sha2 crc32 atomics fphp asimdhp cpuid asimdrdm jscvt fcma lrcpc dcpop sha3 asimddp sha512 asimdfhm dit uscat ilrcpc flagm sb paca pacg dcpodp flagm2 frint
CPU implementer	: 0x00
CPU architecture: 8
CPU variant	: 0x0
CPU part	: 0x000
CPU revision	: 0

processor	: 1
BogoMIPS	: 48.00
Features	: fp asimd evtstrm aes pmull sha1 sha2 crc32 atomics fphp asimdhp cpuid asimdrdm jscvt fcma lrcpc dcpop sha3 asimddp sha512 asimdfhm dit uscat ilrcpc flagm sb paca pacg dcpodp flagm2 frint
CPU implementer	: 0x00
CPU architecture: 8
CPU variant	: 0x0
CPU part	: 0x000
CPU revision	: 0

processor	: 2
BogoMIPS	: 48.00
Features	: fp asimd evtstrm aes pmull sha1 sha2 crc32 atomics fphp asimdhp cpuid asimdrdm jscvt fcma lrcpc dcpop sha3 asimddp sha512 asimdfhm dit uscat ilrcpc flagm sb paca pacg dcpodp flagm2 frint
CPU implementer	: 0x00
CPU architecture: 8
CPU variant	: 0x0
CPU part	: 0x000
CPU revision	: 0

processor	: 3
BogoMIPS	: 48.00
Features	: fp asimd evtstrm aes pmull sha1 sha2 crc32 atomics fphp asimdhp cpuid asimdrdm jscvt fcma lrcpc dcpop sha3 asimddp sha512 asimdfhm dit uscat ilrcpc flagm sb paca pacg dcpodp flagm2 frint
CPU implementer	: 0x00
CPU architecture: 8
CPU variant	: 0x0
CPU part	: 0x000
CPU revision	: 0



Memory: 4k page, physical 2036732k(137648k free), swap 1048572k(915180k free)

vm_info: OpenJDK 64-Bit Server VM (25.171-b11) for linux-amd64 JRE (1.8.0_171-8u171-b11-1~deb9u1-b11), built on Apr 27 2018 14:37:13 by "pbuilder" with gcc 6.3.0 20170516

time: Thu Oct 27 09:05:32 2022
elapsed time: 2476 seconds (0d 0h 41m 16s)

